00:22:14 **** Build of project design_1_wrapper ****
buildplatform.bat 56261 design_1_wrapper  
XSDB Server Channel: tcfchan#1
Building the BSP Library for domain  - standalone_domain on processor ps7_cortexa9_0
"Running Make include in ps7_cortexa9_0/libsrc/coresightps_dcc_v1_6/src"

make -C ps7_cortexa9_0/libsrc/coresightps_dcc_v1_6/src -s include  "SHELL=CMD" "COMPILER=arm-none-eabi-gcc" "ASSEMBLER=arm-none
-eabi-as" "ARCHIVER=arm-none-eabi-ar" "COMPILER_FLAGS=  -O2 -c" "EXTRA_COMPILER_FLAGS=-mcpu=cortex-a9 -mfpu=vfpv3 -mfloat-abi=h
ard -nostartfiles -g -Wall -Wextra"

"Running Make include in ps7_cortexa9_0/libsrc/cpu_cortexa9_v2_8/src"

make -C ps7_cortexa9_0/libsrc/cpu_cortexa9_v2_8/src -s include  "SHELL=CMD" "COMPILER=arm-none-eabi-gcc" "ASSEMBLER=arm-none-ea
bi-as" "ARCHIVER=arm-none-eabi-ar" "COMPILER_FLAGS=  -O2 -c" "EXTRA_COMPILER_FLAGS=-mcpu=cortex-a9 -mfpu=vfpv3 -mfloat-abi=hard
 -nostartfiles -g -Wall -Wextra"

"Running Make include in ps7_cortexa9_0/libsrc/ddrps_v1_0/src"

make -C ps7_cortexa9_0/libsrc/ddrps_v1_0/src -s include  "SHELL=CMD" "COMPILER=arm-none-eabi-gcc" "ASSEMBLER=arm-none-eabi-as" 
"ARCHIVER=arm-none-eabi-ar" "COMPILER_FLAGS=  -O2 -c" "EXTRA_COMPILER_FLAGS=-mcpu=cortex-a9 -mfpu=vfpv3 -mfloat-abi=hard -nosta
rtfiles -g -Wall -Wextra"

"Running Make include in ps7_cortexa9_0/libsrc/devcfg_v3_5/src"

make -C ps7_cortexa9_0/libsrc/devcfg_v3_5/src -s include  "SHELL=CMD" "COMPILER=arm-none-eabi-gcc" "ASSEMBLER=arm-none-eabi-as"
 "ARCHIVER=arm-none-eabi-ar" "COMPILER_FLAGS=  -O2 -c" "EXTRA_COMPILER_FLAGS=-mcpu=cortex-a9 -mfpu=vfpv3 -mfloat-abi=hard -nost
artfiles -g -Wall -Wextra"

"Running Make include in ps7_cortexa9_0/libsrc/dmaps_v2_5/src"

make -C ps7_cortexa9_0/libsrc/dmaps_v2_5/src -s include  "SHELL=CMD" "COMPILER=arm-none-eabi-gcc" "ASSEMBLER=arm-none-eabi-as" 
"ARCHIVER=arm-none-eabi-ar" "COMPILER_FLAGS=  -O2 -c" "EXTRA_COMPILER_FLAGS=-mcpu=cortex-a9 -mfpu=vfpv3 -mfloat-abi=hard -nosta
rtfiles -g -Wall -Wextra"

"Running Make include in ps7_cortexa9_0/libsrc/emacps_v3_10/src"

make -C ps7_cortexa9_0/libsrc/emacps_v3_10/src -s include  "SHELL=CMD" "COMPILER=arm-none-eabi-gcc" "ASSEMBLER=arm-none-eabi-as
" "ARCHIVER=arm-none-eabi-ar" "COMPILER_FLAGS=  -O2 -c" "EXTRA_COMPILER_FLAGS=-mcpu=cortex-a9 -mfpu=vfpv3 -mfloat-abi=hard -nos
tartfiles -g -Wall -Wextra"

"Running Make include in ps7_cortexa9_0/libsrc/gpiops_v3_6/src"

make -C ps7_cortexa9_0/libsrc/gpiops_v3_6/src -s include  "SHELL=CMD" "COMPILER=arm-none-eabi-gcc" "ASSEMBLER=arm-none-eabi-as"
 "ARCHIVER=arm-none-eabi-ar" "COMPILER_FLAGS=  -O2 -c" "EXTRA_COMPILER_FLAGS=-mcpu=cortex-a9 -mfpu=vfpv3 -mfloat-abi=hard -nost
artfiles -g -Wall -Wextra"

"Running Make include in ps7_cortexa9_0/libsrc/lwip211_v1_1/src"

make -C ps7_cortexa9_0/libsrc/lwip211_v1_1/src -s include  "SHELL=CMD" "COMPILER=arm-none-eabi-gcc" "ASSEMBLER=arm-none-eabi-as
" "ARCHIVER=arm-none-eabi-ar" "COMPILER_FLAGS=  -O2 -c" "EXTRA_COMPILER_FLAGS=-mcpu=cortex-a9 -mfpu=vfpv3 -mfloat-abi=hard -nos
tartfiles -g -Wall -Wextra"

"Running Make include in ps7_cortexa9_0/libsrc/qspips_v3_6/src"

make -C ps7_cortexa9_0/libsrc/qspips_v3_6/src -s include  "SHELL=CMD" "COMPILER=arm-none-eabi-gcc" "ASSEMBLER=arm-none-eabi-as"
 "ARCHIVER=arm-none-eabi-ar" "COMPILER_FLAGS=  -O2 -c" "EXTRA_COMPILER_FLAGS=-mcpu=cortex-a9 -mfpu=vfpv3 -mfloat-abi=hard -nost
artfiles -g -Wall -Wextra"

"Running Make include in ps7_cortexa9_0/libsrc/scugic_v4_1/src"

make -C ps7_cortexa9_0/libsrc/scugic_v4_1/src -s include  "SHELL=CMD" "COMPILER=arm-none-eabi-gcc" "ASSEMBLER=arm-none-eabi-as"
 "ARCHIVER=arm-none-eabi-ar" "COMPILER_FLAGS=  -O2 -c" "EXTRA_COMPILER_FLAGS=-mcpu=cortex-a9 -mfpu=vfpv3 -mfloat-abi=hard -nost
artfiles -g -Wall -Wextra"

"Running Make include in ps7_cortexa9_0/libsrc/scutimer_v2_1/src"

make -C ps7_cortexa9_0/libsrc/scutimer_v2_1/src -s include  "SHELL=CMD" "COMPILER=arm-none-eabi-gcc" "ASSEMBLER=arm-none-eabi-a
s" "ARCHIVER=arm-none-eabi-ar" "COMPILER_FLAGS=  -O2 -c" "EXTRA_COMPILER_FLAGS=-mcpu=cortex-a9 -mfpu=vfpv3 -mfloat-abi=hard -no
startfiles -g -Wall -Wextra"

"Running Make include in ps7_cortexa9_0/libsrc/scuwdt_v2_1/src"

make -C ps7_cortexa9_0/libsrc/scuwdt_v2_1/src -s include  "SHELL=CMD" "COMPILER=arm-none-eabi-gcc" "ASSEMBLER=arm-none-eabi-as"
 "ARCHIVER=arm-none-eabi-ar" "COMPILER_FLAGS=  -O2 -c" "EXTRA_COMPILER_FLAGS=-mcpu=cortex-a9 -mfpu=vfpv3 -mfloat-abi=hard -nost
artfiles -g -Wall -Wextra"

"Running Make include in ps7_cortexa9_0/libsrc/sdps_v3_8/src"

make -C ps7_cortexa9_0/libsrc/sdps_v3_8/src -s include  "SHELL=CMD" "COMPILER=arm-none-eabi-gcc" "ASSEMBLER=arm-none-eabi-as" "
ARCHIVER=arm-none-eabi-ar" "COMPILER_FLAGS=  -O2 -c" "EXTRA_COMPILER_FLAGS=-mcpu=cortex-a9 -mfpu=vfpv3 -mfloat-abi=hard -nostar
tfiles -g -Wall -Wextra"

"Running Make include in ps7_cortexa9_0/libsrc/standalone_v7_1/src"

make -C ps7_cortexa9_0/libsrc/standalone_v7_1/src -s include  "SHELL=CMD" "COMPILER=arm-none-eabi-gcc" "ASSEMBLER=arm-none-eabi
-as" "ARCHIVER=arm-none-eabi-ar" "COMPILER_FLAGS=  -O2 -c" "EXTRA_COMPILER_FLAGS=-mcpu=cortex-a9 -mfpu=vfpv3 -mfloat-abi=hard -
nostartfiles -g -Wall -Wextra"

"Running Make include in ps7_cortexa9_0/libsrc/uartps_v3_8/src"

make -C ps7_cortexa9_0/libsrc/uartps_v3_8/src -s include  "SHELL=CMD" "COMPILER=arm-none-eabi-gcc" "ASSEMBLER=arm-none-eabi-as"
 "ARCHIVER=arm-none-eabi-ar" "COMPILER_FLAGS=  -O2 -c" "EXTRA_COMPILER_FLAGS=-mcpu=cortex-a9 -mfpu=vfpv3 -mfloat-abi=hard -nost
artfiles -g -Wall -Wextra"

"Running Make include in ps7_cortexa9_0/libsrc/usbps_v2_4/src"

make -C ps7_cortexa9_0/libsrc/usbps_v2_4/src -s include  "SHELL=CMD" "COMPILER=arm-none-eabi-gcc" "ASSEMBLER=arm-none-eabi-as" 
"ARCHIVER=arm-none-eabi-ar" "COMPILER_FLAGS=  -O2 -c" "EXTRA_COMPILER_FLAGS=-mcpu=cortex-a9 -mfpu=vfpv3 -mfloat-abi=hard -nosta
rtfiles -g -Wall -Wextra"

"Running Make include in ps7_cortexa9_0/libsrc/xadcps_v2_3/src"

make -C ps7_cortexa9_0/libsrc/xadcps_v2_3/src -s include  "SHELL=CMD" "COMPILER=arm-none-eabi-gcc" "ASSEMBLER=arm-none-eabi-as"
 "ARCHIVER=arm-none-eabi-ar" "COMPILER_FLAGS=  -O2 -c" "EXTRA_COMPILER_FLAGS=-mcpu=cortex-a9 -mfpu=vfpv3 -mfloat-abi=hard -nost
artfiles -g -Wall -Wextra"

"Running Make libs in ps7_cortexa9_0/libsrc/coresightps_dcc_v1_6/src"

make -C ps7_cortexa9_0/libsrc/coresightps_dcc_v1_6/src -s libs  "SHELL=CMD" "COMPILER=arm-none-eabi-gcc" "ASSEMBLER=arm-none-ea
bi-as" "ARCHIVER=arm-none-eabi-ar" "COMPILER_FLAGS=  -O2 -c" "EXTRA_COMPILER_FLAGS=-mcpu=cortex-a9 -mfpu=vfpv3 -mfloat-abi=hard
 -nostartfiles -g -Wall -Wextra"

"Compiling coresightps_dcc"

arm-none-eabi-ar: creating ../../../lib/libxil.a
"Running Make libs in ps7_cortexa9_0/libsrc/cpu_cortexa9_v2_8/src"

make -C ps7_cortexa9_0/libsrc/cpu_cortexa9_v2_8/src -s libs  "SHELL=CMD" "COMPILER=arm-none-eabi-gcc" "ASSEMBLER=arm-none-eabi-
as" "ARCHIVER=arm-none-eabi-ar" "COMPILER_FLAGS=  -O2 -c" "EXTRA_COMPILER_FLAGS=-mcpu=cortex-a9 -mfpu=vfpv3 -mfloat-abi=hard -n
ostartfiles -g -Wall -Wextra"

"Compiling cpu_cortexa9"

"Running Make libs in ps7_cortexa9_0/libsrc/ddrps_v1_0/src"

make -C ps7_cortexa9_0/libsrc/ddrps_v1_0/src -s libs  "SHELL=CMD" "COMPILER=arm-none-eabi-gcc" "ASSEMBLER=arm-none-eabi-as" "AR
CHIVER=arm-none-eabi-ar" "COMPILER_FLAGS=  -O2 -c" "EXTRA_COMPILER_FLAGS=-mcpu=cortex-a9 -mfpu=vfpv3 -mfloat-abi=hard -nostartf
iles -g -Wall -Wextra"

"Compiling ddrps"

"Running Make libs in ps7_cortexa9_0/libsrc/devcfg_v3_5/src"

make -C ps7_cortexa9_0/libsrc/devcfg_v3_5/src -s libs  "SHELL=CMD" "COMPILER=arm-none-eabi-gcc" "ASSEMBLER=arm-none-eabi-as" "A
RCHIVER=arm-none-eabi-ar" "COMPILER_FLAGS=  -O2 -c" "EXTRA_COMPILER_FLAGS=-mcpu=cortex-a9 -mfpu=vfpv3 -mfloat-abi=hard -nostart
files -g -Wall -Wextra"

"Compiling devcfg"

"Running Make libs in ps7_cortexa9_0/libsrc/dmaps_v2_5/src"

make -C ps7_cortexa9_0/libsrc/dmaps_v2_5/src -s libs  "SHELL=CMD" "COMPILER=arm-none-eabi-gcc" "ASSEMBLER=arm-none-eabi-as" "AR
CHIVER=arm-none-eabi-ar" "COMPILER_FLAGS=  -O2 -c" "EXTRA_COMPILER_FLAGS=-mcpu=cortex-a9 -mfpu=vfpv3 -mfloat-abi=hard -nostartf
iles -g -Wall -Wextra"

"Compiling dmaps"

"Running Make libs in ps7_cortexa9_0/libsrc/emacps_v3_10/src"

make -C ps7_cortexa9_0/libsrc/emacps_v3_10/src -s libs  "SHELL=CMD" "COMPILER=arm-none-eabi-gcc" "ASSEMBLER=arm-none-eabi-as" "
ARCHIVER=arm-none-eabi-ar" "COMPILER_FLAGS=  -O2 -c" "EXTRA_COMPILER_FLAGS=-mcpu=cortex-a9 -mfpu=vfpv3 -mfloat-abi=hard -nostar
tfiles -g -Wall -Wextra"

"Compiling emacps"

"Running Make libs in ps7_cortexa9_0/libsrc/gpiops_v3_6/src"

make -C ps7_cortexa9_0/libsrc/gpiops_v3_6/src -s libs  "SHELL=CMD" "COMPILER=arm-none-eabi-gcc" "ASSEMBLER=arm-none-eabi-as" "A
RCHIVER=arm-none-eabi-ar" "COMPILER_FLAGS=  -O2 -c" "EXTRA_COMPILER_FLAGS=-mcpu=cortex-a9 -mfpu=vfpv3 -mfloat-abi=hard -nostart
files -g -Wall -Wextra"

"Compiling gpiops"

"Running Make libs in ps7_cortexa9_0/libsrc/lwip211_v1_1/src"

make -C ps7_cortexa9_0/libsrc/lwip211_v1_1/src -s libs  "SHELL=CMD" "COMPILER=arm-none-eabi-gcc" "ASSEMBLER=arm-none-eabi-as" "
ARCHIVER=arm-none-eabi-ar" "COMPILER_FLAGS=  -O2 -c" "EXTRA_COMPILER_FLAGS=-mcpu=cortex-a9 -mfpu=vfpv3 -mfloat-abi=hard -nostar
tfiles -g -Wall -Wextra"

"Compiling lwip src and adapter files"

contrib/ports/xilinx/netif/xemacpsif_dma.c: In function 'free_txrx_pbufs':
contrib/ports/xilinx/netif/xemacpsif_dma.c:818:38: warning: iteration 256 invokes undefined behavior [-Waggressive-loop-optimizations]
   p = (struct pbuf *)rx_pbufs_storage[index];
                      ~~~~~~~~~~~~~~~~^~~~~~~
contrib/ports/xilinx/netif/xemacpsif_dma.c:817:2: note: within this loop
  for (index = index1; index < (index1 + XLWIP_CONFIG_N_TX_DESC); index++) {
  ^~~
In file included from ../../../include/xemacps.h:347,
                 from ../../../include/netif/xemacpsif.h:56,
                 from contrib/ports/xilinx/netif/xemacpsif_dma.c:37:
contrib/ports/xilinx/netif/xemacpsif_dma.c: In function 'init_dma':
../../../include/xemacps_hw.h:613:23: warning: 'bdrxterminate' may be used uninitialized in this function [-Wmaybe-uninitialized]
 #define XEmacPs_Out32 Xil_Out32
                       ^~~~~~~~~
contrib/ports/xilinx/netif/xemacpsif_dma.c:561:14: note: 'bdrxterminate' was declared here
  XEmacPs_Bd *bdrxterminate;
              ^~~~~~~~~~~~~
In file included from ../../../include/xemacps.h:348,
                 from ../../../include/netif/xemacpsif.h:56,
                 from contrib/ports/xilinx/netif/xemacpsif_dma.c:37:
../../../include/xemacps_bd.h:140:12: warning: 'bdtxterminate' may be used uninitialized in this function [-Wmaybe-uninitialized]
  (*(u32 *)((UINTPTR)((void*)(BaseAddress)) + (u32)(Offset)))
            ^
contrib/ports/xilinx/netif/xemacpsif_dma.c:560:14: note: 'bdtxterminate' was declared here
  XEmacPs_Bd *bdtxterminate;
              ^~~~~~~~~~~~~
"Running Make libs in ps7_cortexa9_0/libsrc/qspips_v3_6/src"

make -C ps7_cortexa9_0/libsrc/qspips_v3_6/src -s libs  "SHELL=CMD" "COMPILER=arm-none-eabi-gcc" "ASSEMBLER=arm-none-eabi-as" "A
RCHIVER=arm-none-eabi-ar" "COMPILER_FLAGS=  -O2 -c" "EXTRA_COMPILER_FLAGS=-mcpu=cortex-a9 -mfpu=vfpv3 -mfloat-abi=hard -nostart
files -g -Wall -Wextra"

"Compiling qspips"

"Running Make libs in ps7_cortexa9_0/libsrc/scugic_v4_1/src"

make -C ps7_cortexa9_0/libsrc/scugic_v4_1/src -s libs  "SHELL=CMD" "COMPILER=arm-none-eabi-gcc" "ASSEMBLER=arm-none-eabi-as" "A
RCHIVER=arm-none-eabi-ar" "COMPILER_FLAGS=  -O2 -c" "EXTRA_COMPILER_FLAGS=-mcpu=cortex-a9 -mfpu=vfpv3 -mfloat-abi=hard -nostart
files -g -Wall -Wextra"

"Compiling scugic"

"Running Make libs in ps7_cortexa9_0/libsrc/scutimer_v2_1/src"

make -C ps7_cortexa9_0/libsrc/scutimer_v2_1/src -s libs  "SHELL=CMD" "COMPILER=arm-none-eabi-gcc" "ASSEMBLER=arm-none-eabi-as" 
"ARCHIVER=arm-none-eabi-ar" "COMPILER_FLAGS=  -O2 -c" "EXTRA_COMPILER_FLAGS=-mcpu=cortex-a9 -mfpu=vfpv3 -mfloat-abi=hard -nosta
rtfiles -g -Wall -Wextra"

"Compiling scutimer"

"Running Make libs in ps7_cortexa9_0/libsrc/scuwdt_v2_1/src"

make -C ps7_cortexa9_0/libsrc/scuwdt_v2_1/src -s libs  "SHELL=CMD" "COMPILER=arm-none-eabi-gcc" "ASSEMBLER=arm-none-eabi-as" "A
RCHIVER=arm-none-eabi-ar" "COMPILER_FLAGS=  -O2 -c" "EXTRA_COMPILER_FLAGS=-mcpu=cortex-a9 -mfpu=vfpv3 -mfloat-abi=hard -nostart
files -g -Wall -Wextra"

"Compiling scuwdt"

"Running Make libs in ps7_cortexa9_0/libsrc/sdps_v3_8/src"

make -C ps7_cortexa9_0/libsrc/sdps_v3_8/src -s libs  "SHELL=CMD" "COMPILER=arm-none-eabi-gcc" "ASSEMBLER=arm-none-eabi-as" "ARC
HIVER=arm-none-eabi-ar" "COMPILER_FLAGS=  -O2 -c" "EXTRA_COMPILER_FLAGS=-mcpu=cortex-a9 -mfpu=vfpv3 -mfloat-abi=hard -nostartfi
les -g -Wall -Wextra"

"Compiling sdps"

"Running Make libs in ps7_cortexa9_0/libsrc/standalone_v7_1/src"

make -C ps7_cortexa9_0/libsrc/standalone_v7_1/src -s libs  "SHELL=CMD" "COMPILER=arm-none-eabi-gcc" "ASSEMBLER=arm-none-eabi-as
" "ARCHIVER=arm-none-eabi-ar" "COMPILER_FLAGS=  -O2 -c" "EXTRA_COMPILER_FLAGS=-mcpu=cortex-a9 -mfpu=vfpv3 -mfloat-abi=hard -nos
tartfiles -g -Wall -Wextra"

"Compiling standalone"

In file included from usleep.c:54:
xtime_l.h:85:9: note: #pragma message: For the sleep routines, Global timer is being used
 #pragma message ("For the sleep routines, Global timer is being used")
         ^~~~~~~
In file included from xil_sleeptimer.c:52:
xtime_l.h:85:9: note: #pragma message: For the sleep routines, Global timer is being used
 #pragma message ("For the sleep routines, Global timer is being used")
         ^~~~~~~
In file included from xtime_l.c:47:
xtime_l.h:85:9: note: #pragma message: For the sleep routines, Global timer is being used
 #pragma message ("For the sleep routines, Global timer is being used")
         ^~~~~~~
In file included from sleep.c:51:
xtime_l.h:85:9: note: #pragma message: For the sleep routines, Global timer is being used
 #pragma message ("For the sleep routines, Global timer is being used")
         ^~~~~~~
"Running Make libs in ps7_cortexa9_0/libsrc/uartps_v3_8/src"

make -C ps7_cortexa9_0/libsrc/uartps_v3_8/src -s libs  "SHELL=CMD" "COMPILER=arm-none-eabi-gcc" "ASSEMBLER=arm-none-eabi-as" "A
RCHIVER=arm-none-eabi-ar" "COMPILER_FLAGS=  -O2 -c" "EXTRA_COMPILER_FLAGS=-mcpu=cortex-a9 -mfpu=vfpv3 -mfloat-abi=hard -nostart
files -g -Wall -Wextra"

"Compiling uartps"

"Running Make libs in ps7_cortexa9_0/libsrc/usbps_v2_4/src"

make -C ps7_cortexa9_0/libsrc/usbps_v2_4/src -s libs  "SHELL=CMD" "COMPILER=arm-none-eabi-gcc" "ASSEMBLER=arm-none-eabi-as" "AR
CHIVER=arm-none-eabi-ar" "COMPILER_FLAGS=  -O2 -c" "EXTRA_COMPILER_FLAGS=-mcpu=cortex-a9 -mfpu=vfpv3 -mfloat-abi=hard -nostartf
iles -g -Wall -Wextra"

"Compiling usbps"

"Running Make libs in ps7_cortexa9_0/libsrc/xadcps_v2_3/src"

make -C ps7_cortexa9_0/libsrc/xadcps_v2_3/src -s libs  "SHELL=CMD" "COMPILER=arm-none-eabi-gcc" "ASSEMBLER=arm-none-eabi-as" "A
RCHIVER=arm-none-eabi-ar" "COMPILER_FLAGS=  -O2 -c" "EXTRA_COMPILER_FLAGS=-mcpu=cortex-a9 -mfpu=vfpv3 -mfloat-abi=hard -nostart
files -g -Wall -Wextra"

"Compiling xadcps"

'Finished building libraries'

00:22:44 **** Build of configuration Debug for project client ****
make all 
make --no-print-directory pre-build
a9-linaro-pre-build-step
' '
make --no-print-directory main-build
'Building file: ../src/i2c_access.c'
'Invoking: ARM v7 gcc compiler'
arm-none-eabi-gcc -Wall -O0 -g3 -c -fmessage-length=0 -MT"src/i2c_access.o" -mcpu=cortex-a9 -mfpu=vfpv3 -mfloat-abi=hard -IC:/Github/Zybo_mipi/LWIP/vitis/design_1_wrapper/export/design_1_wrapper/sw/design_1_wrapper/standalone_domain/bspinclude/include -MMD -MP -MF"src/i2c_access.d" -MT"src/i2c_access.o" -o "src/i2c_access.o" "../src/i2c_access.c"
'Finished building: ../src/i2c_access.c'
' '
'Building file: ../src/iic_phyreset.c'
'Invoking: ARM v7 gcc compiler'
arm-none-eabi-gcc -Wall -O0 -g3 -c -fmessage-length=0 -MT"src/iic_phyreset.o" -mcpu=cortex-a9 -mfpu=vfpv3 -mfloat-abi=hard -IC:/Github/Zybo_mipi/LWIP/vitis/design_1_wrapper/export/design_1_wrapper/sw/design_1_wrapper/standalone_domain/bspinclude/include -MMD -MP -MF"src/iic_phyreset.d" -MT"src/iic_phyreset.o" -o "src/iic_phyreset.o" "../src/iic_phyreset.c"
'Finished building: ../src/iic_phyreset.c'
' '
'Building file: ../src/main.c'
'Invoking: ARM v7 gcc compiler'
arm-none-eabi-gcc -Wall -O0 -g3 -c -fmessage-length=0 -MT"src/main.o" -mcpu=cortex-a9 -mfpu=vfpv3 -mfloat-abi=hard -IC:/Github/Zybo_mipi/LWIP/vitis/design_1_wrapper/export/design_1_wrapper/sw/design_1_wrapper/standalone_domain/bspinclude/include -MMD -MP -MF"src/main.d" -MT"src/main.o" -o "src/main.o" "../src/main.c"
'Finished building: ../src/main.c'
' '
'Building file: ../src/platform.c'
'Invoking: ARM v7 gcc compiler'
arm-none-eabi-gcc -Wall -O0 -g3 -c -fmessage-length=0 -MT"src/platform.o" -mcpu=cortex-a9 -mfpu=vfpv3 -mfloat-abi=hard -IC:/Github/Zybo_mipi/LWIP/vitis/design_1_wrapper/export/design_1_wrapper/sw/design_1_wrapper/standalone_domain/bspinclude/include -MMD -MP -MF"src/platform.d" -MT"src/platform.o" -o "src/platform.o" "../src/platform.c"
'Finished building: ../src/platform.c'
' '
'Building file: ../src/platform_mb.c'
'Invoking: ARM v7 gcc compiler'
arm-none-eabi-gcc -Wall -O0 -g3 -c -fmessage-length=0 -MT"src/platform_mb.o" -mcpu=cortex-a9 -mfpu=vfpv3 -mfloat-abi=hard -IC:/Github/Zybo_mipi/LWIP/vitis/design_1_wrapper/export/design_1_wrapper/sw/design_1_wrapper/standalone_domain/bspinclude/include -MMD -MP -MF"src/platform_mb.d" -MT"src/platform_mb.o" -o "src/platform_mb.o" "../src/platform_mb.c"
'Finished building: ../src/platform_mb.c'
' '
'Building file: ../src/platform_zynq.c'
'Invoking: ARM v7 gcc compiler'
arm-none-eabi-gcc -Wall -O0 -g3 -c -fmessage-length=0 -MT"src/platform_zynq.o" -mcpu=cortex-a9 -mfpu=vfpv3 -mfloat-abi=hard -IC:/Github/Zybo_mipi/LWIP/vitis/design_1_wrapper/export/design_1_wrapper/sw/design_1_wrapper/standalone_domain/bspinclude/include -MMD -MP -MF"src/platform_zynq.d" -MT"src/platform_zynq.o" -o "src/platform_zynq.o" "../src/platform_zynq.c"
In file included from ../src/platform_zynq.c:60:
C:/Github/Zybo_mipi/LWIP/vitis/design_1_wrapper/export/design_1_wrapper/sw/design_1_wrapper/standalone_domain/bspinclude/include/xtime_l.h:85:9: note: #pragma message: For the sleep routines, Global timer is being used
 #pragma message ("For the sleep routines, Global timer is being used")
         ^~~~~~~
'Finished building: ../src/platform_zynq.c'
' '
'Building file: ../src/platform_zynqmp.c'
'Invoking: ARM v7 gcc compiler'
arm-none-eabi-gcc -Wall -O0 -g3 -c -fmessage-length=0 -MT"src/platform_zynqmp.o" -mcpu=cortex-a9 -mfpu=vfpv3 -mfloat-abi=hard -IC:/Github/Zybo_mipi/LWIP/vitis/design_1_wrapper/export/design_1_wrapper/sw/design_1_wrapper/standalone_domain/bspinclude/include -MMD -MP -MF"src/platform_zynqmp.d" -MT"src/platform_zynqmp.o" -o "src/platform_zynqmp.o" "../src/platform_zynqmp.c"
'Finished building: ../src/platform_zynqmp.c'
' '
'Building file: ../src/sfp.c'
'Invoking: ARM v7 gcc compiler'
arm-none-eabi-gcc -Wall -O0 -g3 -c -fmessage-length=0 -MT"src/sfp.o" -mcpu=cortex-a9 -mfpu=vfpv3 -mfloat-abi=hard -IC:/Github/Zybo_mipi/LWIP/vitis/design_1_wrapper/export/design_1_wrapper/sw/design_1_wrapper/standalone_domain/bspinclude/include -MMD -MP -MF"src/sfp.d" -MT"src/sfp.o" -o "src/sfp.o" "../src/sfp.c"
'Finished building: ../src/sfp.c'
' '
'Building file: ../src/si5324.c'
'Invoking: ARM v7 gcc compiler'
arm-none-eabi-gcc -Wall -O0 -g3 -c -fmessage-length=0 -MT"src/si5324.o" -mcpu=cortex-a9 -mfpu=vfpv3 -mfloat-abi=hard -IC:/Github/Zybo_mipi/LWIP/vitis/design_1_wrapper/export/design_1_wrapper/sw/design_1_wrapper/standalone_domain/bspinclude/include -MMD -MP -MF"src/si5324.d" -MT"src/si5324.o" -o "src/si5324.o" "../src/si5324.c"
'Finished building: ../src/si5324.c'
' '
'Building file: ../src/udp_perf_client.c'
'Invoking: ARM v7 gcc compiler'
arm-none-eabi-gcc -Wall -O0 -g3 -c -fmessage-length=0 -MT"src/udp_perf_client.o" -mcpu=cortex-a9 -mfpu=vfpv3 -mfloat-abi=hard -IC:/Github/Zybo_mipi/LWIP/vitis/design_1_wrapper/export/design_1_wrapper/sw/design_1_wrapper/standalone_domain/bspinclude/include -MMD -MP -MF"src/udp_perf_client.d" -MT"src/udp_perf_client.o" -o "src/udp_perf_client.o" "../src/udp_perf_client.c"
'Finished building: ../src/udp_perf_client.c'
' '
'Building target: client.elf'
'Invoking: ARM v7 gcc linker'
arm-none-eabi-gcc -mcpu=cortex-a9 -mfpu=vfpv3 -mfloat-abi=hard -Wl,-build-id=none -specs=Xilinx.spec -Wl,-T -Wl,../src/lscript.ld -LC:/Github/Zybo_mipi/LWIP/vitis/design_1_wrapper/export/design_1_wrapper/sw/design_1_wrapper/standalone_domain/bsplib/lib -o "client.elf"  ./src/i2c_access.o ./src/iic_phyreset.o ./src/main.o ./src/platform.o ./src/platform_mb.o ./src/platform_zynq.o ./src/platform_zynqmp.o ./src/sfp.o ./src/si5324.o ./src/udp_perf_client.o   -Wl,--start-group,-lxil,-lgcc,-lc,--end-group -Wl,--start-group,-lxil,-llwip4,-lgcc,-lc,--end-group
'Finished building target: client.elf'
' '
'Invoking: ARM v7 Print Size'
arm-none-eabi-size client.elf  |tee "client.elf.size"
   text	   data	    bss	    dec	    hex	filename
 139616	   3432	31578400	31721448	1e407e8	client.elf
'Finished building: client.elf.size'
' '
00:22:48 **** Build of configuration Debug for project client_system ****
make all 
Generating bif file for the system project
generate_system_bif.bat 56261 C:/Github/Zybo_mipi/LWIP/vitis/design_1_wrapper/export/design_1_wrapper/design_1_wrapper.xpfm standalone_domain C:/Github/Zybo_mipi/LWIP/vitis/client_system/Debug/system.bif
sdcard_gen --xpfm C:/Github/Zybo_mipi/LWIP/vitis/design_1_wrapper/export/design_1_wrapper/design_1_wrapper.xpfm --sys_config design_1_wrapper --bif C:/Github/Zybo_mipi/LWIP/vitis/client_system/Debug/system.bif --bitstream C:/Github/Zybo_mipi/LWIP/vitis/client/_ide/bitstream/design_1_wrapper.bit --elf C:/Github/Zybo_mipi/LWIP/vitis/client/Debug/client.elf,ps7_cortexa9_0
creating BOOT.BIN using C:/Github/Zybo_mipi/LWIP/vitis/client/_ide/bitstream/design_1_wrapper.bit
Error: platform file not found: C:/Github/Zybo_mipi/LWIP/vitis/design_1_wrapper/export/design_1_wrapper/sw/design_1_wrapper/boot/fsbl.elf
Running C:/Xilinx/Vitis/2019.2/bin/bootgen  -image C:/Github/Zybo_mipi/LWIP/vitis/client_system/Debug/sd_card_temp/boot.bif -w -o i BOOT.BIN
[ERROR]  : Can't read file - C:/Github/Zybo_mipi/LWIP/vitis/design_1_wrapper/export/design_1_wrapper/sw/design_1_wrapper/boot/fsbl.elf
