#-----------------------------------------------------------
# Vivado v2019.2 (64-bit)
# SW Build 2708876 on Wed Nov  6 21:40:23 MST 2019
# IP Build 2700528 on Thu Nov  7 00:09:20 MST 2019
# Start of session at: Fri Oct 23 16:55:56 2020
# Process ID: 5768
# Current directory: C:/Github/Zybo_mipi/LWIP
# Command line: vivado.exe -gui_launcher_event rodinguilauncherevent2312 C:\Github\Zybo_mipi\LWIP\LWIP.xpr
# Log file: C:/Github/Zybo_mipi/LWIP/vivado.log
# Journal file: C:/Github/Zybo_mipi/LWIP\vivado.jou
#-----------------------------------------------------------
start_gui
open_project C:/Github/Zybo_mipi/LWIP/LWIP.xpr
Scanning sources...
Finished scanning sources
WARNING: [filemgmt 56-3] IPUserFilesDir: Could not find the directory 'C:/Github/Zybo_mipi/LWIP/LWIP.ip_user_files'.
INFO: [IP_Flow 19-234] Refreshing IP repositories
INFO: [IP_Flow 19-1704] No user IP repositories specified
INFO: [IP_Flow 19-2313] Loaded Vivado IP repository 'C:/Xilinx/Vivado/2019.2/data/ip'.
open_project: Time (s): cpu = 00:00:37 ; elapsed = 00:00:30 . Memory (MB): peak = 1090.969 ; gain = 327.160
update_compile_order -fileset sources_1
reset_run synth_1
launch_runs impl_1 -to_step write_bitstream -jobs 12
[Fri Oct 23 17:02:01 2020] Launched synth_1...
Run output will be captured here: C:/Github/Zybo_mipi/LWIP/LWIP.runs/synth_1/runme.log
[Fri Oct 23 17:02:02 2020] Launched impl_1...
Run output will be captured here: C:/Github/Zybo_mipi/LWIP/LWIP.runs/impl_1/runme.log
write_hw_platform -fixed -force  -include_bit -file C:/Github/Zybo_mipi/LWIP/design_1_wrapper.xsa
INFO: [Vivado 12-4895] Creating Hardware Platform: C:/Github/Zybo_mipi/LWIP/design_1_wrapper.xsa ...
INFO: [Hsi 55-2053] elapsed time for repository (C:/Xilinx/Vivado/2019.2/data\embeddedsw) loading 0 seconds
WARNING: [Project 1-645] Board images not set in Hardware Platform.
INFO: [Vivado 12-4896] Successfully created Hardware Platform: C:/Github/Zybo_mipi/LWIP/design_1_wrapper.xsa
write_hw_platform: Time (s): cpu = 00:00:19 ; elapsed = 00:00:16 . Memory (MB): peak = 1203.664 ; gain = 34.484
write_hw_platform -fixed -force  -include_bit -file C:/Github/Zybo_mipi/LWIP/design_1_wrapper.xsa
INFO: [Vivado 12-4895] Creating Hardware Platform: C:/Github/Zybo_mipi/LWIP/design_1_wrapper.xsa ...
WARNING: [Project 1-645] Board images not set in Hardware Platform.
INFO: [Vivado 12-4896] Successfully created Hardware Platform: C:/Github/Zybo_mipi/LWIP/design_1_wrapper.xsa
write_hw_platform: Time (s): cpu = 00:00:15 ; elapsed = 00:00:15 . Memory (MB): peak = 1222.090 ; gain = 18.426
exit
INFO: [Common 17-206] Exiting Vivado at Fri Oct 23 17:46:01 2020...
