Nothing to build in platform 'design_1_wrapper'

01:40:02 **** Incremental Build of configuration Debug for project echo ****
make all 
make --no-print-directory pre-build
a9-linaro-pre-build-step
' '
make --no-print-directory main-build
'Building file: ../src/echo.c'
'Invoking: ARM v7 gcc compiler'
arm-none-eabi-gcc -Wall -O0 -g3 -c -fmessage-length=0 -MT"src/echo.o" -mcpu=cortex-a9 -mfpu=vfpv3 -mfloat-abi=hard -IC:/Github/Zybo_mipi/LWIP/echo_vitis/design_1_wrapper/export/design_1_wrapper/sw/design_1_wrapper/standalone_domain/bspinclude/include -MMD -MP -MF"src/echo.d" -MT"src/echo.o" -o "src/echo.o" "../src/echo.c"
../src/echo.c: In function 'start_application':
../src/echo.c:104:8: warning: implicit declaration of function 'udp_new_ip_type'; did you mean 'tcp_new_ip_type'? [-Wimplicit-function-declaration]
  pcb = udp_new_ip_type(IPADDR_TYPE_ANY);
        ^~~~~~~~~~~~~~~
        tcp_new_ip_type
../src/echo.c:104:6: warning: assignment to 'struct tcp_pcb *' from 'int' makes pointer from integer without a cast [-Wint-conversion]
  pcb = udp_new_ip_type(IPADDR_TYPE_ANY);
      ^
../src/echo.c:112:8: warning: implicit declaration of function 'udp_bind'; did you mean 'tcp_bind'? [-Wimplicit-function-declaration]
  err = udp_bind(pcb, IP_ANY_TYPE, port);
        ^~~~~~~~
        tcp_bind
../src/echo.c:124:8: warning: implicit declaration of function 'udp_listen'; did you mean 'tcp_listen'? [-Wimplicit-function-declaration]
  pcb = udp_listen(pcb);
        ^~~~~~~~~~
        tcp_listen
../src/echo.c:124:6: warning: assignment to 'struct tcp_pcb *' from 'int' makes pointer from integer without a cast [-Wint-conversion]
  pcb = udp_listen(pcb);
      ^
../src/echo.c:131:2: warning: implicit declaration of function 'udp_accept'; did you mean 'tcp_accept'? [-Wimplicit-function-declaration]
  udp_accept(pcb, accept_callback);
  ^~~~~~~~~~
  tcp_accept
'Finished building: ../src/echo.c'
' '
'Building target: echo.elf'
'Invoking: ARM v7 gcc linker'
arm-none-eabi-gcc -mcpu=cortex-a9 -mfpu=vfpv3 -mfloat-abi=hard -Wl,-build-id=none -specs=Xilinx.spec -Wl,-T -Wl,../src/lscript.ld -LC:/Github/Zybo_mipi/LWIP/echo_vitis/design_1_wrapper/export/design_1_wrapper/sw/design_1_wrapper/standalone_domain/bsplib/lib -o "echo.elf"  ./src/echo.o ./src/i2c_access.o ./src/iic_phyreset.o ./src/main.o ./src/platform.o ./src/platform_mb.o ./src/platform_ppc.o ./src/platform_zynq.o ./src/platform_zynqmp.o ./src/sfp.o ./src/si5324.o   -Wl,--start-group,-lxil,-lgcc,-lc,--end-group -Wl,--start-group,-lxil,-llwip4,-lgcc,-lc,--end-group
c:/xilinx/vitis/2019.2/gnu/aarch32/nt/gcc-arm-none-eabi/bin/../lib/gcc/arm-none-eabi/8.2.0/../../../../arm-none-eabi/bin/ld.exe: ./src/echo.o: in function `start_application':
C:\Github\Zybo_mipi\LWIP\echo_vitis\echo\Debug/../src/echo.c:124: undefined reference to `udp_listen'
c:/xilinx/vitis/2019.2/gnu/aarch32/nt/gcc-arm-none-eabi/bin/../lib/gcc/arm-none-eabi/8.2.0/../../../../arm-none-eabi/bin/ld.exe: C:\Github\Zybo_mipi\LWIP\echo_vitis\echo\Debug/../src/echo.c:131: undefined reference to `udp_accept'
collect2.exe: error: ld returned 1 exit status
make[1]: *** [makefile:43: echo.elf] Error 1
make: *** [makefile:34: all] Error 2
01:40:04 **** Incremental Build of configuration Debug for project echo_system ****
make all 
Generating bif file for the system project
generate_system_bif.bat 49812 C:/Github/Zybo_mipi/LWIP/echo_vitis/design_1_wrapper/export/design_1_wrapper/design_1_wrapper.xpfm standalone_domain C:/Github/Zybo_mipi/LWIP/echo_vitis/echo_system/Debug/system.bif
sdcard_gen --xpfm C:/Github/Zybo_mipi/LWIP/echo_vitis/design_1_wrapper/export/design_1_wrapper/design_1_wrapper.xpfm --sys_config design_1_wrapper --bif C:/Github/Zybo_mipi/LWIP/echo_vitis/echo_system/Debug/system.bif --bitstream C:/Github/Zybo_mipi/LWIP/echo_vitis/echo/_ide/bitstream/design_1_wrapper.bit --elf C:/Github/Zybo_mipi/LWIP/echo_vitis/echo/Debug/echo.elf,ps7_cortexa9_0
ELF does not exist: C:/Github/Zybo_mipi/LWIP/echo_vitis/echo/Debug/echo.elf
make: *** [makefile:37: sd_card] Error 1
