Copyright 1986-2019 Xilinx, Inc. All Rights Reserved.
----------------------------------------------------------------------------------------------------------------------------------------------------------------
| Tool Version     : Vivado v.2019.2 (win64) Build 2708876 Wed Nov  6 21:40:23 MST 2019
| Date             : Thu Jan 14 01:41:50 2021
| Host             : DESKTOP-5VC2SBS running 64-bit major release  (build 9200)
| Command          : report_power -file system_wrapper_power_routed.rpt -pb system_wrapper_power_summary_routed.pb -rpx system_wrapper_power_routed.rpx
| Design           : system_wrapper
| Device           : xc7z020clg400-1
| Design State     : routed
| Grade            : commercial
| Process          : typical
| Characterization : Production
----------------------------------------------------------------------------------------------------------------------------------------------------------------

Power Report

Table of Contents
-----------------
1. Summary
1.1 On-Chip Components
1.2 Power Supply Summary
1.3 Confidence Level
2. Settings
2.1 Environment
2.2 Clock Constraints
3. Detailed Reports
3.1 By Hierarchy

1. Summary
----------

+--------------------------+--------------+
| Total On-Chip Power (W)  | 2.036        |
| Design Power Budget (W)  | Unspecified* |
| Power Budget Margin (W)  | NA           |
| Dynamic (W)              | 1.868        |
| Device Static (W)        | 0.168        |
| Effective TJA (C/W)      | 11.5         |
| Max Ambient (C)          | 61.5         |
| Junction Temperature (C) | 48.5         |
| Confidence Level         | Low          |
| Setting File             | ---          |
| Simulation Activity File | ---          |
| Design Nets Matched      | NA           |
+--------------------------+--------------+
* Specify Design Power Budget using, set_operating_conditions -design_power_budget <value in Watts>


1.1 On-Chip Components
----------------------

+--------------------------+-----------+----------+-----------+-----------------+
| On-Chip                  | Power (W) | Used     | Available | Utilization (%) |
+--------------------------+-----------+----------+-----------+-----------------+
| Clocks                   |     0.093 |       13 |       --- |             --- |
| Slice Logic              |     0.015 |    32539 |       --- |             --- |
|   LUT as Logic           |     0.012 |    10700 |     53200 |           20.11 |
|   Register               |     0.001 |    15947 |    106400 |           14.99 |
|   CARRY4                 |     0.001 |      388 |     13300 |            2.92 |
|   LUT as Shift Register  |    <0.001 |      734 |     17400 |            4.22 |
|   F7/F8 Muxes            |    <0.001 |      918 |     53200 |            1.73 |
|   LUT as Distributed RAM |    <0.001 |       86 |     17400 |            0.49 |
|   Others                 |     0.000 |     1653 |       --- |             --- |
| Signals                  |     0.030 |    23663 |       --- |             --- |
| Block RAM                |     0.035 |    130.5 |       140 |           93.21 |
| MMCM                     |     0.191 |        2 |         4 |           50.00 |
| I/O                      |     0.089 |       42 |       125 |           33.60 |
| PS7                      |     1.415 |        1 |       --- |             --- |
| Static Power             |     0.168 |          |           |                 |
| Total                    |     2.036 |          |           |                 |
+--------------------------+-----------+----------+-----------+-----------------+


1.2 Power Supply Summary
------------------------

+-----------+-------------+-----------+-------------+------------+
| Source    | Voltage (V) | Total (A) | Dynamic (A) | Static (A) |
+-----------+-------------+-----------+-------------+------------+
| Vccint    |       1.000 |     0.202 |       0.179 |      0.022 |
| Vccaux    |       1.800 |     0.146 |       0.129 |      0.017 |
| Vcco33    |       3.300 |     0.013 |       0.012 |      0.001 |
| Vcco25    |       2.500 |     0.000 |       0.000 |      0.000 |
| Vcco18    |       1.800 |     0.000 |       0.000 |      0.000 |
| Vcco15    |       1.500 |     0.000 |       0.000 |      0.000 |
| Vcco135   |       1.350 |     0.000 |       0.000 |      0.000 |
| Vcco12    |       1.200 |     0.000 |       0.000 |      0.000 |
| Vccaux_io |       1.800 |     0.000 |       0.000 |      0.000 |
| Vccbram   |       1.000 |     0.013 |       0.002 |      0.011 |
| MGTAVcc   |       1.000 |     0.000 |       0.000 |      0.000 |
| MGTAVtt   |       1.200 |     0.000 |       0.000 |      0.000 |
| MGTVccaux |       1.800 |     0.000 |       0.000 |      0.000 |
| Vccpint   |       1.000 |     0.767 |       0.733 |      0.034 |
| Vccpaux   |       1.800 |     0.062 |       0.051 |      0.010 |
| Vccpll    |       1.800 |     0.017 |       0.014 |      0.003 |
| Vcco_ddr  |       1.350 |     0.413 |       0.411 |      0.002 |
| Vcco_mio0 |       3.300 |     0.003 |       0.002 |      0.001 |
| Vcco_mio1 |       1.800 |     0.003 |       0.002 |      0.001 |
| Vccadc    |       1.800 |     0.020 |       0.000 |      0.020 |
+-----------+-------------+-----------+-------------+------------+


1.3 Confidence Level
--------------------

+-----------------------------+------------+--------------------------------------------------------+------------------------------------------------------------------------------------------------------------+
| User Input Data             | Confidence | Details                                                | Action                                                                                                     |
+-----------------------------+------------+--------------------------------------------------------+------------------------------------------------------------------------------------------------------------+
| Design implementation state | High       | Design is routed                                       |                                                                                                            |
| Clock nodes activity        | High       | User specified more than 95% of clocks                 |                                                                                                            |
| I/O nodes activity          | Low        | More than 75% of inputs are missing user specification | Provide missing input activity with simulation results or by editing the "By Resource Type -> I/Os" view   |
| Internal nodes activity     | Medium     | User specified less than 25% of internal nodes         | Provide missing internal nodes activity with simulation results or by editing the "By Resource Type" views |
| Device models               | High       | Device models are Production                           |                                                                                                            |
|                             |            |                                                        |                                                                                                            |
| Overall confidence level    | Low        |                                                        |                                                                                                            |
+-----------------------------+------------+--------------------------------------------------------+------------------------------------------------------------------------------------------------------------+


2. Settings
-----------

2.1 Environment
---------------

+-----------------------+------------------------+
| Ambient Temp (C)      | 25.0                   |
| ThetaJA (C/W)         | 11.5                   |
| Airflow (LFM)         | 250                    |
| Heat Sink             | none                   |
| ThetaSA (C/W)         | 0.0                    |
| Board Selection       | medium (10"x10")       |
| # of Board Layers     | 8to11 (8 to 11 Layers) |
| Board Temperature (C) | 25.0                   |
+-----------------------+------------------------+


2.2 Clock Constraints
---------------------

+--------------------------------------------------------------------------------------------+-----------------------------------------------------------------------------------+-----------------+
| Clock                                                                                      | Domain                                                                            | Constraint (ns) |
+--------------------------------------------------------------------------------------------+-----------------------------------------------------------------------------------+-----------------+
| RxByteClkHS                                                                                | system_i/MIPI_D_PHY_RX_0/U0/ClockLane/HSClockingX/CLK                             |            19.0 |
| clk_fpga_0                                                                                 | system_i/processing_system7_0/inst/FCLK_CLK_unbuffered[0]                         |            10.0 |
| clk_out1_system_clk_wiz_0_0                                                                | system_i/clk_wiz_0/inst/clk_out1_system_clk_wiz_0_0                               |            20.0 |
| clk_out2_system_clk_wiz_0_0                                                                | system_i/clk_wiz_0/inst/clk_out2_system_clk_wiz_0_0                               |             6.7 |
| clk_out3_system_clk_wiz_0_0                                                                | system_i/clk_wiz_0/inst/clk_out3_system_clk_wiz_0_0                               |             5.0 |
| clkfbout_system_clk_wiz_0_0                                                                | system_i/clk_wiz_0/inst/clkfbout_system_clk_wiz_0_0                               |            10.0 |
| clkfbout_system_video_dynclk_0                                                             | system_i/video_dynclk/inst/CLK_CORE_DRP_I/clk_inst/clkfbout_system_video_dynclk_0 |            50.0 |
| dbg_hub/inst/BSCANID.u_xsdbm_id/SWITCH_N_EXT_BSCAN.bscan_inst/SERIES7_BSCAN.bscan_inst/TCK | dbg_hub/inst/BSCANID.u_xsdbm_id/SWITCH_N_EXT_BSCAN.bscan_inst/tck_bs              |            33.0 |
| dphy_hs_clock_p                                                                            | dphy_hs_clock_clk_p                                                               |             4.8 |
| pixel_dynclk                                                                               | system_i/DVIClocking_0/U0/PixelClk                                                |             6.7 |
| video_dynclk                                                                               | system_i/video_dynclk/inst/CLK_CORE_DRP_I/clk_inst/pxl_clk_5x                     |             1.7 |
+--------------------------------------------------------------------------------------------+-----------------------------------------------------------------------------------+-----------------+


3. Detailed Reports
-------------------

3.1 By Hierarchy
----------------

+---------------------------+-----------+
| Name                      | Power (W) |
+---------------------------+-----------+
| system_wrapper            |     1.868 |
|   cam_gpio_tri_iobuf_0    |     0.004 |
|   cam_iic_scl_iobuf       |     0.004 |
|   cam_iic_sda_iobuf       |     0.004 |
|   dbg_hub                 |     0.004 |
|     inst                  |     0.004 |
|       BSCANID.u_xsdbm_id  |     0.004 |
|   system_i                |     1.846 |
|     AXI_BayerToRGB_1      |     0.004 |
|       U0                  |     0.004 |
|     AXI_GammaCorrection_0 |     0.004 |
|       U0                  |     0.004 |
|     MIPI_CSI_2_RX_0       |     0.008 |
|       U0                  |     0.008 |
|     MIPI_D_PHY_RX_0       |     0.053 |
|       U0                  |     0.053 |
|     axi_mem_intercon_1    |     0.001 |
|       s00_couplers        |     0.001 |
|     axi_vdma_0            |     0.032 |
|       U0                  |     0.032 |
|     clk_wiz_0             |     0.087 |
|       inst                |     0.087 |
|     processing_system7_0  |     1.417 |
|       inst                |     1.417 |
|     ps7_0_axi_periph      |     0.002 |
|       s00_couplers        |     0.002 |
|     ps7_0_axi_periph_1    |     0.008 |
|       s00_couplers        |     0.006 |
|       xbar                |     0.002 |
|     rgb2dvi_0             |     0.026 |
|       U0                  |     0.026 |
|     system_ila_0          |     0.069 |
|       U0                  |     0.069 |
|     v_axi4s_vid_out_0     |     0.007 |
|       inst                |     0.007 |
|     video_dynclk          |     0.109 |
|       inst                |     0.109 |
|     vtg                   |     0.016 |
|       U0                  |     0.016 |
+---------------------------+-----------+


