TRACE::2020-10-23.00:21:51::SCWPlatform::Trying to open the hw design at C:/Github/Zybo_mipi/LWIP/vitis/design_1_wrapper/hw/design_1_wrapper.xsa
TRACE::2020-10-23.00:21:51::SCWPlatform::DSA given C:/Github/Zybo_mipi/LWIP/vitis/design_1_wrapper/hw/design_1_wrapper.xsa
TRACE::2020-10-23.00:21:51::SCWPlatform::DSA absoulate path C:/Github/Zybo_mipi/LWIP/vitis/design_1_wrapper/hw/design_1_wrapper.xsa
TRACE::2020-10-23.00:21:53::SCWPlatform::DSA directory C:/Github/Zybo_mipi/LWIP/vitis/design_1_wrapper/hw
TRACE::2020-10-23.00:21:53::SCWPlatform:: Platform Path C:/Github/Zybo_mipi/LWIP/vitis/design_1_wrapper/hw/design_1_wrapper.xsa
TRACE::2020-10-23.00:21:53::SCWPlatform:: Unique name xilinx:zybo-z7-20::0.0
TRACE::2020-10-23.00:21:53::SCWPlatform::Do not have an existing db opened. 
TRACE::2020-10-23.00:21:55::SCWPlatform::Opened new HwDB with name design_1_wrapper_0
TRACE::2020-10-23.00:21:55::SCWWriter::formatted JSON is {
	"platformName":	"design_1_wrapper",
	"sprVersion":	"2.0",
	"mode":	"gui",
	"dsaType":	"Fixed",
	"platformDesc":	"design_1_wrapper",
	"platHandOff":	"C:/Github/Zybo_mipi/LWIP/design_1_wrapper.xsa",
	"platIntHandOff":	"<platformDir>/hw/design_1_wrapper.xsa",
	"deviceType":	"zynq",
	"platIsPrebuiltAutogen":	"false",
	"platIsNoBootBsp":	"true",
	"hasFsblMakeHasChanges":	"false",
	"hasPmufwMakeHasChanges":	"false",
	"platPreBuiltFlag":	false,
	"platformSamplesDir":	""
}
TRACE::2020-10-23.00:21:55::SCWWriter::formatted JSON is {
	"platformName":	"design_1_wrapper",
	"sprVersion":	"2.0",
	"mode":	"gui",
	"dsaType":	"Fixed",
	"platformDesc":	"design_1_wrapper",
	"platHandOff":	"C:/Github/Zybo_mipi/LWIP/design_1_wrapper.xsa",
	"platIntHandOff":	"<platformDir>/hw/design_1_wrapper.xsa",
	"deviceType":	"zynq",
	"platIsPrebuiltAutogen":	"false",
	"platIsNoBootBsp":	"true",
	"hasFsblMakeHasChanges":	"false",
	"hasPmufwMakeHasChanges":	"false",
	"platPreBuiltFlag":	false,
	"platformSamplesDir":	"",
	"platActiveSys":	"design_1_wrapper",
	"systems":	[{
			"systemName":	"design_1_wrapper",
			"systemDesc":	"design_1_wrapper",
			"sysIsBootAutoGen":	"true",
			"systemDispName":	"design_1_wrapper"
		}]
}
TRACE::2020-10-23.00:21:55::SCWWriter::formatted JSON is {
	"platformName":	"design_1_wrapper",
	"sprVersion":	"2.0",
	"mode":	"gui",
	"dsaType":	"Fixed",
	"platformDesc":	"design_1_wrapper",
	"platHandOff":	"C:/Github/Zybo_mipi/LWIP/design_1_wrapper.xsa",
	"platIntHandOff":	"<platformDir>/hw/design_1_wrapper.xsa",
	"deviceType":	"zynq",
	"platIsPrebuiltAutogen":	"false",
	"platIsNoBootBsp":	"true",
	"hasFsblMakeHasChanges":	"false",
	"hasPmufwMakeHasChanges":	"false",
	"platPreBuiltFlag":	false,
	"platformSamplesDir":	"",
	"platActiveSys":	"design_1_wrapper",
	"systems":	[{
			"systemName":	"design_1_wrapper",
			"systemDesc":	"design_1_wrapper",
			"sysIsBootAutoGen":	"true",
			"systemDispName":	"design_1_wrapper"
		}]
}
TRACE::2020-10-23.00:21:55::SCWPlatform::Trying to open the hw design at C:/Github/Zybo_mipi/LWIP/vitis/design_1_wrapper/hw/design_1_wrapper.xsa
TRACE::2020-10-23.00:21:55::SCWPlatform::DSA given C:/Github/Zybo_mipi/LWIP/vitis/design_1_wrapper/hw/design_1_wrapper.xsa
TRACE::2020-10-23.00:21:55::SCWPlatform::DSA absoulate path C:/Github/Zybo_mipi/LWIP/vitis/design_1_wrapper/hw/design_1_wrapper.xsa
TRACE::2020-10-23.00:21:55::SCWPlatform::DSA directory C:/Github/Zybo_mipi/LWIP/vitis/design_1_wrapper/hw
TRACE::2020-10-23.00:21:55::SCWPlatform:: Platform Path C:/Github/Zybo_mipi/LWIP/vitis/design_1_wrapper/hw/design_1_wrapper.xsa
TRACE::2020-10-23.00:21:55::SCWPlatform:: Unique name xilinx:zybo-z7-20::0.0
TRACE::2020-10-23.00:21:55::SCWPlatform::Trying to set the existing hwdb with name design_1_wrapper_0
TRACE::2020-10-23.00:21:55::SCWPlatform::Opened existing hwdb design_1_wrapper_0
TRACE::2020-10-23.00:21:55::SCWPlatform::Found the Hw Db part of the input DSA
TRACE::2020-10-23.00:21:55::SCWDomain::checking for install qemu data   : 
TRACE::2020-10-23.00:21:55::SCWDomain:: Using the QEMU Data from install at  : C:/Xilinx/Vitis/2019.2/data/emulation/platforms/zynq/qemu/
TRACE::2020-10-23.00:21:55::SCWDomain:: Using the QEMU args  from install at  : C:/Xilinx/Vitis/2019.2/data/emulation/platforms/zynq/qemu/qemu_args.txt
TRACE::2020-10-23.00:21:55::SCWPlatform::Trying to open the hw design at C:/Github/Zybo_mipi/LWIP/vitis/design_1_wrapper/hw/design_1_wrapper.xsa
TRACE::2020-10-23.00:21:55::SCWPlatform::DSA given C:/Github/Zybo_mipi/LWIP/vitis/design_1_wrapper/hw/design_1_wrapper.xsa
TRACE::2020-10-23.00:21:55::SCWPlatform::DSA absoulate path C:/Github/Zybo_mipi/LWIP/vitis/design_1_wrapper/hw/design_1_wrapper.xsa
TRACE::2020-10-23.00:21:55::SCWPlatform::DSA directory C:/Github/Zybo_mipi/LWIP/vitis/design_1_wrapper/hw
TRACE::2020-10-23.00:21:55::SCWPlatform:: Platform Path C:/Github/Zybo_mipi/LWIP/vitis/design_1_wrapper/hw/design_1_wrapper.xsa
TRACE::2020-10-23.00:21:55::SCWPlatform:: Unique name xilinx:zybo-z7-20::0.0
TRACE::2020-10-23.00:21:55::SCWPlatform::Trying to set the existing hwdb with name design_1_wrapper_0
TRACE::2020-10-23.00:21:55::SCWPlatform::Opened existing hwdb design_1_wrapper_0
TRACE::2020-10-23.00:21:55::SCWPlatform::Found the Hw Db part of the input DSA
TRACE::2020-10-23.00:21:55::SCWPlatform::Trying to open the hw design at C:/Github/Zybo_mipi/LWIP/vitis/design_1_wrapper/hw/design_1_wrapper.xsa
TRACE::2020-10-23.00:21:55::SCWPlatform::DSA given C:/Github/Zybo_mipi/LWIP/vitis/design_1_wrapper/hw/design_1_wrapper.xsa
TRACE::2020-10-23.00:21:55::SCWPlatform::DSA absoulate path C:/Github/Zybo_mipi/LWIP/vitis/design_1_wrapper/hw/design_1_wrapper.xsa
TRACE::2020-10-23.00:21:55::SCWPlatform::DSA directory C:/Github/Zybo_mipi/LWIP/vitis/design_1_wrapper/hw
TRACE::2020-10-23.00:21:55::SCWPlatform:: Platform Path C:/Github/Zybo_mipi/LWIP/vitis/design_1_wrapper/hw/design_1_wrapper.xsa
TRACE::2020-10-23.00:21:55::SCWPlatform:: Unique name xilinx:zybo-z7-20::0.0
TRACE::2020-10-23.00:21:55::SCWPlatform::Trying to set the existing hwdb with name design_1_wrapper_0
TRACE::2020-10-23.00:21:55::SCWPlatform::Opened existing hwdb design_1_wrapper_0
TRACE::2020-10-23.00:21:55::SCWPlatform::Found the Hw Db part of the input DSA
TRACE::2020-10-23.00:21:55::SCWMssOS::Checking the sw design at  C:/Github/Zybo_mipi/LWIP/vitis/design_1_wrapper/ps7_cortexa9_0/standalone_domain/bsp/system.mss
TRACE::2020-10-23.00:21:55::SCWMssOS::DEBUG:  swdes dump  
TRACE::2020-10-23.00:21:55::SCWMssOS::No sw design opened at  C:/Github/Zybo_mipi/LWIP/vitis/design_1_wrapper/ps7_cortexa9_0/standalone_domain/bsp/system.mss
TRACE::2020-10-23.00:21:55::SCWMssOS::mss does not exists at C:/Github/Zybo_mipi/LWIP/vitis/design_1_wrapper/ps7_cortexa9_0/standalone_domain/bsp/system.mss
TRACE::2020-10-23.00:21:55::SCWMssOS::Creating sw design at  C:/Github/Zybo_mipi/LWIP/vitis/design_1_wrapper/ps7_cortexa9_0/standalone_domain/bsp/system.mss
TRACE::2020-10-23.00:21:55::SCWMssOS::Adding the swdes entry, created swdb C:/Github/Zybo_mipi/LWIP/vitis/design_1_wrapper/ps7_cortexa9_0/standalone_domain/bsp/system.mss with des name C:/Github/Zybo_mipi/LWIP/vitis/design_1_wrapper/ps7_cortexa9_0/standalone_domain/bsp/system.mss
TRACE::2020-10-23.00:21:55::SCWMssOS::updating the scw layer changes to swdes at   C:/Github/Zybo_mipi/LWIP/vitis/design_1_wrapper/ps7_cortexa9_0/standalone_domain/bsp/system.mss
TRACE::2020-10-23.00:21:55::SCWMssOS::Writing mss at C:/Github/Zybo_mipi/LWIP/vitis/design_1_wrapper/ps7_cortexa9_0/standalone_domain/bsp/system.mss
TRACE::2020-10-23.00:21:55::SCWMssOS::Completed writing the mss file at C:/Github/Zybo_mipi/LWIP/vitis/design_1_wrapper/ps7_cortexa9_0/standalone_domain/bsp
TRACE::2020-10-23.00:21:55::SCWMssOS::Picking up changes from newly written mss file into SCW Layer. 
TRACE::2020-10-23.00:21:55::SCWMssOS::Updated the changes from newly written mss file into SCW Layer. 
TRACE::2020-10-23.00:21:55::SCWPlatform::Trying to open the hw design at C:/Github/Zybo_mipi/LWIP/vitis/design_1_wrapper/hw/design_1_wrapper.xsa
TRACE::2020-10-23.00:21:55::SCWPlatform::DSA given C:/Github/Zybo_mipi/LWIP/vitis/design_1_wrapper/hw/design_1_wrapper.xsa
TRACE::2020-10-23.00:21:55::SCWPlatform::DSA absoulate path C:/Github/Zybo_mipi/LWIP/vitis/design_1_wrapper/hw/design_1_wrapper.xsa
TRACE::2020-10-23.00:21:55::SCWPlatform::DSA directory C:/Github/Zybo_mipi/LWIP/vitis/design_1_wrapper/hw
TRACE::2020-10-23.00:21:55::SCWPlatform:: Platform Path C:/Github/Zybo_mipi/LWIP/vitis/design_1_wrapper/hw/design_1_wrapper.xsa
TRACE::2020-10-23.00:21:55::SCWPlatform:: Unique name xilinx:zybo-z7-20::0.0
TRACE::2020-10-23.00:21:55::SCWPlatform::Trying to set the existing hwdb with name design_1_wrapper_0
TRACE::2020-10-23.00:21:55::SCWPlatform::Opened existing hwdb design_1_wrapper_0
TRACE::2020-10-23.00:21:55::SCWPlatform::Found the Hw Db part of the input DSA
TRACE::2020-10-23.00:21:55::SCWMssOS::Checking the sw design at  C:/Github/Zybo_mipi/LWIP/vitis/design_1_wrapper/ps7_cortexa9_0/standalone_domain/bsp/system.mss
TRACE::2020-10-23.00:21:55::SCWMssOS::DEBUG:  swdes dump  C:/Github/Zybo_mipi/LWIP/vitis/design_1_wrapper/ps7_cortexa9_0/standalone_domain/bsp/system.mss|C:/Github/Zybo_mipi/LWIP/vitis/design_1_wrapper/ps7_cortexa9_0/standalone_domain/bsp/system.mss||

TRACE::2020-10-23.00:21:55::SCWMssOS::Sw design exists and opened at  C:/Github/Zybo_mipi/LWIP/vitis/design_1_wrapper/ps7_cortexa9_0/standalone_domain/bsp/system.mss
TRACE::2020-10-23.00:21:55::SCWPlatform::Trying to open the hw design at C:/Github/Zybo_mipi/LWIP/vitis/design_1_wrapper/hw/design_1_wrapper.xsa
TRACE::2020-10-23.00:21:55::SCWPlatform::DSA given C:/Github/Zybo_mipi/LWIP/vitis/design_1_wrapper/hw/design_1_wrapper.xsa
TRACE::2020-10-23.00:21:55::SCWPlatform::DSA absoulate path C:/Github/Zybo_mipi/LWIP/vitis/design_1_wrapper/hw/design_1_wrapper.xsa
TRACE::2020-10-23.00:21:55::SCWPlatform::DSA directory C:/Github/Zybo_mipi/LWIP/vitis/design_1_wrapper/hw
TRACE::2020-10-23.00:21:55::SCWPlatform:: Platform Path C:/Github/Zybo_mipi/LWIP/vitis/design_1_wrapper/hw/design_1_wrapper.xsa
TRACE::2020-10-23.00:21:55::SCWPlatform:: Unique name xilinx:zybo-z7-20::0.0
TRACE::2020-10-23.00:21:55::SCWPlatform::Trying to set the existing hwdb with name design_1_wrapper_0
TRACE::2020-10-23.00:21:55::SCWPlatform::Opened existing hwdb design_1_wrapper_0
TRACE::2020-10-23.00:21:55::SCWPlatform::Found the Hw Db part of the input DSA
TRACE::2020-10-23.00:21:55::SCWMssOS::Checking the sw design at  C:/Github/Zybo_mipi/LWIP/vitis/design_1_wrapper/ps7_cortexa9_0/standalone_domain/bsp/system.mss
TRACE::2020-10-23.00:21:55::SCWMssOS::DEBUG:  swdes dump  C:/Github/Zybo_mipi/LWIP/vitis/design_1_wrapper/ps7_cortexa9_0/standalone_domain/bsp/system.mss|C:/Github/Zybo_mipi/LWIP/vitis/design_1_wrapper/ps7_cortexa9_0/standalone_domain/bsp/system.mss||

TRACE::2020-10-23.00:21:55::SCWMssOS::Sw design exists and opened at  C:/Github/Zybo_mipi/LWIP/vitis/design_1_wrapper/ps7_cortexa9_0/standalone_domain/bsp/system.mss
TRACE::2020-10-23.00:21:55::SCWPlatform::Trying to open the hw design at C:/Github/Zybo_mipi/LWIP/vitis/design_1_wrapper/hw/design_1_wrapper.xsa
TRACE::2020-10-23.00:21:55::SCWPlatform::DSA given C:/Github/Zybo_mipi/LWIP/vitis/design_1_wrapper/hw/design_1_wrapper.xsa
TRACE::2020-10-23.00:21:55::SCWPlatform::DSA absoulate path C:/Github/Zybo_mipi/LWIP/vitis/design_1_wrapper/hw/design_1_wrapper.xsa
TRACE::2020-10-23.00:21:55::SCWPlatform::DSA directory C:/Github/Zybo_mipi/LWIP/vitis/design_1_wrapper/hw
TRACE::2020-10-23.00:21:55::SCWPlatform:: Platform Path C:/Github/Zybo_mipi/LWIP/vitis/design_1_wrapper/hw/design_1_wrapper.xsa
TRACE::2020-10-23.00:21:55::SCWPlatform:: Unique name xilinx:zybo-z7-20::0.0
TRACE::2020-10-23.00:21:55::SCWPlatform::Trying to set the existing hwdb with name design_1_wrapper_0
TRACE::2020-10-23.00:21:55::SCWPlatform::Opened existing hwdb design_1_wrapper_0
TRACE::2020-10-23.00:21:55::SCWPlatform::Found the Hw Db part of the input DSA
TRACE::2020-10-23.00:21:55::SCWMssOS::Checking the sw design at  C:/Github/Zybo_mipi/LWIP/vitis/design_1_wrapper/ps7_cortexa9_0/standalone_domain/bsp/system.mss
TRACE::2020-10-23.00:21:55::SCWMssOS::DEBUG:  swdes dump  C:/Github/Zybo_mipi/LWIP/vitis/design_1_wrapper/ps7_cortexa9_0/standalone_domain/bsp/system.mss|C:/Github/Zybo_mipi/LWIP/vitis/design_1_wrapper/ps7_cortexa9_0/standalone_domain/bsp/system.mss||

TRACE::2020-10-23.00:21:55::SCWMssOS::Sw design exists and opened at  C:/Github/Zybo_mipi/LWIP/vitis/design_1_wrapper/ps7_cortexa9_0/standalone_domain/bsp/system.mss
TRACE::2020-10-23.00:21:55::SCWWriter::formatted JSON is {
	"platformName":	"design_1_wrapper",
	"sprVersion":	"2.0",
	"mode":	"gui",
	"dsaType":	"Fixed",
	"platformDesc":	"design_1_wrapper",
	"platHandOff":	"C:/Github/Zybo_mipi/LWIP/design_1_wrapper.xsa",
	"platIntHandOff":	"<platformDir>/hw/design_1_wrapper.xsa",
	"deviceType":	"zynq",
	"platIsPrebuiltAutogen":	"false",
	"platIsNoBootBsp":	"true",
	"hasFsblMakeHasChanges":	"false",
	"hasPmufwMakeHasChanges":	"false",
	"platPreBuiltFlag":	false,
	"platformSamplesDir":	"",
	"platActiveSys":	"design_1_wrapper",
	"systems":	[{
			"systemName":	"design_1_wrapper",
			"systemDesc":	"design_1_wrapper",
			"sysIsBootAutoGen":	"true",
			"systemDispName":	"design_1_wrapper",
			"sysActiveDom":	"standalone_domain",
			"sysDefaultDom":	"standalone_domain",
			"domains":	[{
					"domainName":	"standalone_domain",
					"domainDispName":	"standalone on ps7_cortexa9_0",
					"domainDesc":	"standalone_domain",
					"processors":	"ps7_cortexa9_0",
					"os":	"standalone",
					"sdxOs":	"standalone",
					"qemuArgs":	"C:/Xilinx/Vitis/2019.2/data/emulation/platforms/zynq/qemu/qemu_args.txt",
					"qemuData":	"C:/Xilinx/Vitis/2019.2/data/emulation/platforms/zynq/qemu/",
					"debugEnable":	"False",
					"domRuntimes":	["cpp"],
					"swRepo":	"",
					"mssOsVer":	"7.1",
					"mssFile":	"",
					"md5Digest":	"",
					"compatibleApp":	"lwip_udp_perf_client",
					"domType":	"mssDomain",
					"arch":	"32-bit",
					"appSettings":	{
						"appCompilerFlags":	"",
						"appLinkerFlags":	""
					},
					"addedLibs":	["lwip211:1.1"],
					"libOptions":	{
						"libsContainingOptions":	[]
					},
					"prebuiltLibs":	{
						"prebuiltIncPath":	[],
						"prebuiltLibPath":	[]
					},
					"isolation":	{
					}
				}]
		}]
}
TRACE::2020-10-23.00:21:56::SCWPlatform::Trying to open the hw design at C:/Github/Zybo_mipi/LWIP/vitis/design_1_wrapper/hw/design_1_wrapper.xsa
TRACE::2020-10-23.00:21:56::SCWPlatform::DSA given C:/Github/Zybo_mipi/LWIP/vitis/design_1_wrapper/hw/design_1_wrapper.xsa
TRACE::2020-10-23.00:21:56::SCWPlatform::DSA absoulate path C:/Github/Zybo_mipi/LWIP/vitis/design_1_wrapper/hw/design_1_wrapper.xsa
TRACE::2020-10-23.00:21:56::SCWPlatform::DSA directory C:/Github/Zybo_mipi/LWIP/vitis/design_1_wrapper/hw
TRACE::2020-10-23.00:21:56::SCWPlatform:: Platform Path C:/Github/Zybo_mipi/LWIP/vitis/design_1_wrapper/hw/design_1_wrapper.xsa
TRACE::2020-10-23.00:21:56::SCWPlatform:: Unique name xilinx:zybo-z7-20::0.0
TRACE::2020-10-23.00:21:56::SCWPlatform::Trying to set the existing hwdb with name design_1_wrapper_0
TRACE::2020-10-23.00:21:56::SCWPlatform::Opened existing hwdb design_1_wrapper_0
TRACE::2020-10-23.00:21:56::SCWPlatform::Found the Hw Db part of the input DSA
TRACE::2020-10-23.00:21:56::SCWMssOS::Checking the sw design at  C:/Github/Zybo_mipi/LWIP/vitis/design_1_wrapper/ps7_cortexa9_0/standalone_domain/bsp/system.mss
TRACE::2020-10-23.00:21:56::SCWMssOS::DEBUG:  swdes dump  C:/Github/Zybo_mipi/LWIP/vitis/design_1_wrapper/ps7_cortexa9_0/standalone_domain/bsp/system.mss|C:/Github/Zybo_mipi/LWIP/vitis/design_1_wrapper/ps7_cortexa9_0/standalone_domain/bsp/system.mss||

TRACE::2020-10-23.00:21:56::SCWMssOS::Sw design exists and opened at  C:/Github/Zybo_mipi/LWIP/vitis/design_1_wrapper/ps7_cortexa9_0/standalone_domain/bsp/system.mss
TRACE::2020-10-23.00:21:56::SCWMssOS::Completed writing the mss file at C:/Github/Zybo_mipi/LWIP/vitis/design_1_wrapper/ps7_cortexa9_0/standalone_domain/bsp
TRACE::2020-10-23.00:21:56::SCWMssOS::Forcing BSP Sources regeneration.
LOG::2020-10-23.00:21:59::SCWPlatform::Started generating the artifacts platform design_1_wrapper
TRACE::2020-10-23.00:21:59::SCWPlatform::Sanity checking of platform is completed
LOG::2020-10-23.00:21:59::SCWPlatform::Started generating the artifacts for system configuration design_1_wrapper
LOG::2020-10-23.00:21:59::SCWSystem::Checking the domain standalone_domain
LOG::2020-10-23.00:21:59::SCWSystem::Not a boot domain 
LOG::2020-10-23.00:21:59::SCWSystem::Started Processing the domain standalone_domain
TRACE::2020-10-23.00:21:59::SCWDomain::Generating domain artifcats
TRACE::2020-10-23.00:21:59::SCWMssOS::Generating standalone artifcats
TRACE::2020-10-23.00:21:59::SCWMssOS::Copying the qemu file from  C:/Xilinx/Vitis/2019.2/data/emulation/platforms/zynq/qemu/qemu_args.txt To C:/Github/Zybo_mipi/LWIP/vitis/design_1_wrapper/export/design_1_wrapper/sw/design_1_wrapper/qemu/
TRACE::2020-10-23.00:21:59::SCWMssOS::Copying the qemu file from  C:/Xilinx/Vitis/2019.2/data/emulation/platforms/zynq/qemu/qemu_args.txt To C:/Github/Zybo_mipi/LWIP/vitis/design_1_wrapper/export/design_1_wrapper/sw/design_1_wrapper/standalone_domain/qemu/
TRACE::2020-10-23.00:21:59::SCWMssOS:: Copying the user libraries. 
TRACE::2020-10-23.00:21:59::SCWPlatform::Trying to open the hw design at C:/Github/Zybo_mipi/LWIP/vitis/design_1_wrapper/hw/design_1_wrapper.xsa
TRACE::2020-10-23.00:21:59::SCWPlatform::DSA given C:/Github/Zybo_mipi/LWIP/vitis/design_1_wrapper/hw/design_1_wrapper.xsa
TRACE::2020-10-23.00:21:59::SCWPlatform::DSA absoulate path C:/Github/Zybo_mipi/LWIP/vitis/design_1_wrapper/hw/design_1_wrapper.xsa
TRACE::2020-10-23.00:21:59::SCWPlatform::DSA directory C:/Github/Zybo_mipi/LWIP/vitis/design_1_wrapper/hw
TRACE::2020-10-23.00:21:59::SCWPlatform:: Platform Path C:/Github/Zybo_mipi/LWIP/vitis/design_1_wrapper/hw/design_1_wrapper.xsa
TRACE::2020-10-23.00:21:59::SCWPlatform:: Unique name xilinx:zybo-z7-20::0.0
TRACE::2020-10-23.00:21:59::SCWPlatform::Trying to set the existing hwdb with name design_1_wrapper_0
TRACE::2020-10-23.00:21:59::SCWPlatform::Opened existing hwdb design_1_wrapper_0
TRACE::2020-10-23.00:21:59::SCWPlatform::Found the Hw Db part of the input DSA
TRACE::2020-10-23.00:21:59::SCWMssOS::Checking the sw design at  C:/Github/Zybo_mipi/LWIP/vitis/design_1_wrapper/ps7_cortexa9_0/standalone_domain/bsp/system.mss
TRACE::2020-10-23.00:21:59::SCWMssOS::DEBUG:  swdes dump  C:/Github/Zybo_mipi/LWIP/vitis/design_1_wrapper/ps7_cortexa9_0/standalone_domain/bsp/system.mss|C:/Github/Zybo_mipi/LWIP/vitis/design_1_wrapper/ps7_cortexa9_0/standalone_domain/bsp/system.mss||

KEYINFO::2020-10-23.00:21:59::SCWMssOS::Could not open the swdb for C:/Github/Zybo_mipi/LWIP/vitis/design_1_wrapper/ps7_cortexa9_0/standalone_domain/bsp/system.mss
KEYINFO::2020-10-23.00:21:59::SCWMssOS::Could not open the sw design at  C:/Github/Zybo_mipi/LWIP/vitis/design_1_wrapper/ps7_cortexa9_0/standalone_domain/bsp/system.mss
ERROR: [Hsi 55-1558] Software Design C:/Github/Zybo_mipi/LWIP/vitis/design_1_wrapper/ps7_cortexa9_0/standalone_domain/bsp/system.mss is not found

TRACE::2020-10-23.00:21:59::SCWMssOS::Cleared the swdb table entry
TRACE::2020-10-23.00:21:59::SCWMssOS::No sw design opened at  C:/Github/Zybo_mipi/LWIP/vitis/design_1_wrapper/ps7_cortexa9_0/standalone_domain/bsp/system.mss
TRACE::2020-10-23.00:21:59::SCWMssOS::mss exists loading the mss file  C:/Github/Zybo_mipi/LWIP/vitis/design_1_wrapper/ps7_cortexa9_0/standalone_domain/bsp/system.mss
TRACE::2020-10-23.00:21:59::SCWMssOS::Opened the sw design from mss  C:/Github/Zybo_mipi/LWIP/vitis/design_1_wrapper/ps7_cortexa9_0/standalone_domain/bsp/system.mss
TRACE::2020-10-23.00:21:59::SCWMssOS::Adding the swdes entry C:/Github/Zybo_mipi/LWIP/vitis/design_1_wrapper/ps7_cortexa9_0/standalone_domain/bsp/system.mss with des name system
TRACE::2020-10-23.00:21:59::SCWMssOS::updating the scw layer about changes
TRACE::2020-10-23.00:21:59::SCWMssOS::Opened the sw design.  C:/Github/Zybo_mipi/LWIP/vitis/design_1_wrapper/ps7_cortexa9_0/standalone_domain/bsp/system.mss
TRACE::2020-10-23.00:21:59::SCWMssOS::Completed writing the mss file at C:/Github/Zybo_mipi/LWIP/vitis/design_1_wrapper/ps7_cortexa9_0/standalone_domain/bsp
TRACE::2020-10-23.00:21:59::SCWMssOS::Mss edits present, copying mssfile into export location C:/Github/Zybo_mipi/LWIP/vitis/design_1_wrapper/ps7_cortexa9_0/standalone_domain/bsp/system.mss
TRACE::2020-10-23.00:21:59::SCWMssOS::bsp generated is upto date with the mss file. Skipping bsp generation.
TRACE::2020-10-23.00:21:59::SCWMssOS::BSP is already built. skipping the bsp build ... 
TRACE::2020-10-23.00:21:59::SCWDomain::Skipping the build for domain :  standalone_domain
TRACE::2020-10-23.00:21:59::SCWMssOS::skipping the bsp build ... 
TRACE::2020-10-23.00:21:59::SCWMssOS::Copying to export directory.
TRACE::2020-10-23.00:21:59::SCWMssOS:: Checking if to create the Supporting Applications
TRACE::2020-10-23.00:21:59::SCWMssOS:: No Linux domain exists, trying to generate FSBL 
TRACE::2020-10-23.00:21:59::SCWMssOS:: Completed Standalone Artifacts creation 
LOG::2020-10-23.00:21:59::SCWSystem::Completed Processing the domain standalone_domain
LOG::2020-10-23.00:21:59::SCWSystem::Completed Processing the sysconfig design_1_wrapper
LOG::2020-10-23.00:21:59::SCWPlatform::Completed generating the artifacts for system configuration design_1_wrapper
TRACE::2020-10-23.00:21:59::SCWPlatform::Started preparing the platform 
TRACE::2020-10-23.00:21:59::SCWSystem::Writing the bif file for system config design_1_wrapper
TRACE::2020-10-23.00:21:59::SCWSystem::dir created 
TRACE::2020-10-23.00:21:59::SCWSystem::Writing the bif 
TRACE::2020-10-23.00:21:59::SCWPlatform::Started writing the spfm file 
TRACE::2020-10-23.00:21:59::SCWPlatform::Started writing the xpfm file 
TRACE::2020-10-23.00:21:59::SCWPlatform::Completed generating the platform
TRACE::2020-10-23.00:21:59::SCWPlatform::Trying to open the hw design at C:/Github/Zybo_mipi/LWIP/vitis/design_1_wrapper/hw/design_1_wrapper.xsa
TRACE::2020-10-23.00:21:59::SCWPlatform::DSA given C:/Github/Zybo_mipi/LWIP/vitis/design_1_wrapper/hw/design_1_wrapper.xsa
TRACE::2020-10-23.00:21:59::SCWPlatform::DSA absoulate path C:/Github/Zybo_mipi/LWIP/vitis/design_1_wrapper/hw/design_1_wrapper.xsa
TRACE::2020-10-23.00:21:59::SCWPlatform::DSA directory C:/Github/Zybo_mipi/LWIP/vitis/design_1_wrapper/hw
TRACE::2020-10-23.00:21:59::SCWPlatform:: Platform Path C:/Github/Zybo_mipi/LWIP/vitis/design_1_wrapper/hw/design_1_wrapper.xsa
TRACE::2020-10-23.00:21:59::SCWPlatform:: Unique name xilinx:zybo-z7-20::0.0
TRACE::2020-10-23.00:21:59::SCWPlatform::Trying to set the existing hwdb with name design_1_wrapper_0
TRACE::2020-10-23.00:21:59::SCWPlatform::Opened existing hwdb design_1_wrapper_0
TRACE::2020-10-23.00:21:59::SCWPlatform::Found the Hw Db part of the input DSA
TRACE::2020-10-23.00:21:59::SCWMssOS::Checking the sw design at  C:/Github/Zybo_mipi/LWIP/vitis/design_1_wrapper/ps7_cortexa9_0/standalone_domain/bsp/system.mss
TRACE::2020-10-23.00:21:59::SCWMssOS::DEBUG:  swdes dump  C:/Github/Zybo_mipi/LWIP/vitis/design_1_wrapper/ps7_cortexa9_0/standalone_domain/bsp/system.mss|system||

TRACE::2020-10-23.00:21:59::SCWMssOS::Sw design exists and opened at  C:/Github/Zybo_mipi/LWIP/vitis/design_1_wrapper/ps7_cortexa9_0/standalone_domain/bsp/system.mss
TRACE::2020-10-23.00:21:59::SCWPlatform::Trying to open the hw design at C:/Github/Zybo_mipi/LWIP/vitis/design_1_wrapper/hw/design_1_wrapper.xsa
TRACE::2020-10-23.00:21:59::SCWPlatform::DSA given C:/Github/Zybo_mipi/LWIP/vitis/design_1_wrapper/hw/design_1_wrapper.xsa
TRACE::2020-10-23.00:21:59::SCWPlatform::DSA absoulate path C:/Github/Zybo_mipi/LWIP/vitis/design_1_wrapper/hw/design_1_wrapper.xsa
TRACE::2020-10-23.00:21:59::SCWPlatform::DSA directory C:/Github/Zybo_mipi/LWIP/vitis/design_1_wrapper/hw
TRACE::2020-10-23.00:21:59::SCWPlatform:: Platform Path C:/Github/Zybo_mipi/LWIP/vitis/design_1_wrapper/hw/design_1_wrapper.xsa
TRACE::2020-10-23.00:21:59::SCWPlatform:: Unique name xilinx:zybo-z7-20::0.0
TRACE::2020-10-23.00:21:59::SCWPlatform::Trying to set the existing hwdb with name design_1_wrapper_0
TRACE::2020-10-23.00:21:59::SCWPlatform::Opened existing hwdb design_1_wrapper_0
TRACE::2020-10-23.00:21:59::SCWPlatform::Found the Hw Db part of the input DSA
TRACE::2020-10-23.00:21:59::SCWMssOS::Checking the sw design at  C:/Github/Zybo_mipi/LWIP/vitis/design_1_wrapper/ps7_cortexa9_0/standalone_domain/bsp/system.mss
TRACE::2020-10-23.00:21:59::SCWMssOS::DEBUG:  swdes dump  C:/Github/Zybo_mipi/LWIP/vitis/design_1_wrapper/ps7_cortexa9_0/standalone_domain/bsp/system.mss|system||

TRACE::2020-10-23.00:21:59::SCWMssOS::Sw design exists and opened at  C:/Github/Zybo_mipi/LWIP/vitis/design_1_wrapper/ps7_cortexa9_0/standalone_domain/bsp/system.mss
TRACE::2020-10-23.00:21:59::SCWPlatform::Trying to open the hw design at C:/Github/Zybo_mipi/LWIP/vitis/design_1_wrapper/hw/design_1_wrapper.xsa
TRACE::2020-10-23.00:21:59::SCWPlatform::DSA given C:/Github/Zybo_mipi/LWIP/vitis/design_1_wrapper/hw/design_1_wrapper.xsa
TRACE::2020-10-23.00:21:59::SCWPlatform::DSA absoulate path C:/Github/Zybo_mipi/LWIP/vitis/design_1_wrapper/hw/design_1_wrapper.xsa
TRACE::2020-10-23.00:21:59::SCWPlatform::DSA directory C:/Github/Zybo_mipi/LWIP/vitis/design_1_wrapper/hw
TRACE::2020-10-23.00:21:59::SCWPlatform:: Platform Path C:/Github/Zybo_mipi/LWIP/vitis/design_1_wrapper/hw/design_1_wrapper.xsa
TRACE::2020-10-23.00:21:59::SCWPlatform:: Unique name xilinx:zybo-z7-20::0.0
TRACE::2020-10-23.00:21:59::SCWPlatform::Trying to set the existing hwdb with name design_1_wrapper_0
TRACE::2020-10-23.00:21:59::SCWPlatform::Opened existing hwdb design_1_wrapper_0
TRACE::2020-10-23.00:21:59::SCWPlatform::Found the Hw Db part of the input DSA
TRACE::2020-10-23.00:21:59::SCWMssOS::Checking the sw design at  C:/Github/Zybo_mipi/LWIP/vitis/design_1_wrapper/ps7_cortexa9_0/standalone_domain/bsp/system.mss
TRACE::2020-10-23.00:21:59::SCWMssOS::DEBUG:  swdes dump  C:/Github/Zybo_mipi/LWIP/vitis/design_1_wrapper/ps7_cortexa9_0/standalone_domain/bsp/system.mss|system||

TRACE::2020-10-23.00:21:59::SCWMssOS::Sw design exists and opened at  C:/Github/Zybo_mipi/LWIP/vitis/design_1_wrapper/ps7_cortexa9_0/standalone_domain/bsp/system.mss
TRACE::2020-10-23.00:21:59::SCWWriter::formatted JSON is {
	"platformName":	"design_1_wrapper",
	"sprVersion":	"2.0",
	"mode":	"gui",
	"dsaType":	"Fixed",
	"platformDesc":	"design_1_wrapper",
	"platHandOff":	"C:/Github/Zybo_mipi/LWIP/design_1_wrapper.xsa",
	"platIntHandOff":	"<platformDir>/hw/design_1_wrapper.xsa",
	"deviceType":	"zynq",
	"platIsPrebuiltAutogen":	"false",
	"platIsNoBootBsp":	"true",
	"hasFsblMakeHasChanges":	"false",
	"hasPmufwMakeHasChanges":	"false",
	"platPreBuiltFlag":	false,
	"platformSamplesDir":	"",
	"platActiveSys":	"design_1_wrapper",
	"systems":	[{
			"systemName":	"design_1_wrapper",
			"systemDesc":	"design_1_wrapper",
			"sysIsBootAutoGen":	"true",
			"systemDispName":	"design_1_wrapper",
			"sysActiveDom":	"standalone_domain",
			"sysDefaultDom":	"standalone_domain",
			"domains":	[{
					"domainName":	"standalone_domain",
					"domainDispName":	"standalone on ps7_cortexa9_0",
					"domainDesc":	"standalone_domain",
					"processors":	"ps7_cortexa9_0",
					"os":	"standalone",
					"sdxOs":	"standalone",
					"qemuArgs":	"C:/Xilinx/Vitis/2019.2/data/emulation/platforms/zynq/qemu/qemu_args.txt",
					"qemuData":	"C:/Xilinx/Vitis/2019.2/data/emulation/platforms/zynq/qemu/",
					"debugEnable":	"False",
					"domRuntimes":	["cpp"],
					"swRepo":	"",
					"mssOsVer":	"7.1",
					"mssFile":	"",
					"md5Digest":	"6fcc898f1122bf95878801eca139fab2",
					"compatibleApp":	"lwip_udp_perf_client",
					"domType":	"mssDomain",
					"arch":	"32-bit",
					"appSettings":	{
						"appCompilerFlags":	"",
						"appLinkerFlags":	""
					},
					"addedLibs":	["lwip211:1.1"],
					"libOptions":	{
						"lwip211":	{
							"dhcp_does_arp_check":	"true",
							"lwip_dhcp":	"true",
							"mem_size":	"524288",
							"memp_n_pbuf":	"1024",
							"n_tx_descriptors":	"512",
							"pbuf_pool_size":	"16384",
							"libOptionNames":	["dhcp_does_arp_check", "lwip_dhcp", "mem_size", "memp_n_pbuf", "n_tx_descriptors", "pbuf_pool_size"]
						},
						"libsContainingOptions":	["lwip211"]
					},
					"prebuiltLibs":	{
						"prebuiltIncPath":	[],
						"prebuiltLibPath":	[]
					},
					"isolation":	{
					}
				}]
		}]
}
KEYINFO::2020-10-23.00:21:59::SCWPlatform::updated the xpfm file.
TRACE::2020-10-23.00:21:59::SCWPlatform::Trying to open the hw design at C:/Github/Zybo_mipi/LWIP/vitis/design_1_wrapper/hw/design_1_wrapper.xsa
TRACE::2020-10-23.00:21:59::SCWPlatform::DSA given C:/Github/Zybo_mipi/LWIP/vitis/design_1_wrapper/hw/design_1_wrapper.xsa
TRACE::2020-10-23.00:21:59::SCWPlatform::DSA absoulate path C:/Github/Zybo_mipi/LWIP/vitis/design_1_wrapper/hw/design_1_wrapper.xsa
TRACE::2020-10-23.00:21:59::SCWPlatform::DSA directory C:/Github/Zybo_mipi/LWIP/vitis/design_1_wrapper/hw
TRACE::2020-10-23.00:21:59::SCWPlatform:: Platform Path C:/Github/Zybo_mipi/LWIP/vitis/design_1_wrapper/hw/design_1_wrapper.xsa
TRACE::2020-10-23.00:21:59::SCWPlatform:: Unique name xilinx:zybo-z7-20::0.0
TRACE::2020-10-23.00:21:59::SCWPlatform::Trying to set the existing hwdb with name design_1_wrapper_0
TRACE::2020-10-23.00:21:59::SCWPlatform::Opened existing hwdb design_1_wrapper_0
TRACE::2020-10-23.00:21:59::SCWPlatform::Found the Hw Db part of the input DSA
TRACE::2020-10-23.00:21:59::SCWMssOS::Checking the sw design at  C:/Github/Zybo_mipi/LWIP/vitis/design_1_wrapper/ps7_cortexa9_0/standalone_domain/bsp/system.mss
TRACE::2020-10-23.00:21:59::SCWMssOS::DEBUG:  swdes dump  C:/Github/Zybo_mipi/LWIP/vitis/design_1_wrapper/ps7_cortexa9_0/standalone_domain/bsp/system.mss|system||

TRACE::2020-10-23.00:21:59::SCWMssOS::Sw design exists and opened at  C:/Github/Zybo_mipi/LWIP/vitis/design_1_wrapper/ps7_cortexa9_0/standalone_domain/bsp/system.mss
TRACE::2020-10-23.00:21:59::SCWPlatform::Trying to open the hw design at C:/Github/Zybo_mipi/LWIP/vitis/design_1_wrapper/hw/design_1_wrapper.xsa
TRACE::2020-10-23.00:21:59::SCWPlatform::DSA given C:/Github/Zybo_mipi/LWIP/vitis/design_1_wrapper/hw/design_1_wrapper.xsa
TRACE::2020-10-23.00:21:59::SCWPlatform::DSA absoulate path C:/Github/Zybo_mipi/LWIP/vitis/design_1_wrapper/hw/design_1_wrapper.xsa
TRACE::2020-10-23.00:21:59::SCWPlatform::DSA directory C:/Github/Zybo_mipi/LWIP/vitis/design_1_wrapper/hw
TRACE::2020-10-23.00:21:59::SCWPlatform:: Platform Path C:/Github/Zybo_mipi/LWIP/vitis/design_1_wrapper/hw/design_1_wrapper.xsa
TRACE::2020-10-23.00:21:59::SCWPlatform:: Unique name xilinx:zybo-z7-20::0.0
TRACE::2020-10-23.00:21:59::SCWPlatform::Trying to set the existing hwdb with name design_1_wrapper_0
TRACE::2020-10-23.00:21:59::SCWPlatform::Opened existing hwdb design_1_wrapper_0
TRACE::2020-10-23.00:21:59::SCWPlatform::Found the Hw Db part of the input DSA
TRACE::2020-10-23.00:21:59::SCWMssOS::Checking the sw design at  C:/Github/Zybo_mipi/LWIP/vitis/design_1_wrapper/ps7_cortexa9_0/standalone_domain/bsp/system.mss
TRACE::2020-10-23.00:21:59::SCWMssOS::DEBUG:  swdes dump  C:/Github/Zybo_mipi/LWIP/vitis/design_1_wrapper/ps7_cortexa9_0/standalone_domain/bsp/system.mss|system||

TRACE::2020-10-23.00:21:59::SCWMssOS::Sw design exists and opened at  C:/Github/Zybo_mipi/LWIP/vitis/design_1_wrapper/ps7_cortexa9_0/standalone_domain/bsp/system.mss
TRACE::2020-10-23.00:21:59::SCWPlatform::Trying to open the hw design at C:/Github/Zybo_mipi/LWIP/vitis/design_1_wrapper/hw/design_1_wrapper.xsa
TRACE::2020-10-23.00:21:59::SCWPlatform::DSA given C:/Github/Zybo_mipi/LWIP/vitis/design_1_wrapper/hw/design_1_wrapper.xsa
TRACE::2020-10-23.00:21:59::SCWPlatform::DSA absoulate path C:/Github/Zybo_mipi/LWIP/vitis/design_1_wrapper/hw/design_1_wrapper.xsa
TRACE::2020-10-23.00:21:59::SCWPlatform::DSA directory C:/Github/Zybo_mipi/LWIP/vitis/design_1_wrapper/hw
TRACE::2020-10-23.00:21:59::SCWPlatform:: Platform Path C:/Github/Zybo_mipi/LWIP/vitis/design_1_wrapper/hw/design_1_wrapper.xsa
TRACE::2020-10-23.00:21:59::SCWPlatform:: Unique name xilinx:zybo-z7-20::0.0
TRACE::2020-10-23.00:21:59::SCWPlatform::Trying to set the existing hwdb with name design_1_wrapper_0
TRACE::2020-10-23.00:21:59::SCWPlatform::Opened existing hwdb design_1_wrapper_0
TRACE::2020-10-23.00:21:59::SCWPlatform::Found the Hw Db part of the input DSA
TRACE::2020-10-23.00:21:59::SCWMssOS::Checking the sw design at  C:/Github/Zybo_mipi/LWIP/vitis/design_1_wrapper/ps7_cortexa9_0/standalone_domain/bsp/system.mss
TRACE::2020-10-23.00:21:59::SCWMssOS::DEBUG:  swdes dump  C:/Github/Zybo_mipi/LWIP/vitis/design_1_wrapper/ps7_cortexa9_0/standalone_domain/bsp/system.mss|system||

TRACE::2020-10-23.00:21:59::SCWMssOS::Sw design exists and opened at  C:/Github/Zybo_mipi/LWIP/vitis/design_1_wrapper/ps7_cortexa9_0/standalone_domain/bsp/system.mss
TRACE::2020-10-23.00:21:59::SCWPlatform::Trying to open the hw design at C:/Github/Zybo_mipi/LWIP/vitis/design_1_wrapper/hw/design_1_wrapper.xsa
TRACE::2020-10-23.00:21:59::SCWPlatform::DSA given C:/Github/Zybo_mipi/LWIP/vitis/design_1_wrapper/hw/design_1_wrapper.xsa
TRACE::2020-10-23.00:21:59::SCWPlatform::DSA absoulate path C:/Github/Zybo_mipi/LWIP/vitis/design_1_wrapper/hw/design_1_wrapper.xsa
TRACE::2020-10-23.00:21:59::SCWPlatform::DSA directory C:/Github/Zybo_mipi/LWIP/vitis/design_1_wrapper/hw
TRACE::2020-10-23.00:21:59::SCWPlatform:: Platform Path C:/Github/Zybo_mipi/LWIP/vitis/design_1_wrapper/hw/design_1_wrapper.xsa
TRACE::2020-10-23.00:21:59::SCWPlatform:: Unique name xilinx:zybo-z7-20::0.0
TRACE::2020-10-23.00:21:59::SCWPlatform::Trying to set the existing hwdb with name design_1_wrapper_0
TRACE::2020-10-23.00:21:59::SCWPlatform::Opened existing hwdb design_1_wrapper_0
TRACE::2020-10-23.00:21:59::SCWPlatform::Found the Hw Db part of the input DSA
TRACE::2020-10-23.00:21:59::SCWMssOS::Checking the sw design at  C:/Github/Zybo_mipi/LWIP/vitis/design_1_wrapper/ps7_cortexa9_0/standalone_domain/bsp/system.mss
TRACE::2020-10-23.00:21:59::SCWMssOS::DEBUG:  swdes dump  C:/Github/Zybo_mipi/LWIP/vitis/design_1_wrapper/ps7_cortexa9_0/standalone_domain/bsp/system.mss|system||

TRACE::2020-10-23.00:21:59::SCWMssOS::Sw design exists and opened at  C:/Github/Zybo_mipi/LWIP/vitis/design_1_wrapper/ps7_cortexa9_0/standalone_domain/bsp/system.mss
TRACE::2020-10-23.00:21:59::SCWWriter::formatted JSON is {
	"platformName":	"design_1_wrapper",
	"sprVersion":	"2.0",
	"mode":	"gui",
	"dsaType":	"Fixed",
	"platformDesc":	"design_1_wrapper",
	"platHandOff":	"C:/Github/Zybo_mipi/LWIP/design_1_wrapper.xsa",
	"platIntHandOff":	"<platformDir>/hw/design_1_wrapper.xsa",
	"deviceType":	"zynq",
	"platIsPrebuiltAutogen":	"false",
	"platIsNoBootBsp":	"true",
	"hasFsblMakeHasChanges":	"false",
	"hasPmufwMakeHasChanges":	"false",
	"platPreBuiltFlag":	false,
	"platformSamplesDir":	"",
	"platActiveSys":	"design_1_wrapper",
	"systems":	[{
			"systemName":	"design_1_wrapper",
			"systemDesc":	"design_1_wrapper",
			"sysIsBootAutoGen":	"true",
			"systemDispName":	"design_1_wrapper",
			"sysActiveDom":	"standalone_domain",
			"sysDefaultDom":	"standalone_domain",
			"domains":	[{
					"domainName":	"standalone_domain",
					"domainDispName":	"standalone on ps7_cortexa9_0",
					"domainDesc":	"standalone_domain",
					"processors":	"ps7_cortexa9_0",
					"os":	"standalone",
					"sdxOs":	"standalone",
					"qemuArgs":	"C:/Xilinx/Vitis/2019.2/data/emulation/platforms/zynq/qemu/qemu_args.txt",
					"qemuData":	"C:/Xilinx/Vitis/2019.2/data/emulation/platforms/zynq/qemu/",
					"debugEnable":	"False",
					"domRuntimes":	["cpp"],
					"swRepo":	"",
					"mssOsVer":	"7.1",
					"mssFile":	"",
					"md5Digest":	"6fcc898f1122bf95878801eca139fab2",
					"compatibleApp":	"lwip_udp_perf_client",
					"domType":	"mssDomain",
					"arch":	"32-bit",
					"appSettings":	{
						"appCompilerFlags":	"",
						"appLinkerFlags":	""
					},
					"addedLibs":	["lwip211:1.1"],
					"libOptions":	{
						"lwip211":	{
							"dhcp_does_arp_check":	"true",
							"lwip_dhcp":	"true",
							"mem_size":	"524288",
							"memp_n_pbuf":	"1024",
							"n_tx_descriptors":	"512",
							"pbuf_pool_size":	"16384",
							"libOptionNames":	["dhcp_does_arp_check", "lwip_dhcp", "mem_size", "memp_n_pbuf", "n_tx_descriptors", "pbuf_pool_size"]
						},
						"libsContainingOptions":	["lwip211"]
					},
					"prebuiltLibs":	{
						"prebuiltIncPath":	[],
						"prebuiltLibPath":	[]
					},
					"isolation":	{
					}
				}]
		}]
}
TRACE::2020-10-23.00:21:59::SCWPlatform::Trying to open the hw design at C:/Github/Zybo_mipi/LWIP/vitis/design_1_wrapper/hw/design_1_wrapper.xsa
TRACE::2020-10-23.00:21:59::SCWPlatform::DSA given C:/Github/Zybo_mipi/LWIP/vitis/design_1_wrapper/hw/design_1_wrapper.xsa
TRACE::2020-10-23.00:21:59::SCWPlatform::DSA absoulate path C:/Github/Zybo_mipi/LWIP/vitis/design_1_wrapper/hw/design_1_wrapper.xsa
TRACE::2020-10-23.00:21:59::SCWPlatform::DSA directory C:/Github/Zybo_mipi/LWIP/vitis/design_1_wrapper/hw
TRACE::2020-10-23.00:21:59::SCWPlatform:: Platform Path C:/Github/Zybo_mipi/LWIP/vitis/design_1_wrapper/hw/design_1_wrapper.xsa
TRACE::2020-10-23.00:21:59::SCWPlatform:: Unique name xilinx:zybo-z7-20::0.0
TRACE::2020-10-23.00:21:59::SCWPlatform::Trying to set the existing hwdb with name design_1_wrapper_0
TRACE::2020-10-23.00:21:59::SCWPlatform::Opened existing hwdb design_1_wrapper_0
TRACE::2020-10-23.00:21:59::SCWPlatform::Found the Hw Db part of the input DSA
TRACE::2020-10-23.00:21:59::SCWMssOS::Checking the sw design at  C:/Github/Zybo_mipi/LWIP/vitis/design_1_wrapper/ps7_cortexa9_0/standalone_domain/bsp/system.mss
TRACE::2020-10-23.00:21:59::SCWMssOS::DEBUG:  swdes dump  C:/Github/Zybo_mipi/LWIP/vitis/design_1_wrapper/ps7_cortexa9_0/standalone_domain/bsp/system.mss|system||

TRACE::2020-10-23.00:21:59::SCWMssOS::Sw design exists and opened at  C:/Github/Zybo_mipi/LWIP/vitis/design_1_wrapper/ps7_cortexa9_0/standalone_domain/bsp/system.mss
TRACE::2020-10-23.00:21:59::SCWPlatform::Trying to open the hw design at C:/Github/Zybo_mipi/LWIP/vitis/design_1_wrapper/hw/design_1_wrapper.xsa
TRACE::2020-10-23.00:21:59::SCWPlatform::DSA given C:/Github/Zybo_mipi/LWIP/vitis/design_1_wrapper/hw/design_1_wrapper.xsa
TRACE::2020-10-23.00:21:59::SCWPlatform::DSA absoulate path C:/Github/Zybo_mipi/LWIP/vitis/design_1_wrapper/hw/design_1_wrapper.xsa
TRACE::2020-10-23.00:21:59::SCWPlatform::DSA directory C:/Github/Zybo_mipi/LWIP/vitis/design_1_wrapper/hw
TRACE::2020-10-23.00:21:59::SCWPlatform:: Platform Path C:/Github/Zybo_mipi/LWIP/vitis/design_1_wrapper/hw/design_1_wrapper.xsa
TRACE::2020-10-23.00:21:59::SCWPlatform:: Unique name xilinx:zybo-z7-20::0.0
TRACE::2020-10-23.00:21:59::SCWPlatform::Trying to set the existing hwdb with name design_1_wrapper_0
TRACE::2020-10-23.00:21:59::SCWPlatform::Opened existing hwdb design_1_wrapper_0
TRACE::2020-10-23.00:21:59::SCWPlatform::Found the Hw Db part of the input DSA
TRACE::2020-10-23.00:21:59::SCWMssOS::Checking the sw design at  C:/Github/Zybo_mipi/LWIP/vitis/design_1_wrapper/ps7_cortexa9_0/standalone_domain/bsp/system.mss
TRACE::2020-10-23.00:21:59::SCWMssOS::DEBUG:  swdes dump  C:/Github/Zybo_mipi/LWIP/vitis/design_1_wrapper/ps7_cortexa9_0/standalone_domain/bsp/system.mss|system||

TRACE::2020-10-23.00:21:59::SCWMssOS::Sw design exists and opened at  C:/Github/Zybo_mipi/LWIP/vitis/design_1_wrapper/ps7_cortexa9_0/standalone_domain/bsp/system.mss
TRACE::2020-10-23.00:21:59::SCWPlatform::Trying to open the hw design at C:/Github/Zybo_mipi/LWIP/vitis/design_1_wrapper/hw/design_1_wrapper.xsa
TRACE::2020-10-23.00:21:59::SCWPlatform::DSA given C:/Github/Zybo_mipi/LWIP/vitis/design_1_wrapper/hw/design_1_wrapper.xsa
TRACE::2020-10-23.00:21:59::SCWPlatform::DSA absoulate path C:/Github/Zybo_mipi/LWIP/vitis/design_1_wrapper/hw/design_1_wrapper.xsa
TRACE::2020-10-23.00:21:59::SCWPlatform::DSA directory C:/Github/Zybo_mipi/LWIP/vitis/design_1_wrapper/hw
TRACE::2020-10-23.00:21:59::SCWPlatform:: Platform Path C:/Github/Zybo_mipi/LWIP/vitis/design_1_wrapper/hw/design_1_wrapper.xsa
TRACE::2020-10-23.00:21:59::SCWPlatform:: Unique name xilinx:zybo-z7-20::0.0
TRACE::2020-10-23.00:21:59::SCWPlatform::Trying to set the existing hwdb with name design_1_wrapper_0
TRACE::2020-10-23.00:21:59::SCWPlatform::Opened existing hwdb design_1_wrapper_0
TRACE::2020-10-23.00:21:59::SCWPlatform::Found the Hw Db part of the input DSA
TRACE::2020-10-23.00:21:59::SCWMssOS::Checking the sw design at  C:/Github/Zybo_mipi/LWIP/vitis/design_1_wrapper/ps7_cortexa9_0/standalone_domain/bsp/system.mss
TRACE::2020-10-23.00:21:59::SCWMssOS::DEBUG:  swdes dump  C:/Github/Zybo_mipi/LWIP/vitis/design_1_wrapper/ps7_cortexa9_0/standalone_domain/bsp/system.mss|system||

TRACE::2020-10-23.00:21:59::SCWMssOS::Sw design exists and opened at  C:/Github/Zybo_mipi/LWIP/vitis/design_1_wrapper/ps7_cortexa9_0/standalone_domain/bsp/system.mss
TRACE::2020-10-23.00:21:59::SCWPlatform::Trying to open the hw design at C:/Github/Zybo_mipi/LWIP/vitis/design_1_wrapper/hw/design_1_wrapper.xsa
TRACE::2020-10-23.00:21:59::SCWPlatform::DSA given C:/Github/Zybo_mipi/LWIP/vitis/design_1_wrapper/hw/design_1_wrapper.xsa
TRACE::2020-10-23.00:21:59::SCWPlatform::DSA absoulate path C:/Github/Zybo_mipi/LWIP/vitis/design_1_wrapper/hw/design_1_wrapper.xsa
TRACE::2020-10-23.00:21:59::SCWPlatform::DSA directory C:/Github/Zybo_mipi/LWIP/vitis/design_1_wrapper/hw
TRACE::2020-10-23.00:21:59::SCWPlatform:: Platform Path C:/Github/Zybo_mipi/LWIP/vitis/design_1_wrapper/hw/design_1_wrapper.xsa
TRACE::2020-10-23.00:21:59::SCWPlatform:: Unique name xilinx:zybo-z7-20::0.0
TRACE::2020-10-23.00:21:59::SCWPlatform::Trying to set the existing hwdb with name design_1_wrapper_0
TRACE::2020-10-23.00:21:59::SCWPlatform::Opened existing hwdb design_1_wrapper_0
TRACE::2020-10-23.00:21:59::SCWPlatform::Found the Hw Db part of the input DSA
TRACE::2020-10-23.00:21:59::SCWMssOS::Checking the sw design at  C:/Github/Zybo_mipi/LWIP/vitis/design_1_wrapper/ps7_cortexa9_0/standalone_domain/bsp/system.mss
TRACE::2020-10-23.00:21:59::SCWMssOS::DEBUG:  swdes dump  C:/Github/Zybo_mipi/LWIP/vitis/design_1_wrapper/ps7_cortexa9_0/standalone_domain/bsp/system.mss|system||

TRACE::2020-10-23.00:21:59::SCWMssOS::Sw design exists and opened at  C:/Github/Zybo_mipi/LWIP/vitis/design_1_wrapper/ps7_cortexa9_0/standalone_domain/bsp/system.mss
TRACE::2020-10-23.00:21:59::SCWPlatform::Trying to open the hw design at C:/Github/Zybo_mipi/LWIP/vitis/design_1_wrapper/hw/design_1_wrapper.xsa
TRACE::2020-10-23.00:21:59::SCWPlatform::DSA given C:/Github/Zybo_mipi/LWIP/vitis/design_1_wrapper/hw/design_1_wrapper.xsa
TRACE::2020-10-23.00:21:59::SCWPlatform::DSA absoulate path C:/Github/Zybo_mipi/LWIP/vitis/design_1_wrapper/hw/design_1_wrapper.xsa
TRACE::2020-10-23.00:21:59::SCWPlatform::DSA directory C:/Github/Zybo_mipi/LWIP/vitis/design_1_wrapper/hw
TRACE::2020-10-23.00:21:59::SCWPlatform:: Platform Path C:/Github/Zybo_mipi/LWIP/vitis/design_1_wrapper/hw/design_1_wrapper.xsa
TRACE::2020-10-23.00:21:59::SCWPlatform:: Unique name xilinx:zybo-z7-20::0.0
TRACE::2020-10-23.00:21:59::SCWPlatform::Trying to set the existing hwdb with name design_1_wrapper_0
TRACE::2020-10-23.00:21:59::SCWPlatform::Opened existing hwdb design_1_wrapper_0
TRACE::2020-10-23.00:21:59::SCWPlatform::Found the Hw Db part of the input DSA
TRACE::2020-10-23.00:21:59::SCWMssOS::Checking the sw design at  C:/Github/Zybo_mipi/LWIP/vitis/design_1_wrapper/ps7_cortexa9_0/standalone_domain/bsp/system.mss
TRACE::2020-10-23.00:21:59::SCWMssOS::DEBUG:  swdes dump  C:/Github/Zybo_mipi/LWIP/vitis/design_1_wrapper/ps7_cortexa9_0/standalone_domain/bsp/system.mss|system||

TRACE::2020-10-23.00:21:59::SCWMssOS::Sw design exists and opened at  C:/Github/Zybo_mipi/LWIP/vitis/design_1_wrapper/ps7_cortexa9_0/standalone_domain/bsp/system.mss
TRACE::2020-10-23.00:22:00::SCWWriter::formatted JSON is {
	"platformName":	"design_1_wrapper",
	"sprVersion":	"2.0",
	"mode":	"gui",
	"dsaType":	"Fixed",
	"platformDesc":	"design_1_wrapper",
	"platHandOff":	"C:/Github/Zybo_mipi/LWIP/design_1_wrapper.xsa",
	"platIntHandOff":	"<platformDir>/hw/design_1_wrapper.xsa",
	"deviceType":	"zynq",
	"platIsPrebuiltAutogen":	"false",
	"platIsNoBootBsp":	"true",
	"hasFsblMakeHasChanges":	"false",
	"hasPmufwMakeHasChanges":	"false",
	"platPreBuiltFlag":	false,
	"platformSamplesDir":	"",
	"platActiveSys":	"design_1_wrapper",
	"systems":	[{
			"systemName":	"design_1_wrapper",
			"systemDesc":	"design_1_wrapper",
			"sysIsBootAutoGen":	"true",
			"systemDispName":	"design_1_wrapper",
			"sysActiveDom":	"standalone_domain",
			"sysDefaultDom":	"standalone_domain",
			"domains":	[{
					"domainName":	"standalone_domain",
					"domainDispName":	"standalone on ps7_cortexa9_0",
					"domainDesc":	"standalone_domain",
					"processors":	"ps7_cortexa9_0",
					"os":	"standalone",
					"sdxOs":	"standalone",
					"qemuArgs":	"C:/Xilinx/Vitis/2019.2/data/emulation/platforms/zynq/qemu/qemu_args.txt",
					"qemuData":	"C:/Xilinx/Vitis/2019.2/data/emulation/platforms/zynq/qemu/",
					"debugEnable":	"False",
					"domRuntimes":	["cpp"],
					"swRepo":	"",
					"mssOsVer":	"7.1",
					"mssFile":	"",
					"md5Digest":	"6fcc898f1122bf95878801eca139fab2",
					"compatibleApp":	"lwip_udp_perf_client",
					"domType":	"mssDomain",
					"arch":	"32-bit",
					"appSettings":	{
						"appCompilerFlags":	"",
						"appLinkerFlags":	""
					},
					"addedLibs":	["lwip211:1.1"],
					"libOptions":	{
						"lwip211":	{
							"dhcp_does_arp_check":	"true",
							"lwip_dhcp":	"true",
							"mem_size":	"524288",
							"memp_n_pbuf":	"1024",
							"n_tx_descriptors":	"512",
							"pbuf_pool_size":	"16384",
							"libOptionNames":	["dhcp_does_arp_check", "lwip_dhcp", "mem_size", "memp_n_pbuf", "n_tx_descriptors", "pbuf_pool_size"]
						},
						"libsContainingOptions":	["lwip211"]
					},
					"prebuiltLibs":	{
						"prebuiltIncPath":	[],
						"prebuiltLibPath":	[]
					},
					"isolation":	{
					}
				}]
		}]
}
LOG::2020-10-23.00:22:00::SCWPlatform::Started generating the artifacts platform design_1_wrapper
TRACE::2020-10-23.00:22:00::SCWPlatform::Sanity checking of platform is completed
LOG::2020-10-23.00:22:00::SCWPlatform::Started generating the artifacts for system configuration design_1_wrapper
LOG::2020-10-23.00:22:00::SCWSystem::Started Processing the domain standalone_domain
TRACE::2020-10-23.00:22:00::SCWDomain::Generating domain artifcats
TRACE::2020-10-23.00:22:00::SCWMssOS::Generating standalone artifcats
TRACE::2020-10-23.00:22:00::SCWMssOS::Copying the qemu file from  C:/Xilinx/Vitis/2019.2/data/emulation/platforms/zynq/qemu/qemu_args.txt To C:/Github/Zybo_mipi/LWIP/vitis/design_1_wrapper/export/design_1_wrapper/sw/design_1_wrapper/qemu/
TRACE::2020-10-23.00:22:00::SCWMssOS::Copying the qemu file from  C:/Xilinx/Vitis/2019.2/data/emulation/platforms/zynq/qemu/qemu_args.txt To C:/Github/Zybo_mipi/LWIP/vitis/design_1_wrapper/export/design_1_wrapper/sw/design_1_wrapper/standalone_domain/qemu/
TRACE::2020-10-23.00:22:00::SCWMssOS:: Copying the user libraries. 
TRACE::2020-10-23.00:22:00::SCWPlatform::Trying to open the hw design at C:/Github/Zybo_mipi/LWIP/vitis/design_1_wrapper/hw/design_1_wrapper.xsa
TRACE::2020-10-23.00:22:00::SCWPlatform::DSA given C:/Github/Zybo_mipi/LWIP/vitis/design_1_wrapper/hw/design_1_wrapper.xsa
TRACE::2020-10-23.00:22:00::SCWPlatform::DSA absoulate path C:/Github/Zybo_mipi/LWIP/vitis/design_1_wrapper/hw/design_1_wrapper.xsa
TRACE::2020-10-23.00:22:00::SCWPlatform::DSA directory C:/Github/Zybo_mipi/LWIP/vitis/design_1_wrapper/hw
TRACE::2020-10-23.00:22:00::SCWPlatform:: Platform Path C:/Github/Zybo_mipi/LWIP/vitis/design_1_wrapper/hw/design_1_wrapper.xsa
TRACE::2020-10-23.00:22:00::SCWPlatform:: Unique name xilinx:zybo-z7-20::0.0
TRACE::2020-10-23.00:22:00::SCWPlatform::Trying to set the existing hwdb with name design_1_wrapper_0
TRACE::2020-10-23.00:22:00::SCWPlatform::Opened existing hwdb design_1_wrapper_0
TRACE::2020-10-23.00:22:00::SCWPlatform::Found the Hw Db part of the input DSA
TRACE::2020-10-23.00:22:00::SCWMssOS::Checking the sw design at  C:/Github/Zybo_mipi/LWIP/vitis/design_1_wrapper/ps7_cortexa9_0/standalone_domain/bsp/system.mss
TRACE::2020-10-23.00:22:00::SCWMssOS::DEBUG:  swdes dump  C:/Github/Zybo_mipi/LWIP/vitis/design_1_wrapper/ps7_cortexa9_0/standalone_domain/bsp/system.mss|system||

TRACE::2020-10-23.00:22:00::SCWMssOS::Sw design exists and opened at  C:/Github/Zybo_mipi/LWIP/vitis/design_1_wrapper/ps7_cortexa9_0/standalone_domain/bsp/system.mss
TRACE::2020-10-23.00:22:00::SCWMssOS::Completed writing the mss file at C:/Github/Zybo_mipi/LWIP/vitis/design_1_wrapper/ps7_cortexa9_0/standalone_domain/bsp
TRACE::2020-10-23.00:22:00::SCWMssOS::Mss edits present, copying mssfile into export location C:/Github/Zybo_mipi/LWIP/vitis/design_1_wrapper/ps7_cortexa9_0/standalone_domain/bsp/system.mss
TRACE::2020-10-23.00:22:00::SCWMssOS::bsp generated is upto date with the mss file. Skipping bsp generation.
TRACE::2020-10-23.00:22:00::SCWMssOS::BSP is already built. skipping the bsp build ... 
TRACE::2020-10-23.00:22:00::SCWDomain::Building the domain as part of full build :  standalone_domain
TRACE::2020-10-23.00:22:00::SCWMssOS::skipping the bsp build ... 
TRACE::2020-10-23.00:22:00::SCWMssOS::Copying to export directory.
TRACE::2020-10-23.00:22:00::SCWMssOS:: Checking if to create the Supporting Applications
TRACE::2020-10-23.00:22:00::SCWMssOS:: No Linux domain exists, trying to generate FSBL 
TRACE::2020-10-23.00:22:00::SCWMssOS:: Completed Standalone Artifacts creation 
LOG::2020-10-23.00:22:00::SCWSystem::Completed Processing the domain standalone_domain
LOG::2020-10-23.00:22:00::SCWSystem::Completed Processing the sysconfig design_1_wrapper
LOG::2020-10-23.00:22:00::SCWPlatform::Completed generating the artifacts for system configuration design_1_wrapper
TRACE::2020-10-23.00:22:00::SCWPlatform::Started preparing the platform 
TRACE::2020-10-23.00:22:00::SCWSystem::Writing the bif file for system config design_1_wrapper
TRACE::2020-10-23.00:22:00::SCWSystem::dir created 
TRACE::2020-10-23.00:22:00::SCWSystem::Writing the bif 
TRACE::2020-10-23.00:22:00::SCWPlatform::Started writing the spfm file 
TRACE::2020-10-23.00:22:00::SCWPlatform::Started writing the xpfm file 
TRACE::2020-10-23.00:22:00::SCWPlatform::Completed generating the platform
TRACE::2020-10-23.00:22:00::SCWPlatform::Trying to open the hw design at C:/Github/Zybo_mipi/LWIP/vitis/design_1_wrapper/hw/design_1_wrapper.xsa
TRACE::2020-10-23.00:22:00::SCWPlatform::DSA given C:/Github/Zybo_mipi/LWIP/vitis/design_1_wrapper/hw/design_1_wrapper.xsa
TRACE::2020-10-23.00:22:00::SCWPlatform::DSA absoulate path C:/Github/Zybo_mipi/LWIP/vitis/design_1_wrapper/hw/design_1_wrapper.xsa
TRACE::2020-10-23.00:22:00::SCWPlatform::DSA directory C:/Github/Zybo_mipi/LWIP/vitis/design_1_wrapper/hw
TRACE::2020-10-23.00:22:00::SCWPlatform:: Platform Path C:/Github/Zybo_mipi/LWIP/vitis/design_1_wrapper/hw/design_1_wrapper.xsa
TRACE::2020-10-23.00:22:00::SCWPlatform:: Unique name xilinx:zybo-z7-20::0.0
TRACE::2020-10-23.00:22:00::SCWPlatform::Trying to set the existing hwdb with name design_1_wrapper_0
TRACE::2020-10-23.00:22:00::SCWPlatform::Opened existing hwdb design_1_wrapper_0
TRACE::2020-10-23.00:22:00::SCWPlatform::Found the Hw Db part of the input DSA
TRACE::2020-10-23.00:22:00::SCWMssOS::Checking the sw design at  C:/Github/Zybo_mipi/LWIP/vitis/design_1_wrapper/ps7_cortexa9_0/standalone_domain/bsp/system.mss
TRACE::2020-10-23.00:22:00::SCWMssOS::DEBUG:  swdes dump  C:/Github/Zybo_mipi/LWIP/vitis/design_1_wrapper/ps7_cortexa9_0/standalone_domain/bsp/system.mss|system||

TRACE::2020-10-23.00:22:00::SCWMssOS::Sw design exists and opened at  C:/Github/Zybo_mipi/LWIP/vitis/design_1_wrapper/ps7_cortexa9_0/standalone_domain/bsp/system.mss
TRACE::2020-10-23.00:22:00::SCWPlatform::Trying to open the hw design at C:/Github/Zybo_mipi/LWIP/vitis/design_1_wrapper/hw/design_1_wrapper.xsa
TRACE::2020-10-23.00:22:00::SCWPlatform::DSA given C:/Github/Zybo_mipi/LWIP/vitis/design_1_wrapper/hw/design_1_wrapper.xsa
TRACE::2020-10-23.00:22:00::SCWPlatform::DSA absoulate path C:/Github/Zybo_mipi/LWIP/vitis/design_1_wrapper/hw/design_1_wrapper.xsa
TRACE::2020-10-23.00:22:00::SCWPlatform::DSA directory C:/Github/Zybo_mipi/LWIP/vitis/design_1_wrapper/hw
TRACE::2020-10-23.00:22:00::SCWPlatform:: Platform Path C:/Github/Zybo_mipi/LWIP/vitis/design_1_wrapper/hw/design_1_wrapper.xsa
TRACE::2020-10-23.00:22:00::SCWPlatform:: Unique name xilinx:zybo-z7-20::0.0
TRACE::2020-10-23.00:22:00::SCWPlatform::Trying to set the existing hwdb with name design_1_wrapper_0
TRACE::2020-10-23.00:22:00::SCWPlatform::Opened existing hwdb design_1_wrapper_0
TRACE::2020-10-23.00:22:00::SCWPlatform::Found the Hw Db part of the input DSA
TRACE::2020-10-23.00:22:00::SCWMssOS::Checking the sw design at  C:/Github/Zybo_mipi/LWIP/vitis/design_1_wrapper/ps7_cortexa9_0/standalone_domain/bsp/system.mss
TRACE::2020-10-23.00:22:00::SCWMssOS::DEBUG:  swdes dump  C:/Github/Zybo_mipi/LWIP/vitis/design_1_wrapper/ps7_cortexa9_0/standalone_domain/bsp/system.mss|system||

TRACE::2020-10-23.00:22:00::SCWMssOS::Sw design exists and opened at  C:/Github/Zybo_mipi/LWIP/vitis/design_1_wrapper/ps7_cortexa9_0/standalone_domain/bsp/system.mss
TRACE::2020-10-23.00:22:00::SCWPlatform::Trying to open the hw design at C:/Github/Zybo_mipi/LWIP/vitis/design_1_wrapper/hw/design_1_wrapper.xsa
TRACE::2020-10-23.00:22:00::SCWPlatform::DSA given C:/Github/Zybo_mipi/LWIP/vitis/design_1_wrapper/hw/design_1_wrapper.xsa
TRACE::2020-10-23.00:22:00::SCWPlatform::DSA absoulate path C:/Github/Zybo_mipi/LWIP/vitis/design_1_wrapper/hw/design_1_wrapper.xsa
TRACE::2020-10-23.00:22:00::SCWPlatform::DSA directory C:/Github/Zybo_mipi/LWIP/vitis/design_1_wrapper/hw
TRACE::2020-10-23.00:22:00::SCWPlatform:: Platform Path C:/Github/Zybo_mipi/LWIP/vitis/design_1_wrapper/hw/design_1_wrapper.xsa
TRACE::2020-10-23.00:22:00::SCWPlatform:: Unique name xilinx:zybo-z7-20::0.0
TRACE::2020-10-23.00:22:00::SCWPlatform::Trying to set the existing hwdb with name design_1_wrapper_0
TRACE::2020-10-23.00:22:00::SCWPlatform::Opened existing hwdb design_1_wrapper_0
TRACE::2020-10-23.00:22:00::SCWPlatform::Found the Hw Db part of the input DSA
TRACE::2020-10-23.00:22:00::SCWMssOS::Checking the sw design at  C:/Github/Zybo_mipi/LWIP/vitis/design_1_wrapper/ps7_cortexa9_0/standalone_domain/bsp/system.mss
TRACE::2020-10-23.00:22:00::SCWMssOS::DEBUG:  swdes dump  C:/Github/Zybo_mipi/LWIP/vitis/design_1_wrapper/ps7_cortexa9_0/standalone_domain/bsp/system.mss|system||

TRACE::2020-10-23.00:22:00::SCWMssOS::Sw design exists and opened at  C:/Github/Zybo_mipi/LWIP/vitis/design_1_wrapper/ps7_cortexa9_0/standalone_domain/bsp/system.mss
TRACE::2020-10-23.00:22:00::SCWWriter::formatted JSON is {
	"platformName":	"design_1_wrapper",
	"sprVersion":	"2.0",
	"mode":	"gui",
	"dsaType":	"Fixed",
	"platformDesc":	"design_1_wrapper",
	"platHandOff":	"C:/Github/Zybo_mipi/LWIP/design_1_wrapper.xsa",
	"platIntHandOff":	"<platformDir>/hw/design_1_wrapper.xsa",
	"deviceType":	"zynq",
	"platIsPrebuiltAutogen":	"false",
	"platIsNoBootBsp":	"true",
	"hasFsblMakeHasChanges":	"false",
	"hasPmufwMakeHasChanges":	"false",
	"platPreBuiltFlag":	false,
	"platformSamplesDir":	"",
	"platActiveSys":	"design_1_wrapper",
	"systems":	[{
			"systemName":	"design_1_wrapper",
			"systemDesc":	"design_1_wrapper",
			"sysIsBootAutoGen":	"true",
			"systemDispName":	"design_1_wrapper",
			"sysActiveDom":	"standalone_domain",
			"sysDefaultDom":	"standalone_domain",
			"domains":	[{
					"domainName":	"standalone_domain",
					"domainDispName":	"standalone on ps7_cortexa9_0",
					"domainDesc":	"standalone_domain",
					"processors":	"ps7_cortexa9_0",
					"os":	"standalone",
					"sdxOs":	"standalone",
					"qemuArgs":	"C:/Xilinx/Vitis/2019.2/data/emulation/platforms/zynq/qemu/qemu_args.txt",
					"qemuData":	"C:/Xilinx/Vitis/2019.2/data/emulation/platforms/zynq/qemu/",
					"debugEnable":	"False",
					"domRuntimes":	["cpp"],
					"swRepo":	"",
					"mssOsVer":	"7.1",
					"mssFile":	"",
					"md5Digest":	"6fcc898f1122bf95878801eca139fab2",
					"compatibleApp":	"lwip_udp_perf_client",
					"domType":	"mssDomain",
					"arch":	"32-bit",
					"appSettings":	{
						"appCompilerFlags":	"",
						"appLinkerFlags":	""
					},
					"addedLibs":	["lwip211:1.1"],
					"libOptions":	{
						"lwip211":	{
							"dhcp_does_arp_check":	"true",
							"lwip_dhcp":	"true",
							"mem_size":	"524288",
							"memp_n_pbuf":	"1024",
							"n_tx_descriptors":	"512",
							"pbuf_pool_size":	"16384",
							"libOptionNames":	["dhcp_does_arp_check", "lwip_dhcp", "mem_size", "memp_n_pbuf", "n_tx_descriptors", "pbuf_pool_size"]
						},
						"libsContainingOptions":	["lwip211"]
					},
					"prebuiltLibs":	{
						"prebuiltIncPath":	[],
						"prebuiltLibPath":	[]
					},
					"isolation":	{
					}
				}]
		}]
}
KEYINFO::2020-10-23.00:22:00::SCWPlatform::updated the xpfm file.
LOG::2020-10-23.00:22:15::SCWPlatform::Started generating the artifacts platform design_1_wrapper
TRACE::2020-10-23.00:22:15::SCWPlatform::Sanity checking of platform is completed
LOG::2020-10-23.00:22:15::SCWPlatform::Started generating the artifacts for system configuration design_1_wrapper
LOG::2020-10-23.00:22:15::SCWSystem::Checking the domain standalone_domain
LOG::2020-10-23.00:22:15::SCWSystem::Not a boot domain 
LOG::2020-10-23.00:22:15::SCWSystem::Started Processing the domain standalone_domain
TRACE::2020-10-23.00:22:15::SCWDomain::Generating domain artifcats
TRACE::2020-10-23.00:22:15::SCWMssOS::Generating standalone artifcats
TRACE::2020-10-23.00:22:15::SCWMssOS::Copying the qemu file from  C:/Xilinx/Vitis/2019.2/data/emulation/platforms/zynq/qemu/qemu_args.txt To C:/Github/Zybo_mipi/LWIP/vitis/design_1_wrapper/export/design_1_wrapper/sw/design_1_wrapper/qemu/
TRACE::2020-10-23.00:22:15::SCWMssOS::Copying the qemu file from  C:/Xilinx/Vitis/2019.2/data/emulation/platforms/zynq/qemu/qemu_args.txt To C:/Github/Zybo_mipi/LWIP/vitis/design_1_wrapper/export/design_1_wrapper/sw/design_1_wrapper/standalone_domain/qemu/
TRACE::2020-10-23.00:22:15::SCWMssOS:: Copying the user libraries. 
TRACE::2020-10-23.00:22:15::SCWPlatform::Trying to open the hw design at C:/Github/Zybo_mipi/LWIP/vitis/design_1_wrapper/hw/design_1_wrapper.xsa
TRACE::2020-10-23.00:22:15::SCWPlatform::DSA given C:/Github/Zybo_mipi/LWIP/vitis/design_1_wrapper/hw/design_1_wrapper.xsa
TRACE::2020-10-23.00:22:15::SCWPlatform::DSA absoulate path C:/Github/Zybo_mipi/LWIP/vitis/design_1_wrapper/hw/design_1_wrapper.xsa
TRACE::2020-10-23.00:22:15::SCWPlatform::DSA directory C:/Github/Zybo_mipi/LWIP/vitis/design_1_wrapper/hw
TRACE::2020-10-23.00:22:15::SCWPlatform:: Platform Path C:/Github/Zybo_mipi/LWIP/vitis/design_1_wrapper/hw/design_1_wrapper.xsa
TRACE::2020-10-23.00:22:15::SCWPlatform:: Unique name xilinx:zybo-z7-20::0.0
TRACE::2020-10-23.00:22:15::SCWPlatform::Trying to set the existing hwdb with name design_1_wrapper_0
TRACE::2020-10-23.00:22:15::SCWPlatform::Opened existing hwdb design_1_wrapper_0
TRACE::2020-10-23.00:22:15::SCWPlatform::Found the Hw Db part of the input DSA
TRACE::2020-10-23.00:22:15::SCWMssOS::Checking the sw design at  C:/Github/Zybo_mipi/LWIP/vitis/design_1_wrapper/ps7_cortexa9_0/standalone_domain/bsp/system.mss
TRACE::2020-10-23.00:22:15::SCWMssOS::DEBUG:  swdes dump  C:/Github/Zybo_mipi/LWIP/vitis/design_1_wrapper/ps7_cortexa9_0/standalone_domain/bsp/system.mss|system||

TRACE::2020-10-23.00:22:15::SCWMssOS::Sw design exists and opened at  C:/Github/Zybo_mipi/LWIP/vitis/design_1_wrapper/ps7_cortexa9_0/standalone_domain/bsp/system.mss
TRACE::2020-10-23.00:22:15::SCWMssOS::Completed writing the mss file at C:/Github/Zybo_mipi/LWIP/vitis/design_1_wrapper/ps7_cortexa9_0/standalone_domain/bsp
TRACE::2020-10-23.00:22:15::SCWMssOS::Mss edits present, copying mssfile into export location C:/Github/Zybo_mipi/LWIP/vitis/design_1_wrapper/ps7_cortexa9_0/standalone_domain/bsp/system.mss
TRACE::2020-10-23.00:22:15::SCWMssOS::bsp generated is upto date with the mss file. Skipping bsp generation.
TRACE::2020-10-23.00:22:15::SCWMssOS::BSP is already built. skipping the bsp build ... 
TRACE::2020-10-23.00:22:15::SCWDomain::Building the domain as part of full build :  standalone_domain
TRACE::2020-10-23.00:22:15::SCWMssOS::doing bsp build ... 
TRACE::2020-10-23.00:22:15::SCWMssOS::System Command Ran  C: & cd  C:/Github/Zybo_mipi/LWIP/vitis/design_1_wrapper/ps7_cortexa9_0/standalone_domain/bsp & make 
TRACE::2020-10-23.00:22:15::SCWMssOS::"Running Make include in ps7_cortexa9_0/libsrc/coresightps_dcc_v1_6/src"

TRACE::2020-10-23.00:22:15::SCWMssOS::make -C ps7_cortexa9_0/libsrc/coresightps_dcc_v1_6/src -s include  "SHELL=CMD" "COMPILER=arm-none-eabi-gcc" "ASSEMBLER=arm-none
TRACE::2020-10-23.00:22:15::SCWMssOS::-eabi-as" "ARCHIVER=arm-none-eabi-ar" "COMPILER_FLAGS=  -O2 -c" "EXTRA_COMPILER_FLAGS=-mcpu=cortex-a9 -mfpu=vfpv3 -mfloat-abi=h
TRACE::2020-10-23.00:22:15::SCWMssOS::ard -nostartfiles -g -Wall -Wextra"

TRACE::2020-10-23.00:22:15::SCWMssOS::"Running Make include in ps7_cortexa9_0/libsrc/cpu_cortexa9_v2_8/src"

TRACE::2020-10-23.00:22:15::SCWMssOS::make -C ps7_cortexa9_0/libsrc/cpu_cortexa9_v2_8/src -s include  "SHELL=CMD" "COMPILER=arm-none-eabi-gcc" "ASSEMBLER=arm-none-ea
TRACE::2020-10-23.00:22:15::SCWMssOS::bi-as" "ARCHIVER=arm-none-eabi-ar" "COMPILER_FLAGS=  -O2 -c" "EXTRA_COMPILER_FLAGS=-mcpu=cortex-a9 -mfpu=vfpv3 -mfloat-abi=hard
TRACE::2020-10-23.00:22:15::SCWMssOS:: -nostartfiles -g -Wall -Wextra"

TRACE::2020-10-23.00:22:15::SCWMssOS::"Running Make include in ps7_cortexa9_0/libsrc/ddrps_v1_0/src"

TRACE::2020-10-23.00:22:15::SCWMssOS::make -C ps7_cortexa9_0/libsrc/ddrps_v1_0/src -s include  "SHELL=CMD" "COMPILER=arm-none-eabi-gcc" "ASSEMBLER=arm-none-eabi-as" 
TRACE::2020-10-23.00:22:15::SCWMssOS::"ARCHIVER=arm-none-eabi-ar" "COMPILER_FLAGS=  -O2 -c" "EXTRA_COMPILER_FLAGS=-mcpu=cortex-a9 -mfpu=vfpv3 -mfloat-abi=hard -nosta
TRACE::2020-10-23.00:22:15::SCWMssOS::rtfiles -g -Wall -Wextra"

TRACE::2020-10-23.00:22:15::SCWMssOS::"Running Make include in ps7_cortexa9_0/libsrc/devcfg_v3_5/src"

TRACE::2020-10-23.00:22:15::SCWMssOS::make -C ps7_cortexa9_0/libsrc/devcfg_v3_5/src -s include  "SHELL=CMD" "COMPILER=arm-none-eabi-gcc" "ASSEMBLER=arm-none-eabi-as"
TRACE::2020-10-23.00:22:15::SCWMssOS:: "ARCHIVER=arm-none-eabi-ar" "COMPILER_FLAGS=  -O2 -c" "EXTRA_COMPILER_FLAGS=-mcpu=cortex-a9 -mfpu=vfpv3 -mfloat-abi=hard -nost
TRACE::2020-10-23.00:22:15::SCWMssOS::artfiles -g -Wall -Wextra"

TRACE::2020-10-23.00:22:15::SCWMssOS::"Running Make include in ps7_cortexa9_0/libsrc/dmaps_v2_5/src"

TRACE::2020-10-23.00:22:15::SCWMssOS::make -C ps7_cortexa9_0/libsrc/dmaps_v2_5/src -s include  "SHELL=CMD" "COMPILER=arm-none-eabi-gcc" "ASSEMBLER=arm-none-eabi-as" 
TRACE::2020-10-23.00:22:15::SCWMssOS::"ARCHIVER=arm-none-eabi-ar" "COMPILER_FLAGS=  -O2 -c" "EXTRA_COMPILER_FLAGS=-mcpu=cortex-a9 -mfpu=vfpv3 -mfloat-abi=hard -nosta
TRACE::2020-10-23.00:22:15::SCWMssOS::rtfiles -g -Wall -Wextra"

TRACE::2020-10-23.00:22:15::SCWMssOS::"Running Make include in ps7_cortexa9_0/libsrc/emacps_v3_10/src"

TRACE::2020-10-23.00:22:16::SCWMssOS::make -C ps7_cortexa9_0/libsrc/emacps_v3_10/src -s include  "SHELL=CMD" "COMPILER=arm-none-eabi-gcc" "ASSEMBLER=arm-none-eabi-as
TRACE::2020-10-23.00:22:16::SCWMssOS::" "ARCHIVER=arm-none-eabi-ar" "COMPILER_FLAGS=  -O2 -c" "EXTRA_COMPILER_FLAGS=-mcpu=cortex-a9 -mfpu=vfpv3 -mfloat-abi=hard -nos
TRACE::2020-10-23.00:22:16::SCWMssOS::tartfiles -g -Wall -Wextra"

TRACE::2020-10-23.00:22:16::SCWMssOS::"Running Make include in ps7_cortexa9_0/libsrc/gpiops_v3_6/src"

TRACE::2020-10-23.00:22:16::SCWMssOS::make -C ps7_cortexa9_0/libsrc/gpiops_v3_6/src -s include  "SHELL=CMD" "COMPILER=arm-none-eabi-gcc" "ASSEMBLER=arm-none-eabi-as"
TRACE::2020-10-23.00:22:16::SCWMssOS:: "ARCHIVER=arm-none-eabi-ar" "COMPILER_FLAGS=  -O2 -c" "EXTRA_COMPILER_FLAGS=-mcpu=cortex-a9 -mfpu=vfpv3 -mfloat-abi=hard -nost
TRACE::2020-10-23.00:22:16::SCWMssOS::artfiles -g -Wall -Wextra"

TRACE::2020-10-23.00:22:16::SCWMssOS::"Running Make include in ps7_cortexa9_0/libsrc/lwip211_v1_1/src"

TRACE::2020-10-23.00:22:16::SCWMssOS::make -C ps7_cortexa9_0/libsrc/lwip211_v1_1/src -s include  "SHELL=CMD" "COMPILER=arm-none-eabi-gcc" "ASSEMBLER=arm-none-eabi-as
TRACE::2020-10-23.00:22:16::SCWMssOS::" "ARCHIVER=arm-none-eabi-ar" "COMPILER_FLAGS=  -O2 -c" "EXTRA_COMPILER_FLAGS=-mcpu=cortex-a9 -mfpu=vfpv3 -mfloat-abi=hard -nos
TRACE::2020-10-23.00:22:16::SCWMssOS::tartfiles -g -Wall -Wextra"

TRACE::2020-10-23.00:22:16::SCWMssOS::"Running Make include in ps7_cortexa9_0/libsrc/qspips_v3_6/src"

TRACE::2020-10-23.00:22:16::SCWMssOS::make -C ps7_cortexa9_0/libsrc/qspips_v3_6/src -s include  "SHELL=CMD" "COMPILER=arm-none-eabi-gcc" "ASSEMBLER=arm-none-eabi-as"
TRACE::2020-10-23.00:22:16::SCWMssOS:: "ARCHIVER=arm-none-eabi-ar" "COMPILER_FLAGS=  -O2 -c" "EXTRA_COMPILER_FLAGS=-mcpu=cortex-a9 -mfpu=vfpv3 -mfloat-abi=hard -nost
TRACE::2020-10-23.00:22:16::SCWMssOS::artfiles -g -Wall -Wextra"

TRACE::2020-10-23.00:22:16::SCWMssOS::"Running Make include in ps7_cortexa9_0/libsrc/scugic_v4_1/src"

TRACE::2020-10-23.00:22:16::SCWMssOS::make -C ps7_cortexa9_0/libsrc/scugic_v4_1/src -s include  "SHELL=CMD" "COMPILER=arm-none-eabi-gcc" "ASSEMBLER=arm-none-eabi-as"
TRACE::2020-10-23.00:22:16::SCWMssOS:: "ARCHIVER=arm-none-eabi-ar" "COMPILER_FLAGS=  -O2 -c" "EXTRA_COMPILER_FLAGS=-mcpu=cortex-a9 -mfpu=vfpv3 -mfloat-abi=hard -nost
TRACE::2020-10-23.00:22:16::SCWMssOS::artfiles -g -Wall -Wextra"

TRACE::2020-10-23.00:22:16::SCWMssOS::"Running Make include in ps7_cortexa9_0/libsrc/scutimer_v2_1/src"

TRACE::2020-10-23.00:22:16::SCWMssOS::make -C ps7_cortexa9_0/libsrc/scutimer_v2_1/src -s include  "SHELL=CMD" "COMPILER=arm-none-eabi-gcc" "ASSEMBLER=arm-none-eabi-a
TRACE::2020-10-23.00:22:16::SCWMssOS::s" "ARCHIVER=arm-none-eabi-ar" "COMPILER_FLAGS=  -O2 -c" "EXTRA_COMPILER_FLAGS=-mcpu=cortex-a9 -mfpu=vfpv3 -mfloat-abi=hard -no
TRACE::2020-10-23.00:22:16::SCWMssOS::startfiles -g -Wall -Wextra"

TRACE::2020-10-23.00:22:17::SCWMssOS::"Running Make include in ps7_cortexa9_0/libsrc/scuwdt_v2_1/src"

TRACE::2020-10-23.00:22:17::SCWMssOS::make -C ps7_cortexa9_0/libsrc/scuwdt_v2_1/src -s include  "SHELL=CMD" "COMPILER=arm-none-eabi-gcc" "ASSEMBLER=arm-none-eabi-as"
TRACE::2020-10-23.00:22:17::SCWMssOS:: "ARCHIVER=arm-none-eabi-ar" "COMPILER_FLAGS=  -O2 -c" "EXTRA_COMPILER_FLAGS=-mcpu=cortex-a9 -mfpu=vfpv3 -mfloat-abi=hard -nost
TRACE::2020-10-23.00:22:17::SCWMssOS::artfiles -g -Wall -Wextra"

TRACE::2020-10-23.00:22:17::SCWMssOS::"Running Make include in ps7_cortexa9_0/libsrc/sdps_v3_8/src"

TRACE::2020-10-23.00:22:17::SCWMssOS::make -C ps7_cortexa9_0/libsrc/sdps_v3_8/src -s include  "SHELL=CMD" "COMPILER=arm-none-eabi-gcc" "ASSEMBLER=arm-none-eabi-as" "
TRACE::2020-10-23.00:22:17::SCWMssOS::ARCHIVER=arm-none-eabi-ar" "COMPILER_FLAGS=  -O2 -c" "EXTRA_COMPILER_FLAGS=-mcpu=cortex-a9 -mfpu=vfpv3 -mfloat-abi=hard -nostar
TRACE::2020-10-23.00:22:17::SCWMssOS::tfiles -g -Wall -Wextra"

TRACE::2020-10-23.00:22:17::SCWMssOS::"Running Make include in ps7_cortexa9_0/libsrc/standalone_v7_1/src"

TRACE::2020-10-23.00:22:17::SCWMssOS::make -C ps7_cortexa9_0/libsrc/standalone_v7_1/src -s include  "SHELL=CMD" "COMPILER=arm-none-eabi-gcc" "ASSEMBLER=arm-none-eabi
TRACE::2020-10-23.00:22:17::SCWMssOS::-as" "ARCHIVER=arm-none-eabi-ar" "COMPILER_FLAGS=  -O2 -c" "EXTRA_COMPILER_FLAGS=-mcpu=cortex-a9 -mfpu=vfpv3 -mfloat-abi=hard -
TRACE::2020-10-23.00:22:17::SCWMssOS::nostartfiles -g -Wall -Wextra"

TRACE::2020-10-23.00:22:17::SCWMssOS::"Running Make include in ps7_cortexa9_0/libsrc/uartps_v3_8/src"

TRACE::2020-10-23.00:22:17::SCWMssOS::make -C ps7_cortexa9_0/libsrc/uartps_v3_8/src -s include  "SHELL=CMD" "COMPILER=arm-none-eabi-gcc" "ASSEMBLER=arm-none-eabi-as"
TRACE::2020-10-23.00:22:17::SCWMssOS:: "ARCHIVER=arm-none-eabi-ar" "COMPILER_FLAGS=  -O2 -c" "EXTRA_COMPILER_FLAGS=-mcpu=cortex-a9 -mfpu=vfpv3 -mfloat-abi=hard -nost
TRACE::2020-10-23.00:22:17::SCWMssOS::artfiles -g -Wall -Wextra"

TRACE::2020-10-23.00:22:17::SCWMssOS::"Running Make include in ps7_cortexa9_0/libsrc/usbps_v2_4/src"

TRACE::2020-10-23.00:22:17::SCWMssOS::make -C ps7_cortexa9_0/libsrc/usbps_v2_4/src -s include  "SHELL=CMD" "COMPILER=arm-none-eabi-gcc" "ASSEMBLER=arm-none-eabi-as" 
TRACE::2020-10-23.00:22:17::SCWMssOS::"ARCHIVER=arm-none-eabi-ar" "COMPILER_FLAGS=  -O2 -c" "EXTRA_COMPILER_FLAGS=-mcpu=cortex-a9 -mfpu=vfpv3 -mfloat-abi=hard -nosta
TRACE::2020-10-23.00:22:17::SCWMssOS::rtfiles -g -Wall -Wextra"

TRACE::2020-10-23.00:22:17::SCWMssOS::"Running Make include in ps7_cortexa9_0/libsrc/xadcps_v2_3/src"

TRACE::2020-10-23.00:22:17::SCWMssOS::make -C ps7_cortexa9_0/libsrc/xadcps_v2_3/src -s include  "SHELL=CMD" "COMPILER=arm-none-eabi-gcc" "ASSEMBLER=arm-none-eabi-as"
TRACE::2020-10-23.00:22:17::SCWMssOS:: "ARCHIVER=arm-none-eabi-ar" "COMPILER_FLAGS=  -O2 -c" "EXTRA_COMPILER_FLAGS=-mcpu=cortex-a9 -mfpu=vfpv3 -mfloat-abi=hard -nost
TRACE::2020-10-23.00:22:17::SCWMssOS::artfiles -g -Wall -Wextra"

TRACE::2020-10-23.00:22:17::SCWMssOS::"Running Make libs in ps7_cortexa9_0/libsrc/coresightps_dcc_v1_6/src"

TRACE::2020-10-23.00:22:17::SCWMssOS::make -C ps7_cortexa9_0/libsrc/coresightps_dcc_v1_6/src -s libs  "SHELL=CMD" "COMPILER=arm-none-eabi-gcc" "ASSEMBLER=arm-none-ea
TRACE::2020-10-23.00:22:17::SCWMssOS::bi-as" "ARCHIVER=arm-none-eabi-ar" "COMPILER_FLAGS=  -O2 -c" "EXTRA_COMPILER_FLAGS=-mcpu=cortex-a9 -mfpu=vfpv3 -mfloat-abi=hard
TRACE::2020-10-23.00:22:17::SCWMssOS:: -nostartfiles -g -Wall -Wextra"

TRACE::2020-10-23.00:22:17::SCWMssOS::"Compiling coresightps_dcc"

TRACE::2020-10-23.00:22:17::SCWMssOS::"Running Make libs in ps7_cortexa9_0/libsrc/cpu_cortexa9_v2_8/src"

TRACE::2020-10-23.00:22:17::SCWMssOS::make -C ps7_cortexa9_0/libsrc/cpu_cortexa9_v2_8/src -s libs  "SHELL=CMD" "COMPILER=arm-none-eabi-gcc" "ASSEMBLER=arm-none-eabi-
TRACE::2020-10-23.00:22:17::SCWMssOS::as" "ARCHIVER=arm-none-eabi-ar" "COMPILER_FLAGS=  -O2 -c" "EXTRA_COMPILER_FLAGS=-mcpu=cortex-a9 -mfpu=vfpv3 -mfloat-abi=hard -n
TRACE::2020-10-23.00:22:17::SCWMssOS::ostartfiles -g -Wall -Wextra"

TRACE::2020-10-23.00:22:17::SCWMssOS::"Compiling cpu_cortexa9"

TRACE::2020-10-23.00:22:17::SCWMssOS::"Running Make libs in ps7_cortexa9_0/libsrc/ddrps_v1_0/src"

TRACE::2020-10-23.00:22:17::SCWMssOS::make -C ps7_cortexa9_0/libsrc/ddrps_v1_0/src -s libs  "SHELL=CMD" "COMPILER=arm-none-eabi-gcc" "ASSEMBLER=arm-none-eabi-as" "AR
TRACE::2020-10-23.00:22:17::SCWMssOS::CHIVER=arm-none-eabi-ar" "COMPILER_FLAGS=  -O2 -c" "EXTRA_COMPILER_FLAGS=-mcpu=cortex-a9 -mfpu=vfpv3 -mfloat-abi=hard -nostartf
TRACE::2020-10-23.00:22:17::SCWMssOS::iles -g -Wall -Wextra"

TRACE::2020-10-23.00:22:17::SCWMssOS::"Compiling ddrps"

TRACE::2020-10-23.00:22:17::SCWMssOS::"Running Make libs in ps7_cortexa9_0/libsrc/devcfg_v3_5/src"

TRACE::2020-10-23.00:22:17::SCWMssOS::make -C ps7_cortexa9_0/libsrc/devcfg_v3_5/src -s libs  "SHELL=CMD" "COMPILER=arm-none-eabi-gcc" "ASSEMBLER=arm-none-eabi-as" "A
TRACE::2020-10-23.00:22:17::SCWMssOS::RCHIVER=arm-none-eabi-ar" "COMPILER_FLAGS=  -O2 -c" "EXTRA_COMPILER_FLAGS=-mcpu=cortex-a9 -mfpu=vfpv3 -mfloat-abi=hard -nostart
TRACE::2020-10-23.00:22:17::SCWMssOS::files -g -Wall -Wextra"

TRACE::2020-10-23.00:22:17::SCWMssOS::"Compiling devcfg"

TRACE::2020-10-23.00:22:18::SCWMssOS::"Running Make libs in ps7_cortexa9_0/libsrc/dmaps_v2_5/src"

TRACE::2020-10-23.00:22:18::SCWMssOS::make -C ps7_cortexa9_0/libsrc/dmaps_v2_5/src -s libs  "SHELL=CMD" "COMPILER=arm-none-eabi-gcc" "ASSEMBLER=arm-none-eabi-as" "AR
TRACE::2020-10-23.00:22:18::SCWMssOS::CHIVER=arm-none-eabi-ar" "COMPILER_FLAGS=  -O2 -c" "EXTRA_COMPILER_FLAGS=-mcpu=cortex-a9 -mfpu=vfpv3 -mfloat-abi=hard -nostartf
TRACE::2020-10-23.00:22:18::SCWMssOS::iles -g -Wall -Wextra"

TRACE::2020-10-23.00:22:18::SCWMssOS::"Compiling dmaps"

TRACE::2020-10-23.00:22:19::SCWMssOS::"Running Make libs in ps7_cortexa9_0/libsrc/emacps_v3_10/src"

TRACE::2020-10-23.00:22:19::SCWMssOS::make -C ps7_cortexa9_0/libsrc/emacps_v3_10/src -s libs  "SHELL=CMD" "COMPILER=arm-none-eabi-gcc" "ASSEMBLER=arm-none-eabi-as" "
TRACE::2020-10-23.00:22:19::SCWMssOS::ARCHIVER=arm-none-eabi-ar" "COMPILER_FLAGS=  -O2 -c" "EXTRA_COMPILER_FLAGS=-mcpu=cortex-a9 -mfpu=vfpv3 -mfloat-abi=hard -nostar
TRACE::2020-10-23.00:22:19::SCWMssOS::tfiles -g -Wall -Wextra"

TRACE::2020-10-23.00:22:19::SCWMssOS::"Compiling emacps"

TRACE::2020-10-23.00:22:20::SCWMssOS::"Running Make libs in ps7_cortexa9_0/libsrc/gpiops_v3_6/src"

TRACE::2020-10-23.00:22:20::SCWMssOS::make -C ps7_cortexa9_0/libsrc/gpiops_v3_6/src -s libs  "SHELL=CMD" "COMPILER=arm-none-eabi-gcc" "ASSEMBLER=arm-none-eabi-as" "A
TRACE::2020-10-23.00:22:20::SCWMssOS::RCHIVER=arm-none-eabi-ar" "COMPILER_FLAGS=  -O2 -c" "EXTRA_COMPILER_FLAGS=-mcpu=cortex-a9 -mfpu=vfpv3 -mfloat-abi=hard -nostart
TRACE::2020-10-23.00:22:20::SCWMssOS::files -g -Wall -Wextra"

TRACE::2020-10-23.00:22:20::SCWMssOS::"Compiling gpiops"

TRACE::2020-10-23.00:22:22::SCWMssOS::"Running Make libs in ps7_cortexa9_0/libsrc/lwip211_v1_1/src"

TRACE::2020-10-23.00:22:22::SCWMssOS::make -C ps7_cortexa9_0/libsrc/lwip211_v1_1/src -s libs  "SHELL=CMD" "COMPILER=arm-none-eabi-gcc" "ASSEMBLER=arm-none-eabi-as" "
TRACE::2020-10-23.00:22:22::SCWMssOS::ARCHIVER=arm-none-eabi-ar" "COMPILER_FLAGS=  -O2 -c" "EXTRA_COMPILER_FLAGS=-mcpu=cortex-a9 -mfpu=vfpv3 -mfloat-abi=hard -nostar
TRACE::2020-10-23.00:22:22::SCWMssOS::tfiles -g -Wall -Wextra"

TRACE::2020-10-23.00:22:22::SCWMssOS::"Compiling lwip src and adapter files"

TRACE::2020-10-23.00:22:31::SCWMssOS::"Running Make libs in ps7_cortexa9_0/libsrc/qspips_v3_6/src"

TRACE::2020-10-23.00:22:31::SCWMssOS::make -C ps7_cortexa9_0/libsrc/qspips_v3_6/src -s libs  "SHELL=CMD" "COMPILER=arm-none-eabi-gcc" "ASSEMBLER=arm-none-eabi-as" "A
TRACE::2020-10-23.00:22:31::SCWMssOS::RCHIVER=arm-none-eabi-ar" "COMPILER_FLAGS=  -O2 -c" "EXTRA_COMPILER_FLAGS=-mcpu=cortex-a9 -mfpu=vfpv3 -mfloat-abi=hard -nostart
TRACE::2020-10-23.00:22:31::SCWMssOS::files -g -Wall -Wextra"

TRACE::2020-10-23.00:22:31::SCWMssOS::"Compiling qspips"

TRACE::2020-10-23.00:22:32::SCWMssOS::"Running Make libs in ps7_cortexa9_0/libsrc/scugic_v4_1/src"

TRACE::2020-10-23.00:22:32::SCWMssOS::make -C ps7_cortexa9_0/libsrc/scugic_v4_1/src -s libs  "SHELL=CMD" "COMPILER=arm-none-eabi-gcc" "ASSEMBLER=arm-none-eabi-as" "A
TRACE::2020-10-23.00:22:32::SCWMssOS::RCHIVER=arm-none-eabi-ar" "COMPILER_FLAGS=  -O2 -c" "EXTRA_COMPILER_FLAGS=-mcpu=cortex-a9 -mfpu=vfpv3 -mfloat-abi=hard -nostart
TRACE::2020-10-23.00:22:32::SCWMssOS::files -g -Wall -Wextra"

TRACE::2020-10-23.00:22:32::SCWMssOS::"Compiling scugic"

TRACE::2020-10-23.00:22:33::SCWMssOS::"Running Make libs in ps7_cortexa9_0/libsrc/scutimer_v2_1/src"

TRACE::2020-10-23.00:22:33::SCWMssOS::make -C ps7_cortexa9_0/libsrc/scutimer_v2_1/src -s libs  "SHELL=CMD" "COMPILER=arm-none-eabi-gcc" "ASSEMBLER=arm-none-eabi-as" 
TRACE::2020-10-23.00:22:33::SCWMssOS::"ARCHIVER=arm-none-eabi-ar" "COMPILER_FLAGS=  -O2 -c" "EXTRA_COMPILER_FLAGS=-mcpu=cortex-a9 -mfpu=vfpv3 -mfloat-abi=hard -nosta
TRACE::2020-10-23.00:22:33::SCWMssOS::rtfiles -g -Wall -Wextra"

TRACE::2020-10-23.00:22:33::SCWMssOS::"Compiling scutimer"

TRACE::2020-10-23.00:22:34::SCWMssOS::"Running Make libs in ps7_cortexa9_0/libsrc/scuwdt_v2_1/src"

TRACE::2020-10-23.00:22:34::SCWMssOS::make -C ps7_cortexa9_0/libsrc/scuwdt_v2_1/src -s libs  "SHELL=CMD" "COMPILER=arm-none-eabi-gcc" "ASSEMBLER=arm-none-eabi-as" "A
TRACE::2020-10-23.00:22:34::SCWMssOS::RCHIVER=arm-none-eabi-ar" "COMPILER_FLAGS=  -O2 -c" "EXTRA_COMPILER_FLAGS=-mcpu=cortex-a9 -mfpu=vfpv3 -mfloat-abi=hard -nostart
TRACE::2020-10-23.00:22:34::SCWMssOS::files -g -Wall -Wextra"

TRACE::2020-10-23.00:22:34::SCWMssOS::"Compiling scuwdt"

TRACE::2020-10-23.00:22:34::SCWMssOS::"Running Make libs in ps7_cortexa9_0/libsrc/sdps_v3_8/src"

TRACE::2020-10-23.00:22:34::SCWMssOS::make -C ps7_cortexa9_0/libsrc/sdps_v3_8/src -s libs  "SHELL=CMD" "COMPILER=arm-none-eabi-gcc" "ASSEMBLER=arm-none-eabi-as" "ARC
TRACE::2020-10-23.00:22:34::SCWMssOS::HIVER=arm-none-eabi-ar" "COMPILER_FLAGS=  -O2 -c" "EXTRA_COMPILER_FLAGS=-mcpu=cortex-a9 -mfpu=vfpv3 -mfloat-abi=hard -nostartfi
TRACE::2020-10-23.00:22:34::SCWMssOS::les -g -Wall -Wextra"

TRACE::2020-10-23.00:22:34::SCWMssOS::"Compiling sdps"

TRACE::2020-10-23.00:22:35::SCWMssOS::"Running Make libs in ps7_cortexa9_0/libsrc/standalone_v7_1/src"

TRACE::2020-10-23.00:22:35::SCWMssOS::make -C ps7_cortexa9_0/libsrc/standalone_v7_1/src -s libs  "SHELL=CMD" "COMPILER=arm-none-eabi-gcc" "ASSEMBLER=arm-none-eabi-as
TRACE::2020-10-23.00:22:35::SCWMssOS::" "ARCHIVER=arm-none-eabi-ar" "COMPILER_FLAGS=  -O2 -c" "EXTRA_COMPILER_FLAGS=-mcpu=cortex-a9 -mfpu=vfpv3 -mfloat-abi=hard -nos
TRACE::2020-10-23.00:22:35::SCWMssOS::tartfiles -g -Wall -Wextra"

TRACE::2020-10-23.00:22:35::SCWMssOS::"Compiling standalone"

TRACE::2020-10-23.00:22:40::SCWMssOS::"Running Make libs in ps7_cortexa9_0/libsrc/uartps_v3_8/src"

TRACE::2020-10-23.00:22:40::SCWMssOS::make -C ps7_cortexa9_0/libsrc/uartps_v3_8/src -s libs  "SHELL=CMD" "COMPILER=arm-none-eabi-gcc" "ASSEMBLER=arm-none-eabi-as" "A
TRACE::2020-10-23.00:22:40::SCWMssOS::RCHIVER=arm-none-eabi-ar" "COMPILER_FLAGS=  -O2 -c" "EXTRA_COMPILER_FLAGS=-mcpu=cortex-a9 -mfpu=vfpv3 -mfloat-abi=hard -nostart
TRACE::2020-10-23.00:22:40::SCWMssOS::files -g -Wall -Wextra"

TRACE::2020-10-23.00:22:40::SCWMssOS::"Compiling uartps"

TRACE::2020-10-23.00:22:41::SCWMssOS::"Running Make libs in ps7_cortexa9_0/libsrc/usbps_v2_4/src"

TRACE::2020-10-23.00:22:41::SCWMssOS::make -C ps7_cortexa9_0/libsrc/usbps_v2_4/src -s libs  "SHELL=CMD" "COMPILER=arm-none-eabi-gcc" "ASSEMBLER=arm-none-eabi-as" "AR
TRACE::2020-10-23.00:22:41::SCWMssOS::CHIVER=arm-none-eabi-ar" "COMPILER_FLAGS=  -O2 -c" "EXTRA_COMPILER_FLAGS=-mcpu=cortex-a9 -mfpu=vfpv3 -mfloat-abi=hard -nostartf
TRACE::2020-10-23.00:22:41::SCWMssOS::iles -g -Wall -Wextra"

TRACE::2020-10-23.00:22:41::SCWMssOS::"Compiling usbps"

TRACE::2020-10-23.00:22:42::SCWMssOS::"Running Make libs in ps7_cortexa9_0/libsrc/xadcps_v2_3/src"

TRACE::2020-10-23.00:22:42::SCWMssOS::make -C ps7_cortexa9_0/libsrc/xadcps_v2_3/src -s libs  "SHELL=CMD" "COMPILER=arm-none-eabi-gcc" "ASSEMBLER=arm-none-eabi-as" "A
TRACE::2020-10-23.00:22:42::SCWMssOS::RCHIVER=arm-none-eabi-ar" "COMPILER_FLAGS=  -O2 -c" "EXTRA_COMPILER_FLAGS=-mcpu=cortex-a9 -mfpu=vfpv3 -mfloat-abi=hard -nostart
TRACE::2020-10-23.00:22:42::SCWMssOS::files -g -Wall -Wextra"

TRACE::2020-10-23.00:22:42::SCWMssOS::"Compiling xadcps"

TRACE::2020-10-23.00:22:43::SCWMssOS::'Finished building libraries'

TRACE::2020-10-23.00:22:43::SCWMssOS::Copying to export directory.
TRACE::2020-10-23.00:22:44::SCWMssOS:: Checking if to create the Supporting Applications
TRACE::2020-10-23.00:22:44::SCWMssOS:: No Linux domain exists, trying to generate FSBL 
TRACE::2020-10-23.00:22:44::SCWMssOS:: Completed Standalone Artifacts creation 
LOG::2020-10-23.00:22:44::SCWSystem::Completed Processing the domain standalone_domain
LOG::2020-10-23.00:22:44::SCWSystem::Completed Processing the sysconfig design_1_wrapper
LOG::2020-10-23.00:22:44::SCWPlatform::Completed generating the artifacts for system configuration design_1_wrapper
TRACE::2020-10-23.00:22:44::SCWPlatform::Started preparing the platform 
TRACE::2020-10-23.00:22:44::SCWSystem::Writing the bif file for system config design_1_wrapper
TRACE::2020-10-23.00:22:44::SCWSystem::dir created 
TRACE::2020-10-23.00:22:44::SCWSystem::Writing the bif 
TRACE::2020-10-23.00:22:44::SCWPlatform::Started writing the spfm file 
TRACE::2020-10-23.00:22:44::SCWPlatform::Started writing the xpfm file 
TRACE::2020-10-23.00:22:44::SCWPlatform::Completed generating the platform
TRACE::2020-10-23.00:22:44::SCWPlatform::Trying to open the hw design at C:/Github/Zybo_mipi/LWIP/vitis/design_1_wrapper/hw/design_1_wrapper.xsa
TRACE::2020-10-23.00:22:44::SCWPlatform::DSA given C:/Github/Zybo_mipi/LWIP/vitis/design_1_wrapper/hw/design_1_wrapper.xsa
TRACE::2020-10-23.00:22:44::SCWPlatform::DSA absoulate path C:/Github/Zybo_mipi/LWIP/vitis/design_1_wrapper/hw/design_1_wrapper.xsa
TRACE::2020-10-23.00:22:44::SCWPlatform::DSA directory C:/Github/Zybo_mipi/LWIP/vitis/design_1_wrapper/hw
TRACE::2020-10-23.00:22:44::SCWPlatform:: Platform Path C:/Github/Zybo_mipi/LWIP/vitis/design_1_wrapper/hw/design_1_wrapper.xsa
TRACE::2020-10-23.00:22:44::SCWPlatform:: Unique name xilinx:zybo-z7-20::0.0
TRACE::2020-10-23.00:22:44::SCWPlatform::Trying to set the existing hwdb with name design_1_wrapper_0
TRACE::2020-10-23.00:22:44::SCWPlatform::Opened existing hwdb design_1_wrapper_0
TRACE::2020-10-23.00:22:44::SCWPlatform::Found the Hw Db part of the input DSA
TRACE::2020-10-23.00:22:44::SCWMssOS::Checking the sw design at  C:/Github/Zybo_mipi/LWIP/vitis/design_1_wrapper/ps7_cortexa9_0/standalone_domain/bsp/system.mss
TRACE::2020-10-23.00:22:44::SCWMssOS::DEBUG:  swdes dump  C:/Github/Zybo_mipi/LWIP/vitis/design_1_wrapper/ps7_cortexa9_0/standalone_domain/bsp/system.mss|system||

TRACE::2020-10-23.00:22:44::SCWMssOS::Sw design exists and opened at  C:/Github/Zybo_mipi/LWIP/vitis/design_1_wrapper/ps7_cortexa9_0/standalone_domain/bsp/system.mss
TRACE::2020-10-23.00:22:44::SCWPlatform::Trying to open the hw design at C:/Github/Zybo_mipi/LWIP/vitis/design_1_wrapper/hw/design_1_wrapper.xsa
TRACE::2020-10-23.00:22:44::SCWPlatform::DSA given C:/Github/Zybo_mipi/LWIP/vitis/design_1_wrapper/hw/design_1_wrapper.xsa
TRACE::2020-10-23.00:22:44::SCWPlatform::DSA absoulate path C:/Github/Zybo_mipi/LWIP/vitis/design_1_wrapper/hw/design_1_wrapper.xsa
TRACE::2020-10-23.00:22:44::SCWPlatform::DSA directory C:/Github/Zybo_mipi/LWIP/vitis/design_1_wrapper/hw
TRACE::2020-10-23.00:22:44::SCWPlatform:: Platform Path C:/Github/Zybo_mipi/LWIP/vitis/design_1_wrapper/hw/design_1_wrapper.xsa
TRACE::2020-10-23.00:22:44::SCWPlatform:: Unique name xilinx:zybo-z7-20::0.0
TRACE::2020-10-23.00:22:44::SCWPlatform::Trying to set the existing hwdb with name design_1_wrapper_0
TRACE::2020-10-23.00:22:44::SCWPlatform::Opened existing hwdb design_1_wrapper_0
TRACE::2020-10-23.00:22:44::SCWPlatform::Found the Hw Db part of the input DSA
TRACE::2020-10-23.00:22:44::SCWMssOS::Checking the sw design at  C:/Github/Zybo_mipi/LWIP/vitis/design_1_wrapper/ps7_cortexa9_0/standalone_domain/bsp/system.mss
TRACE::2020-10-23.00:22:44::SCWMssOS::DEBUG:  swdes dump  C:/Github/Zybo_mipi/LWIP/vitis/design_1_wrapper/ps7_cortexa9_0/standalone_domain/bsp/system.mss|system||

TRACE::2020-10-23.00:22:44::SCWMssOS::Sw design exists and opened at  C:/Github/Zybo_mipi/LWIP/vitis/design_1_wrapper/ps7_cortexa9_0/standalone_domain/bsp/system.mss
TRACE::2020-10-23.00:22:44::SCWPlatform::Trying to open the hw design at C:/Github/Zybo_mipi/LWIP/vitis/design_1_wrapper/hw/design_1_wrapper.xsa
TRACE::2020-10-23.00:22:44::SCWPlatform::DSA given C:/Github/Zybo_mipi/LWIP/vitis/design_1_wrapper/hw/design_1_wrapper.xsa
TRACE::2020-10-23.00:22:44::SCWPlatform::DSA absoulate path C:/Github/Zybo_mipi/LWIP/vitis/design_1_wrapper/hw/design_1_wrapper.xsa
TRACE::2020-10-23.00:22:44::SCWPlatform::DSA directory C:/Github/Zybo_mipi/LWIP/vitis/design_1_wrapper/hw
TRACE::2020-10-23.00:22:44::SCWPlatform:: Platform Path C:/Github/Zybo_mipi/LWIP/vitis/design_1_wrapper/hw/design_1_wrapper.xsa
TRACE::2020-10-23.00:22:44::SCWPlatform:: Unique name xilinx:zybo-z7-20::0.0
TRACE::2020-10-23.00:22:44::SCWPlatform::Trying to set the existing hwdb with name design_1_wrapper_0
TRACE::2020-10-23.00:22:44::SCWPlatform::Opened existing hwdb design_1_wrapper_0
TRACE::2020-10-23.00:22:44::SCWPlatform::Found the Hw Db part of the input DSA
TRACE::2020-10-23.00:22:44::SCWMssOS::Checking the sw design at  C:/Github/Zybo_mipi/LWIP/vitis/design_1_wrapper/ps7_cortexa9_0/standalone_domain/bsp/system.mss
TRACE::2020-10-23.00:22:44::SCWMssOS::DEBUG:  swdes dump  C:/Github/Zybo_mipi/LWIP/vitis/design_1_wrapper/ps7_cortexa9_0/standalone_domain/bsp/system.mss|system||

TRACE::2020-10-23.00:22:44::SCWMssOS::Sw design exists and opened at  C:/Github/Zybo_mipi/LWIP/vitis/design_1_wrapper/ps7_cortexa9_0/standalone_domain/bsp/system.mss
TRACE::2020-10-23.00:22:44::SCWWriter::formatted JSON is {
	"platformName":	"design_1_wrapper",
	"sprVersion":	"2.0",
	"mode":	"gui",
	"dsaType":	"Fixed",
	"platformDesc":	"design_1_wrapper",
	"platHandOff":	"C:/Github/Zybo_mipi/LWIP/design_1_wrapper.xsa",
	"platIntHandOff":	"<platformDir>/hw/design_1_wrapper.xsa",
	"deviceType":	"zynq",
	"platIsPrebuiltAutogen":	"false",
	"platIsNoBootBsp":	"true",
	"hasFsblMakeHasChanges":	"false",
	"hasPmufwMakeHasChanges":	"false",
	"platPreBuiltFlag":	false,
	"platformSamplesDir":	"",
	"platActiveSys":	"design_1_wrapper",
	"systems":	[{
			"systemName":	"design_1_wrapper",
			"systemDesc":	"design_1_wrapper",
			"sysIsBootAutoGen":	"true",
			"systemDispName":	"design_1_wrapper",
			"sysActiveDom":	"standalone_domain",
			"sysDefaultDom":	"standalone_domain",
			"domains":	[{
					"domainName":	"standalone_domain",
					"domainDispName":	"standalone on ps7_cortexa9_0",
					"domainDesc":	"standalone_domain",
					"processors":	"ps7_cortexa9_0",
					"os":	"standalone",
					"sdxOs":	"standalone",
					"qemuArgs":	"C:/Xilinx/Vitis/2019.2/data/emulation/platforms/zynq/qemu/qemu_args.txt",
					"qemuData":	"C:/Xilinx/Vitis/2019.2/data/emulation/platforms/zynq/qemu/",
					"debugEnable":	"False",
					"domRuntimes":	["cpp"],
					"swRepo":	"",
					"mssOsVer":	"7.1",
					"mssFile":	"",
					"md5Digest":	"6fcc898f1122bf95878801eca139fab2",
					"compatibleApp":	"lwip_udp_perf_client",
					"domType":	"mssDomain",
					"arch":	"32-bit",
					"appSettings":	{
						"appCompilerFlags":	"",
						"appLinkerFlags":	""
					},
					"addedLibs":	["lwip211:1.1"],
					"libOptions":	{
						"lwip211":	{
							"dhcp_does_arp_check":	"true",
							"lwip_dhcp":	"true",
							"mem_size":	"524288",
							"memp_n_pbuf":	"1024",
							"n_tx_descriptors":	"512",
							"pbuf_pool_size":	"16384",
							"libOptionNames":	["dhcp_does_arp_check", "lwip_dhcp", "mem_size", "memp_n_pbuf", "n_tx_descriptors", "pbuf_pool_size"]
						},
						"libsContainingOptions":	["lwip211"]
					},
					"prebuiltLibs":	{
						"prebuiltIncPath":	[],
						"prebuiltLibPath":	[]
					},
					"isolation":	{
					}
				}]
		}]
}
KEYINFO::2020-10-23.00:22:44::SCWPlatform::updated the xpfm file.
TRACE::2020-10-23.00:22:44::SCWPlatform::Trying to open the hw design at C:/Github/Zybo_mipi/LWIP/vitis/design_1_wrapper/hw/design_1_wrapper.xsa
TRACE::2020-10-23.00:22:44::SCWPlatform::DSA given C:/Github/Zybo_mipi/LWIP/vitis/design_1_wrapper/hw/design_1_wrapper.xsa
TRACE::2020-10-23.00:22:44::SCWPlatform::DSA absoulate path C:/Github/Zybo_mipi/LWIP/vitis/design_1_wrapper/hw/design_1_wrapper.xsa
TRACE::2020-10-23.00:22:44::SCWPlatform::DSA directory C:/Github/Zybo_mipi/LWIP/vitis/design_1_wrapper/hw
TRACE::2020-10-23.00:22:44::SCWPlatform:: Platform Path C:/Github/Zybo_mipi/LWIP/vitis/design_1_wrapper/hw/design_1_wrapper.xsa
TRACE::2020-10-23.00:22:44::SCWPlatform:: Unique name xilinx:zybo-z7-20::0.0
TRACE::2020-10-23.00:22:44::SCWPlatform::Trying to set the existing hwdb with name design_1_wrapper_0
TRACE::2020-10-23.00:22:44::SCWPlatform::Opened existing hwdb design_1_wrapper_0
TRACE::2020-10-23.00:22:44::SCWPlatform::Found the Hw Db part of the input DSA
TRACE::2020-10-23.00:22:44::SCWMssOS::Checking the sw design at  C:/Github/Zybo_mipi/LWIP/vitis/design_1_wrapper/ps7_cortexa9_0/standalone_domain/bsp/system.mss
TRACE::2020-10-23.00:22:44::SCWMssOS::DEBUG:  swdes dump  C:/Github/Zybo_mipi/LWIP/vitis/design_1_wrapper/ps7_cortexa9_0/standalone_domain/bsp/system.mss|system||

TRACE::2020-10-23.00:22:44::SCWMssOS::Sw design exists and opened at  C:/Github/Zybo_mipi/LWIP/vitis/design_1_wrapper/ps7_cortexa9_0/standalone_domain/bsp/system.mss
