21:52:47 **** Incremental Build of configuration Debug for project Pcam5C-app ****
make all 
make --no-print-directory pre-build
a9-linaro-pre-build-step
' '
make --no-print-directory main-build
'Building file: ../src/main.cc'
'Invoking: ARM v7 g++ compiler'
arm-none-eabi-g++ -Wall -O0 -g3 -c -fmessage-length=0 -MT"src/main.o" -mcpu=cortex-a9 -mfpu=vfpv3 -mfloat-abi=hard -IC:/Github/Zybo_mipi/Zybo-Z7-20-pcam-5c-2019.1/vitis/Pcam5C-2019/export/Pcam5C-2019/sw/Pcam5C-2019/standalone_domain/bspinclude/include -MMD -MP -MF"src/main.d" -MT"src/main.o" -o "src/main.o" "../src/main.cc"
'Finished building: ../src/main.cc'
' '
'Building file: ../src/platform.c'
'Invoking: ARM v7 g++ compiler'
arm-none-eabi-g++ -Wall -O0 -g3 -c -fmessage-length=0 -MT"src/platform.o" -mcpu=cortex-a9 -mfpu=vfpv3 -mfloat-abi=hard -IC:/Github/Zybo_mipi/Zybo-Z7-20-pcam-5c-2019.1/vitis/Pcam5C-2019/export/Pcam5C-2019/sw/Pcam5C-2019/standalone_domain/bspinclude/include -MMD -MP -MF"src/platform.d" -MT"src/platform.o" -o "src/platform.o" "../src/platform.c"
../src/platform.c:60:10: fatal error: lwip/tcp.h: No such file or directory
 #include "lwip/tcp.h"
          ^~~~~~~~~~~~
compilation terminated.
make[1]: *** [src/subdir.mk:48: src/platform.o] Error 1
make: *** [makefile:47: all] Error 2

21:52:49 Build Finished (took 1s.792ms)

