02:32:06 INFO  : Launching XSCT server: xsct.bat -n  -interactive C:\Users\ivr\Documents\GitHub\Zybo_mipi\zybo_ov5640\vitis\temp_xsdb_launch_script.tcl
02:32:10 INFO  : XSCT server has started successfully.
02:32:11 INFO  : Registering command handlers for Vitis TCF services
02:32:14 INFO  : Successfully done setting XSCT server connection channel  
02:32:14 INFO  : plnx-install-location is set to ''
02:32:14 INFO  : Successfully done query RDI_DATADIR 
02:32:14 INFO  : Successfully done setting workspace for the tool. 
02:36:11 INFO  : Checking for BSP changes to sync application flags for project 'ov5640_mipi'...
02:36:42 INFO  : Connected to target on host '127.0.0.1' and port '3121'.
02:36:43 INFO  : Jtag cable 'Digilent Zybo Z7 210351A6C9E3A' is selected.
02:36:43 INFO  : 'jtag frequency' command is executed.
02:36:43 INFO  : Context for 'APU' is selected.
02:36:43 INFO  : System reset is completed.
02:36:46 INFO  : 'after 3000' command is executed.
02:36:46 INFO  : 'targets -set -filter {jtag_cable_name =~ "Digilent Zybo Z7 210351A6C9E3A" && level==0} -index 1' command is executed.
02:36:48 INFO  : FPGA configured successfully with bitstream "C:/Users/ivr/Documents/GitHub/Zybo_mipi/zybo_ov5640/vitis/ov5640_mipi/_ide/bitstream/design_1_wrapper.bit"
02:36:49 INFO  : Context for 'APU' is selected.
02:36:49 INFO  : Hardware design information is loaded from 'C:/Users/ivr/Documents/GitHub/Zybo_mipi/zybo_ov5640/vitis/design_1_wrapper/export/design_1_wrapper/hw/design_1_wrapper.xsa'.
02:36:49 INFO  : 'configparams force-mem-access 1' command is executed.
02:36:49 INFO  : Context for 'APU' is selected.
02:36:49 INFO  : Sourcing of 'C:/Users/ivr/Documents/GitHub/Zybo_mipi/zybo_ov5640/vitis/ov5640_mipi/_ide/psinit/ps7_init.tcl' is done.
02:36:49 INFO  : 'ps7_init' command is executed.
02:36:49 INFO  : 'ps7_post_config' command is executed.
02:36:49 INFO  : Context for processor 'ps7_cortexa9_0' is selected.
02:36:49 INFO  : The application 'C:/Users/ivr/Documents/GitHub/Zybo_mipi/zybo_ov5640/vitis/ov5640_mipi/Debug/ov5640_mipi.elf' is downloaded to processor 'ps7_cortexa9_0'.
02:36:49 INFO  : 'configparams force-mem-access 0' command is executed.
02:36:49 INFO  : ----------------XSDB Script----------------
connect -url tcp:127.0.0.1:3121
targets -set -nocase -filter {name =~"APU*"}
rst -system
after 3000
targets -set -filter {jtag_cable_name =~ "Digilent Zybo Z7 210351A6C9E3A" && level==0} -index 1
fpga -file C:/Users/ivr/Documents/GitHub/Zybo_mipi/zybo_ov5640/vitis/ov5640_mipi/_ide/bitstream/design_1_wrapper.bit
targets -set -nocase -filter {name =~"APU*"}
loadhw -hw C:/Users/ivr/Documents/GitHub/Zybo_mipi/zybo_ov5640/vitis/design_1_wrapper/export/design_1_wrapper/hw/design_1_wrapper.xsa -mem-ranges [list {0x40000000 0xbfffffff}]
configparams force-mem-access 1
targets -set -nocase -filter {name =~"APU*"}
source C:/Users/ivr/Documents/GitHub/Zybo_mipi/zybo_ov5640/vitis/ov5640_mipi/_ide/psinit/ps7_init.tcl
ps7_init
ps7_post_config
targets -set -nocase -filter {name =~ "*A9*#0"}
dow C:/Users/ivr/Documents/GitHub/Zybo_mipi/zybo_ov5640/vitis/ov5640_mipi/Debug/ov5640_mipi.elf
configparams force-mem-access 0
----------------End of Script----------------

02:36:49 INFO  : Memory regions updated for context APU
02:36:50 INFO  : Context for processor 'ps7_cortexa9_0' is selected.
02:36:50 INFO  : 'con' command is executed.
02:36:50 INFO  : ----------------XSDB Script (After Launch)----------------
targets -set -nocase -filter {name =~ "*A9*#0"}
con
----------------End of Script----------------

02:36:50 INFO  : Launch script is exported to file 'C:\Users\ivr\Documents\GitHub\Zybo_mipi\zybo_ov5640\vitis\.sdk\launch_scripts\single_application_debug\systemdebugger_ov5640_mipi_system_standalone.tcl'
02:39:32 INFO  : Disconnected from the channel tcfchan#2.
