Nothing to build in platform 'design_1_wrapper'

02:44:09 **** Incremental Build of configuration Debug for project ov5640_mipi ****
make all 
make --no-print-directory pre-build
a9-linaro-pre-build-step
' '
make --no-print-directory main-build
'Building file: ../src/main.c'
'Invoking: ARM v7 gcc compiler'
arm-none-eabi-gcc -Wall -O0 -g3 -c -fmessage-length=0 -MT"src/main.o" -mcpu=cortex-a9 -mfpu=vfpv3 -mfloat-abi=hard -IC:/Users/ivr/Documents/GitHub/Zybo_mipi/zybo_ov5640/vitis/design_1_wrapper/export/design_1_wrapper/sw/design_1_wrapper/standalone_domain/bspinclude/include -MMD -MP -MF"src/main.d" -MT"src/main.o" -o "src/main.o" "../src/main.c"
../src/main.c: In function 'WriteConfig':
../src/main.c:179:1: warning: control reaches end of non-void function [-Wreturn-type]
 }
 ^
'Finished building: ../src/main.c'
' '
'Building target: ov5640_mipi.elf'
'Invoking: ARM v7 gcc linker'
arm-none-eabi-gcc -mcpu=cortex-a9 -mfpu=vfpv3 -mfloat-abi=hard -Wl,-build-id=none -specs=Xilinx.spec -Wl,-T -Wl,../src/lscript.ld -LC:/Users/ivr/Documents/GitHub/Zybo_mipi/zybo_ov5640/vitis/design_1_wrapper/export/design_1_wrapper/sw/design_1_wrapper/standalone_domain/bsplib/lib -o "ov5640_mipi.elf"  ./src/OV5640.o ./src/main.o ./src/platform.o   -Wl,--start-group,-lxil,-lgcc,-lc,--end-group
'Finished building target: ov5640_mipi.elf'
' '
'Invoking: ARM v7 Print Size'
arm-none-eabi-size ov5640_mipi.elf  |tee "ov5640_mipi.elf.size"
   text	   data	    bss	    dec	    hex	filename
  66148	   2600	  23392	  92140	  167ec	ov5640_mipi.elf
'Finished building: ov5640_mipi.elf.size'
' '
02:44:13 **** Incremental Build of configuration Debug for project ov5640_mipi_system ****
make all 
Generating bif file for the system project
generate_system_bif.bat 60795 C:/Users/ivr/Documents/GitHub/Zybo_mipi/zybo_ov5640/vitis/design_1_wrapper/export/design_1_wrapper/design_1_wrapper.xpfm standalone_domain C:/Users/ivr/Documents/GitHub/Zybo_mipi/zybo_ov5640/vitis/ov5640_mipi_system/Debug/system.bif
sdcard_gen --xpfm C:/Users/ivr/Documents/GitHub/Zybo_mipi/zybo_ov5640/vitis/design_1_wrapper/export/design_1_wrapper/design_1_wrapper.xpfm --sys_config design_1_wrapper --bif C:/Users/ivr/Documents/GitHub/Zybo_mipi/zybo_ov5640/vitis/ov5640_mipi_system/Debug/system.bif --bitstream C:/Users/ivr/Documents/GitHub/Zybo_mipi/zybo_ov5640/vitis/ov5640_mipi/_ide/bitstream/design_1_wrapper.bit --elf C:/Users/ivr/Documents/GitHub/Zybo_mipi/zybo_ov5640/vitis/ov5640_mipi/Debug/ov5640_mipi.elf,ps7_cortexa9_0
creating BOOT.BIN using C:/Users/ivr/Documents/GitHub/Zybo_mipi/zybo_ov5640/vitis/ov5640_mipi/_ide/bitstream/design_1_wrapper.bit
Running C:/Xilinx/Vitis/2019.2/bin/bootgen  -image C:/Users/ivr/Documents/GitHub/Zybo_mipi/zybo_ov5640/vitis/ov5640_mipi_system/Debug/sd_card_temp/boot.bif -w -o i BOOT.BIN
