00:31:49 INFO  : Launching XSCT server: xsct.bat -n  -interactive C:\Github\Zybo_mipi\LWIP\UDP_send\temp_xsdb_launch_script.tcl
00:31:51 INFO  : XSCT server has started successfully.
00:31:51 INFO  : Successfully done setting XSCT server connection channel  
00:31:51 INFO  : plnx-install-location is set to ''
00:31:51 INFO  : Successfully done query RDI_DATADIR 
00:31:51 INFO  : Successfully done setting workspace for the tool. 
00:31:52 INFO  : Registering command handlers for Vitis TCF services
00:35:50 INFO  : Checking for BSP changes to sync application flags for project 'UDP_send'...
00:36:06 INFO  : Connected to target on host '127.0.0.1' and port '3121'.
00:36:06 INFO  : Jtag cable 'Digilent Zybo Z7 210351A6C9E3A' is selected.
00:36:06 INFO  : 'jtag frequency' command is executed.
00:36:06 INFO  : Context for 'APU' is selected.
00:36:06 INFO  : System reset is completed.
00:36:09 INFO  : 'after 3000' command is executed.
00:36:09 INFO  : 'targets -set -filter {jtag_cable_name =~ "Digilent Zybo Z7 210351A6C9E3A" && level==0} -index 1' command is executed.
00:36:12 INFO  : FPGA configured successfully with bitstream "C:/Github/Zybo_mipi/LWIP/UDP_send/UDP_send/_ide/bitstream/design_1_wrapper.bit"
00:36:12 INFO  : Context for 'APU' is selected.
00:36:12 INFO  : Hardware design information is loaded from 'C:/Github/Zybo_mipi/LWIP/UDP_send/design_1_wrapper/export/design_1_wrapper/hw/design_1_wrapper.xsa'.
00:36:12 INFO  : 'configparams force-mem-access 1' command is executed.
00:36:12 INFO  : Context for 'APU' is selected.
00:36:12 INFO  : Sourcing of 'C:/Github/Zybo_mipi/LWIP/UDP_send/UDP_send/_ide/psinit/ps7_init.tcl' is done.
00:36:12 INFO  : 'ps7_init' command is executed.
00:36:12 INFO  : 'ps7_post_config' command is executed.
00:36:12 INFO  : Context for processor 'ps7_cortexa9_0' is selected.
00:36:13 INFO  : The application 'C:/Github/Zybo_mipi/LWIP/UDP_send/UDP_send/Debug/UDP_send.elf' is downloaded to processor 'ps7_cortexa9_0'.
00:36:13 INFO  : 'configparams force-mem-access 0' command is executed.
00:36:13 INFO  : ----------------XSDB Script----------------
connect -url tcp:127.0.0.1:3121
targets -set -nocase -filter {name =~"APU*"}
rst -system
after 3000
targets -set -filter {jtag_cable_name =~ "Digilent Zybo Z7 210351A6C9E3A" && level==0} -index 1
fpga -file C:/Github/Zybo_mipi/LWIP/UDP_send/UDP_send/_ide/bitstream/design_1_wrapper.bit
targets -set -nocase -filter {name =~"APU*"}
loadhw -hw C:/Github/Zybo_mipi/LWIP/UDP_send/design_1_wrapper/export/design_1_wrapper/hw/design_1_wrapper.xsa -mem-ranges [list {0x40000000 0xbfffffff}]
configparams force-mem-access 1
targets -set -nocase -filter {name =~"APU*"}
source C:/Github/Zybo_mipi/LWIP/UDP_send/UDP_send/_ide/psinit/ps7_init.tcl
ps7_init
ps7_post_config
targets -set -nocase -filter {name =~ "*A9*#0"}
dow C:/Github/Zybo_mipi/LWIP/UDP_send/UDP_send/Debug/UDP_send.elf
configparams force-mem-access 0
----------------End of Script----------------

00:36:13 INFO  : Memory regions updated for context APU
00:36:13 INFO  : Context for processor 'ps7_cortexa9_0' is selected.
00:36:13 INFO  : 'con' command is executed.
00:36:13 INFO  : ----------------XSDB Script (After Launch)----------------
targets -set -nocase -filter {name =~ "*A9*#0"}
con
----------------End of Script----------------

00:36:13 INFO  : Launch script is exported to file 'C:\Github\Zybo_mipi\LWIP\UDP_send\.sdk\launch_scripts\single_application_debug\debugger_udp_send-default.tcl'
00:41:37 INFO  : Disconnected from the channel tcfchan#2.
