Copyright 1986-2019 Xilinx, Inc. All Rights Reserved.
------------------------------------------------------------------------------------
| Tool Version : Vivado v.2019.2 (win64) Build 2708876 Wed Nov  6 21:40:23 MST 2019
| Date         : Mon Dec 21 22:22:19 2020
| Host         : DESKTOP-5VC2SBS running 64-bit major release  (build 9200)
| Command      : upgrade_ip
| Device       : xc7z020clg400-1
------------------------------------------------------------------------------------

Upgrade Log for IP 'system_AXI_BayerToRGB_1_0'

1. Summary
----------

SUCCESS in the upgrade of system_AXI_BayerToRGB_1_0 from digilentinc.com:user:AXI_BayerToRGB:1.9 (Rev. 1) to digilentinc.com:user:AXI_BayerToRGB:2.0 (Rev. 1)






Copyright 1986-2019 Xilinx, Inc. All Rights Reserved.
------------------------------------------------------------------------------------
| Tool Version : Vivado v.2019.2 (win64) Build 2708876 Wed Nov  6 21:40:23 MST 2019
| Date         : Mon Dec 21 20:47:46 2020
| Host         : DESKTOP-5VC2SBS running 64-bit major release  (build 9200)
| Command      : upgrade_ip
| Device       : xc7z020clg400-1
------------------------------------------------------------------------------------

Upgrade Log for IP 'system_AXI_GammaCorrection_0_0'

1. Summary
----------

SUCCESS in the upgrade of system_AXI_GammaCorrection_0_0 (digilentinc.com:user:AXI_GammaCorrection:1.2) from (Rev. 1) to (Rev. 2)






Copyright 1986-2019 Xilinx, Inc. All Rights Reserved.
------------------------------------------------------------------------------------
| Tool Version : Vivado v.2019.2 (win64) Build 2708876 Wed Nov  6 21:40:23 MST 2019
| Date         : Mon Nov 23 23:18:26 2020
| Host         : DESKTOP-5VC2SBS running 64-bit major release  (build 9200)
| Command      : upgrade_ip
| Device       : xc7z020clg400-1
------------------------------------------------------------------------------------

Upgrade Log for IP 'system_AXI_BayerToRGB_1_0'

1. Summary
----------

SUCCESS in the upgrade of system_AXI_BayerToRGB_1_0 from digilentinc.com:user:AXI_BayerToRGB:1.8 (Rev. 2) to digilentinc.com:user:AXI_BayerToRGB:1.9 (Rev. 1)






Copyright 1986-2019 Xilinx, Inc. All Rights Reserved.
------------------------------------------------------------------------------------
| Tool Version : Vivado v.2019.2 (win64) Build 2708876 Wed Nov  6 21:40:23 MST 2019
| Date         : Mon Nov 23 23:17:31 2020
| Host         : DESKTOP-5VC2SBS running 64-bit major release  (build 9200)
| Command      : upgrade_ip
| Device       : xc7z020clg400-1
------------------------------------------------------------------------------------

Upgrade Log for IP 'system_AXI_BayerToRGB_1_0'

1. Summary
----------

SUCCESS in the upgrade of system_AXI_BayerToRGB_1_0 (digilentinc.com:user:AXI_BayerToRGB:1.8) from (Rev. 1) to (Rev. 2)






Copyright 1986-2019 Xilinx, Inc. All Rights Reserved.
------------------------------------------------------------------------------------
| Tool Version : Vivado v.2019.2 (win64) Build 2708876 Wed Nov  6 21:40:23 MST 2019
| Date         : Mon Nov 23 22:29:32 2020
| Host         : DESKTOP-5VC2SBS running 64-bit major release  (build 9200)
| Command      : upgrade_ip
| Device       : xc7z020clg400-1
------------------------------------------------------------------------------------

Upgrade Log for IP 'system_AXI_BayerToRGB_1_0'

1. Summary
----------

SUCCESS in the upgrade of system_AXI_BayerToRGB_1_0 from digilentinc.com:user:AXI_BayerToRGB:1.7 (Rev. 1) to digilentinc.com:user:AXI_BayerToRGB:1.8 (Rev. 1)






Copyright 1986-2019 Xilinx, Inc. All Rights Reserved.
------------------------------------------------------------------------------------
| Tool Version : Vivado v.2019.2 (win64) Build 2708876 Wed Nov  6 21:40:23 MST 2019
| Date         : Mon Nov 23 22:15:02 2020
| Host         : DESKTOP-5VC2SBS running 64-bit major release  (build 9200)
| Command      : upgrade_ip
| Device       : xc7z020clg400-1
------------------------------------------------------------------------------------

Upgrade Log for IP 'system_AXI_BayerToRGB_1_0'

1. Summary
----------

SUCCESS in the upgrade of system_AXI_BayerToRGB_1_0 from digilentinc.com:user:AXI_BayerToRGB:1.6 (Rev. 1) to digilentinc.com:user:AXI_BayerToRGB:1.7 (Rev. 1)






Copyright 1986-2019 Xilinx, Inc. All Rights Reserved.
------------------------------------------------------------------------------------
| Tool Version : Vivado v.2019.2 (win64) Build 2708876 Wed Nov  6 21:40:23 MST 2019
| Date         : Sun Nov 22 02:32:59 2020
| Host         : DESKTOP-5VC2SBS running 64-bit major release  (build 9200)
| Command      : upgrade_ip
| Device       : xc7z020clg400-1
------------------------------------------------------------------------------------

Upgrade Log for IP 'system_AXI_BayerToRGB_1_0'

1. Summary
----------

CAUTION (success, with warnings) in the upgrade of system_AXI_BayerToRGB_1_0 from digilentinc.com:user:AXI_BayerToRGB:1.5 (Rev. 1) to digilentinc.com:user:AXI_BayerToRGB:1.6 (Rev. 1)

After upgrade, an IP may have parameter and port differences compared to the original customization. Please review the parameters within the IP customization GUI to ensure proper functionality. Also, please review the updated IP instantiation template to ensure proper connectivity, and update your design if required.

2. Connection Warnings
----------------------

Detected external port differences while upgrading 'system_AXI_BayerToRGB_1_0'. These changes may impact your design.


-Upgrade has added port 'RSTLED'







Copyright 1986-2019 Xilinx, Inc. All Rights Reserved.
------------------------------------------------------------------------------------
| Tool Version : Vivado v.2019.2 (win64) Build 2708876 Wed Nov  6 21:40:23 MST 2019
| Date         : Sun Nov 22 01:58:43 2020
| Host         : DESKTOP-5VC2SBS running 64-bit major release  (build 9200)
| Command      : upgrade_ip
| Device       : xc7z020clg400-1
------------------------------------------------------------------------------------

Upgrade Log for IP 'system_AXI_BayerToRGB_1_0'

1. Summary
----------

CAUTION (success, with warnings) in the upgrade of system_AXI_BayerToRGB_1_0 from digilentinc.com:user:AXI_BayerToRGB:1.4 (Rev. 1) to digilentinc.com:user:AXI_BayerToRGB:1.5 (Rev. 1)

After upgrade, an IP may have parameter and port differences compared to the original customization. Please review the parameters within the IP customization GUI to ensure proper functionality. Also, please review the updated IP instantiation template to ensure proper connectivity, and update your design if required.

2. Connection Warnings
----------------------

Detected external port differences while upgrading 'system_AXI_BayerToRGB_1_0'. These changes may impact your design.


-Upgrade has added port 'RSTBTN'







Copyright 1986-2019 Xilinx, Inc. All Rights Reserved.
------------------------------------------------------------------------------------
| Tool Version : Vivado v.2019.2 (win64) Build 2708876 Wed Nov  6 21:40:23 MST 2019
| Date         : Sat Nov 21 23:39:29 2020
| Host         : DESKTOP-5VC2SBS running 64-bit major release  (build 9200)
| Command      : upgrade_ip
| Device       : xc7z020clg400-1
------------------------------------------------------------------------------------

Upgrade Log for IP 'system_AXI_BayerToRGB_1_0'

1. Summary
----------

SUCCESS in the upgrade of system_AXI_BayerToRGB_1_0 from digilentinc.com:user:AXI_BayerToRGB:1.3 (Rev. 1) to digilentinc.com:user:AXI_BayerToRGB:1.4 (Rev. 1)






Copyright 1986-2019 Xilinx, Inc. All Rights Reserved.
------------------------------------------------------------------------------------
| Tool Version : Vivado v.2019.2 (win64) Build 2708876 Wed Nov  6 21:40:23 MST 2019
| Date         : Sat Nov 21 22:42:10 2020
| Host         : DESKTOP-5VC2SBS running 64-bit major release  (build 9200)
| Command      : upgrade_ip
| Device       : xc7z020clg400-1
------------------------------------------------------------------------------------

Upgrade Log for IP 'system_AXI_BayerToRGB_1_0'

1. Summary
----------

SUCCESS in the upgrade of system_AXI_BayerToRGB_1_0 from digilentinc.com:user:AXI_BayerToRGB:1.2 (Rev. 1) to digilentinc.com:user:AXI_BayerToRGB:1.3 (Rev. 1)






Copyright 1986-2019 Xilinx, Inc. All Rights Reserved.
------------------------------------------------------------------------------------
| Tool Version : Vivado v.2019.2 (win64) Build 2708876 Wed Nov  6 21:40:23 MST 2019
| Date         : Fri Nov 20 20:37:19 2020
| Host         : DESKTOP-5VC2SBS running 64-bit major release  (build 9200)
| Command      : upgrade_ip
| Device       : xc7z020clg400-1
------------------------------------------------------------------------------------

Upgrade Log for IP 'system_AXI_GammaCorrection_0_0'

1. Summary
----------

SUCCESS in the upgrade of system_AXI_GammaCorrection_0_0 from digilentinc.com:user:AXI_GammaCorrection:1.1 (Rev. 1) to digilentinc.com:user:AXI_GammaCorrection:1.2 (Rev. 1)






Copyright 1986-2019 Xilinx, Inc. All Rights Reserved.
------------------------------------------------------------------------------------
| Tool Version : Vivado v.2019.2 (win64) Build 2708876 Wed Nov  6 21:40:23 MST 2019
| Date         : Fri Nov 20 03:41:52 2020
| Host         : DESKTOP-5VC2SBS running 64-bit major release  (build 9200)
| Command      : upgrade_ip
| Device       : xc7z020clg400-1
------------------------------------------------------------------------------------

Upgrade Log for IP 'system_AXI_GammaCorrection_0_0'

1. Summary
----------

CAUTION (success, with warnings) in the upgrade of system_AXI_GammaCorrection_0_0 from digilentinc.com:user:AXI_GammaCorrection:1.0 (Rev. 31) to digilentinc.com:user:AXI_GammaCorrection:1.1 (Rev. 1)

After upgrade, an IP may have parameter and port differences compared to the original customization. Please review the parameters within the IP customization GUI to ensure proper functionality. Also, please review the updated IP instantiation template to ensure proper connectivity, and update your design if required.

2. Connection Warnings
----------------------

Detected external port differences while upgrading 'system_AXI_GammaCorrection_0_0'. These changes may impact your design.


-Upgrade has added port 'jc_p'







Copyright 1986-2019 Xilinx, Inc. All Rights Reserved.
------------------------------------------------------------------------------------
| Tool Version : Vivado v.2019.2 (win64) Build 2708876 Wed Nov  6 21:40:23 MST 2019
| Date         : Fri Nov 20 03:21:05 2020
| Host         : DESKTOP-5VC2SBS running 64-bit major release  (build 9200)
| Command      : upgrade_ip
| Device       : xc7z020clg400-1
------------------------------------------------------------------------------------

Upgrade Log for IP 'system_AXI_BayerToRGB_1_0'

1. Summary
----------

CAUTION (success, with warnings) in the upgrade of system_AXI_BayerToRGB_1_0 from digilentinc.com:user:AXI_BayerToRGB:1.1 (Rev. 1) to digilentinc.com:user:AXI_BayerToRGB:1.2 (Rev. 1)

After upgrade, an IP may have parameter and port differences compared to the original customization. Please review the parameters within the IP customization GUI to ensure proper functionality. Also, please review the updated IP instantiation template to ensure proper connectivity, and update your design if required.

2. Connection Warnings
----------------------

Detected external port differences while upgrading 'system_AXI_BayerToRGB_1_0'. These changes may impact your design.


-Upgrade has added port 'jb_n'

-Upgrade has added port 'jb_p'


