
*** Running vivado
    with args -log system_AXI_GammaCorrection_0_0.vds -m64 -product Vivado -mode batch -messageDb vivado.pb -notrace -source system_AXI_GammaCorrection_0_0.tcl


****** Vivado v2019.2 (64-bit)
  **** SW Build 2708876 on Wed Nov  6 21:40:23 MST 2019
  **** IP Build 2700528 on Thu Nov  7 00:09:20 MST 2019
    ** Copyright 1986-2019 Xilinx, Inc. All Rights Reserved.

source system_AXI_GammaCorrection_0_0.tcl -notrace
INFO: [IP_Flow 19-234] Refreshing IP repositories
INFO: [IP_Flow 19-1700] Loaded user IP repository 'c:/Github/Zybo_mipi/Pcam2019/Zybo-Z7-20-pcam-5c-2019.1/vivado_proj/Zybo-Z7-20-pcam-5c.ipdefs/repo_0'.
INFO: [IP_Flow 19-2313] Loaded Vivado IP repository 'C:/Xilinx/Vivado/2019.2/data/ip'.
Command: synth_design -top system_AXI_GammaCorrection_0_0 -part xc7z020clg400-1 -mode out_of_context
Starting synth_design
Attempting to get a license for feature 'Synthesis' and/or device 'xc7z020'
INFO: [Common 17-349] Got license for feature 'Synthesis' and/or device 'xc7z020'
INFO: [Device 21-403] Loading part xc7z020clg400-1
INFO: Launching helper process for spawning children vivado processes
INFO: Helper process launched with PID 20844 
---------------------------------------------------------------------------------
Starting RTL Elaboration : Time (s): cpu = 00:00:04 ; elapsed = 00:00:04 . Memory (MB): peak = 1010.254 ; gain = 235.816
---------------------------------------------------------------------------------
INFO: [Synth 8-638] synthesizing module 'system_AXI_GammaCorrection_0_0' [c:/Github/Zybo_mipi/Pcam2019_sendExp/Pcam2019_sendExp.srcs/sources_1/bd/system/ip/system_AXI_GammaCorrection_0_0/synth/system_AXI_GammaCorrection_0_0.vhd:95]
	Parameter kAXI_InputDataWidth bound to: 32 - type: integer 
	Parameter kAXI_OutputDataWidth bound to: 24 - type: integer 
	Parameter kInputColorWidth bound to: 10 - type: integer 
	Parameter C_S_AXI_DATA_WIDTH bound to: 32 - type: integer 
	Parameter C_S_AXI_ADDR_WIDTH bound to: 3 - type: integer 
INFO: [Synth 8-3491] module 'AXI_GammaCorrection' declared at 'c:/Github/Zybo_mipi/Pcam2019_sendExp/Pcam2019_sendExp.srcs/sources_1/bd/system/ipshared/2115/hdl/AXI_GammaCorrection.vhd:57' bound to instance 'U0' of component 'AXI_GammaCorrection' [c:/Github/Zybo_mipi/Pcam2019_sendExp/Pcam2019_sendExp.srcs/sources_1/bd/system/ip/system_AXI_GammaCorrection_0_0/synth/system_AXI_GammaCorrection_0_0.vhd:193]
INFO: [Synth 8-638] synthesizing module 'AXI_GammaCorrection' [c:/Github/Zybo_mipi/Pcam2019_sendExp/Pcam2019_sendExp.srcs/sources_1/bd/system/ipshared/2115/hdl/AXI_GammaCorrection.vhd:145]
	Parameter kAXI_InputDataWidth bound to: 32 - type: integer 
	Parameter kInputColorWidth bound to: 10 - type: integer 
	Parameter kAXI_OutputDataWidth bound to: 24 - type: integer 
	Parameter C_S_AXI_DATA_WIDTH bound to: 32 - type: integer 
	Parameter C_S_AXI_ADDR_WIDTH bound to: 3 - type: integer 
INFO: [Synth 8-638] synthesizing module 'StoredGammaCoefs' [c:/Github/Zybo_mipi/Pcam2019_sendExp/Pcam2019_sendExp.srcs/sources_1/bd/system/ipshared/2115/hdl/StoredGammaCoefs.vhd:53]
INFO: [Synth 8-5534] Detected attribute (* rom_style = "block" *) [c:/Github/Zybo_mipi/Pcam2019_sendExp/Pcam2019_sendExp.srcs/sources_1/bd/system/ipshared/2115/hdl/StoredGammaCoefs.vhd:138]
INFO: [Synth 8-5534] Detected attribute (* rom_style = "block" *) [c:/Github/Zybo_mipi/Pcam2019_sendExp/Pcam2019_sendExp.srcs/sources_1/bd/system/ipshared/2115/hdl/StoredGammaCoefs.vhd:219]
INFO: [Synth 8-5534] Detected attribute (* rom_style = "block" *) [c:/Github/Zybo_mipi/Pcam2019_sendExp/Pcam2019_sendExp.srcs/sources_1/bd/system/ipshared/2115/hdl/StoredGammaCoefs.vhd:300]
INFO: [Synth 8-256] done synthesizing module 'StoredGammaCoefs' (1#1) [c:/Github/Zybo_mipi/Pcam2019_sendExp/Pcam2019_sendExp.srcs/sources_1/bd/system/ipshared/2115/hdl/StoredGammaCoefs.vhd:53]
WARNING: [Synth 8-6014] Unused sequential element loc_addr_reg was removed.  [c:/Github/Zybo_mipi/Pcam2019_sendExp/Pcam2019_sendExp.srcs/sources_1/bd/system/ipshared/2115/hdl/AXI_GammaCorrection.vhd:335]
WARNING: [Synth 8-6014] Unused sequential element axi_araddr_reg was removed.  [c:/Github/Zybo_mipi/Pcam2019_sendExp/Pcam2019_sendExp.srcs/sources_1/bd/system/ipshared/2115/hdl/AXI_GammaCorrection.vhd:384]
INFO: [Synth 8-256] done synthesizing module 'AXI_GammaCorrection' (2#1) [c:/Github/Zybo_mipi/Pcam2019_sendExp/Pcam2019_sendExp.srcs/sources_1/bd/system/ipshared/2115/hdl/AXI_GammaCorrection.vhd:145]
INFO: [Synth 8-256] done synthesizing module 'system_AXI_GammaCorrection_0_0' (3#1) [c:/Github/Zybo_mipi/Pcam2019_sendExp/Pcam2019_sendExp.srcs/sources_1/bd/system/ip/system_AXI_GammaCorrection_0_0/synth/system_AXI_GammaCorrection_0_0.vhd:95]
WARNING: [Synth 8-3331] design AXI_GammaCorrection has unconnected port s_axis_video_tdata[31]
WARNING: [Synth 8-3331] design AXI_GammaCorrection has unconnected port s_axis_video_tdata[30]
WARNING: [Synth 8-3331] design AXI_GammaCorrection has unconnected port S_AXI_AWPROT[2]
WARNING: [Synth 8-3331] design AXI_GammaCorrection has unconnected port S_AXI_AWPROT[1]
WARNING: [Synth 8-3331] design AXI_GammaCorrection has unconnected port S_AXI_AWPROT[0]
WARNING: [Synth 8-3331] design AXI_GammaCorrection has unconnected port S_AXI_ARADDR[2]
WARNING: [Synth 8-3331] design AXI_GammaCorrection has unconnected port S_AXI_ARADDR[1]
WARNING: [Synth 8-3331] design AXI_GammaCorrection has unconnected port S_AXI_ARADDR[0]
WARNING: [Synth 8-3331] design AXI_GammaCorrection has unconnected port S_AXI_ARPROT[2]
WARNING: [Synth 8-3331] design AXI_GammaCorrection has unconnected port S_AXI_ARPROT[1]
WARNING: [Synth 8-3331] design AXI_GammaCorrection has unconnected port S_AXI_ARPROT[0]
---------------------------------------------------------------------------------
Finished RTL Elaboration : Time (s): cpu = 00:00:05 ; elapsed = 00:00:06 . Memory (MB): peak = 1088.969 ; gain = 314.531
---------------------------------------------------------------------------------

Report Check Netlist: 
+------+------------------+-------+---------+-------+------------------+
|      |Item              |Errors |Warnings |Status |Description       |
+------+------------------+-------+---------+-------+------------------+
|1     |multi_driven_nets |      0|        0|Passed |Multi driven nets |
+------+------------------+-------+---------+-------+------------------+
---------------------------------------------------------------------------------
Start Handling Custom Attributes
---------------------------------------------------------------------------------
---------------------------------------------------------------------------------
Finished Handling Custom Attributes : Time (s): cpu = 00:00:06 ; elapsed = 00:00:06 . Memory (MB): peak = 1088.969 ; gain = 314.531
---------------------------------------------------------------------------------
---------------------------------------------------------------------------------
Finished RTL Optimization Phase 1 : Time (s): cpu = 00:00:06 ; elapsed = 00:00:06 . Memory (MB): peak = 1088.969 ; gain = 314.531
---------------------------------------------------------------------------------
Netlist sorting complete. Time (s): cpu = 00:00:00 ; elapsed = 00:00:00.007 . Memory (MB): peak = 1088.969 ; gain = 0.000
INFO: [Project 1-570] Preparing netlist for logic optimization

Processing XDC Constraints
Initializing timing engine
Parsing XDC File [c:/Github/Zybo_mipi/Pcam2019_sendExp/Pcam2019_sendExp.srcs/sources_1/bd/system/ip/system_AXI_GammaCorrection_0_0/xdc/AXI_GammaCorrection.xdc] for cell 'U0'
Finished Parsing XDC File [c:/Github/Zybo_mipi/Pcam2019_sendExp/Pcam2019_sendExp.srcs/sources_1/bd/system/ip/system_AXI_GammaCorrection_0_0/xdc/AXI_GammaCorrection.xdc] for cell 'U0'
Parsing XDC File [C:/Github/Zybo_mipi/Pcam2019_sendExp/Pcam2019_sendExp.runs/system_AXI_GammaCorrection_0_0_synth_1/dont_touch.xdc]
Finished Parsing XDC File [C:/Github/Zybo_mipi/Pcam2019_sendExp/Pcam2019_sendExp.runs/system_AXI_GammaCorrection_0_0_synth_1/dont_touch.xdc]
Completed Processing XDC Constraints

Netlist sorting complete. Time (s): cpu = 00:00:00 ; elapsed = 00:00:00 . Memory (MB): peak = 1178.082 ; gain = 0.000
INFO: [Project 1-111] Unisim Transformation Summary:
No Unisim elements were transformed.

Constraint Validation Runtime : Time (s): cpu = 00:00:00 ; elapsed = 00:00:00.043 . Memory (MB): peak = 1182.219 ; gain = 4.137
---------------------------------------------------------------------------------
Finished Constraint Validation : Time (s): cpu = 00:00:11 ; elapsed = 00:00:12 . Memory (MB): peak = 1182.219 ; gain = 407.781
---------------------------------------------------------------------------------
---------------------------------------------------------------------------------
Start Loading Part and Timing Information
---------------------------------------------------------------------------------
Loading part: xc7z020clg400-1
---------------------------------------------------------------------------------
Finished Loading Part and Timing Information : Time (s): cpu = 00:00:11 ; elapsed = 00:00:12 . Memory (MB): peak = 1182.219 ; gain = 407.781
---------------------------------------------------------------------------------
---------------------------------------------------------------------------------
Start Applying 'set_property' XDC Constraints
---------------------------------------------------------------------------------
Applied set_property DONT_TOUCH = true for U0. (constraint file  C:/Github/Zybo_mipi/Pcam2019_sendExp/Pcam2019_sendExp.runs/system_AXI_GammaCorrection_0_0_synth_1/dont_touch.xdc, line 9).
---------------------------------------------------------------------------------
Finished applying 'set_property' XDC Constraints : Time (s): cpu = 00:00:11 ; elapsed = 00:00:12 . Memory (MB): peak = 1182.219 ; gain = 407.781
---------------------------------------------------------------------------------
INFO: [Synth 8-7031] Trying to map ROM "rStoredCoefs1_5" into Block RAM due to explicit "ram_style" or "rom_style" specification
INFO: [Synth 8-7031] Trying to map ROM "rStoredCoefs1_8" into Block RAM due to explicit "ram_style" or "rom_style" specification
INFO: [Synth 8-7031] Trying to map ROM "rStoredCoefs2_2" into Block RAM due to explicit "ram_style" or "rom_style" specification
---------------------------------------------------------------------------------
Finished RTL Optimization Phase 2 : Time (s): cpu = 00:00:12 ; elapsed = 00:00:13 . Memory (MB): peak = 1182.219 ; gain = 407.781
---------------------------------------------------------------------------------

Report RTL Partitions: 
+-+--------------+------------+----------+
| |RTL Partition |Replication |Instances |
+-+--------------+------------+----------+
+-+--------------+------------+----------+
---------------------------------------------------------------------------------
Start RTL Component Statistics 
---------------------------------------------------------------------------------
Detailed RTL Component Info : 
+---Registers : 
	               32 Bit    Registers := 1     
	                8 Bit    Registers := 3     
	                3 Bit    Registers := 1     
	                2 Bit    Registers := 2     
	                1 Bit    Registers := 9     
+---Muxes : 
	   2 Input     32 Bit        Muxes := 2     
	   4 Input      8 Bit        Muxes := 3     
	   2 Input      8 Bit        Muxes := 3     
	   2 Input      1 Bit        Muxes := 7     
---------------------------------------------------------------------------------
Finished RTL Component Statistics 
---------------------------------------------------------------------------------
---------------------------------------------------------------------------------
Start RTL Hierarchical Component Statistics 
---------------------------------------------------------------------------------
Hierarchical RTL Component report 
Module StoredGammaCoefs 
Detailed RTL Component Info : 
+---Registers : 
	                8 Bit    Registers := 1     
+---Muxes : 
	   4 Input      8 Bit        Muxes := 1     
	   2 Input      8 Bit        Muxes := 1     
Module AXI_GammaCorrection 
Detailed RTL Component Info : 
+---Registers : 
	               32 Bit    Registers := 1     
	                3 Bit    Registers := 1     
	                2 Bit    Registers := 2     
	                1 Bit    Registers := 9     
+---Muxes : 
	   2 Input     32 Bit        Muxes := 2     
	   2 Input      1 Bit        Muxes := 7     
---------------------------------------------------------------------------------
Finished RTL Hierarchical Component Statistics
---------------------------------------------------------------------------------
---------------------------------------------------------------------------------
Start Part Resource Summary
---------------------------------------------------------------------------------
Part Resources:
DSPs: 220 (col length:60)
BRAMs: 280 (col length: RAMB18 60 RAMB36 30)
---------------------------------------------------------------------------------
Finished Part Resource Summary
---------------------------------------------------------------------------------
---------------------------------------------------------------------------------
Start Cross Boundary and Area Optimization
---------------------------------------------------------------------------------
Warning: Parallel synthesis criteria is not met 
INFO: [Synth 8-7031] Trying to map ROM "p_0_out" into Block RAM due to explicit "ram_style" or "rom_style" specification
INFO: [Synth 8-7031] Trying to map ROM "p_0_out" into Block RAM due to explicit "ram_style" or "rom_style" specification
INFO: [Synth 8-7031] Trying to map ROM "p_0_out" into Block RAM due to explicit "ram_style" or "rom_style" specification
INFO: [Synth 8-7031] Trying to map ROM "p_0_out" into Block RAM due to explicit "ram_style" or "rom_style" specification
INFO: [Synth 8-7031] Trying to map ROM "p_0_out" into Block RAM due to explicit "ram_style" or "rom_style" specification
INFO: [Synth 8-7031] Trying to map ROM "p_0_out" into Block RAM due to explicit "ram_style" or "rom_style" specification
INFO: [Synth 8-7031] Trying to map ROM "p_0_out" into Block RAM due to explicit "ram_style" or "rom_style" specification
INFO: [Synth 8-7031] Trying to map ROM "p_0_out" into Block RAM due to explicit "ram_style" or "rom_style" specification
INFO: [Synth 8-7031] Trying to map ROM "p_0_out" into Block RAM due to explicit "ram_style" or "rom_style" specification
WARNING: [Synth 8-3331] design AXI_GammaCorrection has unconnected port s_axis_video_tdata[31]
WARNING: [Synth 8-3331] design AXI_GammaCorrection has unconnected port s_axis_video_tdata[30]
WARNING: [Synth 8-3331] design AXI_GammaCorrection has unconnected port S_AXI_AWPROT[2]
WARNING: [Synth 8-3331] design AXI_GammaCorrection has unconnected port S_AXI_AWPROT[1]
WARNING: [Synth 8-3331] design AXI_GammaCorrection has unconnected port S_AXI_AWPROT[0]
WARNING: [Synth 8-3331] design AXI_GammaCorrection has unconnected port S_AXI_ARADDR[2]
WARNING: [Synth 8-3331] design AXI_GammaCorrection has unconnected port S_AXI_ARADDR[1]
WARNING: [Synth 8-3331] design AXI_GammaCorrection has unconnected port S_AXI_ARADDR[0]
WARNING: [Synth 8-3331] design AXI_GammaCorrection has unconnected port S_AXI_ARPROT[2]
WARNING: [Synth 8-3331] design AXI_GammaCorrection has unconnected port S_AXI_ARPROT[1]
WARNING: [Synth 8-3331] design AXI_GammaCorrection has unconnected port S_AXI_ARPROT[0]
INFO: [Synth 8-3886] merging instance 'U0/axi_rresp_reg[0]' (FDRE) to 'U0/axi_rresp_reg[1]'
INFO: [Synth 8-3333] propagating constant 0 across sequential element (U0/\axi_rresp_reg[1] )
INFO: [Synth 8-3886] merging instance 'U0/axi_bresp_reg[0]' (FDRE) to 'U0/axi_bresp_reg[1]'
INFO: [Synth 8-3333] propagating constant 0 across sequential element (U0/\axi_bresp_reg[1] )
---------------------------------------------------------------------------------
Finished Cross Boundary and Area Optimization : Time (s): cpu = 00:00:31 ; elapsed = 00:00:32 . Memory (MB): peak = 1182.219 ; gain = 407.781
---------------------------------------------------------------------------------
---------------------------------------------------------------------------------
Start ROM, RAM, DSP and Shift Register Reporting
---------------------------------------------------------------------------------

ROM:
+--------------------+------------+---------------+----------------+
|Module Name         | RTL Object | Depth x Width | Implemented As | 
+--------------------+------------+---------------+----------------+
|StoredGammaCoefs    | p_0_out    | 1024x8        | LUT            | 
|StoredGammaCoefs    | p_0_out    | 1024x8        | LUT            | 
|StoredGammaCoefs    | p_0_out    | 1024x8        | LUT            | 
|StoredGammaCoefs    | p_0_out    | 1024x8        | LUT            | 
|AXI_GammaCorrection | p_0_out    | 1024x8        | LUT            | 
|AXI_GammaCorrection | p_0_out    | 1024x8        | LUT            | 
|AXI_GammaCorrection | p_0_out    | 1024x8        | LUT            | 
|AXI_GammaCorrection | p_0_out    | 1024x8        | LUT            | 
|AXI_GammaCorrection | p_0_out    | 1024x8        | LUT            | 
|AXI_GammaCorrection | p_0_out    | 1024x8        | LUT            | 
|AXI_GammaCorrection | p_0_out    | 1024x8        | LUT            | 
|AXI_GammaCorrection | p_0_out    | 1024x8        | LUT            | 
|AXI_GammaCorrection | p_0_out    | 1024x8        | LUT            | 
|AXI_GammaCorrection | p_0_out    | 1024x8        | LUT            | 
|AXI_GammaCorrection | p_0_out    | 1024x8        | LUT            | 
|AXI_GammaCorrection | p_0_out    | 1024x8        | LUT            | 
+--------------------+------------+---------------+----------------+

---------------------------------------------------------------------------------
Finished ROM, RAM, DSP and Shift Register Reporting
---------------------------------------------------------------------------------

Report RTL Partitions: 
+-+--------------+------------+----------+
| |RTL Partition |Replication |Instances |
+-+--------------+------------+----------+
+-+--------------+------------+----------+
---------------------------------------------------------------------------------
Start Applying XDC Timing Constraints
---------------------------------------------------------------------------------
---------------------------------------------------------------------------------
Finished Applying XDC Timing Constraints : Time (s): cpu = 00:00:38 ; elapsed = 00:00:39 . Memory (MB): peak = 1190.754 ; gain = 416.316
---------------------------------------------------------------------------------
---------------------------------------------------------------------------------
Start Timing Optimization
---------------------------------------------------------------------------------
---------------------------------------------------------------------------------
Finished Timing Optimization : Time (s): cpu = 00:00:38 ; elapsed = 00:00:39 . Memory (MB): peak = 1192.492 ; gain = 418.055
---------------------------------------------------------------------------------

Report RTL Partitions: 
+-+--------------+------------+----------+
| |RTL Partition |Replication |Instances |
+-+--------------+------------+----------+
+-+--------------+------------+----------+
---------------------------------------------------------------------------------
Start Technology Mapping
---------------------------------------------------------------------------------
---------------------------------------------------------------------------------
Finished Technology Mapping : Time (s): cpu = 00:00:39 ; elapsed = 00:00:40 . Memory (MB): peak = 1228.520 ; gain = 454.082
---------------------------------------------------------------------------------

Report RTL Partitions: 
+-+--------------+------------+----------+
| |RTL Partition |Replication |Instances |
+-+--------------+------------+----------+
+-+--------------+------------+----------+
---------------------------------------------------------------------------------
Start IO Insertion
---------------------------------------------------------------------------------
---------------------------------------------------------------------------------
Start Flattening Before IO Insertion
---------------------------------------------------------------------------------
---------------------------------------------------------------------------------
Finished Flattening Before IO Insertion
---------------------------------------------------------------------------------
---------------------------------------------------------------------------------
Start Final Netlist Cleanup
---------------------------------------------------------------------------------
---------------------------------------------------------------------------------
Finished Final Netlist Cleanup
---------------------------------------------------------------------------------
---------------------------------------------------------------------------------
Finished IO Insertion : Time (s): cpu = 00:00:43 ; elapsed = 00:00:44 . Memory (MB): peak = 1233.324 ; gain = 458.887
---------------------------------------------------------------------------------
---------------------------------------------------------------------------------
Start Renaming Generated Instances
---------------------------------------------------------------------------------
---------------------------------------------------------------------------------
Finished Renaming Generated Instances : Time (s): cpu = 00:00:43 ; elapsed = 00:00:44 . Memory (MB): peak = 1233.324 ; gain = 458.887
---------------------------------------------------------------------------------

Report RTL Partitions: 
+-+--------------+------------+----------+
| |RTL Partition |Replication |Instances |
+-+--------------+------------+----------+
+-+--------------+------------+----------+

Report Check Netlist: 
+------+------------------+-------+---------+-------+------------------+
|      |Item              |Errors |Warnings |Status |Description       |
+------+------------------+-------+---------+-------+------------------+
|1     |multi_driven_nets |      0|        0|Passed |Multi driven nets |
+------+------------------+-------+---------+-------+------------------+
---------------------------------------------------------------------------------
Start Rebuilding User Hierarchy
---------------------------------------------------------------------------------
---------------------------------------------------------------------------------
Finished Rebuilding User Hierarchy : Time (s): cpu = 00:00:43 ; elapsed = 00:00:44 . Memory (MB): peak = 1233.324 ; gain = 458.887
---------------------------------------------------------------------------------
---------------------------------------------------------------------------------
Start Renaming Generated Ports
---------------------------------------------------------------------------------
---------------------------------------------------------------------------------
Finished Renaming Generated Ports : Time (s): cpu = 00:00:43 ; elapsed = 00:00:44 . Memory (MB): peak = 1233.324 ; gain = 458.887
---------------------------------------------------------------------------------
---------------------------------------------------------------------------------
Start Handling Custom Attributes
---------------------------------------------------------------------------------
---------------------------------------------------------------------------------
Finished Handling Custom Attributes : Time (s): cpu = 00:00:43 ; elapsed = 00:00:44 . Memory (MB): peak = 1233.324 ; gain = 458.887
---------------------------------------------------------------------------------
---------------------------------------------------------------------------------
Start Renaming Generated Nets
---------------------------------------------------------------------------------
---------------------------------------------------------------------------------
Finished Renaming Generated Nets : Time (s): cpu = 00:00:43 ; elapsed = 00:00:44 . Memory (MB): peak = 1233.324 ; gain = 458.887
---------------------------------------------------------------------------------
---------------------------------------------------------------------------------
Start Writing Synthesis Report
---------------------------------------------------------------------------------

Report BlackBoxes: 
+-+--------------+----------+
| |BlackBox name |Instances |
+-+--------------+----------+
+-+--------------+----------+

Report Cell Usage: 
+------+-------+------+
|      |Cell   |Count |
+------+-------+------+
|1     |CARRY4 |    12|
|2     |LUT1   |     2|
|3     |LUT2   |    47|
|4     |LUT3   |    40|
|5     |LUT4   |    35|
|6     |LUT5   |    77|
|7     |LUT6   |  1047|
|8     |MUXF7  |   366|
|9     |MUXF8  |   142|
|10    |FDRE   |    69|
+------+-------+------+

Report Instance Areas: 
+------+----------------------------------------------------------+--------------------+------+
|      |Instance                                                  |Module              |Cells |
+------+----------------------------------------------------------+--------------------+------+
|1     |top                                                       |                    |  1837|
|2     |  U0                                                      |AXI_GammaCorrection |  1837|
|3     |    \GammaStorageCoefsGeneration[0].StoredGammaCoefsInst  |StoredGammaCoefs    |   576|
|4     |    \GammaStorageCoefsGeneration[1].StoredGammaCoefsInst  |StoredGammaCoefs_0  |   577|
|5     |    \GammaStorageCoefsGeneration[2].StoredGammaCoefsInst  |StoredGammaCoefs_1  |   580|
+------+----------------------------------------------------------+--------------------+------+
---------------------------------------------------------------------------------
Finished Writing Synthesis Report : Time (s): cpu = 00:00:43 ; elapsed = 00:00:44 . Memory (MB): peak = 1233.324 ; gain = 458.887
---------------------------------------------------------------------------------
Synthesis finished with 0 errors, 0 critical warnings and 11 warnings.
Synthesis Optimization Runtime : Time (s): cpu = 00:00:36 ; elapsed = 00:00:42 . Memory (MB): peak = 1233.324 ; gain = 365.637
Synthesis Optimization Complete : Time (s): cpu = 00:00:43 ; elapsed = 00:00:44 . Memory (MB): peak = 1233.324 ; gain = 458.887
INFO: [Project 1-571] Translating synthesized netlist
Netlist sorting complete. Time (s): cpu = 00:00:00 ; elapsed = 00:00:00.027 . Memory (MB): peak = 1245.383 ; gain = 0.000
INFO: [Netlist 29-17] Analyzing 520 Unisim elements for replacement
INFO: [Netlist 29-28] Unisim Transformation completed in 0 CPU seconds
INFO: [Project 1-570] Preparing netlist for logic optimization
INFO: [Opt 31-138] Pushed 0 inverter(s) to 0 load pin(s).
Netlist sorting complete. Time (s): cpu = 00:00:00 ; elapsed = 00:00:00 . Memory (MB): peak = 1245.383 ; gain = 0.000
INFO: [Project 1-111] Unisim Transformation Summary:
No Unisim elements were transformed.

INFO: [Common 17-83] Releasing license: Synthesis
40 Infos, 24 Warnings, 0 Critical Warnings and 0 Errors encountered.
synth_design completed successfully
synth_design: Time (s): cpu = 00:00:48 ; elapsed = 00:00:51 . Memory (MB): peak = 1245.383 ; gain = 771.617
Netlist sorting complete. Time (s): cpu = 00:00:00 ; elapsed = 00:00:00 . Memory (MB): peak = 1245.383 ; gain = 0.000
WARNING: [Constraints 18-5210] No constraints selected for write.
Resolution: This message can indicate that there are no constraints for the design, or it can indicate that the used_in flags are set such that the constraints are ignored. This later case is used when running synth_design to not write synthesis constraints to the resulting checkpoint. Instead, project constraints are read when the synthesized design is opened.
INFO: [Common 17-1381] The checkpoint 'C:/Github/Zybo_mipi/Pcam2019_sendExp/Pcam2019_sendExp.runs/system_AXI_GammaCorrection_0_0_synth_1/system_AXI_GammaCorrection_0_0.dcp' has been generated.
WARNING: [Common 17-576] 'use_project_ipc' is deprecated. This option is deprecated and no longer used.
INFO: [Coretcl 2-1648] Added synthesis output to IP cache for IP system_AXI_GammaCorrection_0_0, cache-ID = 4d46264cc81e77af
INFO: [Coretcl 2-1174] Renamed 4 cell refs.
Netlist sorting complete. Time (s): cpu = 00:00:00 ; elapsed = 00:00:00.001 . Memory (MB): peak = 1245.383 ; gain = 0.000
WARNING: [Constraints 18-5210] No constraints selected for write.
Resolution: This message can indicate that there are no constraints for the design, or it can indicate that the used_in flags are set such that the constraints are ignored. This later case is used when running synth_design to not write synthesis constraints to the resulting checkpoint. Instead, project constraints are read when the synthesized design is opened.
INFO: [Common 17-1381] The checkpoint 'C:/Github/Zybo_mipi/Pcam2019_sendExp/Pcam2019_sendExp.runs/system_AXI_GammaCorrection_0_0_synth_1/system_AXI_GammaCorrection_0_0.dcp' has been generated.
INFO: [runtcl-4] Executing : report_utilization -file system_AXI_GammaCorrection_0_0_utilization_synth.rpt -pb system_AXI_GammaCorrection_0_0_utilization_synth.pb
INFO: [Common 17-206] Exiting Vivado at Mon Dec 21 20:49:20 2020...
