13:51:04 INFO  : Launching XSCT server: xsct.bat -n  -interactive C:\Github\Zybo_mipi\LWIP\myUDP_send\temp_xsdb_launch_script.tcl
13:51:06 INFO  : XSCT server has started successfully.
13:51:06 INFO  : plnx-install-location is set to ''
13:51:06 INFO  : Successfully done setting XSCT server connection channel  
13:51:07 INFO  : Successfully done query RDI_DATADIR 
13:51:07 INFO  : Successfully done setting workspace for the tool. 
13:51:07 INFO  : Registering command handlers for Vitis TCF services
13:53:12 INFO  : Checking for BSP changes to sync application flags for project 'myUDP_send'...
17:45:28 INFO  : Launching XSCT server: xsct.bat -n  -interactive C:\Github\Zybo_mipi\LWIP\myUDP_send\temp_xsdb_launch_script.tcl
17:45:30 INFO  : XSCT server has started successfully.
17:45:30 INFO  : plnx-install-location is set to ''
17:45:30 INFO  : Successfully done setting XSCT server connection channel  
17:45:30 INFO  : Successfully done setting workspace for the tool. 
17:45:32 INFO  : Successfully done query RDI_DATADIR 
17:45:33 INFO  : Registering command handlers for Vitis TCF services
19:14:31 INFO  : Successfully done sdx_reload_mss "C:/Github/Zybo_mipi/LWIP/myUDP_send/design_1_wrapper/zynq_fsbl/zynq_fsbl_bsp/system.mss"
19:14:32 INFO  : Successfully done sdx_reload_mss "C:/Github/Zybo_mipi/LWIP/myUDP_send/design_1_wrapper/ps7_cortexa9_0/standalone_domain/bsp/system.mss"
19:14:50 INFO  : Successfully done sdx_reload_mss "C:/Github/Zybo_mipi/LWIP/myUDP_send/design_1_wrapper/ps7_cortexa9_0/standalone_domain/bsp/system.mss"
19:14:50 INFO  : No changes in MSS file content so sources will not be generated.
19:15:06 INFO  : Successfully done sdx_reload_mss "C:/Github/Zybo_mipi/LWIP/myUDP_send/design_1_wrapper/zynq_fsbl/zynq_fsbl_bsp/system.mss"
19:15:06 INFO  : No changes in MSS file content so sources will not be generated.
19:15:14 INFO  : (SwPlatform) Successfully done update_mss 
19:15:14 INFO  : No changes in MSS file content so sources will not be generated.
19:19:18 INFO  : Checking for BSP changes to sync application flags for project 'myUDP_send'...
20:47:29 INFO  : Checking for BSP changes to sync application flags for project 'myUDP_send'...
20:59:09 INFO  : Successfully done sdx_reload_mss "C:/Github/Zybo_mipi/LWIP/myUDP_send/design_1_wrapper/ps7_cortexa9_0/standalone_domain/bsp/system.mss"
20:59:27 INFO  : Successfully done sdx_reload_mss "C:/Github/Zybo_mipi/LWIP/myUDP_send/design_1_wrapper/ps7_cortexa9_0/standalone_domain/bsp/system.mss"
20:59:27 INFO  : No changes in MSS file content so sources will not be generated.
16:16:11 INFO  : Launching XSCT server: xsct.bat -n  -interactive C:\Github\Zybo_mipi\LWIP\myUDP_send\temp_xsdb_launch_script.tcl
16:16:13 INFO  : XSCT server has started successfully.
16:16:14 INFO  : Registering command handlers for Vitis TCF services
16:16:19 INFO  : plnx-install-location is set to ''
16:16:19 INFO  : Successfully done setting XSCT server connection channel  
16:16:19 INFO  : Successfully done query RDI_DATADIR 
16:16:19 INFO  : Successfully done setting workspace for the tool. 
16:16:21 INFO  : Successfully done sdx_reload_mss "C:/Github/Zybo_mipi/LWIP/myUDP_send/design_1_wrapper/ps7_cortexa9_0/standalone_domain/bsp/system.mss"
17:45:56 INFO  : Launching XSCT server: xsct.bat -n  -interactive C:\Github\Zybo_mipi\LWIP\myUDP_send\temp_xsdb_launch_script.tcl
17:46:00 INFO  : Registering command handlers for Vitis TCF services
17:46:00 INFO  : XSCT server has started successfully.
17:46:00 INFO  : plnx-install-location is set to ''
17:46:04 INFO  : Successfully done setting XSCT server connection channel  
17:46:04 INFO  : Successfully done query RDI_DATADIR 
17:46:04 INFO  : Successfully done setting workspace for the tool. 
