
****** Vivado v2019.2 (64-bit)
  **** SW Build 2708876 on Wed Nov  6 21:40:23 MST 2019
  **** IP Build 2700528 on Thu Nov  7 00:09:20 MST 2019
    ** Copyright 1986-2019 Xilinx, Inc. All Rights Reserved.

source c:/Users/ivr/Documents/GitHub/Zybo_mipi/zybo_ov5640/zybo_ov5640.runs/impl_1/.Xil/Vivado-11292-LAPTOP-AG87OV99/dc_drv.0/dc/debug_ip_core.tcl
# set_param project.singleFileAddWarning.threshold 0
# set_param chipscope.maxJobs 2
# set_param synth.enableIncremental 0
# set_param chipscope.flow 0
# set script_paths c:/Users/ivr/Documents/GitHub/Zybo_mipi/zybo_ov5640/zybo_ov5640.runs/impl_1/.Xil/Vivado-11292-LAPTOP-AG87OV99/dbg_hub_CV.0/out/get_cs_ip.tcl
# foreach script_path $script_paths { 
#     source $script_path
#     lappend debug_ip_vlnv $ip_vlnv 
#     lappend debug_ip_module_name $ip_module_name
#     lappend debug_params $params
#     lappend debug_output_xci $output_xci
#     lappend debug_output_dcp $output_dcp
#     lappend debug_output_dir $output_dir
#     lappend debug_synth_opts $synth_opts
#     lappend debug_xdc_files $xdc_files
# }
## set_param project.singleFileAddWarning.threshold 0
## set_param chipscope.maxJobs 2
## set_param synth.enableIncremental 0
## set_param chipscope.flow 0
## set part xc7z020clg400-1
## set board_part_repo_paths {}
## set board_part digilentinc.com:zybo-z7-20:part0:1.0
## set board_connections {}
## set tool_flow Vivado
## set ip_vlnv xilinx.com:ip:xsdbm:3.0
## set ip_module_name dbg_hub
## set params {{{PARAM_VALUE.C_BSCAN_MODE} {false} {PARAM_VALUE.C_BSCAN_MODE_WITH_CORE} {false} {PARAM_VALUE.C_CLK_INPUT_FREQ_HZ} {300000000} {PARAM_VALUE.C_ENABLE_CLK_DIVIDER} {false} {PARAM_VALUE.C_EN_BSCANID_VEC} {false} {PARAM_VALUE.C_NUM_BSCAN_MASTER_PORTS} {0} {PARAM_VALUE.C_TWO_PRIM_MODE} {false} {PARAM_VALUE.C_USER_SCAN_CHAIN} {1} {PARAM_VALUE.C_USE_EXT_BSCAN} {false} {PARAM_VALUE.C_XSDB_NUM_SLAVES} {2}}}
## set output_xci c:/Users/ivr/Documents/GitHub/Zybo_mipi/zybo_ov5640/zybo_ov5640.runs/impl_1/.Xil/Vivado-11292-LAPTOP-AG87OV99/dbg_hub_CV.0/out/result.xci
## set output_dcp c:/Users/ivr/Documents/GitHub/Zybo_mipi/zybo_ov5640/zybo_ov5640.runs/impl_1/.Xil/Vivado-11292-LAPTOP-AG87OV99/dbg_hub_CV.0/out/result.dcp
## set output_dir c:/Users/ivr/Documents/GitHub/Zybo_mipi/zybo_ov5640/zybo_ov5640.runs/impl_1/.Xil/Vivado-11292-LAPTOP-AG87OV99/dbg_hub_CV.0/out
## set ip_repo_paths C:/Users/ivr/Downloads/vivado-library-master/vivado-library-master
## set ip_output_repo C:/Users/ivr/Documents/GitHub/Zybo_mipi/zybo_ov5640/zybo_ov5640.cache/ip
## set ip_cache_permissions {read write}
## set oopbus_ip_repo_paths [get_param chipscope.oopbus_ip_repo_paths]
## set synth_opts {}
## set xdc_files {}
# set debug_ip_repo_paths $ip_repo_paths
# set debug_ip_output_repo $ip_output_repo
# set debug_ip_cache_permissions $ip_cache_permissions
# set debug_oopbus_ip_repo_paths [get_param chipscope.oopbus_ip_repo_paths]
# set ordering_constrs 1
# set jobs 2
# source {C:/Xilinx/Vivado/2019.2/scripts/ip/ipxchipscope.tcl}
INFO: [ProjectBase 1-489] The host OS only allows 260 characters in a normal path. The project is stored in a path with more than 80 characters. If you experience issues with IP, Block Designs, or files not being found, please consider moving the project to a location with a shorter path. Alternately consider using the OS subst command to map part of the path to a drive letter.
Current project path is 'c:/Users/ivr/Documents/GitHub/Zybo_mipi/zybo_ov5640/zybo_ov5640.runs/impl_1/.Xil/Vivado-11292-LAPTOP-AG87OV99/dc_drv.0/dc'
INFO: [IP_Flow 19-234] Refreshing IP repositories
INFO: [IP_Flow 19-1700] Loaded user IP repository 'c:/Users/ivr/Downloads/vivado-library-master/vivado-library-master'.
INFO: [IP_Flow 19-2313] Loaded Vivado IP repository 'C:/Xilinx/Vivado/2019.2/data/ip'.
IP SYNTH XDC FILES = 

c:/Users/ivr/Documents/GitHub/Zybo_mipi/zybo_ov5640/zybo_ov5640.runs/impl_1/.Xil/Vivado-11292-LAPTOP-AG87OV99/dc_drv.0/dc/prj_ip.srcs/sources_1/ip/dbg_hub/dbg_hub.xci
INFO: [IP_Flow 19-1686] Generating 'Instantiation Template' target for IP 'dbg_hub'...
INFO: [IP_Flow 19-1686] Generating 'Synthesis' target for IP 'dbg_hub'...
INFO: [IP_Flow 19-1686] Generating 'Simulation' target for IP 'dbg_hub'...
generation completed successfully
Succeeded copying xdc_files
Succeeded copying xci files
INFO: [IP_Flow 19-4838] Using cached IP synthesis design for IP dbg_hub, cache-ID = 5b17e8b6a5b9eb53.
INFO: [InternalMarking_CacheHit-1] dbg_hub 5b17e8b6a5b9eb53
# set failed [catch {ipx::chipscope::run_multi_gen_and_synth_ip_core $part $board_part $board_connections $board_part_repo_paths $tool_flow $debug_ip_vlnv $debug_ip_module_name $debug_params $debug_output_xci $debug_output_dcp $debug_output_dir $debug_ip_repo_paths $debug_ip_output_repo $debug_ip_cache_permissions $debug_oopbus_ip_repo_paths $debug_synth_opts $debug_xdc_files $ordering_constrs $jobs} errMessage]
# if { $failed } {
# send_msg_id {IP_Flow 19-3805} ERROR "Failed to generate and synthesize debug IPs. \n $errMessage"
#   exit 1
# }
INFO: [Common 17-206] Exiting Vivado at Fri Aug 14 19:12:46 2020...
