
*** Running vivado
    with args -log system_wrapper.vdi -applog -m64 -product Vivado -messageDb vivado.pb -mode batch -source system_wrapper.tcl -notrace


****** Vivado v2019.2 (64-bit)
  **** SW Build 2708876 on Wed Nov  6 21:40:23 MST 2019
  **** IP Build 2700528 on Thu Nov  7 00:09:20 MST 2019
    ** Copyright 1986-2019 Xilinx, Inc. All Rights Reserved.

source system_wrapper.tcl -notrace
INFO: [IP_Flow 19-234] Refreshing IP repositories
INFO: [IP_Flow 19-1700] Loaded user IP repository 'c:/Users/fpga/Documents/Github/Zybo_mipi/Zybo-Z7-20-pcam-5c-2019.1/Zybo-Z7-20-pcam-5c-2019.1/vivado_proj/Zybo-Z7-20-pcam-5c.ipdefs/repo_0'.
INFO: [IP_Flow 19-2313] Loaded Vivado IP repository 'C:/Xilinx/Vivado/2019.2/data/ip'.
WARNING: [IP_Flow 19-4995] The host OS only allows 260 characters in a normal path. The IP cache path is more than 80 characters. If you experience issues with IP caching, please consider changing the IP cache to a location with a shorter path. Alternately consider using the OS subst command to map part of the path to a drive letter. 
Current IP cache path is C:/Users/fpga/Documents/Github/Zybo_mipi/Zybo-Z7-20-pcam-5c-2019.1/Zybo-Z7-20-pcam-5c-2019.1/vivado_proj/Zybo-Z7-20-pcam-5c.cache/ip 
add_files: Time (s): cpu = 00:00:10 ; elapsed = 00:00:13 . Memory (MB): peak = 596.301 ; gain = 130.805
Command: link_design -top system_wrapper -part xc7z020clg400-1
Design is defaulting to srcset: sources_1
Design is defaulting to constrset: constrs_1
INFO: [Device 21-403] Loading part xc7z020clg400-1
INFO: [Project 1-454] Reading design checkpoint 'c:/Users/fpga/Documents/Github/Zybo_mipi/Zybo-Z7-20-pcam-5c-2019.1/Zybo-Z7-20-pcam-5c-2019.1/vivado_proj/Zybo-Z7-20-pcam-5c.srcs/sources_1/bd/system/ip/system_AXI_BayerToRGB_1_0/system_AXI_BayerToRGB_1_0.dcp' for cell 'system_i/AXI_BayerToRGB_1'
INFO: [Project 1-454] Reading design checkpoint 'c:/Users/fpga/Documents/Github/Zybo_mipi/Zybo-Z7-20-pcam-5c-2019.1/Zybo-Z7-20-pcam-5c-2019.1/vivado_proj/Zybo-Z7-20-pcam-5c.srcs/sources_1/bd/system/ip/system_AXI_GammaCorrection_0_0/system_AXI_GammaCorrection_0_0.dcp' for cell 'system_i/AXI_GammaCorrection_0'
INFO: [Project 1-454] Reading design checkpoint 'c:/Users/fpga/Documents/Github/Zybo_mipi/Zybo-Z7-20-pcam-5c-2019.1/Zybo-Z7-20-pcam-5c-2019.1/vivado_proj/Zybo-Z7-20-pcam-5c.srcs/sources_1/bd/system/ip/system_DVIClocking_0_0/system_DVIClocking_0_0.dcp' for cell 'system_i/DVIClocking_0'
INFO: [Project 1-454] Reading design checkpoint 'c:/Users/fpga/Documents/Github/Zybo_mipi/Zybo-Z7-20-pcam-5c-2019.1/Zybo-Z7-20-pcam-5c-2019.1/vivado_proj/Zybo-Z7-20-pcam-5c.srcs/sources_1/bd/system/ip/system_MIPI_CSI_2_RX_0_0/system_MIPI_CSI_2_RX_0_0.dcp' for cell 'system_i/MIPI_CSI_2_RX_0'
INFO: [Project 1-454] Reading design checkpoint 'c:/Users/fpga/Documents/Github/Zybo_mipi/Zybo-Z7-20-pcam-5c-2019.1/Zybo-Z7-20-pcam-5c-2019.1/vivado_proj/Zybo-Z7-20-pcam-5c.srcs/sources_1/bd/system/ip/system_MIPI_D_PHY_RX_0_0/system_MIPI_D_PHY_RX_0_0.dcp' for cell 'system_i/MIPI_D_PHY_RX_0'
INFO: [Project 1-454] Reading design checkpoint 'c:/Users/fpga/Documents/Github/Zybo_mipi/Zybo-Z7-20-pcam-5c-2019.1/Zybo-Z7-20-pcam-5c-2019.1/vivado_proj/Zybo-Z7-20-pcam-5c.srcs/sources_1/bd/system/ip/system_axi_vdma_0_0/system_axi_vdma_0_0.dcp' for cell 'system_i/axi_vdma_0'
INFO: [Project 1-454] Reading design checkpoint 'c:/Users/fpga/Documents/Github/Zybo_mipi/Zybo-Z7-20-pcam-5c-2019.1/Zybo-Z7-20-pcam-5c-2019.1/vivado_proj/Zybo-Z7-20-pcam-5c.srcs/sources_1/bd/system/ip/system_clk_wiz_0_0/system_clk_wiz_0_0.dcp' for cell 'system_i/clk_wiz_0'
INFO: [Project 1-454] Reading design checkpoint 'c:/Users/fpga/Documents/Github/Zybo_mipi/Zybo-Z7-20-pcam-5c-2019.1/Zybo-Z7-20-pcam-5c-2019.1/vivado_proj/Zybo-Z7-20-pcam-5c.srcs/sources_1/bd/system/ip/system_processing_system7_0_0/system_processing_system7_0_0.dcp' for cell 'system_i/processing_system7_0'
INFO: [Project 1-454] Reading design checkpoint 'c:/Users/fpga/Documents/Github/Zybo_mipi/Zybo-Z7-20-pcam-5c-2019.1/Zybo-Z7-20-pcam-5c-2019.1/vivado_proj/Zybo-Z7-20-pcam-5c.srcs/sources_1/bd/system/ip/system_rgb2dvi_0_0/system_rgb2dvi_0_0.dcp' for cell 'system_i/rgb2dvi_0'
INFO: [Project 1-454] Reading design checkpoint 'c:/Users/fpga/Documents/Github/Zybo_mipi/Zybo-Z7-20-pcam-5c-2019.1/Zybo-Z7-20-pcam-5c-2019.1/vivado_proj/Zybo-Z7-20-pcam-5c.srcs/sources_1/bd/system/ip/system_rst_clk_wiz_0_50M_0/system_rst_clk_wiz_0_50M_0.dcp' for cell 'system_i/rst_clk_wiz_0_50M'
INFO: [Project 1-454] Reading design checkpoint 'c:/Users/fpga/Documents/Github/Zybo_mipi/Zybo-Z7-20-pcam-5c-2019.1/Zybo-Z7-20-pcam-5c-2019.1/vivado_proj/Zybo-Z7-20-pcam-5c.srcs/sources_1/bd/system/ip/system_rst_system_150M_0/system_rst_system_150M_0.dcp' for cell 'system_i/rst_system_150M'
INFO: [Project 1-454] Reading design checkpoint 'c:/Users/fpga/Documents/Github/Zybo_mipi/Zybo-Z7-20-pcam-5c-2019.1/Zybo-Z7-20-pcam-5c-2019.1/vivado_proj/Zybo-Z7-20-pcam-5c.srcs/sources_1/bd/system/ip/system_rst_vid_clk_dyn_0/system_rst_vid_clk_dyn_0.dcp' for cell 'system_i/rst_vid_clk_dyn'
INFO: [Project 1-454] Reading design checkpoint 'c:/Users/fpga/Documents/Github/Zybo_mipi/Zybo-Z7-20-pcam-5c-2019.1/Zybo-Z7-20-pcam-5c-2019.1/vivado_proj/Zybo-Z7-20-pcam-5c.srcs/sources_1/bd/system/ip/system_system_ila_0_2/system_system_ila_0_2.dcp' for cell 'system_i/system_ila_0'
INFO: [Project 1-454] Reading design checkpoint 'c:/Users/fpga/Documents/Github/Zybo_mipi/Zybo-Z7-20-pcam-5c-2019.1/Zybo-Z7-20-pcam-5c-2019.1/vivado_proj/Zybo-Z7-20-pcam-5c.srcs/sources_1/bd/system/ip/system_v_axi4s_vid_out_0_0/system_v_axi4s_vid_out_0_0.dcp' for cell 'system_i/v_axi4s_vid_out_0'
INFO: [Project 1-454] Reading design checkpoint 'c:/Users/fpga/Documents/Github/Zybo_mipi/Zybo-Z7-20-pcam-5c-2019.1/Zybo-Z7-20-pcam-5c-2019.1/vivado_proj/Zybo-Z7-20-pcam-5c.srcs/sources_1/bd/system/ip/system_video_dynclk_0/system_video_dynclk_0.dcp' for cell 'system_i/video_dynclk'
INFO: [Project 1-454] Reading design checkpoint 'c:/Users/fpga/Documents/Github/Zybo_mipi/Zybo-Z7-20-pcam-5c-2019.1/Zybo-Z7-20-pcam-5c-2019.1/vivado_proj/Zybo-Z7-20-pcam-5c.srcs/sources_1/bd/system/ip/system_vtg_0/system_vtg_0.dcp' for cell 'system_i/vtg'
INFO: [Project 1-454] Reading design checkpoint 'c:/Users/fpga/Documents/Github/Zybo_mipi/Zybo-Z7-20-pcam-5c-2019.1/Zybo-Z7-20-pcam-5c-2019.1/vivado_proj/Zybo-Z7-20-pcam-5c.srcs/sources_1/bd/system/ip/system_auto_pc_0/system_auto_pc_0.dcp' for cell 'system_i/axi_mem_intercon/s00_couplers/auto_pc'
INFO: [Project 1-454] Reading design checkpoint 'c:/Users/fpga/Documents/Github/Zybo_mipi/Zybo-Z7-20-pcam-5c-2019.1/Zybo-Z7-20-pcam-5c-2019.1/vivado_proj/Zybo-Z7-20-pcam-5c.srcs/sources_1/bd/system/ip/system_auto_pc_1/system_auto_pc_1.dcp' for cell 'system_i/axi_mem_intercon_1/s00_couplers/auto_pc'
INFO: [Project 1-454] Reading design checkpoint 'c:/Users/fpga/Documents/Github/Zybo_mipi/Zybo-Z7-20-pcam-5c-2019.1/Zybo-Z7-20-pcam-5c-2019.1/vivado_proj/Zybo-Z7-20-pcam-5c.srcs/sources_1/bd/system/ip/system_xbar_0/system_xbar_0.dcp' for cell 'system_i/ps7_0_axi_periph/xbar'
INFO: [Project 1-454] Reading design checkpoint 'c:/Users/fpga/Documents/Github/Zybo_mipi/Zybo-Z7-20-pcam-5c-2019.1/Zybo-Z7-20-pcam-5c-2019.1/vivado_proj/Zybo-Z7-20-pcam-5c.srcs/sources_1/bd/system/ip/system_auto_pc_2/system_auto_pc_2.dcp' for cell 'system_i/ps7_0_axi_periph/s00_couplers/auto_pc'
Netlist sorting complete. Time (s): cpu = 00:00:00 ; elapsed = 00:00:00.605 . Memory (MB): peak = 978.203 ; gain = 0.000
INFO: [Netlist 29-17] Analyzing 1273 Unisim elements for replacement
INFO: [Netlist 29-28] Unisim Transformation completed in 0 CPU seconds
INFO: [Project 1-479] Netlist was created with Vivado 2019.2
INFO: [Project 1-570] Preparing netlist for logic optimization
INFO: [Chipscope 16-324] Core: system_i/system_ila_0/U0/ila_lib UUID: 2c881683-5cb2-5cd0-9f93-b9802d089541 
Parsing XDC File [c:/Users/fpga/Documents/Github/Zybo_mipi/Zybo-Z7-20-pcam-5c-2019.1/Zybo-Z7-20-pcam-5c-2019.1/vivado_proj/Zybo-Z7-20-pcam-5c.srcs/sources_1/bd/system/ip/system_AXI_GammaCorrection_0_0/xdc/AXI_GammaCorrection.xdc] for cell 'system_i/AXI_GammaCorrection_0/U0'
Finished Parsing XDC File [c:/Users/fpga/Documents/Github/Zybo_mipi/Zybo-Z7-20-pcam-5c-2019.1/Zybo-Z7-20-pcam-5c-2019.1/vivado_proj/Zybo-Z7-20-pcam-5c.srcs/sources_1/bd/system/ip/system_AXI_GammaCorrection_0_0/xdc/AXI_GammaCorrection.xdc] for cell 'system_i/AXI_GammaCorrection_0/U0'
CRITICAL WARNING: [Designutils 20-1280] Could not find module 'ila_vidclk'. The XDC file c:/Users/fpga/Documents/Github/Zybo_mipi/Zybo-Z7-20-pcam-5c-2019.1/Zybo-Z7-20-pcam-5c-2019.1/vivado_proj/Zybo-Z7-20-pcam-5c.srcs/sources_1/bd/system/ip/system_MIPI_CSI_2_RX_0_0/hdl/ila_vidclk/ila_v6_2/constraints/ila.xdc will not be read for any cell of this module.
CRITICAL WARNING: [Designutils 20-1280] Could not find module 'ila_rxclk_lane'. The XDC file c:/Users/fpga/Documents/Github/Zybo_mipi/Zybo-Z7-20-pcam-5c-2019.1/Zybo-Z7-20-pcam-5c-2019.1/vivado_proj/Zybo-Z7-20-pcam-5c.srcs/sources_1/bd/system/ip/system_MIPI_CSI_2_RX_0_0/hdl/ila_rxclk_lane/ila_v6_2/constraints/ila.xdc will not be read for any cell of this module.
CRITICAL WARNING: [Designutils 20-1280] Could not find module 'ila_rxclk'. The XDC file c:/Users/fpga/Documents/Github/Zybo_mipi/Zybo-Z7-20-pcam-5c-2019.1/Zybo-Z7-20-pcam-5c-2019.1/vivado_proj/Zybo-Z7-20-pcam-5c.srcs/sources_1/bd/system/ip/system_MIPI_CSI_2_RX_0_0/hdl/ila_rxclk/ila_v6_2/constraints/ila.xdc will not be read for any cell of this module.
Parsing XDC File [c:/Users/fpga/Documents/Github/Zybo_mipi/Zybo-Z7-20-pcam-5c-2019.1/Zybo-Z7-20-pcam-5c-2019.1/vivado_proj/Zybo-Z7-20-pcam-5c.srcs/sources_1/bd/system/ip/system_MIPI_CSI_2_RX_0_0/hdl/cdc_fifo/cdc_fifo.xdc] for cell 'system_i/MIPI_CSI_2_RX_0/U0/MIPI_CSI2_Rx_inst/LLP_inst/DataFIFO/U0'
Finished Parsing XDC File [c:/Users/fpga/Documents/Github/Zybo_mipi/Zybo-Z7-20-pcam-5c-2019.1/Zybo-Z7-20-pcam-5c-2019.1/vivado_proj/Zybo-Z7-20-pcam-5c.srcs/sources_1/bd/system/ip/system_MIPI_CSI_2_RX_0_0/hdl/cdc_fifo/cdc_fifo.xdc] for cell 'system_i/MIPI_CSI_2_RX_0/U0/MIPI_CSI2_Rx_inst/LLP_inst/DataFIFO/U0'
Parsing XDC File [c:/Users/fpga/Documents/Github/Zybo_mipi/Zybo-Z7-20-pcam-5c-2019.1/Zybo-Z7-20-pcam-5c-2019.1/vivado_proj/Zybo-Z7-20-pcam-5c.srcs/sources_1/bd/system/ip/system_MIPI_CSI_2_RX_0_0/hdl/mipi_csi2_rx.xdc] for cell 'system_i/MIPI_CSI_2_RX_0/U0'
WARNING: [Vivado 12-508] No pins matched 'get_pins -hierarchical -filter {NAME =~ *allx_typeA_match_detection.ltlib_v1_0_0_allx_typeA_inst/DUT/I_WHOLE_SLICE.G_SLICE_IDX[*].U_ALL_SRL_SLICE/u_srl*/S*/CLK}'. [c:/Users/fpga/Documents/Github/Zybo_mipi/Zybo-Z7-20-pcam-5c-2019.1/Zybo-Z7-20-pcam-5c-2019.1/vivado_proj/Zybo-Z7-20-pcam-5c.srcs/sources_1/bd/system/ip/system_MIPI_CSI_2_RX_0_0/hdl/mipi_csi2_rx.xdc:45]
WARNING: [Vivado 12-508] No pins matched 'get_pins -hierarchical -filter {NAME =~ *allx_typeA_match_detection.ltlib_v1_0_0_allx_typeA_inst/DUT/I_WHOLE_SLICE.G_SLICE_IDX[*].U_ALL_SRL_SLICE/I_IS_TERMINATION_SLICE_W_OUTPUT_REG.DOUT_O_reg/D}'. [c:/Users/fpga/Documents/Github/Zybo_mipi/Zybo-Z7-20-pcam-5c-2019.1/Zybo-Z7-20-pcam-5c-2019.1/vivado_proj/Zybo-Z7-20-pcam-5c.srcs/sources_1/bd/system/ip/system_MIPI_CSI_2_RX_0_0/hdl/mipi_csi2_rx.xdc:45]
CRITICAL WARNING: [Vivado 12-4739] set_false_path:No valid object(s) found for '-from [get_pins -hierarchical -filter {NAME =~ *allx_typeA_match_detection.ltlib_v1_0_0_allx_typeA_inst/DUT/I_WHOLE_SLICE.G_SLICE_IDX[*].U_ALL_SRL_SLICE/u_srl*/S*/CLK}]'. [c:/Users/fpga/Documents/Github/Zybo_mipi/Zybo-Z7-20-pcam-5c-2019.1/Zybo-Z7-20-pcam-5c-2019.1/vivado_proj/Zybo-Z7-20-pcam-5c.srcs/sources_1/bd/system/ip/system_MIPI_CSI_2_RX_0_0/hdl/mipi_csi2_rx.xdc:45]
Resolution: Check if the specified object(s) exists in the current design. If it does, ensure that the correct design hierarchy was specified for the object. If you are working with clocks, make sure create_clock was used to create the clock object before it is referenced.
WARNING: [Vivado 12-508] No pins matched 'get_pins -hierarchical -filter { NAME =~  "*ila_core_inst/u_ila_cap_ctrl/u_cap_addrgen/u_cap_sample_counter/u_scnt_cmp/allx_typeA_match_detection.ltlib_v1_0_0_allx_typeA_inst/DUT/I_WHOLE_SLICE.G_SLICE_IDX[*].U_ALL_SRL_SLICE/u_srl*/S*/CLK*"}'. [c:/Users/fpga/Documents/Github/Zybo_mipi/Zybo-Z7-20-pcam-5c-2019.1/Zybo-Z7-20-pcam-5c-2019.1/vivado_proj/Zybo-Z7-20-pcam-5c.srcs/sources_1/bd/system/ip/system_MIPI_CSI_2_RX_0_0/hdl/mipi_csi2_rx.xdc:50]
WARNING: [Vivado 12-180] No cells matched 'get_cells -hierarchical -filter { NAME =~  "*ila_core_inst/u_ila_cap_ctrl/u_cap_addrgen/u_cap_sample_counter/u_scnt_cmp_q*" && IS_SEQUENTIAL }'. [c:/Users/fpga/Documents/Github/Zybo_mipi/Zybo-Z7-20-pcam-5c-2019.1/Zybo-Z7-20-pcam-5c-2019.1/vivado_proj/Zybo-Z7-20-pcam-5c.srcs/sources_1/bd/system/ip/system_MIPI_CSI_2_RX_0_0/hdl/mipi_csi2_rx.xdc:50]
CRITICAL WARNING: [Vivado 12-4739] set_false_path:No valid object(s) found for '-from [get_pins -hierarchical -filter { NAME =~  "*ila_core_inst/u_ila_cap_ctrl/u_cap_addrgen/u_cap_sample_counter/u_scnt_cmp/allx_typeA_match_detection.ltlib_v1_0_0_allx_typeA_inst/DUT/I_WHOLE_SLICE.G_SLICE_IDX[*].U_ALL_SRL_SLICE/u_srl*/S*/CLK*"}]'. [c:/Users/fpga/Documents/Github/Zybo_mipi/Zybo-Z7-20-pcam-5c-2019.1/Zybo-Z7-20-pcam-5c-2019.1/vivado_proj/Zybo-Z7-20-pcam-5c.srcs/sources_1/bd/system/ip/system_MIPI_CSI_2_RX_0_0/hdl/mipi_csi2_rx.xdc:50]
Resolution: Check if the specified object(s) exists in the current design. If it does, ensure that the correct design hierarchy was specified for the object. If you are working with clocks, make sure create_clock was used to create the clock object before it is referenced.
WARNING: [Vivado 12-508] No pins matched 'get_pins -hierarchical -filter { NAME =~  "*ila_core_inst/u_ila_cap_ctrl/u_cap_addrgen/u_cap_window_counter/u_wcnt_lcmp/allx_typeA_match_detection.ltlib_v1_0_0_allx_typeA_inst/DUT/I_WHOLE_SLICE.G_SLICE_IDX[*].U_ALL_SRL_SLICE/u_srl*/S*/CLK*"}'. [c:/Users/fpga/Documents/Github/Zybo_mipi/Zybo-Z7-20-pcam-5c-2019.1/Zybo-Z7-20-pcam-5c-2019.1/vivado_proj/Zybo-Z7-20-pcam-5c.srcs/sources_1/bd/system/ip/system_MIPI_CSI_2_RX_0_0/hdl/mipi_csi2_rx.xdc:55]
WARNING: [Vivado 12-180] No cells matched 'get_cells -hierarchical -filter { NAME =~  "*ila_core_inst/u_ila_cap_ctrl/u_cap_addrgen/u_cap_window_counter/u_wcnt_lcmp_q*" && IS_SEQUENTIAL }'. [c:/Users/fpga/Documents/Github/Zybo_mipi/Zybo-Z7-20-pcam-5c-2019.1/Zybo-Z7-20-pcam-5c-2019.1/vivado_proj/Zybo-Z7-20-pcam-5c.srcs/sources_1/bd/system/ip/system_MIPI_CSI_2_RX_0_0/hdl/mipi_csi2_rx.xdc:55]
CRITICAL WARNING: [Vivado 12-4739] set_false_path:No valid object(s) found for '-from [get_pins -hierarchical -filter { NAME =~  "*ila_core_inst/u_ila_cap_ctrl/u_cap_addrgen/u_cap_window_counter/u_wcnt_lcmp/allx_typeA_match_detection.ltlib_v1_0_0_allx_typeA_inst/DUT/I_WHOLE_SLICE.G_SLICE_IDX[*].U_ALL_SRL_SLICE/u_srl*/S*/CLK*"}]'. [c:/Users/fpga/Documents/Github/Zybo_mipi/Zybo-Z7-20-pcam-5c-2019.1/Zybo-Z7-20-pcam-5c-2019.1/vivado_proj/Zybo-Z7-20-pcam-5c.srcs/sources_1/bd/system/ip/system_MIPI_CSI_2_RX_0_0/hdl/mipi_csi2_rx.xdc:55]
Resolution: Check if the specified object(s) exists in the current design. If it does, ensure that the correct design hierarchy was specified for the object. If you are working with clocks, make sure create_clock was used to create the clock object before it is referenced.
WARNING: [Vivado 12-508] No pins matched 'get_pins -hierarchical -filter { NAME =~  "*ila_core_inst/u_ila_cap_ctrl/u_cap_addrgen/u_cap_window_counter/u_wcnt_hcmp/allx_typeA_match_detection.ltlib_v1_0_0_allx_typeA_inst/DUT/I_WHOLE_SLICE.G_SLICE_IDX[*].U_ALL_SRL_SLICE/u_srl*/S*/CLK*"}'. [c:/Users/fpga/Documents/Github/Zybo_mipi/Zybo-Z7-20-pcam-5c-2019.1/Zybo-Z7-20-pcam-5c-2019.1/vivado_proj/Zybo-Z7-20-pcam-5c.srcs/sources_1/bd/system/ip/system_MIPI_CSI_2_RX_0_0/hdl/mipi_csi2_rx.xdc:56]
WARNING: [Vivado 12-180] No cells matched 'get_cells -hierarchical -filter { NAME =~  "*ila_core_inst/u_ila_cap_ctrl/u_cap_addrgen/u_cap_window_counter/u_wcnt_hcmp_q*" && IS_SEQUENTIAL }'. [c:/Users/fpga/Documents/Github/Zybo_mipi/Zybo-Z7-20-pcam-5c-2019.1/Zybo-Z7-20-pcam-5c-2019.1/vivado_proj/Zybo-Z7-20-pcam-5c.srcs/sources_1/bd/system/ip/system_MIPI_CSI_2_RX_0_0/hdl/mipi_csi2_rx.xdc:56]
CRITICAL WARNING: [Vivado 12-4739] set_false_path:No valid object(s) found for '-from [get_pins -hierarchical -filter { NAME =~  "*ila_core_inst/u_ila_cap_ctrl/u_cap_addrgen/u_cap_window_counter/u_wcnt_hcmp/allx_typeA_match_detection.ltlib_v1_0_0_allx_typeA_inst/DUT/I_WHOLE_SLICE.G_SLICE_IDX[*].U_ALL_SRL_SLICE/u_srl*/S*/CLK*"}]'. [c:/Users/fpga/Documents/Github/Zybo_mipi/Zybo-Z7-20-pcam-5c-2019.1/Zybo-Z7-20-pcam-5c-2019.1/vivado_proj/Zybo-Z7-20-pcam-5c.srcs/sources_1/bd/system/ip/system_MIPI_CSI_2_RX_0_0/hdl/mipi_csi2_rx.xdc:56]
Resolution: Check if the specified object(s) exists in the current design. If it does, ensure that the correct design hierarchy was specified for the object. If you are working with clocks, make sure create_clock was used to create the clock object before it is referenced.
Finished Parsing XDC File [c:/Users/fpga/Documents/Github/Zybo_mipi/Zybo-Z7-20-pcam-5c-2019.1/Zybo-Z7-20-pcam-5c-2019.1/vivado_proj/Zybo-Z7-20-pcam-5c.srcs/sources_1/bd/system/ip/system_MIPI_CSI_2_RX_0_0/hdl/mipi_csi2_rx.xdc] for cell 'system_i/MIPI_CSI_2_RX_0/U0'
CRITICAL WARNING: [Designutils 20-1280] Could not find module 'ila_scnn_refclk'. The XDC file c:/Users/fpga/Documents/Github/Zybo_mipi/Zybo-Z7-20-pcam-5c-2019.1/Zybo-Z7-20-pcam-5c-2019.1/vivado_proj/Zybo-Z7-20-pcam-5c.srcs/sources_1/bd/system/ip/system_MIPI_D_PHY_RX_0_0/hdl/ila_scnn_refclk/ila_v6_2/constraints/ila.xdc will not be read for any cell of this module.
CRITICAL WARNING: [Designutils 20-1280] Could not find module 'ila_sfen_refclk'. The XDC file c:/Users/fpga/Documents/Github/Zybo_mipi/Zybo-Z7-20-pcam-5c-2019.1/Zybo-Z7-20-pcam-5c-2019.1/vivado_proj/Zybo-Z7-20-pcam-5c.srcs/sources_1/bd/system/ip/system_MIPI_D_PHY_RX_0_0/hdl/ila_sfen_refclk/ila_v6_2/constraints/ila.xdc will not be read for any cell of this module.
CRITICAL WARNING: [Designutils 20-1280] Could not find module 'ila_sfen_rxclk'. The XDC file c:/Users/fpga/Documents/Github/Zybo_mipi/Zybo-Z7-20-pcam-5c-2019.1/Zybo-Z7-20-pcam-5c-2019.1/vivado_proj/Zybo-Z7-20-pcam-5c.srcs/sources_1/bd/system/ip/system_MIPI_D_PHY_RX_0_0/hdl/ila_sfen_rxclk/ila_v6_2/constraints/ila.xdc will not be read for any cell of this module.
Parsing XDC File [c:/Users/fpga/Documents/Github/Zybo_mipi/Zybo-Z7-20-pcam-5c-2019.1/Zybo-Z7-20-pcam-5c-2019.1/vivado_proj/Zybo-Z7-20-pcam-5c.srcs/sources_1/bd/system/ip/system_MIPI_D_PHY_RX_0_0/hdl/MIPI_DPHY_Receiver.xdc] for cell 'system_i/MIPI_D_PHY_RX_0/U0'
Finished Parsing XDC File [c:/Users/fpga/Documents/Github/Zybo_mipi/Zybo-Z7-20-pcam-5c-2019.1/Zybo-Z7-20-pcam-5c-2019.1/vivado_proj/Zybo-Z7-20-pcam-5c.srcs/sources_1/bd/system/ip/system_MIPI_D_PHY_RX_0_0/hdl/MIPI_DPHY_Receiver.xdc] for cell 'system_i/MIPI_D_PHY_RX_0/U0'
Parsing XDC File [c:/Users/fpga/Documents/Github/Zybo_mipi/Zybo-Z7-20-pcam-5c-2019.1/Zybo-Z7-20-pcam-5c-2019.1/vivado_proj/Zybo-Z7-20-pcam-5c.srcs/sources_1/bd/system/ip/system_axi_vdma_0_0/system_axi_vdma_0_0.xdc] for cell 'system_i/axi_vdma_0/U0'
WARNING: [Vivado_Tcl 4-921] Waiver ID 'CDC-4' -to list should not be empty. [c:/Users/fpga/Documents/Github/Zybo_mipi/Zybo-Z7-20-pcam-5c-2019.1/Zybo-Z7-20-pcam-5c-2019.1/vivado_proj/Zybo-Z7-20-pcam-5c.srcs/sources_1/bd/system/ip/system_axi_vdma_0_0/system_axi_vdma_0_0.xdc:68]
WARNING: [Vivado_Tcl 4-921] Waiver ID 'CDC-4' -to list should not be empty. [c:/Users/fpga/Documents/Github/Zybo_mipi/Zybo-Z7-20-pcam-5c-2019.1/Zybo-Z7-20-pcam-5c-2019.1/vivado_proj/Zybo-Z7-20-pcam-5c.srcs/sources_1/bd/system/ip/system_axi_vdma_0_0/system_axi_vdma_0_0.xdc:72]
WARNING: [Vivado_Tcl 4-921] Waiver ID 'CDC-4' -to list should not be empty. [c:/Users/fpga/Documents/Github/Zybo_mipi/Zybo-Z7-20-pcam-5c-2019.1/Zybo-Z7-20-pcam-5c-2019.1/vivado_proj/Zybo-Z7-20-pcam-5c.srcs/sources_1/bd/system/ip/system_axi_vdma_0_0/system_axi_vdma_0_0.xdc:76]
WARNING: [Vivado_Tcl 4-921] Waiver ID 'CDC-4' -to list should not be empty. [c:/Users/fpga/Documents/Github/Zybo_mipi/Zybo-Z7-20-pcam-5c-2019.1/Zybo-Z7-20-pcam-5c-2019.1/vivado_proj/Zybo-Z7-20-pcam-5c.srcs/sources_1/bd/system/ip/system_axi_vdma_0_0/system_axi_vdma_0_0.xdc:80]
WARNING: [Vivado_Tcl 4-921] Waiver ID 'CDC-4' -to list should not be empty. [c:/Users/fpga/Documents/Github/Zybo_mipi/Zybo-Z7-20-pcam-5c-2019.1/Zybo-Z7-20-pcam-5c-2019.1/vivado_proj/Zybo-Z7-20-pcam-5c.srcs/sources_1/bd/system/ip/system_axi_vdma_0_0/system_axi_vdma_0_0.xdc:84]
WARNING: [Vivado_Tcl 4-921] Waiver ID 'CDC-4' -to list should not be empty. [c:/Users/fpga/Documents/Github/Zybo_mipi/Zybo-Z7-20-pcam-5c-2019.1/Zybo-Z7-20-pcam-5c-2019.1/vivado_proj/Zybo-Z7-20-pcam-5c.srcs/sources_1/bd/system/ip/system_axi_vdma_0_0/system_axi_vdma_0_0.xdc:88]
WARNING: [Vivado_Tcl 4-921] Waiver ID 'CDC-4' -to list should not be empty. [c:/Users/fpga/Documents/Github/Zybo_mipi/Zybo-Z7-20-pcam-5c-2019.1/Zybo-Z7-20-pcam-5c-2019.1/vivado_proj/Zybo-Z7-20-pcam-5c.srcs/sources_1/bd/system/ip/system_axi_vdma_0_0/system_axi_vdma_0_0.xdc:92]
WARNING: [Vivado_Tcl 4-921] Waiver ID 'CDC-4' -to list should not be empty. [c:/Users/fpga/Documents/Github/Zybo_mipi/Zybo-Z7-20-pcam-5c-2019.1/Zybo-Z7-20-pcam-5c-2019.1/vivado_proj/Zybo-Z7-20-pcam-5c.srcs/sources_1/bd/system/ip/system_axi_vdma_0_0/system_axi_vdma_0_0.xdc:96]
WARNING: [Vivado_Tcl 4-921] Waiver ID 'CDC-4' -to list should not be empty. [c:/Users/fpga/Documents/Github/Zybo_mipi/Zybo-Z7-20-pcam-5c-2019.1/Zybo-Z7-20-pcam-5c-2019.1/vivado_proj/Zybo-Z7-20-pcam-5c.srcs/sources_1/bd/system/ip/system_axi_vdma_0_0/system_axi_vdma_0_0.xdc:100]
WARNING: [Vivado_Tcl 4-921] Waiver ID 'CDC-6' -to list should not be empty. [c:/Users/fpga/Documents/Github/Zybo_mipi/Zybo-Z7-20-pcam-5c-2019.1/Zybo-Z7-20-pcam-5c-2019.1/vivado_proj/Zybo-Z7-20-pcam-5c.srcs/sources_1/bd/system/ip/system_axi_vdma_0_0/system_axi_vdma_0_0.xdc:176]
WARNING: [Vivado_Tcl 4-921] Waiver ID 'CDC-6' -to list should not be empty. [c:/Users/fpga/Documents/Github/Zybo_mipi/Zybo-Z7-20-pcam-5c-2019.1/Zybo-Z7-20-pcam-5c-2019.1/vivado_proj/Zybo-Z7-20-pcam-5c.srcs/sources_1/bd/system/ip/system_axi_vdma_0_0/system_axi_vdma_0_0.xdc:180]
WARNING: [Vivado_Tcl 4-921] Waiver ID 'CDC-6' -to list should not be empty. [c:/Users/fpga/Documents/Github/Zybo_mipi/Zybo-Z7-20-pcam-5c-2019.1/Zybo-Z7-20-pcam-5c-2019.1/vivado_proj/Zybo-Z7-20-pcam-5c.srcs/sources_1/bd/system/ip/system_axi_vdma_0_0/system_axi_vdma_0_0.xdc:184]
WARNING: [Vivado_Tcl 4-921] Waiver ID 'CDC-6' -to list should not be empty. [c:/Users/fpga/Documents/Github/Zybo_mipi/Zybo-Z7-20-pcam-5c-2019.1/Zybo-Z7-20-pcam-5c-2019.1/vivado_proj/Zybo-Z7-20-pcam-5c.srcs/sources_1/bd/system/ip/system_axi_vdma_0_0/system_axi_vdma_0_0.xdc:188]
WARNING: [Vivado_Tcl 4-921] Waiver ID 'CDC-6' -to list should not be empty. [c:/Users/fpga/Documents/Github/Zybo_mipi/Zybo-Z7-20-pcam-5c-2019.1/Zybo-Z7-20-pcam-5c-2019.1/vivado_proj/Zybo-Z7-20-pcam-5c.srcs/sources_1/bd/system/ip/system_axi_vdma_0_0/system_axi_vdma_0_0.xdc:192]
WARNING: [Vivado_Tcl 4-921] Waiver ID 'CDC-6' -to list should not be empty. [c:/Users/fpga/Documents/Github/Zybo_mipi/Zybo-Z7-20-pcam-5c-2019.1/Zybo-Z7-20-pcam-5c-2019.1/vivado_proj/Zybo-Z7-20-pcam-5c.srcs/sources_1/bd/system/ip/system_axi_vdma_0_0/system_axi_vdma_0_0.xdc:196]
WARNING: [Vivado_Tcl 4-921] Waiver ID 'CDC-6' -to list should not be empty. [c:/Users/fpga/Documents/Github/Zybo_mipi/Zybo-Z7-20-pcam-5c-2019.1/Zybo-Z7-20-pcam-5c-2019.1/vivado_proj/Zybo-Z7-20-pcam-5c.srcs/sources_1/bd/system/ip/system_axi_vdma_0_0/system_axi_vdma_0_0.xdc:200]
WARNING: [Vivado_Tcl 4-921] Waiver ID 'CDC-6' -to list should not be empty. [c:/Users/fpga/Documents/Github/Zybo_mipi/Zybo-Z7-20-pcam-5c-2019.1/Zybo-Z7-20-pcam-5c-2019.1/vivado_proj/Zybo-Z7-20-pcam-5c.srcs/sources_1/bd/system/ip/system_axi_vdma_0_0/system_axi_vdma_0_0.xdc:204]
Finished Parsing XDC File [c:/Users/fpga/Documents/Github/Zybo_mipi/Zybo-Z7-20-pcam-5c-2019.1/Zybo-Z7-20-pcam-5c-2019.1/vivado_proj/Zybo-Z7-20-pcam-5c.srcs/sources_1/bd/system/ip/system_axi_vdma_0_0/system_axi_vdma_0_0.xdc] for cell 'system_i/axi_vdma_0/U0'
Parsing XDC File [c:/Users/fpga/Documents/Github/Zybo_mipi/Zybo-Z7-20-pcam-5c-2019.1/Zybo-Z7-20-pcam-5c-2019.1/vivado_proj/Zybo-Z7-20-pcam-5c.srcs/sources_1/bd/system/ip/system_clk_wiz_0_0/system_clk_wiz_0_0_board.xdc] for cell 'system_i/clk_wiz_0/inst'
Finished Parsing XDC File [c:/Users/fpga/Documents/Github/Zybo_mipi/Zybo-Z7-20-pcam-5c-2019.1/Zybo-Z7-20-pcam-5c-2019.1/vivado_proj/Zybo-Z7-20-pcam-5c.srcs/sources_1/bd/system/ip/system_clk_wiz_0_0/system_clk_wiz_0_0_board.xdc] for cell 'system_i/clk_wiz_0/inst'
Parsing XDC File [c:/Users/fpga/Documents/Github/Zybo_mipi/Zybo-Z7-20-pcam-5c-2019.1/Zybo-Z7-20-pcam-5c-2019.1/vivado_proj/Zybo-Z7-20-pcam-5c.srcs/sources_1/bd/system/ip/system_clk_wiz_0_0/system_clk_wiz_0_0.xdc] for cell 'system_i/clk_wiz_0/inst'
Finished Parsing XDC File [c:/Users/fpga/Documents/Github/Zybo_mipi/Zybo-Z7-20-pcam-5c-2019.1/Zybo-Z7-20-pcam-5c-2019.1/vivado_proj/Zybo-Z7-20-pcam-5c.srcs/sources_1/bd/system/ip/system_clk_wiz_0_0/system_clk_wiz_0_0.xdc] for cell 'system_i/clk_wiz_0/inst'
Parsing XDC File [c:/Users/fpga/Documents/Github/Zybo_mipi/Zybo-Z7-20-pcam-5c-2019.1/Zybo-Z7-20-pcam-5c-2019.1/vivado_proj/Zybo-Z7-20-pcam-5c.srcs/sources_1/bd/system/ip/system_processing_system7_0_0/system_processing_system7_0_0.xdc] for cell 'system_i/processing_system7_0/inst'
Finished Parsing XDC File [c:/Users/fpga/Documents/Github/Zybo_mipi/Zybo-Z7-20-pcam-5c-2019.1/Zybo-Z7-20-pcam-5c-2019.1/vivado_proj/Zybo-Z7-20-pcam-5c.srcs/sources_1/bd/system/ip/system_processing_system7_0_0/system_processing_system7_0_0.xdc] for cell 'system_i/processing_system7_0/inst'
Parsing XDC File [c:/Users/fpga/Documents/Github/Zybo_mipi/Zybo-Z7-20-pcam-5c-2019.1/Zybo-Z7-20-pcam-5c-2019.1/vivado_proj/Zybo-Z7-20-pcam-5c.srcs/sources_1/bd/system/ip/system_rgb2dvi_0_0/src/rgb2dvi.xdc] for cell 'system_i/rgb2dvi_0/U0'
Finished Parsing XDC File [c:/Users/fpga/Documents/Github/Zybo_mipi/Zybo-Z7-20-pcam-5c-2019.1/Zybo-Z7-20-pcam-5c-2019.1/vivado_proj/Zybo-Z7-20-pcam-5c.srcs/sources_1/bd/system/ip/system_rgb2dvi_0_0/src/rgb2dvi.xdc] for cell 'system_i/rgb2dvi_0/U0'
Parsing XDC File [c:/Users/fpga/Documents/Github/Zybo_mipi/Zybo-Z7-20-pcam-5c-2019.1/Zybo-Z7-20-pcam-5c-2019.1/vivado_proj/Zybo-Z7-20-pcam-5c.srcs/sources_1/bd/system/ip/system_rst_clk_wiz_0_50M_0/system_rst_clk_wiz_0_50M_0_board.xdc] for cell 'system_i/rst_clk_wiz_0_50M/U0'
Finished Parsing XDC File [c:/Users/fpga/Documents/Github/Zybo_mipi/Zybo-Z7-20-pcam-5c-2019.1/Zybo-Z7-20-pcam-5c-2019.1/vivado_proj/Zybo-Z7-20-pcam-5c.srcs/sources_1/bd/system/ip/system_rst_clk_wiz_0_50M_0/system_rst_clk_wiz_0_50M_0_board.xdc] for cell 'system_i/rst_clk_wiz_0_50M/U0'
Parsing XDC File [c:/Users/fpga/Documents/Github/Zybo_mipi/Zybo-Z7-20-pcam-5c-2019.1/Zybo-Z7-20-pcam-5c-2019.1/vivado_proj/Zybo-Z7-20-pcam-5c.srcs/sources_1/bd/system/ip/system_rst_clk_wiz_0_50M_0/system_rst_clk_wiz_0_50M_0.xdc] for cell 'system_i/rst_clk_wiz_0_50M/U0'
Finished Parsing XDC File [c:/Users/fpga/Documents/Github/Zybo_mipi/Zybo-Z7-20-pcam-5c-2019.1/Zybo-Z7-20-pcam-5c-2019.1/vivado_proj/Zybo-Z7-20-pcam-5c.srcs/sources_1/bd/system/ip/system_rst_clk_wiz_0_50M_0/system_rst_clk_wiz_0_50M_0.xdc] for cell 'system_i/rst_clk_wiz_0_50M/U0'
Parsing XDC File [c:/Users/fpga/Documents/Github/Zybo_mipi/Zybo-Z7-20-pcam-5c-2019.1/Zybo-Z7-20-pcam-5c-2019.1/vivado_proj/Zybo-Z7-20-pcam-5c.srcs/sources_1/bd/system/ip/system_rst_vid_clk_dyn_0/system_rst_vid_clk_dyn_0_board.xdc] for cell 'system_i/rst_vid_clk_dyn/U0'
Finished Parsing XDC File [c:/Users/fpga/Documents/Github/Zybo_mipi/Zybo-Z7-20-pcam-5c-2019.1/Zybo-Z7-20-pcam-5c-2019.1/vivado_proj/Zybo-Z7-20-pcam-5c.srcs/sources_1/bd/system/ip/system_rst_vid_clk_dyn_0/system_rst_vid_clk_dyn_0_board.xdc] for cell 'system_i/rst_vid_clk_dyn/U0'
Parsing XDC File [c:/Users/fpga/Documents/Github/Zybo_mipi/Zybo-Z7-20-pcam-5c-2019.1/Zybo-Z7-20-pcam-5c-2019.1/vivado_proj/Zybo-Z7-20-pcam-5c.srcs/sources_1/bd/system/ip/system_rst_vid_clk_dyn_0/system_rst_vid_clk_dyn_0.xdc] for cell 'system_i/rst_vid_clk_dyn/U0'
Finished Parsing XDC File [c:/Users/fpga/Documents/Github/Zybo_mipi/Zybo-Z7-20-pcam-5c-2019.1/Zybo-Z7-20-pcam-5c-2019.1/vivado_proj/Zybo-Z7-20-pcam-5c.srcs/sources_1/bd/system/ip/system_rst_vid_clk_dyn_0/system_rst_vid_clk_dyn_0.xdc] for cell 'system_i/rst_vid_clk_dyn/U0'
Parsing XDC File [c:/Users/fpga/Documents/Github/Zybo_mipi/Zybo-Z7-20-pcam-5c-2019.1/Zybo-Z7-20-pcam-5c-2019.1/vivado_proj/Zybo-Z7-20-pcam-5c.srcs/sources_1/bd/system/ip/system_video_dynclk_0/system_video_dynclk_0_board.xdc] for cell 'system_i/video_dynclk/inst'
Finished Parsing XDC File [c:/Users/fpga/Documents/Github/Zybo_mipi/Zybo-Z7-20-pcam-5c-2019.1/Zybo-Z7-20-pcam-5c-2019.1/vivado_proj/Zybo-Z7-20-pcam-5c.srcs/sources_1/bd/system/ip/system_video_dynclk_0/system_video_dynclk_0_board.xdc] for cell 'system_i/video_dynclk/inst'
Parsing XDC File [c:/Users/fpga/Documents/Github/Zybo_mipi/Zybo-Z7-20-pcam-5c-2019.1/Zybo-Z7-20-pcam-5c-2019.1/vivado_proj/Zybo-Z7-20-pcam-5c.srcs/sources_1/bd/system/ip/system_video_dynclk_0/system_video_dynclk_0.xdc] for cell 'system_i/video_dynclk/inst'
Finished Parsing XDC File [c:/Users/fpga/Documents/Github/Zybo_mipi/Zybo-Z7-20-pcam-5c-2019.1/Zybo-Z7-20-pcam-5c-2019.1/vivado_proj/Zybo-Z7-20-pcam-5c.srcs/sources_1/bd/system/ip/system_video_dynclk_0/system_video_dynclk_0.xdc] for cell 'system_i/video_dynclk/inst'
Parsing XDC File [c:/Users/fpga/Documents/Github/Zybo_mipi/Zybo-Z7-20-pcam-5c-2019.1/Zybo-Z7-20-pcam-5c-2019.1/vivado_proj/Zybo-Z7-20-pcam-5c.srcs/sources_1/bd/system/ip/system_rst_system_150M_0/system_rst_system_150M_0_board.xdc] for cell 'system_i/rst_system_150M/U0'
Finished Parsing XDC File [c:/Users/fpga/Documents/Github/Zybo_mipi/Zybo-Z7-20-pcam-5c-2019.1/Zybo-Z7-20-pcam-5c-2019.1/vivado_proj/Zybo-Z7-20-pcam-5c.srcs/sources_1/bd/system/ip/system_rst_system_150M_0/system_rst_system_150M_0_board.xdc] for cell 'system_i/rst_system_150M/U0'
Parsing XDC File [c:/Users/fpga/Documents/Github/Zybo_mipi/Zybo-Z7-20-pcam-5c-2019.1/Zybo-Z7-20-pcam-5c-2019.1/vivado_proj/Zybo-Z7-20-pcam-5c.srcs/sources_1/bd/system/ip/system_rst_system_150M_0/system_rst_system_150M_0.xdc] for cell 'system_i/rst_system_150M/U0'
Finished Parsing XDC File [c:/Users/fpga/Documents/Github/Zybo_mipi/Zybo-Z7-20-pcam-5c-2019.1/Zybo-Z7-20-pcam-5c-2019.1/vivado_proj/Zybo-Z7-20-pcam-5c.srcs/sources_1/bd/system/ip/system_rst_system_150M_0/system_rst_system_150M_0.xdc] for cell 'system_i/rst_system_150M/U0'
Parsing XDC File [c:/Users/fpga/Documents/Github/Zybo_mipi/Zybo-Z7-20-pcam-5c-2019.1/Zybo-Z7-20-pcam-5c-2019.1/vivado_proj/Zybo-Z7-20-pcam-5c.srcs/sources_1/bd/system/ip/system_system_ila_0_2/bd_0/ip/ip_0/ila_v6_2/constraints/ila_impl.xdc] for cell 'system_i/system_ila_0/U0/ila_lib/U0'
Finished Parsing XDC File [c:/Users/fpga/Documents/Github/Zybo_mipi/Zybo-Z7-20-pcam-5c-2019.1/Zybo-Z7-20-pcam-5c-2019.1/vivado_proj/Zybo-Z7-20-pcam-5c.srcs/sources_1/bd/system/ip/system_system_ila_0_2/bd_0/ip/ip_0/ila_v6_2/constraints/ila_impl.xdc] for cell 'system_i/system_ila_0/U0/ila_lib/U0'
Parsing XDC File [c:/Users/fpga/Documents/Github/Zybo_mipi/Zybo-Z7-20-pcam-5c-2019.1/Zybo-Z7-20-pcam-5c-2019.1/vivado_proj/Zybo-Z7-20-pcam-5c.srcs/sources_1/bd/system/ip/system_system_ila_0_2/bd_0/ip/ip_0/ila_v6_2/constraints/ila.xdc] for cell 'system_i/system_ila_0/U0/ila_lib/U0'
Finished Parsing XDC File [c:/Users/fpga/Documents/Github/Zybo_mipi/Zybo-Z7-20-pcam-5c-2019.1/Zybo-Z7-20-pcam-5c-2019.1/vivado_proj/Zybo-Z7-20-pcam-5c.srcs/sources_1/bd/system/ip/system_system_ila_0_2/bd_0/ip/ip_0/ila_v6_2/constraints/ila.xdc] for cell 'system_i/system_ila_0/U0/ila_lib/U0'
Parsing XDC File [C:/Users/fpga/Documents/Github/Zybo_mipi/Zybo-Z7-20-pcam-5c-2019.1/Zybo-Z7-20-pcam-5c-2019.1/vivado_proj/Zybo-Z7-20-pcam-5c.srcs/constrs_1/imports/constraints/ZyboZ7_A.xdc]
Finished Parsing XDC File [C:/Users/fpga/Documents/Github/Zybo_mipi/Zybo-Z7-20-pcam-5c-2019.1/Zybo-Z7-20-pcam-5c-2019.1/vivado_proj/Zybo-Z7-20-pcam-5c.srcs/constrs_1/imports/constraints/ZyboZ7_A.xdc]
Parsing XDC File [C:/Users/fpga/Documents/Github/Zybo_mipi/Zybo-Z7-20-pcam-5c-2019.1/Zybo-Z7-20-pcam-5c-2019.1/vivado_proj/Zybo-Z7-20-pcam-5c.srcs/constrs_1/imports/constraints/timing.xdc]
Finished Parsing XDC File [C:/Users/fpga/Documents/Github/Zybo_mipi/Zybo-Z7-20-pcam-5c-2019.1/Zybo-Z7-20-pcam-5c-2019.1/vivado_proj/Zybo-Z7-20-pcam-5c.srcs/constrs_1/imports/constraints/timing.xdc]
Parsing XDC File [C:/Users/fpga/Documents/Github/Zybo_mipi/Zybo-Z7-20-pcam-5c-2019.1/Zybo-Z7-20-pcam-5c-2019.1/vivado_proj/Zybo-Z7-20-pcam-5c.srcs/constrs_1/imports/constraints/auto.xdc]
Finished Parsing XDC File [C:/Users/fpga/Documents/Github/Zybo_mipi/Zybo-Z7-20-pcam-5c-2019.1/Zybo-Z7-20-pcam-5c-2019.1/vivado_proj/Zybo-Z7-20-pcam-5c.srcs/constrs_1/imports/constraints/auto.xdc]
Parsing XDC File [c:/Users/fpga/Documents/Github/Zybo_mipi/Zybo-Z7-20-pcam-5c-2019.1/Zybo-Z7-20-pcam-5c-2019.1/vivado_proj/Zybo-Z7-20-pcam-5c.srcs/sources_1/bd/system/ip/system_MIPI_CSI_2_RX_0_0/hdl/cdc_fifo/cdc_fifo_clocks.xdc] for cell 'system_i/MIPI_CSI_2_RX_0/U0/MIPI_CSI2_Rx_inst/LLP_inst/DataFIFO/U0'
INFO: [Timing 38-35] Done setting XDC timing constraints. [c:/Users/fpga/Documents/Github/Zybo_mipi/Zybo-Z7-20-pcam-5c-2019.1/Zybo-Z7-20-pcam-5c-2019.1/vivado_proj/Zybo-Z7-20-pcam-5c.srcs/sources_1/bd/system/ip/system_MIPI_CSI_2_RX_0_0/hdl/cdc_fifo/cdc_fifo_clocks.xdc:59]
WARNING: [Timing 38-3] User defined clock exists on pin system_i/video_dynclk/inst/CLK_CORE_DRP_I/clk_inst/mmcm_adv_inst/CLKOUT0 [See C:/Users/fpga/Documents/Github/Zybo_mipi/Zybo-Z7-20-pcam-5c-2019.1/Zybo-Z7-20-pcam-5c-2019.1/vivado_proj/Zybo-Z7-20-pcam-5c.srcs/constrs_1/imports/constraints/timing.xdc:9] and will prevent any subsequent automatic derivation of generated clocks on that pin. If the user defined clock specifies '-add', any existing auto-derived clocks on that pin are retained. [c:/Users/fpga/Documents/Github/Zybo_mipi/Zybo-Z7-20-pcam-5c-2019.1/Zybo-Z7-20-pcam-5c-2019.1/vivado_proj/Zybo-Z7-20-pcam-5c.srcs/sources_1/bd/system/ip/system_MIPI_CSI_2_RX_0_0/hdl/cdc_fifo/cdc_fifo_clocks.xdc:59]
WARNING: [Timing 38-3] User defined clock exists on pin system_i/DVIClocking_0/U0/PixelClkBuffer/O [See C:/Users/fpga/Documents/Github/Zybo_mipi/Zybo-Z7-20-pcam-5c-2019.1/Zybo-Z7-20-pcam-5c-2019.1/vivado_proj/Zybo-Z7-20-pcam-5c.srcs/constrs_1/imports/constraints/timing.xdc:17] and will prevent any subsequent automatic derivation of generated clocks on that pin. If the user defined clock specifies '-add', any existing auto-derived clocks on that pin are retained. [c:/Users/fpga/Documents/Github/Zybo_mipi/Zybo-Z7-20-pcam-5c-2019.1/Zybo-Z7-20-pcam-5c-2019.1/vivado_proj/Zybo-Z7-20-pcam-5c.srcs/sources_1/bd/system/ip/system_MIPI_CSI_2_RX_0_0/hdl/cdc_fifo/cdc_fifo_clocks.xdc:59]
INFO: [Timing 38-2] Deriving generated clocks [c:/Users/fpga/Documents/Github/Zybo_mipi/Zybo-Z7-20-pcam-5c-2019.1/Zybo-Z7-20-pcam-5c-2019.1/vivado_proj/Zybo-Z7-20-pcam-5c.srcs/sources_1/bd/system/ip/system_MIPI_CSI_2_RX_0_0/hdl/cdc_fifo/cdc_fifo_clocks.xdc:59]
all_fanout: Time (s): cpu = 00:00:10 ; elapsed = 00:00:10 . Memory (MB): peak = 1721.496 ; gain = 572.840
Finished Parsing XDC File [c:/Users/fpga/Documents/Github/Zybo_mipi/Zybo-Z7-20-pcam-5c-2019.1/Zybo-Z7-20-pcam-5c-2019.1/vivado_proj/Zybo-Z7-20-pcam-5c.srcs/sources_1/bd/system/ip/system_MIPI_CSI_2_RX_0_0/hdl/cdc_fifo/cdc_fifo_clocks.xdc] for cell 'system_i/MIPI_CSI_2_RX_0/U0/MIPI_CSI2_Rx_inst/LLP_inst/DataFIFO/U0'
Parsing XDC File [c:/Users/fpga/Documents/Github/Zybo_mipi/Zybo-Z7-20-pcam-5c-2019.1/Zybo-Z7-20-pcam-5c-2019.1/vivado_proj/Zybo-Z7-20-pcam-5c.srcs/sources_1/bd/system/ip/system_MIPI_CSI_2_RX_0_0/hdl/mipi_csi2_rx_clocks.xdc] for cell 'system_i/MIPI_CSI_2_RX_0/U0'
Finished Parsing XDC File [c:/Users/fpga/Documents/Github/Zybo_mipi/Zybo-Z7-20-pcam-5c-2019.1/Zybo-Z7-20-pcam-5c-2019.1/vivado_proj/Zybo-Z7-20-pcam-5c.srcs/sources_1/bd/system/ip/system_MIPI_CSI_2_RX_0_0/hdl/mipi_csi2_rx_clocks.xdc] for cell 'system_i/MIPI_CSI_2_RX_0/U0'
Parsing XDC File [c:/Users/fpga/Documents/Github/Zybo_mipi/Zybo-Z7-20-pcam-5c-2019.1/Zybo-Z7-20-pcam-5c-2019.1/vivado_proj/Zybo-Z7-20-pcam-5c.srcs/sources_1/bd/system/ip/system_MIPI_D_PHY_RX_0_0/hdl/MIPI_DPHY_Receiver_clocks.xdc] for cell 'system_i/MIPI_D_PHY_RX_0/U0'
Finished Parsing XDC File [c:/Users/fpga/Documents/Github/Zybo_mipi/Zybo-Z7-20-pcam-5c-2019.1/Zybo-Z7-20-pcam-5c-2019.1/vivado_proj/Zybo-Z7-20-pcam-5c.srcs/sources_1/bd/system/ip/system_MIPI_D_PHY_RX_0_0/hdl/MIPI_DPHY_Receiver_clocks.xdc] for cell 'system_i/MIPI_D_PHY_RX_0/U0'
Parsing XDC File [c:/Users/fpga/Documents/Github/Zybo_mipi/Zybo-Z7-20-pcam-5c-2019.1/Zybo-Z7-20-pcam-5c-2019.1/vivado_proj/Zybo-Z7-20-pcam-5c.srcs/sources_1/bd/system/ip/system_axi_vdma_0_0/system_axi_vdma_0_0_clocks.xdc] for cell 'system_i/axi_vdma_0/U0'
Finished Parsing XDC File [c:/Users/fpga/Documents/Github/Zybo_mipi/Zybo-Z7-20-pcam-5c-2019.1/Zybo-Z7-20-pcam-5c-2019.1/vivado_proj/Zybo-Z7-20-pcam-5c.srcs/sources_1/bd/system/ip/system_axi_vdma_0_0/system_axi_vdma_0_0_clocks.xdc] for cell 'system_i/axi_vdma_0/U0'
Parsing XDC File [c:/Users/fpga/Documents/Github/Zybo_mipi/Zybo-Z7-20-pcam-5c-2019.1/Zybo-Z7-20-pcam-5c-2019.1/vivado_proj/Zybo-Z7-20-pcam-5c.srcs/sources_1/bd/system/ip/system_rgb2dvi_0_0/src/rgb2dvi_clocks.xdc] for cell 'system_i/rgb2dvi_0/U0'
Finished Parsing XDC File [c:/Users/fpga/Documents/Github/Zybo_mipi/Zybo-Z7-20-pcam-5c-2019.1/Zybo-Z7-20-pcam-5c-2019.1/vivado_proj/Zybo-Z7-20-pcam-5c.srcs/sources_1/bd/system/ip/system_rgb2dvi_0_0/src/rgb2dvi_clocks.xdc] for cell 'system_i/rgb2dvi_0/U0'
Parsing XDC File [c:/Users/fpga/Documents/Github/Zybo_mipi/Zybo-Z7-20-pcam-5c-2019.1/Zybo-Z7-20-pcam-5c-2019.1/vivado_proj/Zybo-Z7-20-pcam-5c.srcs/sources_1/bd/system/ip/system_v_axi4s_vid_out_0_0/system_v_axi4s_vid_out_0_0_clocks.xdc] for cell 'system_i/v_axi4s_vid_out_0/inst'
Finished Parsing XDC File [c:/Users/fpga/Documents/Github/Zybo_mipi/Zybo-Z7-20-pcam-5c-2019.1/Zybo-Z7-20-pcam-5c-2019.1/vivado_proj/Zybo-Z7-20-pcam-5c.srcs/sources_1/bd/system/ip/system_v_axi4s_vid_out_0_0/system_v_axi4s_vid_out_0_0_clocks.xdc] for cell 'system_i/v_axi4s_vid_out_0/inst'
Parsing XDC File [c:/Users/fpga/Documents/Github/Zybo_mipi/Zybo-Z7-20-pcam-5c-2019.1/Zybo-Z7-20-pcam-5c-2019.1/vivado_proj/Zybo-Z7-20-pcam-5c.srcs/sources_1/bd/system/ip/system_video_dynclk_0/system_video_dynclk_0_late.xdc] for cell 'system_i/video_dynclk/inst'
Finished Parsing XDC File [c:/Users/fpga/Documents/Github/Zybo_mipi/Zybo-Z7-20-pcam-5c-2019.1/Zybo-Z7-20-pcam-5c-2019.1/vivado_proj/Zybo-Z7-20-pcam-5c.srcs/sources_1/bd/system/ip/system_video_dynclk_0/system_video_dynclk_0_late.xdc] for cell 'system_i/video_dynclk/inst'
Parsing XDC File [c:/Users/fpga/Documents/Github/Zybo_mipi/Zybo-Z7-20-pcam-5c-2019.1/Zybo-Z7-20-pcam-5c-2019.1/vivado_proj/Zybo-Z7-20-pcam-5c.srcs/sources_1/bd/system/ip/system_vtg_0/system_vtg_0_clocks.xdc] for cell 'system_i/vtg/U0'
Finished Parsing XDC File [c:/Users/fpga/Documents/Github/Zybo_mipi/Zybo-Z7-20-pcam-5c-2019.1/Zybo-Z7-20-pcam-5c-2019.1/vivado_proj/Zybo-Z7-20-pcam-5c.srcs/sources_1/bd/system/ip/system_vtg_0/system_vtg_0_clocks.xdc] for cell 'system_i/vtg/U0'
Sourcing Tcl File [C:/Xilinx/Vivado/2019.2/data/ip/xpm/xpm_cdc/tcl/xpm_cdc_async_rst.tcl] for cell 'system_i/MIPI_CSI_2_RX_0/U0/MIPI_CSI2_Rx_inst/LLP_inst/DataFIFO/U0/inst_fifo_gen/gaxis_fifo.gaxisf.axisf/grf.rf/rstblk/ngwrdrst.grst.g7serrst.gnsckt_wrst.gic_rst.rst_rd_reg2_inst'
Finished Sourcing Tcl File [C:/Xilinx/Vivado/2019.2/data/ip/xpm/xpm_cdc/tcl/xpm_cdc_async_rst.tcl] for cell 'system_i/MIPI_CSI_2_RX_0/U0/MIPI_CSI2_Rx_inst/LLP_inst/DataFIFO/U0/inst_fifo_gen/gaxis_fifo.gaxisf.axisf/grf.rf/rstblk/ngwrdrst.grst.g7serrst.gnsckt_wrst.gic_rst.rst_rd_reg2_inst'
Sourcing Tcl File [C:/Xilinx/Vivado/2019.2/data/ip/xpm/xpm_cdc/tcl/xpm_cdc_async_rst.tcl] for cell 'system_i/MIPI_CSI_2_RX_0/U0/MIPI_CSI2_Rx_inst/LLP_inst/DataFIFO/U0/inst_fifo_gen/gaxis_fifo.gaxisf.axisf/grf.rf/rstblk/ngwrdrst.grst.g7serrst.gnsckt_wrst.rst_wr_reg2_inst'
Finished Sourcing Tcl File [C:/Xilinx/Vivado/2019.2/data/ip/xpm/xpm_cdc/tcl/xpm_cdc_async_rst.tcl] for cell 'system_i/MIPI_CSI_2_RX_0/U0/MIPI_CSI2_Rx_inst/LLP_inst/DataFIFO/U0/inst_fifo_gen/gaxis_fifo.gaxisf.axisf/grf.rf/rstblk/ngwrdrst.grst.g7serrst.gnsckt_wrst.rst_wr_reg2_inst'
Sourcing Tcl File [C:/Xilinx/Vivado/2019.2/data/ip/xpm/xpm_cdc/tcl/xpm_cdc_async_rst.tcl] for cell 'system_i/axi_mem_intercon/s00_couplers/auto_pc/inst/gen_axi4_axi3.axi3_conv_inst/USE_READ.USE_SPLIT_R.read_addr_inst/USE_R_CHANNEL.cmd_queue/inst/fifo_gen_inst/inst_fifo_gen/gconvfifo.rf/grf.rf/rstblk/ngwrdrst.grst.g7serrst.gnsckt_wrst.rst_wr_reg2_inst'
Finished Sourcing Tcl File [C:/Xilinx/Vivado/2019.2/data/ip/xpm/xpm_cdc/tcl/xpm_cdc_async_rst.tcl] for cell 'system_i/axi_mem_intercon/s00_couplers/auto_pc/inst/gen_axi4_axi3.axi3_conv_inst/USE_READ.USE_SPLIT_R.read_addr_inst/USE_R_CHANNEL.cmd_queue/inst/fifo_gen_inst/inst_fifo_gen/gconvfifo.rf/grf.rf/rstblk/ngwrdrst.grst.g7serrst.gnsckt_wrst.rst_wr_reg2_inst'
Sourcing Tcl File [C:/Xilinx/Vivado/2019.2/data/ip/xpm/xpm_cdc/tcl/xpm_cdc_async_rst.tcl] for cell 'system_i/axi_mem_intercon_1/s00_couplers/auto_pc/inst/gen_axi4_axi3.axi3_conv_inst/USE_WRITE.write_addr_inst/USE_B_CHANNEL.cmd_b_queue/inst/fifo_gen_inst/inst_fifo_gen/gconvfifo.rf/grf.rf/rstblk/ngwrdrst.grst.g7serrst.gnsckt_wrst.rst_wr_reg2_inst'
Finished Sourcing Tcl File [C:/Xilinx/Vivado/2019.2/data/ip/xpm/xpm_cdc/tcl/xpm_cdc_async_rst.tcl] for cell 'system_i/axi_mem_intercon_1/s00_couplers/auto_pc/inst/gen_axi4_axi3.axi3_conv_inst/USE_WRITE.write_addr_inst/USE_B_CHANNEL.cmd_b_queue/inst/fifo_gen_inst/inst_fifo_gen/gconvfifo.rf/grf.rf/rstblk/ngwrdrst.grst.g7serrst.gnsckt_wrst.rst_wr_reg2_inst'
Sourcing Tcl File [C:/Xilinx/Vivado/2019.2/data/ip/xpm/xpm_cdc/tcl/xpm_cdc_async_rst.tcl] for cell 'system_i/axi_mem_intercon_1/s00_couplers/auto_pc/inst/gen_axi4_axi3.axi3_conv_inst/USE_WRITE.write_addr_inst/USE_BURSTS.cmd_queue/inst/fifo_gen_inst/inst_fifo_gen/gconvfifo.rf/grf.rf/rstblk/ngwrdrst.grst.g7serrst.gnsckt_wrst.rst_wr_reg2_inst'
Finished Sourcing Tcl File [C:/Xilinx/Vivado/2019.2/data/ip/xpm/xpm_cdc/tcl/xpm_cdc_async_rst.tcl] for cell 'system_i/axi_mem_intercon_1/s00_couplers/auto_pc/inst/gen_axi4_axi3.axi3_conv_inst/USE_WRITE.write_addr_inst/USE_BURSTS.cmd_queue/inst/fifo_gen_inst/inst_fifo_gen/gconvfifo.rf/grf.rf/rstblk/ngwrdrst.grst.g7serrst.gnsckt_wrst.rst_wr_reg2_inst'
Sourcing Tcl File [C:/Xilinx/Vivado/2019.2/data/ip/xpm/xpm_cdc/tcl/xpm_cdc_gray.tcl] for cell 'system_i/MIPI_CSI_2_RX_0/U0/MIPI_CSI2_Rx_inst/LLP_inst/DataFIFO/U0/inst_fifo_gen/gaxis_fifo.gaxisf.axisf/grf.rf/gntv_or_sync_fifo.gcx.clkx/rd_pntr_cdc_inst'
Finished Sourcing Tcl File [C:/Xilinx/Vivado/2019.2/data/ip/xpm/xpm_cdc/tcl/xpm_cdc_gray.tcl] for cell 'system_i/MIPI_CSI_2_RX_0/U0/MIPI_CSI2_Rx_inst/LLP_inst/DataFIFO/U0/inst_fifo_gen/gaxis_fifo.gaxisf.axisf/grf.rf/gntv_or_sync_fifo.gcx.clkx/rd_pntr_cdc_inst'
Sourcing Tcl File [C:/Xilinx/Vivado/2019.2/data/ip/xpm/xpm_cdc/tcl/xpm_cdc_gray.tcl] for cell 'system_i/MIPI_CSI_2_RX_0/U0/MIPI_CSI2_Rx_inst/LLP_inst/DataFIFO/U0/inst_fifo_gen/gaxis_fifo.gaxisf.axisf/grf.rf/gntv_or_sync_fifo.gcx.clkx/wr_pntr_cdc_inst'
Finished Sourcing Tcl File [C:/Xilinx/Vivado/2019.2/data/ip/xpm/xpm_cdc/tcl/xpm_cdc_gray.tcl] for cell 'system_i/MIPI_CSI_2_RX_0/U0/MIPI_CSI2_Rx_inst/LLP_inst/DataFIFO/U0/inst_fifo_gen/gaxis_fifo.gaxisf.axisf/grf.rf/gntv_or_sync_fifo.gcx.clkx/wr_pntr_cdc_inst'
Sourcing Tcl File [C:/Xilinx/Vivado/2019.2/data/ip/xpm/xpm_cdc/tcl/xpm_cdc_gray.tcl] for cell 'system_i/v_axi4s_vid_out_0/inst/COUPLER_INST/generate_async_fifo.FIFO_INST/XPM_FIFO_ASYNC_INST/gnuram_async_fifo.xpm_fifo_base_inst/gen_cdc_pntr.rd_pntr_cdc_inst'
Finished Sourcing Tcl File [C:/Xilinx/Vivado/2019.2/data/ip/xpm/xpm_cdc/tcl/xpm_cdc_gray.tcl] for cell 'system_i/v_axi4s_vid_out_0/inst/COUPLER_INST/generate_async_fifo.FIFO_INST/XPM_FIFO_ASYNC_INST/gnuram_async_fifo.xpm_fifo_base_inst/gen_cdc_pntr.rd_pntr_cdc_inst'
Sourcing Tcl File [C:/Xilinx/Vivado/2019.2/data/ip/xpm/xpm_cdc/tcl/xpm_cdc_gray.tcl] for cell 'system_i/v_axi4s_vid_out_0/inst/COUPLER_INST/generate_async_fifo.FIFO_INST/XPM_FIFO_ASYNC_INST/gnuram_async_fifo.xpm_fifo_base_inst/gen_cdc_pntr.wr_pntr_cdc_inst'
Finished Sourcing Tcl File [C:/Xilinx/Vivado/2019.2/data/ip/xpm/xpm_cdc/tcl/xpm_cdc_gray.tcl] for cell 'system_i/v_axi4s_vid_out_0/inst/COUPLER_INST/generate_async_fifo.FIFO_INST/XPM_FIFO_ASYNC_INST/gnuram_async_fifo.xpm_fifo_base_inst/gen_cdc_pntr.wr_pntr_cdc_inst'
Sourcing Tcl File [C:/Xilinx/Vivado/2019.2/data/ip/xpm/xpm_cdc/tcl/xpm_cdc_gray.tcl] for cell 'system_i/v_axi4s_vid_out_0/inst/COUPLER_INST/generate_async_fifo.FIFO_INST/XPM_FIFO_ASYNC_INST/gnuram_async_fifo.xpm_fifo_base_inst/gen_cdc_pntr.wr_pntr_cdc_dc_inst'
Finished Sourcing Tcl File [C:/Xilinx/Vivado/2019.2/data/ip/xpm/xpm_cdc/tcl/xpm_cdc_gray.tcl] for cell 'system_i/v_axi4s_vid_out_0/inst/COUPLER_INST/generate_async_fifo.FIFO_INST/XPM_FIFO_ASYNC_INST/gnuram_async_fifo.xpm_fifo_base_inst/gen_cdc_pntr.wr_pntr_cdc_dc_inst'
Sourcing Tcl File [C:/Xilinx/Vivado/2019.2/data/ip/xpm/xpm_cdc/tcl/xpm_cdc_gray.tcl] for cell 'system_i/v_axi4s_vid_out_0/inst/COUPLER_INST/generate_async_fifo.FIFO_INST/XPM_FIFO_ASYNC_INST/gnuram_async_fifo.xpm_fifo_base_inst/gen_cdc_pntr.rd_pntr_cdc_dc_inst'
Finished Sourcing Tcl File [C:/Xilinx/Vivado/2019.2/data/ip/xpm/xpm_cdc/tcl/xpm_cdc_gray.tcl] for cell 'system_i/v_axi4s_vid_out_0/inst/COUPLER_INST/generate_async_fifo.FIFO_INST/XPM_FIFO_ASYNC_INST/gnuram_async_fifo.xpm_fifo_base_inst/gen_cdc_pntr.rd_pntr_cdc_dc_inst'
Sourcing Tcl File [C:/Xilinx/Vivado/2019.2/data/ip/xpm/xpm_cdc/tcl/xpm_cdc_single.tcl] for cell 'system_i/MIPI_CSI_2_RX_0/U0/MIPI_CSI2_Rx_inst/LLP_inst/DataFIFO/U0/inst_fifo_gen/gaxis_fifo.gaxisf.axisf/grf.rf/rstblk/ngwrdrst.grst.g7serrst.gnsckt_wrst.gic_rst.xpm_cdc_single_inst_rrst_wr'
Finished Sourcing Tcl File [C:/Xilinx/Vivado/2019.2/data/ip/xpm/xpm_cdc/tcl/xpm_cdc_single.tcl] for cell 'system_i/MIPI_CSI_2_RX_0/U0/MIPI_CSI2_Rx_inst/LLP_inst/DataFIFO/U0/inst_fifo_gen/gaxis_fifo.gaxisf.axisf/grf.rf/rstblk/ngwrdrst.grst.g7serrst.gnsckt_wrst.gic_rst.xpm_cdc_single_inst_rrst_wr'
Sourcing Tcl File [C:/Xilinx/Vivado/2019.2/data/ip/xpm/xpm_cdc/tcl/xpm_cdc_single.tcl] for cell 'system_i/MIPI_CSI_2_RX_0/U0/MIPI_CSI2_Rx_inst/LLP_inst/DataFIFO/U0/inst_fifo_gen/gaxis_fifo.gaxisf.axisf/grf.rf/rstblk/ngwrdrst.grst.g7serrst.gnsckt_wrst.gic_rst.xpm_cdc_single_inst_wrst_rd'
Finished Sourcing Tcl File [C:/Xilinx/Vivado/2019.2/data/ip/xpm/xpm_cdc/tcl/xpm_cdc_single.tcl] for cell 'system_i/MIPI_CSI_2_RX_0/U0/MIPI_CSI2_Rx_inst/LLP_inst/DataFIFO/U0/inst_fifo_gen/gaxis_fifo.gaxisf.axisf/grf.rf/rstblk/ngwrdrst.grst.g7serrst.gnsckt_wrst.gic_rst.xpm_cdc_single_inst_wrst_rd'
Sourcing Tcl File [C:/Xilinx/Vivado/2019.2/data/ip/xpm/xpm_cdc/tcl/xpm_cdc_single.tcl] for cell 'system_i/v_axi4s_vid_out_0/inst/CDC_SINGLE_LOCKED_INST/xpm_cdc_single_inst'
Finished Sourcing Tcl File [C:/Xilinx/Vivado/2019.2/data/ip/xpm/xpm_cdc/tcl/xpm_cdc_single.tcl] for cell 'system_i/v_axi4s_vid_out_0/inst/CDC_SINGLE_LOCKED_INST/xpm_cdc_single_inst'
Sourcing Tcl File [C:/Xilinx/Vivado/2019.2/data/ip/xpm/xpm_cdc/tcl/xpm_cdc_single.tcl] for cell 'system_i/v_axi4s_vid_out_0/inst/CDC_SINGLE_REMAP_UNDERFLOW_INST/xpm_cdc_single_inst'
Finished Sourcing Tcl File [C:/Xilinx/Vivado/2019.2/data/ip/xpm/xpm_cdc/tcl/xpm_cdc_single.tcl] for cell 'system_i/v_axi4s_vid_out_0/inst/CDC_SINGLE_REMAP_UNDERFLOW_INST/xpm_cdc_single_inst'
Sourcing Tcl File [C:/Xilinx/Vivado/2019.2/data/ip/xpm/xpm_cdc/tcl/xpm_cdc_sync_rst.tcl] for cell 'system_i/MIPI_CSI_2_RX_0/U0/MIPI_CSI2_Rx_inst/LLP_inst/LineBufferFIFO/inst/gen_fifo.xpm_fifo_axis_inst/gaxis_rst_sync.xpm_cdc_sync_rst_inst'
Finished Sourcing Tcl File [C:/Xilinx/Vivado/2019.2/data/ip/xpm/xpm_cdc/tcl/xpm_cdc_sync_rst.tcl] for cell 'system_i/MIPI_CSI_2_RX_0/U0/MIPI_CSI2_Rx_inst/LLP_inst/LineBufferFIFO/inst/gen_fifo.xpm_fifo_axis_inst/gaxis_rst_sync.xpm_cdc_sync_rst_inst'
Sourcing Tcl File [C:/Xilinx/Vivado/2019.2/data/ip/xpm/xpm_cdc/tcl/xpm_cdc_sync_rst.tcl] for cell 'system_i/v_axi4s_vid_out_0/inst/COUPLER_INST/generate_async_fifo.FIFO_INST/XPM_FIFO_ASYNC_INST/gnuram_async_fifo.xpm_fifo_base_inst/xpm_fifo_rst_inst/gen_rst_ic.rrst_wr_inst'
Finished Sourcing Tcl File [C:/Xilinx/Vivado/2019.2/data/ip/xpm/xpm_cdc/tcl/xpm_cdc_sync_rst.tcl] for cell 'system_i/v_axi4s_vid_out_0/inst/COUPLER_INST/generate_async_fifo.FIFO_INST/XPM_FIFO_ASYNC_INST/gnuram_async_fifo.xpm_fifo_base_inst/xpm_fifo_rst_inst/gen_rst_ic.rrst_wr_inst'
Sourcing Tcl File [C:/Xilinx/Vivado/2019.2/data/ip/xpm/xpm_cdc/tcl/xpm_cdc_sync_rst.tcl] for cell 'system_i/v_axi4s_vid_out_0/inst/COUPLER_INST/generate_async_fifo.FIFO_INST/XPM_FIFO_ASYNC_INST/gnuram_async_fifo.xpm_fifo_base_inst/xpm_fifo_rst_inst/gen_rst_ic.wrst_rd_inst'
Finished Sourcing Tcl File [C:/Xilinx/Vivado/2019.2/data/ip/xpm/xpm_cdc/tcl/xpm_cdc_sync_rst.tcl] for cell 'system_i/v_axi4s_vid_out_0/inst/COUPLER_INST/generate_async_fifo.FIFO_INST/XPM_FIFO_ASYNC_INST/gnuram_async_fifo.xpm_fifo_base_inst/xpm_fifo_rst_inst/gen_rst_ic.wrst_rd_inst'
Sourcing Tcl File [C:/Xilinx/Vivado/2019.2/data/ip/xpm/xpm_fifo/tcl/xpm_fifo_rst.tcl] for cell 'system_i/v_axi4s_vid_out_0/inst/COUPLER_INST/generate_async_fifo.FIFO_INST/XPM_FIFO_ASYNC_INST'
Finished Sourcing Tcl File [C:/Xilinx/Vivado/2019.2/data/ip/xpm/xpm_fifo/tcl/xpm_fifo_rst.tcl] for cell 'system_i/v_axi4s_vid_out_0/inst/COUPLER_INST/generate_async_fifo.FIFO_INST/XPM_FIFO_ASYNC_INST'
Sourcing Tcl File [C:/Xilinx/Vivado/2019.2/data/ip/xpm/xpm_fifo/tcl/xpm_fifo_rst_axis.tcl] for cell 'system_i/MIPI_CSI_2_RX_0/U0/MIPI_CSI2_Rx_inst/LLP_inst/LineBufferFIFO/inst/gen_fifo.xpm_fifo_axis_inst'
Finished Sourcing Tcl File [C:/Xilinx/Vivado/2019.2/data/ip/xpm/xpm_fifo/tcl/xpm_fifo_rst_axis.tcl] for cell 'system_i/MIPI_CSI_2_RX_0/U0/MIPI_CSI2_Rx_inst/LLP_inst/LineBufferFIFO/inst/gen_fifo.xpm_fifo_axis_inst'
Sourcing Tcl File [C:/Xilinx/Vivado/2019.2/data/ip/xpm/xpm_fifo/tcl/xpm_fifo_rst.tcl] for cell 'system_i/axi_vdma_0/U0/GEN_SPRT_FOR_MM2S.MM2S_LINEBUFFER_I/GEN_LINEBUF_NO_SOF.GEN_LINEBUFFER.GEN_SYNC_FIFO.I_LINEBUFFER_FIFO/xpm_fifo_sync_inst'
Finished Sourcing Tcl File [C:/Xilinx/Vivado/2019.2/data/ip/xpm/xpm_fifo/tcl/xpm_fifo_rst.tcl] for cell 'system_i/axi_vdma_0/U0/GEN_SPRT_FOR_MM2S.MM2S_LINEBUFFER_I/GEN_LINEBUF_NO_SOF.GEN_LINEBUFFER.GEN_SYNC_FIFO.I_LINEBUFFER_FIFO/xpm_fifo_sync_inst'
Sourcing Tcl File [C:/Xilinx/Vivado/2019.2/data/ip/xpm/xpm_fifo/tcl/xpm_fifo_rst.tcl] for cell 'system_i/axi_vdma_0/U0/GEN_SPRT_FOR_S2MM.S2MM_LINEBUFFER_I/GEN_S2MM_FLUSH_SOF_LOGIC.GEN_LINEBUFFER_FLUSH_SOF.GEN_SYNC_FIFO_FLUSH_SOF.I_LINEBUFFER_FIFO/xpm_fifo_sync_inst'
Finished Sourcing Tcl File [C:/Xilinx/Vivado/2019.2/data/ip/xpm/xpm_fifo/tcl/xpm_fifo_rst.tcl] for cell 'system_i/axi_vdma_0/U0/GEN_SPRT_FOR_S2MM.S2MM_LINEBUFFER_I/GEN_S2MM_FLUSH_SOF_LOGIC.GEN_LINEBUFFER_FLUSH_SOF.GEN_SYNC_FIFO_FLUSH_SOF.I_LINEBUFFER_FIFO/xpm_fifo_sync_inst'
Sourcing Tcl File [C:/Xilinx/Vivado/2019.2/data/ip/xpm/xpm_fifo/tcl/xpm_fifo_rst.tcl] for cell 'system_i/axi_vdma_0/U0/I_PRMRY_DATAMOVER/GEN_MM2S_FULL.I_MM2S_FULL_WRAPPER/GEN_INCLUDE_MM2S_SF.I_RD_SF/I_DATA_FIFO/BLK_MEM.I_SYNC_FIFOGEN_FIFO/xpm_fifo_instance.xpm_fifo_sync_inst'
Finished Sourcing Tcl File [C:/Xilinx/Vivado/2019.2/data/ip/xpm/xpm_fifo/tcl/xpm_fifo_rst.tcl] for cell 'system_i/axi_vdma_0/U0/I_PRMRY_DATAMOVER/GEN_MM2S_FULL.I_MM2S_FULL_WRAPPER/GEN_INCLUDE_MM2S_SF.I_RD_SF/I_DATA_FIFO/BLK_MEM.I_SYNC_FIFOGEN_FIFO/xpm_fifo_instance.xpm_fifo_sync_inst'
Sourcing Tcl File [C:/Xilinx/Vivado/2019.2/data/ip/xpm/xpm_fifo/tcl/xpm_fifo_rst.tcl] for cell 'system_i/axi_vdma_0/U0/I_PRMRY_DATAMOVER/GEN_S2MM_FULL.I_S2MM_FULL_WRAPPER/GEN_ENABLE_INDET_BTT_SF.I_INDET_BTT/I_XD_FIFO/NON_BLK_MEM.I_SYNC_FIFOGEN_FIFO/xpm_fifo_instance.xpm_fifo_sync_inst'
Finished Sourcing Tcl File [C:/Xilinx/Vivado/2019.2/data/ip/xpm/xpm_fifo/tcl/xpm_fifo_rst.tcl] for cell 'system_i/axi_vdma_0/U0/I_PRMRY_DATAMOVER/GEN_S2MM_FULL.I_S2MM_FULL_WRAPPER/GEN_ENABLE_INDET_BTT_SF.I_INDET_BTT/I_XD_FIFO/NON_BLK_MEM.I_SYNC_FIFOGEN_FIFO/xpm_fifo_instance.xpm_fifo_sync_inst'
Sourcing Tcl File [C:/Xilinx/Vivado/2019.2/data/ip/xpm/xpm_fifo/tcl/xpm_fifo_rst.tcl] for cell 'system_i/axi_vdma_0/U0/I_PRMRY_DATAMOVER/GEN_S2MM_FULL.I_S2MM_FULL_WRAPPER/GEN_ENABLE_INDET_BTT_SF.I_INDET_BTT/I_DATA_FIFO/BLK_MEM.I_SYNC_FIFOGEN_FIFO/xpm_fifo_instance.xpm_fifo_sync_inst'
Finished Sourcing Tcl File [C:/Xilinx/Vivado/2019.2/data/ip/xpm/xpm_fifo/tcl/xpm_fifo_rst.tcl] for cell 'system_i/axi_vdma_0/U0/I_PRMRY_DATAMOVER/GEN_S2MM_FULL.I_S2MM_FULL_WRAPPER/GEN_ENABLE_INDET_BTT_SF.I_INDET_BTT/I_DATA_FIFO/BLK_MEM.I_SYNC_FIFOGEN_FIFO/xpm_fifo_instance.xpm_fifo_sync_inst'
INFO: [Opt 31-138] Pushed 0 inverter(s) to 0 load pin(s).
Netlist sorting complete. Time (s): cpu = 00:00:00 ; elapsed = 00:00:00.013 . Memory (MB): peak = 1721.496 ; gain = 0.000
INFO: [Project 1-111] Unisim Transformation Summary:
  A total of 79 instances were transformed.
  CFGLUT5 => CFGLUT5 (SRL16E, SRLC32E): 60 instances
  IOBUF => IOBUF (IBUF, OBUFT): 3 instances
  RAM32M => RAM32M (RAMD32(x6), RAMS32(x2)): 15 instances
  RAM32X1D => RAM32X1D (RAMD32(x2)): 1 instance 

33 Infos, 28 Warnings, 10 Critical Warnings and 0 Errors encountered.
link_design completed successfully
link_design: Time (s): cpu = 00:00:28 ; elapsed = 00:00:33 . Memory (MB): peak = 1721.496 ; gain = 1125.195
Command: opt_design -directive RuntimeOptimized
INFO: [Vivado_Tcl 4-136] Directive used for opt_design is: RuntimeOptimized
Attempting to get a license for feature 'Implementation' and/or device 'xc7z020'
INFO: [Common 17-349] Got license for feature 'Implementation' and/or device 'xc7z020'
Running DRC as a precondition to command opt_design

Starting DRC Task
INFO: [DRC 23-27] Running DRC with 2 threads
INFO: [Project 1-461] DRC finished with 0 Errors
INFO: [Project 1-462] Please refer to the DRC report (report_drc) for more information.

Time (s): cpu = 00:00:02 ; elapsed = 00:00:00.981 . Memory (MB): peak = 1721.496 ; gain = 0.000

Starting Logic Optimization Task

Phase 1 Generate And Synthesize Debug Cores
INFO: [Chipscope 16-329] Generating Script for core instance : dbg_hub 
ERROR: [Chipscope 16-302] Could not generate core for dbg_hub. Aborting IP Generation operaion. The current Vivado temporary directory path, 'C:/Users/fpga/Documents/Github/Zybo_mipi/Zybo-Z7-20-pcam-5c-2019.1/Zybo-Z7-20-pcam-5c-2019.1/vivado_proj/Zybo-Z7-20-pcam-5c.runs/impl_1/.Xil/Vivado-3172-DESKTOP-5VC2SBS', is 168 characters. Errors on the host OS will occur when trying to insert logic for debug core 'dbg_hub' when temporary directory paths exceed 146 characters. Please move this Vivado project or the Vivado working directory to a shorter path; alternately consider using the OS subst command to map part of the path to a drive letter.
  
	
Phase 1 Generate And Synthesize Debug Cores | Checksum: b4921cc5

Time (s): cpu = 00:00:00 ; elapsed = 00:00:00.110 . Memory (MB): peak = 1823.664 ; gain = 0.148
INFO: [Common 17-83] Releasing license: Implementation
40 Infos, 28 Warnings, 10 Critical Warnings and 2 Errors encountered.
opt_design failed
ERROR: [Chipscope 16-338] Implementing debug Cores failed due to earlier errors
INFO: [Common 17-206] Exiting Vivado at Wed Oct 21 18:37:39 2020...
