01:33:33 **** Incremental Build of project design_1_wrapper ****
buildplatform.bat 53803 design_1_wrapper no_domain_build 
XSDB Server Channel: tcfchan#16
01:33:41 **** Incremental Build of configuration Debug for project zybo_vdma ****
make all 
make --no-print-directory pre-build
a9-linaro-pre-build-step
' '
make --no-print-directory main-build
make[1]: Nothing to be done for 'main-build'.
01:33:51 **** Incremental Build of configuration Debug for project zybo_vdma_system ****
make all 
Generating bif file for the system project
generate_system_bif.bat 53803 C:/Github/Zybo_mipi/zybo_vdma/vitis/design_1_wrapper/export/design_1_wrapper/design_1_wrapper.xpfm standalone_domain C:/Users/ivr/Documents/GitHub/Zybo_mipi/zybo_vdma/vitis/zybo_vdma_system/Debug/system.bif
xpfm path is not valid
    invoked from within
"::tcf::eval -progress {apply {{msg} {puts $msg}}} {tcf_send_command tcfchan#0 xsdb eval s es {{::scw::generate_bif -xpfm C:/Github/Zybo_mipi/zybo_vdma/vitis/design_1_wrapper/export/design_1_wrapper/design_1_wrapper.xpfm -domains standalone_domain -bifpath C:/Users/ivr/Documents/GitHub/Zybo_mipi/zybo_vdma/vitis/zybo_vdma_system/Debug/system.bif}}}"
    (procedure "::tcf::send_command" line 4)
    invoked from within
"tcf send_command $::xsdb::curchan xsdb eval s es [list "::scw::generate_bif $GENERATE_BIF_ARGS"]"
    (file "C:/Xilinx/Vitis/2019.2\scripts\vitis\util\generate_system_bif.tcl" line 25)
make: *** [makefile:36: sd_card] Error 1
