
*** Running vivado
    with args -log bd_d10d_vfb_0_0.vds -m64 -product Vivado -mode batch -messageDb vivado.pb -notrace -source bd_d10d_vfb_0_0.tcl


****** Vivado v2019.2 (64-bit)
  **** SW Build 2708876 on Wed Nov  6 21:40:23 MST 2019
  **** IP Build 2700528 on Thu Nov  7 00:09:20 MST 2019
    ** Copyright 1986-2019 Xilinx, Inc. All Rights Reserved.

source bd_d10d_vfb_0_0.tcl -notrace
Command: synth_design -top bd_d10d_vfb_0_0 -part xc7z020clg400-1 -mode out_of_context
Starting synth_design
Attempting to get a license for feature 'Synthesis' and/or device 'xc7z020'
INFO: [Common 17-349] Got license for feature 'Synthesis' and/or device 'xc7z020'
INFO: [Device 21-403] Loading part xc7z020clg400-1
INFO: Launching helper process for spawning children vivado processes
INFO: Helper process launched with PID 9040 
---------------------------------------------------------------------------------
Starting RTL Elaboration : Time (s): cpu = 00:00:06 ; elapsed = 00:00:07 . Memory (MB): peak = 1021.750 ; gain = 233.996
---------------------------------------------------------------------------------
INFO: [Synth 8-6157] synthesizing module 'bd_d10d_vfb_0_0' [c:/Users/ivr/Documents/GitHub/Zybo_mipi/zybo_ov5640/zybo_ov5640.srcs/sources_1/bd/design_1/ip/design_1_mipi_csi2_rx_subsyst_0_0_1/bd_0/ip/ip_3/bd_d10d_vfb_0_0.v:53]
	Parameter C_HS_LINE_RATE bound to: 1000 - type: integer 
	Parameter AXIS_TDATA_WIDTH bound to: 64 - type: integer 
	Parameter AXIS_TUSER_WIDTH bound to: 96 - type: integer 
	Parameter AXIS_TDEST_WIDTH bound to: 4 - type: integer 
	Parameter VFB_TU_WIDTH bound to: 1 - type: integer 
	Parameter VFB_DATA_TYPE bound to: 32 - type: integer 
	Parameter VFB_FILTER_VC bound to: 0 - type: integer 
	Parameter VFB_VC bound to: 0 - type: integer 
	Parameter VFB_REQ_BUFFER bound to: 0 - type: integer 
	Parameter VFB_REQ_REORDER bound to: 1 - type: integer 
	Parameter VFB_FIFO_DEPTH bound to: 2048 - type: integer 
	Parameter VFB_FIFO_WIDTH bound to: 64 - type: integer 
	Parameter VFB_PXL_W bound to: 12 - type: integer 
	Parameter VFB_PXL_W_BB bound to: 16 - type: integer 
	Parameter VFB_4PXL_W bound to: 48 - type: integer 
	Parameter VFB_DCONV_OWIDTH bound to: 64 - type: integer 
	Parameter VFB_OP_DWIDTH bound to: 48 - type: integer 
	Parameter VFB_OP_PIXELS bound to: 4 - type: integer 
	Parameter VFB_BYPASS_WC bound to: 1 - type: integer 
INFO: [Synth 8-6157] synthesizing module 'bd_d10d_vfb_0_0_core' [c:/Users/ivr/Documents/GitHub/Zybo_mipi/zybo_ov5640/zybo_ov5640.srcs/sources_1/bd/design_1/ip/design_1_mipi_csi2_rx_subsyst_0_0_1/bd_0/ip/ip_3/bd_d10d_vfb_0_0_core.v:53]
	Parameter C_HS_LINE_RATE bound to: 1000 - type: integer 
	Parameter AXIS_TDATA_WIDTH bound to: 64 - type: integer 
	Parameter AXIS_TUSER_WIDTH bound to: 96 - type: integer 
	Parameter AXIS_TDEST_WIDTH bound to: 4 - type: integer 
	Parameter VFB_TU_WIDTH bound to: 1 - type: integer 
	Parameter VFB_TSB0_WIDTH bound to: 32 - type: integer 
	Parameter VFB_TSB1_WIDTH bound to: 0 - type: integer 
	Parameter VFB_TSB2_WIDTH bound to: 3 - type: integer 
	Parameter VFB_DATA_TYPE bound to: 32 - type: integer 
	Parameter VFB_FILTER_VC bound to: 0 - type: integer 
	Parameter VFB_VC bound to: 0 - type: integer 
	Parameter VFB_REQ_BUFFER bound to: 0 - type: integer 
	Parameter VFB_REQ_REORDER bound to: 1 - type: integer 
	Parameter VFB_FIFO_DEPTH bound to: 2048 - type: integer 
	Parameter VFB_FIFO_WIDTH bound to: 64 - type: integer 
	Parameter VFB_DCONV_TUW bound to: 24 - type: integer 
	Parameter VFB_PXL_W bound to: 12 - type: integer 
	Parameter VFB_PXL_W_BB bound to: 16 - type: integer 
	Parameter VFB_4PXL_W bound to: 48 - type: integer 
	Parameter VFB_DCONV_OWIDTH bound to: 64 - type: integer 
	Parameter VFB_OP_DWIDTH bound to: 48 - type: integer 
	Parameter VFB_OP_PIXELS bound to: 4 - type: integer 
	Parameter VFB_BYPASS_WC bound to: 1 - type: integer 
INFO: [Synth 8-6157] synthesizing module 'vfb_v1_0_14_reorder' [c:/Users/ivr/Documents/GitHub/Zybo_mipi/zybo_ov5640/zybo_ov5640.srcs/sources_1/bd/design_1/ipshared/2397/hdl/vfb_v1_0_rfs.v:126]
	Parameter AXIS_TDATA_WIDTH bound to: 64 - type: integer 
	Parameter AXIS_TUSER_WIDTH bound to: 96 - type: integer 
	Parameter AXIS_TDEST_WIDTH bound to: 4 - type: integer 
	Parameter VFB_TU_WIDTH bound to: 1 - type: integer 
	Parameter VFB_TSB0_WIDTH bound to: 32 - type: integer 
	Parameter VFB_TSB1_WIDTH bound to: 0 - type: integer 
	Parameter VFB_TSB2_WIDTH bound to: 3 - type: integer 
	Parameter VFB_OP_DWIDTH bound to: 48 - type: integer 
	Parameter VFB_DATA_TYPE bound to: 32 - type: integer 
	Parameter VFB_VC bound to: 0 - type: integer 
	Parameter VFB_FILTER_VC bound to: 0 - type: integer 
	Parameter VFB_REQ_BUFFER bound to: 0 - type: integer 
	Parameter VFB_REQ_REORDER bound to: 1 - type: integer 
	Parameter VFB_FIFO_WIDTH bound to: 64 - type: integer 
	Parameter VFB_DCONV_TUW bound to: 24 - type: integer 
	Parameter VFB_4PXL_W bound to: 48 - type: integer 
	Parameter VFB_DEBUG_CNTS bound to: 0 - type: integer 
	Parameter SB_WIDTH bound to: 41 - type: integer 
	Parameter TU_BYTES bound to: 8 - type: integer 
	Parameter STAGE_WIDTH bound to: 180 - type: integer 
	Parameter TE_L bound to: 0 - type: integer 
	Parameter TE_H bound to: 3 - type: integer 
	Parameter TU_L bound to: 4 - type: integer 
	Parameter TU_H bound to: 99 - type: integer 
	Parameter TK_L bound to: 100 - type: integer 
	Parameter TK_H bound to: 107 - type: integer 
	Parameter TD_L bound to: 108 - type: integer 
	Parameter TD_H bound to: 171 - type: integer 
	Parameter TL_L bound to: 172 - type: integer 
	Parameter TL_H bound to: 172 - type: integer 
	Parameter TB_L bound to: 173 - type: integer 
	Parameter TB_H bound to: 179 - type: integer 
WARNING: [Synth 8-6014] Unused sequential element first_beat_rcvd_reg was removed.  [c:/Users/ivr/Documents/GitHub/Zybo_mipi/zybo_ov5640/zybo_ov5640.srcs/sources_1/bd/design_1/ipshared/2397/hdl/vfb_v1_0_rfs.v:2777]
INFO: [Synth 8-6155] done synthesizing module 'vfb_v1_0_14_reorder' (1#1) [c:/Users/ivr/Documents/GitHub/Zybo_mipi/zybo_ov5640/zybo_ov5640.srcs/sources_1/bd/design_1/ipshared/2397/hdl/vfb_v1_0_rfs.v:126]
INFO: [Synth 8-6157] synthesizing module 'bd_d10d_vfb_0_0_axis_dconverter' [c:/Users/ivr/Documents/GitHub/Zybo_mipi/zybo_ov5640/zybo_ov5640.srcs/sources_1/bd/design_1/ip/design_1_mipi_csi2_rx_subsyst_0_0_1/bd_0/ip/ip_3/bd_d10d_vfb_0_0/src/verilog/bd_d10d_vfb_0_0_axis_dconverter.v:47]
INFO: [Synth 8-6155] done synthesizing module 'bd_d10d_vfb_0_0_axis_dconverter' (2#1) [c:/Users/ivr/Documents/GitHub/Zybo_mipi/zybo_ov5640/zybo_ov5640.srcs/sources_1/bd/design_1/ip/design_1_mipi_csi2_rx_subsyst_0_0_1/bd_0/ip/ip_3/bd_d10d_vfb_0_0/src/verilog/bd_d10d_vfb_0_0_axis_dconverter.v:47]
INFO: [Synth 8-6157] synthesizing module 'vfb_v1_0_14_op_inf' [c:/Users/ivr/Documents/GitHub/Zybo_mipi/zybo_ov5640/zybo_ov5640.srcs/sources_1/bd/design_1/ipshared/2397/hdl/vfb_v1_0_rfs.v:2946]
	Parameter VFB_TU_WIDTH bound to: 1 - type: integer 
	Parameter VFB_TSB0_WIDTH bound to: 32 - type: integer 
	Parameter VFB_TSB1_WIDTH bound to: 0 - type: integer 
	Parameter VFB_TSB2_WIDTH bound to: 3 - type: integer 
	Parameter AXIS_TDATA_WIDTH bound to: 64 - type: integer 
	Parameter VFB_PXL_W bound to: 12 - type: integer 
	Parameter VFB_PXL_W_BB bound to: 16 - type: integer 
	Parameter VFB_DCONV_OWIDTH bound to: 64 - type: integer 
	Parameter VFB_OP_DWIDTH bound to: 48 - type: integer 
	Parameter VFB_OP_PIXELS bound to: 4 - type: integer 
	Parameter LSB_P0 bound to: 0 - type: integer 
	Parameter MSB_P0 bound to: 11 - type: integer 
	Parameter LSB_P1 bound to: 16 - type: integer 
	Parameter MSB_P1 bound to: 27 - type: integer 
	Parameter LSB_P2 bound to: 32 - type: integer 
	Parameter MSB_P2 bound to: 43 - type: integer 
	Parameter LSB_P3 bound to: 48 - type: integer 
	Parameter MSB_P3 bound to: 59 - type: integer 
	Parameter MAXOF_2DT_PXLW bound to: 12 - type: integer 
	Parameter VFB_SB_PIXELS bound to: 8 - type: integer 
	Parameter ZEROPADDING bound to: 4 - type: integer 
INFO: [Synth 8-6155] done synthesizing module 'vfb_v1_0_14_op_inf' (3#1) [c:/Users/ivr/Documents/GitHub/Zybo_mipi/zybo_ov5640/zybo_ov5640.srcs/sources_1/bd/design_1/ipshared/2397/hdl/vfb_v1_0_rfs.v:2946]
WARNING: [Synth 8-3848] Net m_axis_tdest in module/entity bd_d10d_vfb_0_0_core does not have driver. [c:/Users/ivr/Documents/GitHub/Zybo_mipi/zybo_ov5640/zybo_ov5640.srcs/sources_1/bd/design_1/ip/design_1_mipi_csi2_rx_subsyst_0_0_1/bd_0/ip/ip_3/bd_d10d_vfb_0_0_core.v:134]
INFO: [Synth 8-6155] done synthesizing module 'bd_d10d_vfb_0_0_core' (4#1) [c:/Users/ivr/Documents/GitHub/Zybo_mipi/zybo_ov5640/zybo_ov5640.srcs/sources_1/bd/design_1/ip/design_1_mipi_csi2_rx_subsyst_0_0_1/bd_0/ip/ip_3/bd_d10d_vfb_0_0_core.v:53]
INFO: [Synth 8-6155] done synthesizing module 'bd_d10d_vfb_0_0' (5#1) [c:/Users/ivr/Documents/GitHub/Zybo_mipi/zybo_ov5640/zybo_ov5640.srcs/sources_1/bd/design_1/ip/design_1_mipi_csi2_rx_subsyst_0_0_1/bd_0/ip/ip_3/bd_d10d_vfb_0_0.v:53]
WARNING: [Synth 8-3331] design vfb_v1_0_14_op_inf has unconnected port s_axis_tdata[63]
WARNING: [Synth 8-3331] design vfb_v1_0_14_op_inf has unconnected port s_axis_tdata[62]
WARNING: [Synth 8-3331] design vfb_v1_0_14_op_inf has unconnected port s_axis_tdata[61]
WARNING: [Synth 8-3331] design vfb_v1_0_14_op_inf has unconnected port s_axis_tdata[60]
WARNING: [Synth 8-3331] design vfb_v1_0_14_op_inf has unconnected port s_axis_tdata[47]
WARNING: [Synth 8-3331] design vfb_v1_0_14_op_inf has unconnected port s_axis_tdata[46]
WARNING: [Synth 8-3331] design vfb_v1_0_14_op_inf has unconnected port s_axis_tdata[45]
WARNING: [Synth 8-3331] design vfb_v1_0_14_op_inf has unconnected port s_axis_tdata[44]
WARNING: [Synth 8-3331] design vfb_v1_0_14_op_inf has unconnected port s_axis_tdata[31]
WARNING: [Synth 8-3331] design vfb_v1_0_14_op_inf has unconnected port s_axis_tdata[30]
WARNING: [Synth 8-3331] design vfb_v1_0_14_op_inf has unconnected port s_axis_tdata[29]
WARNING: [Synth 8-3331] design vfb_v1_0_14_op_inf has unconnected port s_axis_tdata[28]
WARNING: [Synth 8-3331] design vfb_v1_0_14_op_inf has unconnected port s_axis_tdata[15]
WARNING: [Synth 8-3331] design vfb_v1_0_14_op_inf has unconnected port s_axis_tdata[14]
WARNING: [Synth 8-3331] design vfb_v1_0_14_op_inf has unconnected port s_axis_tdata[13]
WARNING: [Synth 8-3331] design vfb_v1_0_14_op_inf has unconnected port s_axis_tdata[12]
WARNING: [Synth 8-3331] design vfb_v1_0_14_op_inf has unconnected port s_axis_tid[31]
WARNING: [Synth 8-3331] design vfb_v1_0_14_op_inf has unconnected port s_axis_tid[30]
WARNING: [Synth 8-3331] design vfb_v1_0_14_op_inf has unconnected port s_axis_tid[29]
WARNING: [Synth 8-3331] design vfb_v1_0_14_op_inf has unconnected port s_axis_tid[28]
WARNING: [Synth 8-3331] design vfb_v1_0_14_op_inf has unconnected port s_axis_tid[27]
WARNING: [Synth 8-3331] design vfb_v1_0_14_op_inf has unconnected port s_axis_tid[26]
WARNING: [Synth 8-3331] design vfb_v1_0_14_op_inf has unconnected port s_axis_tid[25]
WARNING: [Synth 8-3331] design vfb_v1_0_14_op_inf has unconnected port s_axis_tid[24]
WARNING: [Synth 8-3331] design vfb_v1_0_14_op_inf has unconnected port s_axis_tid[23]
WARNING: [Synth 8-3331] design vfb_v1_0_14_op_inf has unconnected port s_axis_tid[22]
WARNING: [Synth 8-3331] design vfb_v1_0_14_op_inf has unconnected port s_axis_tid[21]
WARNING: [Synth 8-3331] design vfb_v1_0_14_op_inf has unconnected port s_axis_tid[20]
WARNING: [Synth 8-3331] design vfb_v1_0_14_op_inf has unconnected port s_axis_tid[19]
WARNING: [Synth 8-3331] design vfb_v1_0_14_op_inf has unconnected port s_axis_tid[18]
WARNING: [Synth 8-3331] design vfb_v1_0_14_op_inf has unconnected port s_axis_tid[17]
WARNING: [Synth 8-3331] design vfb_v1_0_14_op_inf has unconnected port s_axis_tid[16]
WARNING: [Synth 8-3331] design vfb_v1_0_14_op_inf has unconnected port s_axis_tid[15]
WARNING: [Synth 8-3331] design vfb_v1_0_14_op_inf has unconnected port s_axis_tid[14]
WARNING: [Synth 8-3331] design vfb_v1_0_14_op_inf has unconnected port s_axis_tid[13]
WARNING: [Synth 8-3331] design vfb_v1_0_14_op_inf has unconnected port s_axis_tid[12]
WARNING: [Synth 8-3331] design vfb_v1_0_14_op_inf has unconnected port s_axis_tid[11]
WARNING: [Synth 8-3331] design vfb_v1_0_14_op_inf has unconnected port s_axis_tid[10]
WARNING: [Synth 8-3331] design vfb_v1_0_14_op_inf has unconnected port s_axis_tdest[31]
WARNING: [Synth 8-3331] design vfb_v1_0_14_op_inf has unconnected port s_axis_tdest[30]
WARNING: [Synth 8-3331] design vfb_v1_0_14_op_inf has unconnected port s_axis_tdest[29]
WARNING: [Synth 8-3331] design vfb_v1_0_14_op_inf has unconnected port s_axis_tdest[28]
WARNING: [Synth 8-3331] design vfb_v1_0_14_op_inf has unconnected port s_axis_tdest[27]
WARNING: [Synth 8-3331] design vfb_v1_0_14_op_inf has unconnected port s_axis_tdest[26]
WARNING: [Synth 8-3331] design vfb_v1_0_14_op_inf has unconnected port s_axis_tdest[25]
WARNING: [Synth 8-3331] design vfb_v1_0_14_op_inf has unconnected port s_axis_tdest[24]
WARNING: [Synth 8-3331] design vfb_v1_0_14_op_inf has unconnected port s_axis_tdest[23]
WARNING: [Synth 8-3331] design vfb_v1_0_14_op_inf has unconnected port s_axis_tdest[22]
WARNING: [Synth 8-3331] design vfb_v1_0_14_op_inf has unconnected port s_axis_tdest[21]
WARNING: [Synth 8-3331] design vfb_v1_0_14_op_inf has unconnected port s_axis_tdest[20]
WARNING: [Synth 8-3331] design vfb_v1_0_14_op_inf has unconnected port s_axis_tdest[19]
WARNING: [Synth 8-3331] design vfb_v1_0_14_op_inf has unconnected port s_axis_tdest[18]
WARNING: [Synth 8-3331] design vfb_v1_0_14_op_inf has unconnected port s_axis_tdest[17]
WARNING: [Synth 8-3331] design vfb_v1_0_14_op_inf has unconnected port s_axis_tdest[16]
WARNING: [Synth 8-3331] design vfb_v1_0_14_op_inf has unconnected port s_axis_tdest[15]
WARNING: [Synth 8-3331] design vfb_v1_0_14_op_inf has unconnected port s_axis_tdest[14]
WARNING: [Synth 8-3331] design vfb_v1_0_14_op_inf has unconnected port s_axis_tdest[13]
WARNING: [Synth 8-3331] design vfb_v1_0_14_op_inf has unconnected port s_axis_tdest[12]
WARNING: [Synth 8-3331] design vfb_v1_0_14_op_inf has unconnected port s_axis_tdest[11]
WARNING: [Synth 8-3331] design vfb_v1_0_14_op_inf has unconnected port s_axis_tdest[10]
WARNING: [Synth 8-3331] design vfb_v1_0_14_op_inf has unconnected port s_axis_tdest[9]
WARNING: [Synth 8-3331] design vfb_v1_0_14_op_inf has unconnected port s_axis_tdest[8]
WARNING: [Synth 8-3331] design vfb_v1_0_14_op_inf has unconnected port s_axis_tdest[7]
WARNING: [Synth 8-3331] design vfb_v1_0_14_op_inf has unconnected port s_axis_tdest[6]
WARNING: [Synth 8-3331] design vfb_v1_0_14_op_inf has unconnected port s_axis_tdest[5]
WARNING: [Synth 8-3331] design vfb_v1_0_14_op_inf has unconnected port s_axis_tdest[4]
WARNING: [Synth 8-3331] design vfb_v1_0_14_op_inf has unconnected port s_axis_tdest[3]
WARNING: [Synth 8-3331] design vfb_v1_0_14_op_inf has unconnected port s_axis_tdest[2]
WARNING: [Synth 8-3331] design vfb_v1_0_14_op_inf has unconnected port s_axis_tdest[1]
WARNING: [Synth 8-3331] design vfb_v1_0_14_op_inf has unconnected port s_axis_tdest[0]
WARNING: [Synth 8-3331] design vfb_v1_0_14_op_inf has unconnected port s_axis_tuser[2]
WARNING: [Synth 8-3331] design vfb_v1_0_14_op_inf has unconnected port s_axis_tuser[1]
WARNING: [Synth 8-3331] design vfb_v1_0_14_op_inf has unconnected port s_axis_tkeep[7]
WARNING: [Synth 8-3331] design vfb_v1_0_14_op_inf has unconnected port s_axis_tkeep[6]
WARNING: [Synth 8-3331] design vfb_v1_0_14_op_inf has unconnected port s_axis_tkeep[5]
WARNING: [Synth 8-3331] design vfb_v1_0_14_op_inf has unconnected port s_axis_tkeep[4]
WARNING: [Synth 8-3331] design vfb_v1_0_14_op_inf has unconnected port s_axis_tkeep[3]
WARNING: [Synth 8-3331] design vfb_v1_0_14_op_inf has unconnected port s_axis_tkeep[2]
WARNING: [Synth 8-3331] design vfb_v1_0_14_op_inf has unconnected port s_axis_tkeep[1]
WARNING: [Synth 8-3331] design vfb_v1_0_14_op_inf has unconnected port s_axis_tkeep[0]
WARNING: [Synth 8-3331] design vfb_v1_0_14_op_inf has unconnected port sband_te
WARNING: [Synth 8-3331] design bd_d10d_vfb_0_0_axis_dconverter has unconnected port aclk
WARNING: [Synth 8-3331] design bd_d10d_vfb_0_0_axis_dconverter has unconnected port aresetn
WARNING: [Synth 8-3331] design bd_d10d_vfb_0_0_axis_dconverter has unconnected port s_axis_tuser[23]
WARNING: [Synth 8-3331] design bd_d10d_vfb_0_0_axis_dconverter has unconnected port s_axis_tuser[22]
WARNING: [Synth 8-3331] design bd_d10d_vfb_0_0_axis_dconverter has unconnected port s_axis_tuser[21]
WARNING: [Synth 8-3331] design bd_d10d_vfb_0_0_axis_dconverter has unconnected port s_axis_tuser[20]
WARNING: [Synth 8-3331] design bd_d10d_vfb_0_0_axis_dconverter has unconnected port s_axis_tuser[19]
WARNING: [Synth 8-3331] design bd_d10d_vfb_0_0_axis_dconverter has unconnected port s_axis_tuser[18]
WARNING: [Synth 8-3331] design bd_d10d_vfb_0_0_axis_dconverter has unconnected port s_axis_tuser[17]
WARNING: [Synth 8-3331] design bd_d10d_vfb_0_0_axis_dconverter has unconnected port s_axis_tuser[16]
WARNING: [Synth 8-3331] design bd_d10d_vfb_0_0_axis_dconverter has unconnected port s_axis_tuser[15]
WARNING: [Synth 8-3331] design bd_d10d_vfb_0_0_axis_dconverter has unconnected port s_axis_tuser[14]
WARNING: [Synth 8-3331] design bd_d10d_vfb_0_0_axis_dconverter has unconnected port s_axis_tuser[13]
WARNING: [Synth 8-3331] design bd_d10d_vfb_0_0_axis_dconverter has unconnected port s_axis_tuser[12]
WARNING: [Synth 8-3331] design bd_d10d_vfb_0_0_axis_dconverter has unconnected port s_axis_tuser[11]
WARNING: [Synth 8-3331] design bd_d10d_vfb_0_0_axis_dconverter has unconnected port s_axis_tuser[10]
WARNING: [Synth 8-3331] design bd_d10d_vfb_0_0_axis_dconverter has unconnected port s_axis_tuser[9]
WARNING: [Synth 8-3331] design bd_d10d_vfb_0_0_axis_dconverter has unconnected port s_axis_tuser[8]
WARNING: [Synth 8-3331] design bd_d10d_vfb_0_0_axis_dconverter has unconnected port s_axis_tuser[7]
INFO: [Common 17-14] Message 'Synth 8-3331' appears 100 times and further instances of the messages will be disabled. Use the Tcl command set_msg_config to change the current settings.
---------------------------------------------------------------------------------
Finished RTL Elaboration : Time (s): cpu = 00:00:08 ; elapsed = 00:00:09 . Memory (MB): peak = 1100.754 ; gain = 313.000
---------------------------------------------------------------------------------

Report Check Netlist: 
+------+------------------+-------+---------+-------+------------------+
|      |Item              |Errors |Warnings |Status |Description       |
+------+------------------+-------+---------+-------+------------------+
|1     |multi_driven_nets |      0|        0|Passed |Multi driven nets |
+------+------------------+-------+---------+-------+------------------+
---------------------------------------------------------------------------------
Start Handling Custom Attributes
---------------------------------------------------------------------------------
---------------------------------------------------------------------------------
Finished Handling Custom Attributes : Time (s): cpu = 00:00:09 ; elapsed = 00:00:10 . Memory (MB): peak = 1100.754 ; gain = 313.000
---------------------------------------------------------------------------------
---------------------------------------------------------------------------------
Finished RTL Optimization Phase 1 : Time (s): cpu = 00:00:09 ; elapsed = 00:00:10 . Memory (MB): peak = 1100.754 ; gain = 313.000
---------------------------------------------------------------------------------
Netlist sorting complete. Time (s): cpu = 00:00:01 ; elapsed = 00:00:00.070 . Memory (MB): peak = 1100.754 ; gain = 0.000
INFO: [Project 1-570] Preparing netlist for logic optimization

Processing XDC Constraints
Initializing timing engine
Parsing XDC File [c:/Users/ivr/Documents/GitHub/Zybo_mipi/zybo_ov5640/zybo_ov5640.srcs/sources_1/bd/design_1/ip/design_1_mipi_csi2_rx_subsyst_0_0_1/bd_0/ip/ip_3/bd_d10d_vfb_0_0_ooc.xdc] for cell 'inst'
Finished Parsing XDC File [c:/Users/ivr/Documents/GitHub/Zybo_mipi/zybo_ov5640/zybo_ov5640.srcs/sources_1/bd/design_1/ip/design_1_mipi_csi2_rx_subsyst_0_0_1/bd_0/ip/ip_3/bd_d10d_vfb_0_0_ooc.xdc] for cell 'inst'
Parsing XDC File [C:/Users/ivr/Documents/GitHub/Zybo_mipi/zybo_ov5640/zybo_ov5640.runs/bd_d10d_vfb_0_0_synth_1/dont_touch.xdc]
Finished Parsing XDC File [C:/Users/ivr/Documents/GitHub/Zybo_mipi/zybo_ov5640/zybo_ov5640.runs/bd_d10d_vfb_0_0_synth_1/dont_touch.xdc]
Completed Processing XDC Constraints

Netlist sorting complete. Time (s): cpu = 00:00:00 ; elapsed = 00:00:00.001 . Memory (MB): peak = 1189.684 ; gain = 0.000
INFO: [Project 1-111] Unisim Transformation Summary:
No Unisim elements were transformed.

Constraint Validation Runtime : Time (s): cpu = 00:00:00 ; elapsed = 00:00:00.078 . Memory (MB): peak = 1201.461 ; gain = 11.777
---------------------------------------------------------------------------------
Finished Constraint Validation : Time (s): cpu = 00:00:22 ; elapsed = 00:00:25 . Memory (MB): peak = 1201.461 ; gain = 413.707
---------------------------------------------------------------------------------
---------------------------------------------------------------------------------
Start Loading Part and Timing Information
---------------------------------------------------------------------------------
Loading part: xc7z020clg400-1
---------------------------------------------------------------------------------
Finished Loading Part and Timing Information : Time (s): cpu = 00:00:22 ; elapsed = 00:00:25 . Memory (MB): peak = 1201.461 ; gain = 413.707
---------------------------------------------------------------------------------
---------------------------------------------------------------------------------
Start Applying 'set_property' XDC Constraints
---------------------------------------------------------------------------------
Applied set_property DONT_TOUCH = true for inst. (constraint file  C:/Users/ivr/Documents/GitHub/Zybo_mipi/zybo_ov5640/zybo_ov5640.runs/bd_d10d_vfb_0_0_synth_1/dont_touch.xdc, line 6).
---------------------------------------------------------------------------------
Finished applying 'set_property' XDC Constraints : Time (s): cpu = 00:00:22 ; elapsed = 00:00:25 . Memory (MB): peak = 1201.461 ; gain = 413.707
---------------------------------------------------------------------------------
---------------------------------------------------------------------------------
Finished RTL Optimization Phase 2 : Time (s): cpu = 00:00:23 ; elapsed = 00:00:26 . Memory (MB): peak = 1201.461 ; gain = 413.707
---------------------------------------------------------------------------------

Report RTL Partitions: 
+-+--------------+------------+----------+
| |RTL Partition |Replication |Instances |
+-+--------------+------------+----------+
+-+--------------+------------+----------+
---------------------------------------------------------------------------------
Start RTL Component Statistics 
---------------------------------------------------------------------------------
Detailed RTL Component Info : 
+---Adders : 
	   2 Input      5 Bit       Adders := 1     
	   8 Input      4 Bit       Adders := 1     
	   2 Input      4 Bit       Adders := 1     
+---Registers : 
	              180 Bit    Registers := 2     
	               64 Bit    Registers := 2     
	               48 Bit    Registers := 1     
	               32 Bit    Registers := 2     
	               24 Bit    Registers := 1     
	               10 Bit    Registers := 2     
	                9 Bit    Registers := 1     
	                8 Bit    Registers := 1     
	                4 Bit    Registers := 1     
	                2 Bit    Registers := 1     
	                1 Bit    Registers := 11    
+---Muxes : 
	   2 Input    180 Bit        Muxes := 4     
	   4 Input    176 Bit        Muxes := 2     
	   4 Input     64 Bit        Muxes := 1     
	   2 Input     64 Bit        Muxes := 1     
	   4 Input     48 Bit        Muxes := 1     
	   2 Input     48 Bit        Muxes := 1     
	   4 Input     32 Bit        Muxes := 1     
	   4 Input     24 Bit        Muxes := 1     
	   2 Input     10 Bit        Muxes := 2     
	   2 Input      9 Bit        Muxes := 1     
	   2 Input      2 Bit        Muxes := 5     
	   2 Input      1 Bit        Muxes := 25    
---------------------------------------------------------------------------------
Finished RTL Component Statistics 
---------------------------------------------------------------------------------
---------------------------------------------------------------------------------
Start RTL Hierarchical Component Statistics 
---------------------------------------------------------------------------------
Hierarchical RTL Component report 
Module vfb_v1_0_14_reorder 
Detailed RTL Component Info : 
+---Adders : 
	   8 Input      4 Bit       Adders := 1     
+---Registers : 
	              180 Bit    Registers := 2     
	               64 Bit    Registers := 1     
	               32 Bit    Registers := 2     
	               24 Bit    Registers := 1     
	                8 Bit    Registers := 1     
	                2 Bit    Registers := 1     
	                1 Bit    Registers := 5     
+---Muxes : 
	   2 Input    180 Bit        Muxes := 4     
	   4 Input    176 Bit        Muxes := 2     
	   4 Input     64 Bit        Muxes := 1     
	   4 Input     32 Bit        Muxes := 1     
	   4 Input     24 Bit        Muxes := 1     
	   2 Input      2 Bit        Muxes := 5     
	   2 Input      1 Bit        Muxes := 5     
Module vfb_v1_0_14_op_inf 
Detailed RTL Component Info : 
+---Adders : 
	   2 Input      5 Bit       Adders := 1     
	   2 Input      4 Bit       Adders := 1     
+---Registers : 
	               64 Bit    Registers := 1     
	               48 Bit    Registers := 1     
	               10 Bit    Registers := 2     
	                9 Bit    Registers := 1     
	                4 Bit    Registers := 1     
	                1 Bit    Registers := 6     
+---Muxes : 
	   2 Input     64 Bit        Muxes := 1     
	   4 Input     48 Bit        Muxes := 1     
	   2 Input     48 Bit        Muxes := 1     
	   2 Input     10 Bit        Muxes := 2     
	   2 Input      9 Bit        Muxes := 1     
	   2 Input      1 Bit        Muxes := 20    
---------------------------------------------------------------------------------
Finished RTL Hierarchical Component Statistics
---------------------------------------------------------------------------------
---------------------------------------------------------------------------------
Start Part Resource Summary
---------------------------------------------------------------------------------
Part Resources:
DSPs: 220 (col length:60)
BRAMs: 280 (col length: RAMB18 60 RAMB36 30)
---------------------------------------------------------------------------------
Finished Part Resource Summary
---------------------------------------------------------------------------------
---------------------------------------------------------------------------------
Start Cross Boundary and Area Optimization
---------------------------------------------------------------------------------
Warning: Parallel synthesis criteria is not met 
INFO: [Synth 8-3886] merging instance 'inst/VFB_MIN.reorder/s_fifo_tu_reg[21]' (FDRE) to 'inst/VFB_MIN.reorder/s_fifo_tu_reg[0]'
INFO: [Synth 8-3886] merging instance 'inst/VFB_MIN.reorder/s_fifo_tu_reg[18]' (FDRE) to 'inst/VFB_MIN.reorder/s_fifo_tu_reg[0]'
INFO: [Synth 8-3886] merging instance 'inst/VFB_MIN.reorder/s_fifo_tu_reg[15]' (FDRE) to 'inst/VFB_MIN.reorder/s_fifo_tu_reg[0]'
INFO: [Synth 8-3886] merging instance 'inst/VFB_MIN.reorder/s_fifo_tu_reg[12]' (FDRE) to 'inst/VFB_MIN.reorder/s_fifo_tu_reg[0]'
INFO: [Synth 8-3886] merging instance 'inst/VFB_MIN.reorder/s_fifo_tu_reg[9]' (FDRE) to 'inst/VFB_MIN.reorder/s_fifo_tu_reg[0]'
INFO: [Synth 8-3886] merging instance 'inst/VFB_MIN.reorder/s_fifo_tu_reg[6]' (FDRE) to 'inst/VFB_MIN.reorder/s_fifo_tu_reg[0]'
INFO: [Synth 8-3886] merging instance 'inst/VFB_MIN.reorder/s_fifo_tu_reg[3]' (FDRE) to 'inst/VFB_MIN.reorder/s_fifo_tu_reg[0]'
INFO: [Synth 8-3333] propagating constant 0 across sequential element (inst/\op_inf/sband_tk_r_reg[4] )
INFO: [Synth 8-3333] propagating constant 0 across sequential element (inst/\op_inf/vfb_cnt0_inferred /\op_inf/vfb_cnt_reg[1] )
INFO: [Synth 8-3333] propagating constant 0 across sequential element (inst/\op_inf/vfb_cnt0_inferred /\op_inf/vfb_cnt_reg[0] )
---------------------------------------------------------------------------------
Finished Cross Boundary and Area Optimization : Time (s): cpu = 00:00:27 ; elapsed = 00:00:30 . Memory (MB): peak = 1201.461 ; gain = 413.707
---------------------------------------------------------------------------------

Report RTL Partitions: 
+-+--------------+------------+----------+
| |RTL Partition |Replication |Instances |
+-+--------------+------------+----------+
+-+--------------+------------+----------+
---------------------------------------------------------------------------------
Start Applying XDC Timing Constraints
---------------------------------------------------------------------------------
---------------------------------------------------------------------------------
Finished Applying XDC Timing Constraints : Time (s): cpu = 00:00:39 ; elapsed = 00:00:42 . Memory (MB): peak = 1201.461 ; gain = 413.707
---------------------------------------------------------------------------------
---------------------------------------------------------------------------------
Start Timing Optimization
---------------------------------------------------------------------------------
---------------------------------------------------------------------------------
Finished Timing Optimization : Time (s): cpu = 00:00:40 ; elapsed = 00:00:43 . Memory (MB): peak = 1208.738 ; gain = 420.984
---------------------------------------------------------------------------------

Report RTL Partitions: 
+-+--------------+------------+----------+
| |RTL Partition |Replication |Instances |
+-+--------------+------------+----------+
+-+--------------+------------+----------+
---------------------------------------------------------------------------------
Start Technology Mapping
---------------------------------------------------------------------------------
---------------------------------------------------------------------------------
Finished Technology Mapping : Time (s): cpu = 00:00:41 ; elapsed = 00:00:44 . Memory (MB): peak = 1213.777 ; gain = 426.023
---------------------------------------------------------------------------------

Report RTL Partitions: 
+-+--------------+------------+----------+
| |RTL Partition |Replication |Instances |
+-+--------------+------------+----------+
+-+--------------+------------+----------+
---------------------------------------------------------------------------------
Start IO Insertion
---------------------------------------------------------------------------------
---------------------------------------------------------------------------------
Start Flattening Before IO Insertion
---------------------------------------------------------------------------------
---------------------------------------------------------------------------------
Finished Flattening Before IO Insertion
---------------------------------------------------------------------------------
---------------------------------------------------------------------------------
Start Final Netlist Cleanup
---------------------------------------------------------------------------------
---------------------------------------------------------------------------------
Finished Final Netlist Cleanup
---------------------------------------------------------------------------------
---------------------------------------------------------------------------------
Finished IO Insertion : Time (s): cpu = 00:00:48 ; elapsed = 00:00:52 . Memory (MB): peak = 1220.559 ; gain = 432.805
---------------------------------------------------------------------------------
---------------------------------------------------------------------------------
Start Renaming Generated Instances
---------------------------------------------------------------------------------
---------------------------------------------------------------------------------
Finished Renaming Generated Instances : Time (s): cpu = 00:00:48 ; elapsed = 00:00:52 . Memory (MB): peak = 1220.559 ; gain = 432.805
---------------------------------------------------------------------------------

Report RTL Partitions: 
+-+--------------+------------+----------+
| |RTL Partition |Replication |Instances |
+-+--------------+------------+----------+
+-+--------------+------------+----------+

Report Check Netlist: 
+------+------------------+-------+---------+-------+------------------+
|      |Item              |Errors |Warnings |Status |Description       |
+------+------------------+-------+---------+-------+------------------+
|1     |multi_driven_nets |      0|        0|Passed |Multi driven nets |
+------+------------------+-------+---------+-------+------------------+
---------------------------------------------------------------------------------
Start Rebuilding User Hierarchy
---------------------------------------------------------------------------------
---------------------------------------------------------------------------------
Finished Rebuilding User Hierarchy : Time (s): cpu = 00:00:48 ; elapsed = 00:00:52 . Memory (MB): peak = 1220.559 ; gain = 432.805
---------------------------------------------------------------------------------
---------------------------------------------------------------------------------
Start Renaming Generated Ports
---------------------------------------------------------------------------------
---------------------------------------------------------------------------------
Finished Renaming Generated Ports : Time (s): cpu = 00:00:48 ; elapsed = 00:00:52 . Memory (MB): peak = 1220.559 ; gain = 432.805
---------------------------------------------------------------------------------
---------------------------------------------------------------------------------
Start Handling Custom Attributes
---------------------------------------------------------------------------------
---------------------------------------------------------------------------------
Finished Handling Custom Attributes : Time (s): cpu = 00:00:48 ; elapsed = 00:00:52 . Memory (MB): peak = 1220.559 ; gain = 432.805
---------------------------------------------------------------------------------
---------------------------------------------------------------------------------
Start Renaming Generated Nets
---------------------------------------------------------------------------------
---------------------------------------------------------------------------------
Finished Renaming Generated Nets : Time (s): cpu = 00:00:48 ; elapsed = 00:00:52 . Memory (MB): peak = 1220.559 ; gain = 432.805
---------------------------------------------------------------------------------
---------------------------------------------------------------------------------
Start Writing Synthesis Report
---------------------------------------------------------------------------------

Report BlackBoxes: 
+-+--------------+----------+
| |BlackBox name |Instances |
+-+--------------+----------+
+-+--------------+----------+

Report Cell Usage: 
+------+-----+------+
|      |Cell |Count |
+------+-----+------+
|1     |LUT1 |     4|
|2     |LUT2 |    38|
|3     |LUT3 |     6|
|4     |LUT4 |     6|
|5     |LUT5 |    95|
|6     |LUT6 |    52|
|7     |FDRE |   328|
+------+-----+------+

Report Instance Areas: 
+------+----------------------+---------------------+------+
|      |Instance              |Module               |Cells |
+------+----------------------+---------------------+------+
|1     |top                   |                     |   529|
|2     |  inst                |bd_d10d_vfb_0_0_core |   529|
|3     |    \VFB_MIN.reorder  |vfb_v1_0_14_reorder  |   403|
|4     |    op_inf            |vfb_v1_0_14_op_inf   |   126|
+------+----------------------+---------------------+------+
---------------------------------------------------------------------------------
Finished Writing Synthesis Report : Time (s): cpu = 00:00:48 ; elapsed = 00:00:52 . Memory (MB): peak = 1220.559 ; gain = 432.805
---------------------------------------------------------------------------------
Synthesis finished with 0 errors, 0 critical warnings and 0 warnings.
Synthesis Optimization Runtime : Time (s): cpu = 00:00:34 ; elapsed = 00:00:46 . Memory (MB): peak = 1220.559 ; gain = 332.098
Synthesis Optimization Complete : Time (s): cpu = 00:00:48 ; elapsed = 00:00:52 . Memory (MB): peak = 1220.559 ; gain = 432.805
INFO: [Project 1-571] Translating synthesized netlist
Netlist sorting complete. Time (s): cpu = 00:00:00 ; elapsed = 00:00:00.021 . Memory (MB): peak = 1230.816 ; gain = 0.000
INFO: [Project 1-570] Preparing netlist for logic optimization
INFO: [Opt 31-138] Pushed 0 inverter(s) to 0 load pin(s).
Netlist sorting complete. Time (s): cpu = 00:00:00 ; elapsed = 00:00:00 . Memory (MB): peak = 1231.055 ; gain = 0.000
INFO: [Project 1-111] Unisim Transformation Summary:
No Unisim elements were transformed.

INFO: [Common 17-83] Releasing license: Synthesis
30 Infos, 102 Warnings, 0 Critical Warnings and 0 Errors encountered.
synth_design completed successfully
synth_design: Time (s): cpu = 00:00:57 ; elapsed = 00:01:02 . Memory (MB): peak = 1231.055 ; gain = 739.355
Netlist sorting complete. Time (s): cpu = 00:00:00 ; elapsed = 00:00:00.001 . Memory (MB): peak = 1231.055 ; gain = 0.000
WARNING: [Constraints 18-5210] No constraints selected for write.
Resolution: This message can indicate that there are no constraints for the design, or it can indicate that the used_in flags are set such that the constraints are ignored. This later case is used when running synth_design to not write synthesis constraints to the resulting checkpoint. Instead, project constraints are read when the synthesized design is opened.
INFO: [Common 17-1381] The checkpoint 'C:/Users/ivr/Documents/GitHub/Zybo_mipi/zybo_ov5640/zybo_ov5640.runs/bd_d10d_vfb_0_0_synth_1/bd_d10d_vfb_0_0.dcp' has been generated.
WARNING: [Common 17-576] 'use_project_ipc' is deprecated. This option is deprecated and no longer used.
INFO: [Coretcl 2-1648] Added synthesis output to IP cache for IP bd_d10d_vfb_0_0, cache-ID = 65e02f1143de19a9
INFO: [Coretcl 2-1174] Renamed 3 cell refs.
Netlist sorting complete. Time (s): cpu = 00:00:00 ; elapsed = 00:00:00 . Memory (MB): peak = 1231.055 ; gain = 0.000
WARNING: [Constraints 18-5210] No constraints selected for write.
Resolution: This message can indicate that there are no constraints for the design, or it can indicate that the used_in flags are set such that the constraints are ignored. This later case is used when running synth_design to not write synthesis constraints to the resulting checkpoint. Instead, project constraints are read when the synthesized design is opened.
INFO: [Common 17-1381] The checkpoint 'C:/Users/ivr/Documents/GitHub/Zybo_mipi/zybo_ov5640/zybo_ov5640.runs/bd_d10d_vfb_0_0_synth_1/bd_d10d_vfb_0_0.dcp' has been generated.
INFO: [runtcl-4] Executing : report_utilization -file bd_d10d_vfb_0_0_utilization_synth.rpt -pb bd_d10d_vfb_0_0_utilization_synth.pb
INFO: [Common 17-206] Exiting Vivado at Sat Aug  8 00:04:02 2020...
