21:22:50 INFO  : Launching XSCT server: xsct.bat -n  -interactive C:\Github\Zybo_mipi\Pcam2019_send\Vitis\temp_xsdb_launch_script.tcl
21:22:52 INFO  : XSCT server has started successfully.
21:22:52 INFO  : Successfully done setting XSCT server connection channel  
21:22:52 INFO  : plnx-install-location is set to ''
21:22:52 INFO  : Successfully done setting workspace for the tool. 
21:22:52 INFO  : Successfully done query RDI_DATADIR 
21:22:53 INFO  : Registering command handlers for Vitis TCF services
00:02:11 INFO  : Successfully done sdx_reload_mss "C:/Github/Zybo_mipi/Pcam2019_send/Vitis/Pcam2019_send/zynq_fsbl/zynq_fsbl_bsp/system.mss"
00:02:11 INFO  : Successfully done sdx_reload_mss "C:/Github/Zybo_mipi/Pcam2019_send/Vitis/Pcam2019_send/ps7_cortexa9_0/standalone_domain/bsp/system.mss"
00:08:10 INFO  : Hardware specification for platform project 'Pcam2019_send' is updated.
00:08:15 INFO  : Successfully done sdx_reload_mss "C:/Github/Zybo_mipi/Pcam2019_send/Vitis/Pcam2019_send/zynq_fsbl/zynq_fsbl_bsp/system.mss"
00:08:16 INFO  : Successfully done sdx_reload_mss "C:/Github/Zybo_mipi/Pcam2019_send/Vitis/Pcam2019_send/ps7_cortexa9_0/standalone_domain/bsp/system.mss"
00:09:09 INFO  : Checking for BSP changes to sync application flags for project 'Pcam2019_send_app'...
00:14:19 INFO  : (SwPlatform)  Successfully done add_library 
00:14:39 INFO  : (SwPlaform) Successfully done setParamInSpec 
00:14:42 INFO  : (SwPlaform) Successfully done setParamInSpec 
00:15:02 INFO  : (SwPlaform) Successfully done setParamInSpec 
00:15:07 INFO  : (SwPlaform) Successfully done setParamInSpec 
00:15:09 INFO  : (SwPlaform) Successfully done setParamInSpec 
00:15:16 INFO  : (SwPlaform) Successfully done setParamInSpec 
00:15:32 INFO  : (SwPlaform) Successfully done setParamInSpec 
00:15:45 INFO  : (SwPlaform) Successfully done setParamInSpec 
00:16:16 INFO  : (SwPlaform) Successfully done setParamInSpec 
00:16:18 INFO  : (SwPlaform) Successfully done setParamInSpec 
00:16:20 INFO  : (SwPlaform) Successfully done setParamInSpec 
00:16:29 INFO  : (SwPlatform) Successfully done update_mss 
00:16:30 INFO  : Successfully done sdx_reload_mss "C:/Github/Zybo_mipi/Pcam2019_send/Vitis/Pcam2019_send/ps7_cortexa9_0/standalone_domain/bsp/system.mss"
00:18:35 INFO  : Checking for BSP changes to sync application flags for project 'Pcam2019_send_app'...
00:18:35 INFO  : Updating application flags with new BSP settings...
00:18:36 INFO  : Successfully updated application flags for project Pcam2019_send_app.
00:21:33 INFO  : Checking for BSP changes to sync application flags for project 'Pcam2019_send_app'...
00:21:46 INFO  : Connected to target on host '127.0.0.1' and port '3121'.
00:21:47 INFO  : Jtag cable 'Digilent Zybo Z7 210351A6C9E3A' is selected.
00:21:47 INFO  : 'jtag frequency' command is executed.
00:21:47 INFO  : Context for 'APU' is selected.
00:21:47 INFO  : System reset is completed.
00:21:50 INFO  : 'after 3000' command is executed.
00:21:50 INFO  : 'targets -set -filter {jtag_cable_name =~ "Digilent Zybo Z7 210351A6C9E3A" && level==0} -index 1' command is executed.
00:21:52 INFO  : FPGA configured successfully with bitstream "C:/Github/Zybo_mipi/Pcam2019_send/Vitis/Pcam2019_send_app/_ide/bitstream/system_wrapper.bit"
00:21:52 INFO  : Context for 'APU' is selected.
00:21:52 INFO  : Hardware design information is loaded from 'C:/Github/Zybo_mipi/Pcam2019_send/Vitis/Pcam2019_send/export/Pcam2019_send/hw/system_wrapper.xsa'.
00:21:52 INFO  : 'configparams force-mem-access 1' command is executed.
00:21:52 INFO  : Context for 'APU' is selected.
00:21:52 INFO  : Sourcing of 'C:/Github/Zybo_mipi/Pcam2019_send/Vitis/Pcam2019_send_app/_ide/psinit/ps7_init.tcl' is done.
00:21:53 INFO  : 'ps7_init' command is executed.
00:21:53 INFO  : 'ps7_post_config' command is executed.
00:21:53 INFO  : Context for processor 'ps7_cortexa9_0' is selected.
00:21:54 INFO  : The application 'C:/Github/Zybo_mipi/Pcam2019_send/Vitis/Pcam2019_send_app/Debug/Pcam2019_send_app.elf' is downloaded to processor 'ps7_cortexa9_0'.
00:21:54 INFO  : 'configparams force-mem-access 0' command is executed.
00:21:54 INFO  : ----------------XSDB Script----------------
connect -url tcp:127.0.0.1:3121
targets -set -nocase -filter {name =~"APU*"}
rst -system
after 3000
targets -set -filter {jtag_cable_name =~ "Digilent Zybo Z7 210351A6C9E3A" && level==0} -index 1
fpga -file C:/Github/Zybo_mipi/Pcam2019_send/Vitis/Pcam2019_send_app/_ide/bitstream/system_wrapper.bit
targets -set -nocase -filter {name =~"APU*"}
loadhw -hw C:/Github/Zybo_mipi/Pcam2019_send/Vitis/Pcam2019_send/export/Pcam2019_send/hw/system_wrapper.xsa -mem-ranges [list {0x40000000 0xbfffffff}]
configparams force-mem-access 1
targets -set -nocase -filter {name =~"APU*"}
source C:/Github/Zybo_mipi/Pcam2019_send/Vitis/Pcam2019_send_app/_ide/psinit/ps7_init.tcl
ps7_init
ps7_post_config
targets -set -nocase -filter {name =~ "*A9*#0"}
dow C:/Github/Zybo_mipi/Pcam2019_send/Vitis/Pcam2019_send_app/Debug/Pcam2019_send_app.elf
configparams force-mem-access 0
----------------End of Script----------------

00:21:55 INFO  : Memory regions updated for context APU
00:21:55 INFO  : Context for processor 'ps7_cortexa9_0' is selected.
00:21:55 INFO  : 'con' command is executed.
00:21:55 INFO  : ----------------XSDB Script (After Launch)----------------
targets -set -nocase -filter {name =~ "*A9*#0"}
con
----------------End of Script----------------

00:21:55 INFO  : Launch script is exported to file 'C:\Github\Zybo_mipi\Pcam2019_send\Vitis\.sdk\launch_scripts\single_application_debug\debugger_pcam2019_send_app-default.tcl'
