Copyright 1986-2019 Xilinx, Inc. All Rights Reserved.
---------------------------------------------------------------------------------------------
| Tool Version : Vivado v.2019.2 (win64) Build 2708876 Wed Nov  6 21:40:23 MST 2019
| Date         : Mon Jan 11 01:55:25 2021
| Host         : DESKTOP-5VC2SBS running 64-bit major release  (build 9200)
| Command      : report_control_sets -verbose -file design_1_wrapper_control_sets_placed.rpt
| Design       : design_1_wrapper
| Device       : xc7z020
---------------------------------------------------------------------------------------------

Control Set Information

Table of Contents
-----------------
1. Summary
2. Histogram
3. Flip-Flop Distribution
4. Detailed Control Set Information

1. Summary
----------

+----------------------------------------------------------+-------+
|                          Status                          | Count |
+----------------------------------------------------------+-------+
| Total control sets                                       |     7 |
|    Minimum number of control sets                        |     7 |
|    Addition due to synthesis replication                 |     0 |
|    Addition due to physical synthesis replication        |     0 |
| Unused register locations in slices containing registers |    25 |
+----------------------------------------------------------+-------+
* Control sets can be merged at opt_design using control_set_merge or merge_equivalent_drivers
** Run report_qor_suggestions for automated merging and remapping suggestions


2. Histogram
------------

+--------------------+-------+
|       Fanout       | Count |
+--------------------+-------+
| Total control sets |     7 |
| >= 0 to < 4        |     2 |
| >= 4 to < 6        |     1 |
| >= 6 to < 8        |     1 |
| >= 8 to < 10       |     0 |
| >= 10 to < 12      |     1 |
| >= 12 to < 14      |     0 |
| >= 14 to < 16      |     0 |
| >= 16              |     2 |
+--------------------+-------+
* Control sets can be remapped at either synth_design or opt_design


3. Flip-Flop Distribution
-------------------------

+--------------+-----------------------+------------------------+-----------------+--------------+
| Clock Enable | Synchronous Set/Reset | Asynchronous Set/Reset | Total Registers | Total Slices |
+--------------+-----------------------+------------------------+-----------------+--------------+
| No           | No                    | No                     |             101 |           30 |
| No           | No                    | Yes                    |               6 |            2 |
| No           | Yes                   | No                     |              42 |           18 |
| Yes          | No                    | No                     |               3 |            1 |
| Yes          | No                    | Yes                    |               0 |            0 |
| Yes          | Yes                   | No                     |               7 |            3 |
+--------------+-----------------------+------------------------+-----------------+--------------+


4. Detailed Control Set Information
-----------------------------------

+-------------------------------------+-------------------------------------+--------------------------------------------------------------------------------------------+------------------+----------------+
|             Clock Signal            |            Enable Signal            |                                      Set/Reset Signal                                      | Slice Load Count | Bel Load Count |
+-------------------------------------+-------------------------------------+--------------------------------------------------------------------------------------------+------------------+----------------+
|  design_1_i/clk_wiz_0/inst/clk_out1 |                                     | design_1_i/rgb2dvi_0/U0/ClockGenInternal.ClockGenX/in0                                     |                1 |              2 |
|  design_1_i/clk_wiz_0/inst/clk_out1 | design_1_i/VideoGen_0/inst/CounterY |                                                                                            |                1 |              3 |
|  design_1_i/clk_wiz_0/inst/clk_out1 |                                     | design_1_i/rgb2dvi_0/U0/ClockGenInternal.ClockGenX/LockLostReset/SyncAsyncx/oSyncStages[1] |                1 |              4 |
|  design_1_i/clk_wiz_0/inst/clk_out1 | design_1_i/VideoGen_0/inst/CounterY | design_1_i/VideoGen_0/inst/CounterY[9]_i_1_n_0                                             |                3 |              7 |
|  design_1_i/clk_wiz_0/inst/clk_out1 |                                     | design_1_i/rgb2dvi_0/U0/DataEncoders[0].DataEncoder/pDataOutRaw[9]_i_1__1_n_0              |                3 |             10 |
|  design_1_i/clk_wiz_0/inst/clk_out1 |                                     | design_1_i/rgb2dvi_0/U0/DataEncoders[0].DataEncoder/SR[0]                                  |               15 |             32 |
|  design_1_i/clk_wiz_0/inst/clk_out1 |                                     |                                                                                            |               30 |            101 |
+-------------------------------------+-------------------------------------+--------------------------------------------------------------------------------------------+------------------+----------------+


