TRACE::2020-09-13.14:43:05::SCWBifWriter::Found the complete platform C:/Github/Zybo-Z7-20-pcam-5c-2019.1/vitis/Pcam5C-2019/export/Pcam5C-2019/Pcam5C-2019.xpfm
TRACE::2020-09-13.14:43:06::SCWBifWriter::hardware databse : system_wrapper_0
TRACE::2020-09-13.14:43:06::SCWBifWriter::bitstream found in the design
TRACE::2020-09-13.14:43:06::SCWBifWriter::Found a baremetal domain, proc: ps7_cortexa9_0
TRACE::2020-09-13.14:43:06::SCWBifWriter::proc type : 
TRACE::2020-09-13.14:43:06::SCWBifWriter::proc[0] : ps7_cortexa9_0
TRACE::2020-09-13.14:43:06::SCWBifWriter::Device type is : zynq
TRACE::2020-09-13.14:43:06::SCWBifWriter::Writing BIF to file : C:/Github/Zybo-Z7-20-pcam-5c-2019.1/vitis/Pcam5C-app_system/Debug/system.bif
TRACE::2020-09-13.14:43:06::SCWBifWriter::Writing the Zynq Baremetal bif 
TRACE::2020-09-13.14:47:13::SCWBifWriter::Found the complete platform C:/Github/Zybo-Z7-20-pcam-5c-2019.1/vitis/Pcam5C-2019/export/Pcam5C-2019/Pcam5C-2019.xpfm
TRACE::2020-09-13.14:47:13::SCWBifWriter::hardware databse : system_wrapper_0
TRACE::2020-09-13.14:47:13::SCWBifWriter::bitstream found in the design
TRACE::2020-09-13.14:47:13::SCWBifWriter::Found a baremetal domain, proc: ps7_cortexa9_0
TRACE::2020-09-13.14:47:13::SCWBifWriter::proc type : 
TRACE::2020-09-13.14:47:13::SCWBifWriter::proc[0] : ps7_cortexa9_0
TRACE::2020-09-13.14:47:13::SCWBifWriter::Device type is : zynq
TRACE::2020-09-13.14:47:13::SCWBifWriter::Writing BIF to file : C:/Github/Zybo-Z7-20-pcam-5c-2019.1/vitis/Pcam5C-app_system/Debug/system.bif
TRACE::2020-09-13.14:47:13::SCWBifWriter::Writing the Zynq Baremetal bif 
TRACE::2020-09-13.14:56:19::SCWBifWriter::Found the complete platform C:/Github/Zybo-Z7-20-pcam-5c-2019.1/vitis/Pcam5C-2019/export/Pcam5C-2019/Pcam5C-2019.xpfm
TRACE::2020-09-13.14:56:20::SCWBifWriter::hardware databse : system_wrapper_0
TRACE::2020-09-13.14:56:20::SCWBifWriter::bitstream found in the design
TRACE::2020-09-13.14:56:20::SCWBifWriter::Found a baremetal domain, proc: ps7_cortexa9_0
TRACE::2020-09-13.14:56:20::SCWBifWriter::proc type : 
TRACE::2020-09-13.14:56:20::SCWBifWriter::proc[0] : ps7_cortexa9_0
TRACE::2020-09-13.14:56:20::SCWBifWriter::Device type is : zynq
TRACE::2020-09-13.14:56:20::SCWBifWriter::Writing BIF to file : C:/Github/Zybo-Z7-20-pcam-5c-2019.1/vitis/Pcam5C-app_system/Debug/system.bif
TRACE::2020-09-13.14:56:20::SCWBifWriter::Writing the Zynq Baremetal bif 
TRACE::2020-09-13.15:51:44::SCWBifWriter::Found the complete platform C:/Github/Zybo-Z7-20-pcam-5c-2019.1/vitis/Pcam5C-2019/export/Pcam5C-2019/Pcam5C-2019.xpfm
TRACE::2020-09-13.15:51:45::SCWBifWriter::hardware databse : system_wrapper_0
TRACE::2020-09-13.15:51:45::SCWBifWriter::bitstream found in the design
TRACE::2020-09-13.15:51:45::SCWBifWriter::Found a baremetal domain, proc: ps7_cortexa9_0
TRACE::2020-09-13.15:51:45::SCWBifWriter::proc type : 
TRACE::2020-09-13.15:51:45::SCWBifWriter::proc[0] : ps7_cortexa9_0
TRACE::2020-09-13.15:51:45::SCWBifWriter::Device type is : zynq
TRACE::2020-09-13.15:51:45::SCWBifWriter::Writing BIF to file : C:/Github/Zybo-Z7-20-pcam-5c-2019.1/vitis/Pcam5C-app_system/Debug/system.bif
TRACE::2020-09-13.15:51:45::SCWBifWriter::Writing the Zynq Baremetal bif 
TRACE::2020-10-27.19:21:57::SCWBifWriter::Found the complete platform C:/Github/Zybo_mipi/Zybo-Z7-20-pcam-5c-2019.1/vitis/Pcam5C-2019/export/Pcam5C-2019/Pcam5C-2019.xpfm
TRACE::2020-10-27.19:21:57::SCWBifWriter::hardware databse : system_wrapper_9
TRACE::2020-10-27.19:21:57::SCWBifWriter::bitstream found in the design
TRACE::2020-10-27.19:21:57::SCWBifWriter::Found a baremetal domain, proc: ps7_cortexa9_0
TRACE::2020-10-27.19:21:57::SCWBifWriter::proc type : 
TRACE::2020-10-27.19:21:57::SCWBifWriter::proc[0] : ps7_cortexa9_0
TRACE::2020-10-27.19:21:57::SCWBifWriter::Device type is : zynq
TRACE::2020-10-27.19:21:57::SCWBifWriter::Writing BIF to file : C:/Github/Zybo_mipi/Pcam2019/vitis/Pcam5C-app_system/Debug/system.bif
TRACE::2020-10-27.19:21:57::SCWBifWriter::Writing the Zynq Baremetal bif 
TRACE::2020-10-27.19:23:21::SCWBifWriter::Found the complete platform C:/Github/Zybo_mipi/Zybo-Z7-20-pcam-5c-2019.1/vitis/Pcam5C-2019/export/Pcam5C-2019/Pcam5C-2019.xpfm
TRACE::2020-10-27.19:23:22::SCWBifWriter::hardware databse : system_wrapper_9
TRACE::2020-10-27.19:23:22::SCWBifWriter::bitstream found in the design
TRACE::2020-10-27.19:23:22::SCWBifWriter::Found a baremetal domain, proc: ps7_cortexa9_0
TRACE::2020-10-27.19:23:22::SCWBifWriter::proc type : 
TRACE::2020-10-27.19:23:22::SCWBifWriter::proc[0] : ps7_cortexa9_0
TRACE::2020-10-27.19:23:22::SCWBifWriter::Device type is : zynq
TRACE::2020-10-27.19:23:22::SCWBifWriter::Writing BIF to file : C:/Github/Zybo_mipi/Pcam2019/vitis/Pcam5C-app_system/Debug/system.bif
TRACE::2020-10-27.19:23:22::SCWBifWriter::Writing the Zynq Baremetal bif 
TRACE::2020-10-27.20:35:43::SCWBifWriter::Found the complete platform C:/Github/Zybo_mipi/Zybo-Z7-20-pcam-5c-2019.1/vitis/Pcam5C-2019/export/Pcam5C-2019/Pcam5C-2019.xpfm
TRACE::2020-10-27.20:35:43::SCWBifWriter::hardware databse : system_wrapper_9
TRACE::2020-10-27.20:35:43::SCWBifWriter::bitstream found in the design
TRACE::2020-10-27.20:35:43::SCWBifWriter::Found a baremetal domain, proc: ps7_cortexa9_0
TRACE::2020-10-27.20:35:43::SCWBifWriter::proc type : 
TRACE::2020-10-27.20:35:43::SCWBifWriter::proc[0] : ps7_cortexa9_0
TRACE::2020-10-27.20:35:43::SCWBifWriter::Device type is : zynq
TRACE::2020-10-27.20:35:43::SCWBifWriter::Writing BIF to file : C:/Github/Zybo_mipi/Pcam2019/vitis/Pcam5C-app_system/Debug/system.bif
TRACE::2020-10-27.20:35:43::SCWBifWriter::Writing the Zynq Baremetal bif 
TRACE::2020-10-27.20:43:11::SCWBifWriter::Found the complete platform C:/Github/Zybo_mipi/Zybo-Z7-20-pcam-5c-2019.1/vitis/Pcam5C-2019/export/Pcam5C-2019/Pcam5C-2019.xpfm
TRACE::2020-10-27.20:43:11::SCWBifWriter::hardware databse : system_wrapper_9
TRACE::2020-10-27.20:43:11::SCWBifWriter::bitstream found in the design
TRACE::2020-10-27.20:43:11::SCWBifWriter::Found a baremetal domain, proc: ps7_cortexa9_0
TRACE::2020-10-27.20:43:11::SCWBifWriter::proc type : 
TRACE::2020-10-27.20:43:11::SCWBifWriter::proc[0] : ps7_cortexa9_0
TRACE::2020-10-27.20:43:11::SCWBifWriter::Device type is : zynq
TRACE::2020-10-27.20:43:11::SCWBifWriter::Writing BIF to file : C:/Github/Zybo_mipi/Pcam2019/vitis/Pcam5C-app_system/Debug/system.bif
TRACE::2020-10-27.20:43:11::SCWBifWriter::Writing the Zynq Baremetal bif 
TRACE::2020-10-27.20:44:44::SCWBifWriter::Found the complete platform C:/Github/Zybo_mipi/Zybo-Z7-20-pcam-5c-2019.1/vitis/Pcam5C-2019/export/Pcam5C-2019/Pcam5C-2019.xpfm
TRACE::2020-10-27.20:44:45::SCWBifWriter::hardware databse : system_wrapper_9
TRACE::2020-10-27.20:44:45::SCWBifWriter::bitstream found in the design
TRACE::2020-10-27.20:44:45::SCWBifWriter::Found a baremetal domain, proc: ps7_cortexa9_0
TRACE::2020-10-27.20:44:45::SCWBifWriter::proc type : 
TRACE::2020-10-27.20:44:45::SCWBifWriter::proc[0] : ps7_cortexa9_0
TRACE::2020-10-27.20:44:45::SCWBifWriter::Device type is : zynq
TRACE::2020-10-27.20:44:45::SCWBifWriter::Writing BIF to file : C:/Github/Zybo_mipi/Pcam2019/vitis/Pcam5C-app_system/Debug/system.bif
TRACE::2020-10-27.20:44:45::SCWBifWriter::Writing the Zynq Baremetal bif 
TRACE::2020-10-27.20:44:53::SCWBifWriter::Found the complete platform C:/Github/Zybo_mipi/Zybo-Z7-20-pcam-5c-2019.1/vitis/Pcam5C-2019/export/Pcam5C-2019/Pcam5C-2019.xpfm
TRACE::2020-10-27.20:44:53::SCWBifWriter::hardware databse : system_wrapper_9
TRACE::2020-10-27.20:44:53::SCWBifWriter::bitstream found in the design
TRACE::2020-10-27.20:44:53::SCWBifWriter::Found a baremetal domain, proc: ps7_cortexa9_0
TRACE::2020-10-27.20:44:53::SCWBifWriter::proc type : 
TRACE::2020-10-27.20:44:53::SCWBifWriter::proc[0] : ps7_cortexa9_0
TRACE::2020-10-27.20:44:53::SCWBifWriter::Device type is : zynq
TRACE::2020-10-27.20:44:53::SCWBifWriter::Writing BIF to file : C:/Github/Zybo_mipi/Pcam2019/vitis/Pcam5C-app_system/Debug/system.bif
TRACE::2020-10-27.20:44:53::SCWBifWriter::Writing the Zynq Baremetal bif 
TRACE::2020-10-27.20:49:50::SCWBifWriter::Found the complete platform C:/Github/Zybo_mipi/Zybo-Z7-20-pcam-5c-2019.1/vitis/Pcam5C-2019/export/Pcam5C-2019/Pcam5C-2019.xpfm
TRACE::2020-10-27.20:49:50::SCWBifWriter::hardware databse : system_wrapper
TRACE::2020-10-27.20:49:50::SCWBifWriter::bitstream found in the design
TRACE::2020-10-27.20:49:50::SCWBifWriter::Found a baremetal domain, proc: ps7_cortexa9_0
TRACE::2020-10-27.20:49:50::SCWBifWriter::proc type : 
TRACE::2020-10-27.20:49:50::SCWBifWriter::proc[0] : ps7_cortexa9_0
TRACE::2020-10-27.20:49:50::SCWBifWriter::Device type is : zynq
TRACE::2020-10-27.20:49:50::SCWBifWriter::Writing BIF to file : C:/Github/Zybo_mipi/Pcam2019/vitis/Pcam5C-app_system/Debug/system.bif
TRACE::2020-10-27.20:49:50::SCWBifWriter::Writing the Zynq Baremetal bif 
TRACE::2020-10-27.20:51:39::SCWBifWriter::Found the complete platform C:/Github/Zybo_mipi/Zybo-Z7-20-pcam-5c-2019.1/vitis/Pcam5C-2019/export/Pcam5C-2019/Pcam5C-2019.xpfm
TRACE::2020-10-27.20:51:39::SCWBifWriter::hardware databse : system_wrapper
TRACE::2020-10-27.20:51:39::SCWBifWriter::bitstream found in the design
TRACE::2020-10-27.20:51:39::SCWBifWriter::Found a baremetal domain, proc: ps7_cortexa9_0
TRACE::2020-10-27.20:51:39::SCWBifWriter::proc type : 
TRACE::2020-10-27.20:51:39::SCWBifWriter::proc[0] : ps7_cortexa9_0
TRACE::2020-10-27.20:51:39::SCWBifWriter::Device type is : zynq
TRACE::2020-10-27.20:51:39::SCWBifWriter::Writing BIF to file : C:/Github/Zybo_mipi/Pcam2019/vitis/Pcam5C-app_system/Debug/system.bif
TRACE::2020-10-27.20:51:39::SCWBifWriter::Writing the Zynq Baremetal bif 
TRACE::2020-10-27.20:51:56::SCWBifWriter::Found the complete platform C:/Github/Zybo_mipi/Zybo-Z7-20-pcam-5c-2019.1/vitis/Pcam5C-2019/export/Pcam5C-2019/Pcam5C-2019.xpfm
TRACE::2020-10-27.20:51:56::SCWBifWriter::hardware databse : system_wrapper
TRACE::2020-10-27.20:51:56::SCWBifWriter::bitstream found in the design
TRACE::2020-10-27.20:51:56::SCWBifWriter::Found a baremetal domain, proc: ps7_cortexa9_0
TRACE::2020-10-27.20:51:56::SCWBifWriter::proc type : 
TRACE::2020-10-27.20:51:56::SCWBifWriter::proc[0] : ps7_cortexa9_0
TRACE::2020-10-27.20:51:56::SCWBifWriter::Device type is : zynq
TRACE::2020-10-27.20:51:56::SCWBifWriter::Writing BIF to file : C:/Github/Zybo_mipi/Pcam2019/vitis/Pcam5C-app_system/Debug/system.bif
TRACE::2020-10-27.20:51:56::SCWBifWriter::Writing the Zynq Baremetal bif 
TRACE::2020-10-27.20:52:11::SCWBifWriter::Found the complete platform C:/Github/Zybo_mipi/Zybo-Z7-20-pcam-5c-2019.1/vitis/Pcam5C-2019/export/Pcam5C-2019/Pcam5C-2019.xpfm
TRACE::2020-10-27.20:52:11::SCWBifWriter::hardware databse : system_wrapper
TRACE::2020-10-27.20:52:11::SCWBifWriter::bitstream found in the design
TRACE::2020-10-27.20:52:11::SCWBifWriter::Found a baremetal domain, proc: ps7_cortexa9_0
TRACE::2020-10-27.20:52:11::SCWBifWriter::proc type : 
TRACE::2020-10-27.20:52:11::SCWBifWriter::proc[0] : ps7_cortexa9_0
TRACE::2020-10-27.20:52:11::SCWBifWriter::Device type is : zynq
TRACE::2020-10-27.20:52:11::SCWBifWriter::Writing BIF to file : C:/Github/Zybo_mipi/Pcam2019/vitis/Pcam5C-app_system/Debug/system.bif
TRACE::2020-10-27.20:52:11::SCWBifWriter::Writing the Zynq Baremetal bif 
TRACE::2020-10-27.20:52:35::SCWBifWriter::Found the complete platform C:/Github/Zybo_mipi/Zybo-Z7-20-pcam-5c-2019.1/vitis/Pcam5C-2019/export/Pcam5C-2019/Pcam5C-2019.xpfm
TRACE::2020-10-27.20:52:35::SCWBifWriter::hardware databse : system_wrapper
TRACE::2020-10-27.20:52:35::SCWBifWriter::bitstream found in the design
TRACE::2020-10-27.20:52:35::SCWBifWriter::Found a baremetal domain, proc: ps7_cortexa9_0
TRACE::2020-10-27.20:52:35::SCWBifWriter::proc type : 
TRACE::2020-10-27.20:52:35::SCWBifWriter::proc[0] : ps7_cortexa9_0
TRACE::2020-10-27.20:52:35::SCWBifWriter::Device type is : zynq
TRACE::2020-10-27.20:52:35::SCWBifWriter::Writing BIF to file : C:/Github/Zybo_mipi/Pcam2019/vitis/Pcam5C-app_system/Debug/system.bif
TRACE::2020-10-27.20:52:35::SCWBifWriter::Writing the Zynq Baremetal bif 
TRACE::2020-10-27.20:52:57::SCWBifWriter::Found the complete platform C:/Github/Zybo_mipi/Zybo-Z7-20-pcam-5c-2019.1/vitis/Pcam5C-2019/export/Pcam5C-2019/Pcam5C-2019.xpfm
TRACE::2020-10-27.20:52:57::SCWBifWriter::hardware databse : system_wrapper
TRACE::2020-10-27.20:52:57::SCWBifWriter::bitstream found in the design
TRACE::2020-10-27.20:52:57::SCWBifWriter::Found a baremetal domain, proc: ps7_cortexa9_0
TRACE::2020-10-27.20:52:57::SCWBifWriter::proc type : 
TRACE::2020-10-27.20:52:57::SCWBifWriter::proc[0] : ps7_cortexa9_0
TRACE::2020-10-27.20:52:57::SCWBifWriter::Device type is : zynq
TRACE::2020-10-27.20:52:57::SCWBifWriter::Writing BIF to file : C:/Github/Zybo_mipi/Pcam2019/vitis/Pcam5C-app_system/Debug/system.bif
TRACE::2020-10-27.20:52:57::SCWBifWriter::Writing the Zynq Baremetal bif 
TRACE::2020-10-27.20:58:16::SCWBifWriter::Found the complete platform C:/Github/Zybo_mipi/Zybo-Z7-20-pcam-5c-2019.1/vitis/Pcam5C-2019/export/Pcam5C-2019/Pcam5C-2019.xpfm
TRACE::2020-10-27.20:58:16::SCWBifWriter::hardware databse : system_wrapper
TRACE::2020-10-27.20:58:16::SCWBifWriter::bitstream found in the design
TRACE::2020-10-27.20:58:16::SCWBifWriter::Found a baremetal domain, proc: ps7_cortexa9_0
TRACE::2020-10-27.20:58:16::SCWBifWriter::proc type : 
TRACE::2020-10-27.20:58:16::SCWBifWriter::proc[0] : ps7_cortexa9_0
TRACE::2020-10-27.20:58:16::SCWBifWriter::Device type is : zynq
TRACE::2020-10-27.20:58:16::SCWBifWriter::Writing BIF to file : C:/Github/Zybo_mipi/Pcam2019/vitis/Pcam5C-app_system/Debug/system.bif
TRACE::2020-10-27.20:58:17::SCWBifWriter::Writing the Zynq Baremetal bif 
