
*** Running vivado
    with args -log design_1_mipi_csi2_rx_subsyst_0_1.vds -m64 -product Vivado -mode batch -messageDb vivado.pb -notrace -source design_1_mipi_csi2_rx_subsyst_0_1.tcl


****** Vivado v2019.2 (64-bit)
  **** SW Build 2708876 on Wed Nov  6 21:40:23 MST 2019
  **** IP Build 2700528 on Thu Nov  7 00:09:20 MST 2019
    ** Copyright 1986-2019 Xilinx, Inc. All Rights Reserved.

source design_1_mipi_csi2_rx_subsyst_0_1.tcl -notrace
create_project: Time (s): cpu = 00:00:04 ; elapsed = 00:00:05 . Memory (MB): peak = 439.148 ; gain = 150.297
INFO: [IP_Flow 19-234] Refreshing IP repositories
WARNING: [IP_Flow 19-2248] Failed to load user IP repository 'c:/Github/Zybo_mipi/zybo_ov5640/IP/system_AXI_BayerToRGB_1_0'; Can't find the specified path.
If this directory should no longer be in your list of user repositories, go to the IP Settings dialog and remove it.
WARNING: [IP_Flow 19-2248] Failed to load user IP repository 'c:/Github/Zybo_mipi/zybo_vdma/zybo_vdma.runs/design_1_mipi_csi2_rx_subsyst_0_1_synth_1/Downloads/vivado-library-master/vivado-library-master'; Can't find the specified path.
If this directory should no longer be in your list of user repositories, go to the IP Settings dialog and remove it.
INFO: [IP_Flow 19-2313] Loaded Vivado IP repository 'C:/Xilinx/Vivado/2019.2/data/ip'.
Command: synth_design -top design_1_mipi_csi2_rx_subsyst_0_1 -part xc7z020clg400-1 -mode out_of_context
Starting synth_design
Attempting to get a license for feature 'Synthesis' and/or device 'xc7z020'
INFO: [Common 17-349] Got license for feature 'Synthesis' and/or device 'xc7z020'
INFO: [Device 21-403] Loading part xc7z020clg400-1
INFO: Launching helper process for spawning children vivado processes
INFO: Helper process launched with PID 9684 
---------------------------------------------------------------------------------
Starting RTL Elaboration : Time (s): cpu = 00:00:06 ; elapsed = 00:00:06 . Memory (MB): peak = 1178.895 ; gain = 233.063
---------------------------------------------------------------------------------
INFO: [Synth 8-6157] synthesizing module 'design_1_mipi_csi2_rx_subsyst_0_1' [c:/Github/Zybo_mipi/zybo_vdma/zybo_vdma.srcs/sources_1/bd/design_1/ip/design_1_mipi_csi2_rx_subsyst_0_1/synth/design_1_mipi_csi2_rx_subsyst_0_1.v:61]
INFO: [Synth 8-6157] synthesizing module 'bd_11cc' [c:/Github/Zybo_mipi/zybo_vdma/zybo_vdma.srcs/sources_1/bd/design_1/ip/design_1_mipi_csi2_rx_subsyst_0_1/bd_0/synth/bd_11cc.v:10]
INFO: [Synth 8-6157] synthesizing module 'bd_11cc_phy_0' [C:/Github/Zybo_mipi/zybo_vdma/zybo_vdma.runs/design_1_mipi_csi2_rx_subsyst_0_1_synth_1/.Xil/Vivado-6888-FUMIMAKER6BEE/realtime/bd_11cc_phy_0_stub.v:5]
INFO: [Synth 8-6155] done synthesizing module 'bd_11cc_phy_0' (1#1) [C:/Github/Zybo_mipi/zybo_vdma/zybo_vdma.runs/design_1_mipi_csi2_rx_subsyst_0_1_synth_1/.Xil/Vivado-6888-FUMIMAKER6BEE/realtime/bd_11cc_phy_0_stub.v:5]
WARNING: [Synth 8-7023] instance 'phy' of module 'bd_11cc_phy_0' has 56 connections declared, but only 39 given [c:/Github/Zybo_mipi/zybo_vdma/zybo_vdma.srcs/sources_1/bd/design_1/ip/design_1_mipi_csi2_rx_subsyst_0_1/bd_0/synth/bd_11cc.v:209]
INFO: [Synth 8-6157] synthesizing module 'bd_11cc_r_sync_0' [C:/Github/Zybo_mipi/zybo_vdma/zybo_vdma.runs/design_1_mipi_csi2_rx_subsyst_0_1_synth_1/.Xil/Vivado-6888-FUMIMAKER6BEE/realtime/bd_11cc_r_sync_0_stub.v:6]
INFO: [Synth 8-6155] done synthesizing module 'bd_11cc_r_sync_0' (2#1) [C:/Github/Zybo_mipi/zybo_vdma/zybo_vdma.runs/design_1_mipi_csi2_rx_subsyst_0_1_synth_1/.Xil/Vivado-6888-FUMIMAKER6BEE/realtime/bd_11cc_r_sync_0_stub.v:6]
WARNING: [Synth 8-7023] instance 'r_sync' of module 'bd_11cc_r_sync_0' has 10 connections declared, but only 6 given [c:/Github/Zybo_mipi/zybo_vdma/zybo_vdma.srcs/sources_1/bd/design_1/ip/design_1_mipi_csi2_rx_subsyst_0_1/bd_0/synth/bd_11cc.v:249]
INFO: [Synth 8-6157] synthesizing module 'bd_11cc_rx_0' [C:/Github/Zybo_mipi/zybo_vdma/zybo_vdma.runs/design_1_mipi_csi2_rx_subsyst_0_1_synth_1/.Xil/Vivado-6888-FUMIMAKER6BEE/realtime/bd_11cc_rx_0_stub.v:6]
INFO: [Synth 8-6155] done synthesizing module 'bd_11cc_rx_0' (3#1) [C:/Github/Zybo_mipi/zybo_vdma/zybo_vdma.runs/design_1_mipi_csi2_rx_subsyst_0_1_synth_1/.Xil/Vivado-6888-FUMIMAKER6BEE/realtime/bd_11cc_rx_0_stub.v:6]
INFO: [Synth 8-6157] synthesizing module 'bd_11cc_vfb_0_0' [C:/Github/Zybo_mipi/zybo_vdma/zybo_vdma.runs/design_1_mipi_csi2_rx_subsyst_0_1_synth_1/.Xil/Vivado-6888-FUMIMAKER6BEE/realtime/bd_11cc_vfb_0_0_stub.v:5]
INFO: [Synth 8-6155] done synthesizing module 'bd_11cc_vfb_0_0' (4#1) [C:/Github/Zybo_mipi/zybo_vdma/zybo_vdma.runs/design_1_mipi_csi2_rx_subsyst_0_1_synth_1/.Xil/Vivado-6888-FUMIMAKER6BEE/realtime/bd_11cc_vfb_0_0_stub.v:5]
INFO: [Synth 8-6155] done synthesizing module 'bd_11cc' (5#1) [c:/Github/Zybo_mipi/zybo_vdma/zybo_vdma.srcs/sources_1/bd/design_1/ip/design_1_mipi_csi2_rx_subsyst_0_1/bd_0/synth/bd_11cc.v:10]
INFO: [Synth 8-6155] done synthesizing module 'design_1_mipi_csi2_rx_subsyst_0_1' (6#1) [c:/Github/Zybo_mipi/zybo_vdma/zybo_vdma.srcs/sources_1/bd/design_1/ip/design_1_mipi_csi2_rx_subsyst_0_1/synth/design_1_mipi_csi2_rx_subsyst_0_1.v:61]
---------------------------------------------------------------------------------
Finished RTL Elaboration : Time (s): cpu = 00:00:07 ; elapsed = 00:00:09 . Memory (MB): peak = 1257.473 ; gain = 311.641
---------------------------------------------------------------------------------

Report Check Netlist: 
+------+------------------+-------+---------+-------+------------------+
|      |Item              |Errors |Warnings |Status |Description       |
+------+------------------+-------+---------+-------+------------------+
|1     |multi_driven_nets |      0|        0|Passed |Multi driven nets |
+------+------------------+-------+---------+-------+------------------+
---------------------------------------------------------------------------------
Start Handling Custom Attributes
---------------------------------------------------------------------------------
---------------------------------------------------------------------------------
Finished Handling Custom Attributes : Time (s): cpu = 00:00:08 ; elapsed = 00:00:10 . Memory (MB): peak = 1257.473 ; gain = 311.641
---------------------------------------------------------------------------------
---------------------------------------------------------------------------------
Finished RTL Optimization Phase 1 : Time (s): cpu = 00:00:08 ; elapsed = 00:00:10 . Memory (MB): peak = 1257.473 ; gain = 311.641
---------------------------------------------------------------------------------
Netlist sorting complete. Time (s): cpu = 00:00:00 ; elapsed = 00:00:00.011 . Memory (MB): peak = 1257.473 ; gain = 0.000
INFO: [Project 1-570] Preparing netlist for logic optimization

Processing XDC Constraints
Initializing timing engine
Parsing XDC File [c:/Github/Zybo_mipi/zybo_vdma/zybo_vdma.srcs/sources_1/bd/design_1/ip/design_1_mipi_csi2_rx_subsyst_0_1/bd_0/ip/ip_0/bd_11cc_r_sync_0/bd_11cc_r_sync_0_in_context.xdc] for cell 'inst/r_sync'
Finished Parsing XDC File [c:/Github/Zybo_mipi/zybo_vdma/zybo_vdma.srcs/sources_1/bd/design_1/ip/design_1_mipi_csi2_rx_subsyst_0_1/bd_0/ip/ip_0/bd_11cc_r_sync_0/bd_11cc_r_sync_0_in_context.xdc] for cell 'inst/r_sync'
Parsing XDC File [c:/Github/Zybo_mipi/zybo_vdma/zybo_vdma.srcs/sources_1/bd/design_1/ip/design_1_mipi_csi2_rx_subsyst_0_1/bd_0/ip/ip_1/bd_11cc_rx_0/bd_11cc_rx_0_in_context.xdc] for cell 'inst/rx'
Finished Parsing XDC File [c:/Github/Zybo_mipi/zybo_vdma/zybo_vdma.srcs/sources_1/bd/design_1/ip/design_1_mipi_csi2_rx_subsyst_0_1/bd_0/ip/ip_1/bd_11cc_rx_0/bd_11cc_rx_0_in_context.xdc] for cell 'inst/rx'
Parsing XDC File [c:/Github/Zybo_mipi/zybo_vdma/zybo_vdma.srcs/sources_1/bd/design_1/ip/design_1_mipi_csi2_rx_subsyst_0_1/bd_0/ip/ip_2/bd_11cc_phy_0/bd_11cc_phy_0_in_context.xdc] for cell 'inst/phy'
Finished Parsing XDC File [c:/Github/Zybo_mipi/zybo_vdma/zybo_vdma.srcs/sources_1/bd/design_1/ip/design_1_mipi_csi2_rx_subsyst_0_1/bd_0/ip/ip_2/bd_11cc_phy_0/bd_11cc_phy_0_in_context.xdc] for cell 'inst/phy'
Parsing XDC File [c:/Github/Zybo_mipi/zybo_vdma/zybo_vdma.srcs/sources_1/bd/design_1/ip/design_1_mipi_csi2_rx_subsyst_0_1/bd_0/ip/ip_3/bd_11cc_vfb_0_0/bd_11cc_vfb_0_0_in_context.xdc] for cell 'inst/vfb_0'
Finished Parsing XDC File [c:/Github/Zybo_mipi/zybo_vdma/zybo_vdma.srcs/sources_1/bd/design_1/ip/design_1_mipi_csi2_rx_subsyst_0_1/bd_0/ip/ip_3/bd_11cc_vfb_0_0/bd_11cc_vfb_0_0_in_context.xdc] for cell 'inst/vfb_0'
Parsing XDC File [c:/Github/Zybo_mipi/zybo_vdma/zybo_vdma.srcs/sources_1/bd/design_1/ip/design_1_mipi_csi2_rx_subsyst_0_1/design_1_mipi_csi2_rx_subsyst_0_1_fixed_ooc.xdc] for cell 'inst'
Finished Parsing XDC File [c:/Github/Zybo_mipi/zybo_vdma/zybo_vdma.srcs/sources_1/bd/design_1/ip/design_1_mipi_csi2_rx_subsyst_0_1/design_1_mipi_csi2_rx_subsyst_0_1_fixed_ooc.xdc] for cell 'inst'
Parsing XDC File [C:/Github/Zybo_mipi/zybo_vdma/zybo_vdma.runs/design_1_mipi_csi2_rx_subsyst_0_1_synth_1/dont_touch.xdc]
Finished Parsing XDC File [C:/Github/Zybo_mipi/zybo_vdma/zybo_vdma.runs/design_1_mipi_csi2_rx_subsyst_0_1_synth_1/dont_touch.xdc]
Completed Processing XDC Constraints

Netlist sorting complete. Time (s): cpu = 00:00:00 ; elapsed = 00:00:00 . Memory (MB): peak = 1277.629 ; gain = 0.000
INFO: [Project 1-111] Unisim Transformation Summary:
No Unisim elements were transformed.

Constraint Validation Runtime : Time (s): cpu = 00:00:00 ; elapsed = 00:00:00.072 . Memory (MB): peak = 1287.977 ; gain = 10.348
---------------------------------------------------------------------------------
Finished Constraint Validation : Time (s): cpu = 00:00:16 ; elapsed = 00:00:18 . Memory (MB): peak = 1287.977 ; gain = 342.145
---------------------------------------------------------------------------------
---------------------------------------------------------------------------------
Start Loading Part and Timing Information
---------------------------------------------------------------------------------
Loading part: xc7z020clg400-1
---------------------------------------------------------------------------------
Finished Loading Part and Timing Information : Time (s): cpu = 00:00:16 ; elapsed = 00:00:18 . Memory (MB): peak = 1287.977 ; gain = 342.145
---------------------------------------------------------------------------------
---------------------------------------------------------------------------------
Start Applying 'set_property' XDC Constraints
---------------------------------------------------------------------------------
Applied set_property IO_BUFFER_TYPE = NONE for mipi_phy_if_clk_hs_n. (constraint file  c:/Github/Zybo_mipi/zybo_vdma/zybo_vdma.srcs/sources_1/bd/design_1/ip/design_1_mipi_csi2_rx_subsyst_0_1/bd_0/ip/ip_2/bd_11cc_phy_0/bd_11cc_phy_0_in_context.xdc, line 3).
Applied set_property CLOCK_BUFFER_TYPE = NONE for mipi_phy_if_clk_hs_n. (constraint file  c:/Github/Zybo_mipi/zybo_vdma/zybo_vdma.srcs/sources_1/bd/design_1/ip/design_1_mipi_csi2_rx_subsyst_0_1/bd_0/ip/ip_2/bd_11cc_phy_0/bd_11cc_phy_0_in_context.xdc, line 4).
Applied set_property IO_BUFFER_TYPE = NONE for mipi_phy_if_clk_hs_p. (constraint file  c:/Github/Zybo_mipi/zybo_vdma/zybo_vdma.srcs/sources_1/bd/design_1/ip/design_1_mipi_csi2_rx_subsyst_0_1/bd_0/ip/ip_2/bd_11cc_phy_0/bd_11cc_phy_0_in_context.xdc, line 5).
Applied set_property CLOCK_BUFFER_TYPE = NONE for mipi_phy_if_clk_hs_p. (constraint file  c:/Github/Zybo_mipi/zybo_vdma/zybo_vdma.srcs/sources_1/bd/design_1/ip/design_1_mipi_csi2_rx_subsyst_0_1/bd_0/ip/ip_2/bd_11cc_phy_0/bd_11cc_phy_0_in_context.xdc, line 6).
Applied set_property IO_BUFFER_TYPE = NONE for mipi_phy_if_data_hs_n[0]. (constraint file  c:/Github/Zybo_mipi/zybo_vdma/zybo_vdma.srcs/sources_1/bd/design_1/ip/design_1_mipi_csi2_rx_subsyst_0_1/bd_0/ip/ip_2/bd_11cc_phy_0/bd_11cc_phy_0_in_context.xdc, line 7).
Applied set_property CLOCK_BUFFER_TYPE = NONE for mipi_phy_if_data_hs_n[0]. (constraint file  c:/Github/Zybo_mipi/zybo_vdma/zybo_vdma.srcs/sources_1/bd/design_1/ip/design_1_mipi_csi2_rx_subsyst_0_1/bd_0/ip/ip_2/bd_11cc_phy_0/bd_11cc_phy_0_in_context.xdc, line 8).
Applied set_property IO_BUFFER_TYPE = NONE for mipi_phy_if_data_hs_n[1]. (constraint file  c:/Github/Zybo_mipi/zybo_vdma/zybo_vdma.srcs/sources_1/bd/design_1/ip/design_1_mipi_csi2_rx_subsyst_0_1/bd_0/ip/ip_2/bd_11cc_phy_0/bd_11cc_phy_0_in_context.xdc, line 9).
Applied set_property CLOCK_BUFFER_TYPE = NONE for mipi_phy_if_data_hs_n[1]. (constraint file  c:/Github/Zybo_mipi/zybo_vdma/zybo_vdma.srcs/sources_1/bd/design_1/ip/design_1_mipi_csi2_rx_subsyst_0_1/bd_0/ip/ip_2/bd_11cc_phy_0/bd_11cc_phy_0_in_context.xdc, line 10).
Applied set_property IO_BUFFER_TYPE = NONE for mipi_phy_if_data_hs_p[0]. (constraint file  c:/Github/Zybo_mipi/zybo_vdma/zybo_vdma.srcs/sources_1/bd/design_1/ip/design_1_mipi_csi2_rx_subsyst_0_1/bd_0/ip/ip_2/bd_11cc_phy_0/bd_11cc_phy_0_in_context.xdc, line 11).
Applied set_property CLOCK_BUFFER_TYPE = NONE for mipi_phy_if_data_hs_p[0]. (constraint file  c:/Github/Zybo_mipi/zybo_vdma/zybo_vdma.srcs/sources_1/bd/design_1/ip/design_1_mipi_csi2_rx_subsyst_0_1/bd_0/ip/ip_2/bd_11cc_phy_0/bd_11cc_phy_0_in_context.xdc, line 12).
Applied set_property IO_BUFFER_TYPE = NONE for mipi_phy_if_data_hs_p[1]. (constraint file  c:/Github/Zybo_mipi/zybo_vdma/zybo_vdma.srcs/sources_1/bd/design_1/ip/design_1_mipi_csi2_rx_subsyst_0_1/bd_0/ip/ip_2/bd_11cc_phy_0/bd_11cc_phy_0_in_context.xdc, line 13).
Applied set_property CLOCK_BUFFER_TYPE = NONE for mipi_phy_if_data_hs_p[1]. (constraint file  c:/Github/Zybo_mipi/zybo_vdma/zybo_vdma.srcs/sources_1/bd/design_1/ip/design_1_mipi_csi2_rx_subsyst_0_1/bd_0/ip/ip_2/bd_11cc_phy_0/bd_11cc_phy_0_in_context.xdc, line 14).
Applied set_property DONT_TOUCH = true for inst. (constraint file  auto generated constraint, line ).
Applied set_property DONT_TOUCH = true for inst/r_sync. (constraint file  auto generated constraint, line ).
Applied set_property DONT_TOUCH = true for inst/rx. (constraint file  auto generated constraint, line ).
Applied set_property DONT_TOUCH = true for inst/phy. (constraint file  auto generated constraint, line ).
Applied set_property DONT_TOUCH = true for inst/vfb_0. (constraint file  auto generated constraint, line ).
---------------------------------------------------------------------------------
Finished applying 'set_property' XDC Constraints : Time (s): cpu = 00:00:16 ; elapsed = 00:00:18 . Memory (MB): peak = 1287.977 ; gain = 342.145
---------------------------------------------------------------------------------
---------------------------------------------------------------------------------
Finished RTL Optimization Phase 2 : Time (s): cpu = 00:00:16 ; elapsed = 00:00:18 . Memory (MB): peak = 1287.977 ; gain = 342.145
---------------------------------------------------------------------------------

Report RTL Partitions: 
+-+--------------+------------+----------+
| |RTL Partition |Replication |Instances |
+-+--------------+------------+----------+
+-+--------------+------------+----------+
---------------------------------------------------------------------------------
Start RTL Component Statistics 
---------------------------------------------------------------------------------
Detailed RTL Component Info : 
---------------------------------------------------------------------------------
Finished RTL Component Statistics 
---------------------------------------------------------------------------------
---------------------------------------------------------------------------------
Start RTL Hierarchical Component Statistics 
---------------------------------------------------------------------------------
Hierarchical RTL Component report 
---------------------------------------------------------------------------------
Finished RTL Hierarchical Component Statistics
---------------------------------------------------------------------------------
---------------------------------------------------------------------------------
Start Part Resource Summary
---------------------------------------------------------------------------------
Part Resources:
DSPs: 220 (col length:60)
BRAMs: 280 (col length: RAMB18 60 RAMB36 30)
---------------------------------------------------------------------------------
Finished Part Resource Summary
---------------------------------------------------------------------------------
---------------------------------------------------------------------------------
Start Cross Boundary and Area Optimization
---------------------------------------------------------------------------------
Warning: Parallel synthesis criteria is not met 
---------------------------------------------------------------------------------
Finished Cross Boundary and Area Optimization : Time (s): cpu = 00:00:18 ; elapsed = 00:00:20 . Memory (MB): peak = 1287.977 ; gain = 342.145
---------------------------------------------------------------------------------

Report RTL Partitions: 
+-+--------------+------------+----------+
| |RTL Partition |Replication |Instances |
+-+--------------+------------+----------+
+-+--------------+------------+----------+
---------------------------------------------------------------------------------
Start Applying XDC Timing Constraints
---------------------------------------------------------------------------------
---------------------------------------------------------------------------------
Finished Applying XDC Timing Constraints : Time (s): cpu = 00:00:28 ; elapsed = 00:00:30 . Memory (MB): peak = 1318.508 ; gain = 372.676
---------------------------------------------------------------------------------
---------------------------------------------------------------------------------
Start Timing Optimization
---------------------------------------------------------------------------------
---------------------------------------------------------------------------------
Finished Timing Optimization : Time (s): cpu = 00:00:28 ; elapsed = 00:00:30 . Memory (MB): peak = 1318.582 ; gain = 372.750
---------------------------------------------------------------------------------

Report RTL Partitions: 
+-+--------------+------------+----------+
| |RTL Partition |Replication |Instances |
+-+--------------+------------+----------+
+-+--------------+------------+----------+
---------------------------------------------------------------------------------
Start Technology Mapping
---------------------------------------------------------------------------------
---------------------------------------------------------------------------------
Finished Technology Mapping : Time (s): cpu = 00:00:28 ; elapsed = 00:00:30 . Memory (MB): peak = 1328.301 ; gain = 382.469
---------------------------------------------------------------------------------

Report RTL Partitions: 
+-+--------------+------------+----------+
| |RTL Partition |Replication |Instances |
+-+--------------+------------+----------+
+-+--------------+------------+----------+
---------------------------------------------------------------------------------
Start IO Insertion
---------------------------------------------------------------------------------
---------------------------------------------------------------------------------
Start Flattening Before IO Insertion
---------------------------------------------------------------------------------
---------------------------------------------------------------------------------
Finished Flattening Before IO Insertion
---------------------------------------------------------------------------------
---------------------------------------------------------------------------------
Start Final Netlist Cleanup
---------------------------------------------------------------------------------
---------------------------------------------------------------------------------
Finished Final Netlist Cleanup
---------------------------------------------------------------------------------
---------------------------------------------------------------------------------
Finished IO Insertion : Time (s): cpu = 00:00:33 ; elapsed = 00:00:36 . Memory (MB): peak = 1344.000 ; gain = 398.168
---------------------------------------------------------------------------------
---------------------------------------------------------------------------------
Start Renaming Generated Instances
---------------------------------------------------------------------------------
---------------------------------------------------------------------------------
Finished Renaming Generated Instances : Time (s): cpu = 00:00:33 ; elapsed = 00:00:36 . Memory (MB): peak = 1344.000 ; gain = 398.168
---------------------------------------------------------------------------------

Report RTL Partitions: 
+-+--------------+------------+----------+
| |RTL Partition |Replication |Instances |
+-+--------------+------------+----------+
+-+--------------+------------+----------+

Report Check Netlist: 
+------+------------------+-------+---------+-------+------------------+
|      |Item              |Errors |Warnings |Status |Description       |
+------+------------------+-------+---------+-------+------------------+
|1     |multi_driven_nets |      0|        0|Passed |Multi driven nets |
+------+------------------+-------+---------+-------+------------------+
---------------------------------------------------------------------------------
Start Rebuilding User Hierarchy
---------------------------------------------------------------------------------
---------------------------------------------------------------------------------
Finished Rebuilding User Hierarchy : Time (s): cpu = 00:00:33 ; elapsed = 00:00:36 . Memory (MB): peak = 1344.000 ; gain = 398.168
---------------------------------------------------------------------------------
---------------------------------------------------------------------------------
Start Renaming Generated Ports
---------------------------------------------------------------------------------
---------------------------------------------------------------------------------
Finished Renaming Generated Ports : Time (s): cpu = 00:00:33 ; elapsed = 00:00:36 . Memory (MB): peak = 1344.000 ; gain = 398.168
---------------------------------------------------------------------------------
---------------------------------------------------------------------------------
Start Handling Custom Attributes
---------------------------------------------------------------------------------
---------------------------------------------------------------------------------
Finished Handling Custom Attributes : Time (s): cpu = 00:00:33 ; elapsed = 00:00:36 . Memory (MB): peak = 1344.000 ; gain = 398.168
---------------------------------------------------------------------------------
---------------------------------------------------------------------------------
Start Renaming Generated Nets
---------------------------------------------------------------------------------
---------------------------------------------------------------------------------
Finished Renaming Generated Nets : Time (s): cpu = 00:00:33 ; elapsed = 00:00:36 . Memory (MB): peak = 1344.000 ; gain = 398.168
---------------------------------------------------------------------------------
---------------------------------------------------------------------------------
Start Writing Synthesis Report
---------------------------------------------------------------------------------

Report BlackBoxes: 
+------+-----------------+----------+
|      |BlackBox name    |Instances |
+------+-----------------+----------+
|1     |bd_11cc_phy_0    |         1|
|2     |bd_11cc_r_sync_0 |         1|
|3     |bd_11cc_rx_0     |         1|
|4     |bd_11cc_vfb_0_0  |         1|
+------+-----------------+----------+

Report Cell Usage: 
+------+-----------------+------+
|      |Cell             |Count |
+------+-----------------+------+
|1     |bd_11cc_phy_0    |     1|
|2     |bd_11cc_r_sync_0 |     1|
|3     |bd_11cc_rx_0     |     1|
|4     |bd_11cc_vfb_0_0  |     1|
+------+-----------------+------+

Report Instance Areas: 
+------+---------+--------+------+
|      |Instance |Module  |Cells |
+------+---------+--------+------+
|1     |top      |        |   360|
|2     |  inst   |bd_11cc |   360|
+------+---------+--------+------+
---------------------------------------------------------------------------------
Finished Writing Synthesis Report : Time (s): cpu = 00:00:33 ; elapsed = 00:00:36 . Memory (MB): peak = 1344.000 ; gain = 398.168
---------------------------------------------------------------------------------
Synthesis finished with 0 errors, 0 critical warnings and 0 warnings.
Synthesis Optimization Runtime : Time (s): cpu = 00:00:22 ; elapsed = 00:00:33 . Memory (MB): peak = 1344.000 ; gain = 367.664
Synthesis Optimization Complete : Time (s): cpu = 00:00:33 ; elapsed = 00:00:36 . Memory (MB): peak = 1344.000 ; gain = 398.168
INFO: [Project 1-571] Translating synthesized netlist
Netlist sorting complete. Time (s): cpu = 00:00:00 ; elapsed = 00:00:00.011 . Memory (MB): peak = 1344.000 ; gain = 0.000
INFO: [Project 1-570] Preparing netlist for logic optimization
INFO: [Opt 31-138] Pushed 0 inverter(s) to 0 load pin(s).
Netlist sorting complete. Time (s): cpu = 00:00:00 ; elapsed = 00:00:00 . Memory (MB): peak = 1366.535 ; gain = 0.000
INFO: [Project 1-111] Unisim Transformation Summary:
No Unisim elements were transformed.

INFO: [Common 17-83] Releasing license: Synthesis
23 Infos, 4 Warnings, 0 Critical Warnings and 0 Errors encountered.
synth_design completed successfully
synth_design: Time (s): cpu = 00:00:39 ; elapsed = 00:00:42 . Memory (MB): peak = 1370.555 ; gain = 731.242
Netlist sorting complete. Time (s): cpu = 00:00:00 ; elapsed = 00:00:00 . Memory (MB): peak = 1370.555 ; gain = 0.000
WARNING: [Constraints 18-5210] No constraints selected for write.
Resolution: This message can indicate that there are no constraints for the design, or it can indicate that the used_in flags are set such that the constraints are ignored. This later case is used when running synth_design to not write synthesis constraints to the resulting checkpoint. Instead, project constraints are read when the synthesized design is opened.
INFO: [Common 17-1381] The checkpoint 'C:/Github/Zybo_mipi/zybo_vdma/zybo_vdma.runs/design_1_mipi_csi2_rx_subsyst_0_1_synth_1/design_1_mipi_csi2_rx_subsyst_0_1.dcp' has been generated.
WARNING: [Common 17-576] 'use_project_ipc' is deprecated. This option is deprecated and no longer used.
INFO: [Coretcl 2-1648] Added synthesis output to IP cache for IP design_1_mipi_csi2_rx_subsyst_0_1, cache-ID = ef14345257185017
INFO: [Coretcl 2-1174] Renamed 5 cell refs.
Netlist sorting complete. Time (s): cpu = 00:00:00 ; elapsed = 00:00:00 . Memory (MB): peak = 1370.555 ; gain = 0.000
WARNING: [Constraints 18-5210] No constraints selected for write.
Resolution: This message can indicate that there are no constraints for the design, or it can indicate that the used_in flags are set such that the constraints are ignored. This later case is used when running synth_design to not write synthesis constraints to the resulting checkpoint. Instead, project constraints are read when the synthesized design is opened.
INFO: [Common 17-1381] The checkpoint 'C:/Github/Zybo_mipi/zybo_vdma/zybo_vdma.runs/design_1_mipi_csi2_rx_subsyst_0_1_synth_1/design_1_mipi_csi2_rx_subsyst_0_1.dcp' has been generated.
INFO: [runtcl-4] Executing : report_utilization -file design_1_mipi_csi2_rx_subsyst_0_1_utilization_synth.rpt -pb design_1_mipi_csi2_rx_subsyst_0_1_utilization_synth.pb
INFO: [Common 17-206] Exiting Vivado at Mon Aug 24 22:55:12 2020...
