
*** Running vivado
    with args -log design_1_mipi_csi2_rx_subsyst_0_0.vds -m64 -product Vivado -mode batch -messageDb vivado.pb -notrace -source design_1_mipi_csi2_rx_subsyst_0_0.tcl


****** Vivado v2019.2 (64-bit)
  **** SW Build 2708876 on Wed Nov  6 21:40:23 MST 2019
  **** IP Build 2700528 on Thu Nov  7 00:09:20 MST 2019
    ** Copyright 1986-2019 Xilinx, Inc. All Rights Reserved.

source design_1_mipi_csi2_rx_subsyst_0_0.tcl -notrace
Command: synth_design -top design_1_mipi_csi2_rx_subsyst_0_0 -part xc7z020clg400-1 -mode out_of_context
Starting synth_design
Attempting to get a license for feature 'Synthesis' and/or device 'xc7z020'
INFO: [Common 17-349] Got license for feature 'Synthesis' and/or device 'xc7z020'
INFO: [Device 21-403] Loading part xc7z020clg400-1
INFO: Launching helper process for spawning children vivado processes
INFO: Helper process launched with PID 3204 
---------------------------------------------------------------------------------
Starting RTL Elaboration : Time (s): cpu = 00:00:05 ; elapsed = 00:00:05 . Memory (MB): peak = 1044.805 ; gain = 232.453
---------------------------------------------------------------------------------
INFO: [Synth 8-6157] synthesizing module 'design_1_mipi_csi2_rx_subsyst_0_0' [c:/Users/ivr/Documents/GitHub/Zybo_mipi/zybo_ov5640/zybo_ov5640.srcs/sources_1/bd/design_1/ip/design_1_mipi_csi2_rx_subsyst_0_0_1/synth/design_1_mipi_csi2_rx_subsyst_0_0.v:61]
INFO: [Synth 8-6157] synthesizing module 'bd_d10d' [c:/Users/ivr/Documents/GitHub/Zybo_mipi/zybo_ov5640/zybo_ov5640.srcs/sources_1/bd/design_1/ip/design_1_mipi_csi2_rx_subsyst_0_0_1/bd_0/synth/bd_d10d.v:10]
INFO: [Synth 8-6157] synthesizing module 'bd_d10d_phy_0' [C:/Users/ivr/Documents/GitHub/Zybo_mipi/zybo_ov5640/zybo_ov5640.runs/design_1_mipi_csi2_rx_subsyst_0_0_synth_1/.Xil/Vivado-14136-LAPTOP-AG87OV99/realtime/bd_d10d_phy_0_stub.v:5]
INFO: [Synth 8-6155] done synthesizing module 'bd_d10d_phy_0' (1#1) [C:/Users/ivr/Documents/GitHub/Zybo_mipi/zybo_ov5640/zybo_ov5640.runs/design_1_mipi_csi2_rx_subsyst_0_0_synth_1/.Xil/Vivado-14136-LAPTOP-AG87OV99/realtime/bd_d10d_phy_0_stub.v:5]
WARNING: [Synth 8-7023] instance 'phy' of module 'bd_d10d_phy_0' has 56 connections declared, but only 39 given [c:/Users/ivr/Documents/GitHub/Zybo_mipi/zybo_ov5640/zybo_ov5640.srcs/sources_1/bd/design_1/ip/design_1_mipi_csi2_rx_subsyst_0_0_1/bd_0/synth/bd_d10d.v:209]
INFO: [Synth 8-6157] synthesizing module 'bd_d10d_r_sync_0' [C:/Users/ivr/Documents/GitHub/Zybo_mipi/zybo_ov5640/zybo_ov5640.runs/design_1_mipi_csi2_rx_subsyst_0_0_synth_1/.Xil/Vivado-14136-LAPTOP-AG87OV99/realtime/bd_d10d_r_sync_0_stub.v:6]
INFO: [Synth 8-6155] done synthesizing module 'bd_d10d_r_sync_0' (2#1) [C:/Users/ivr/Documents/GitHub/Zybo_mipi/zybo_ov5640/zybo_ov5640.runs/design_1_mipi_csi2_rx_subsyst_0_0_synth_1/.Xil/Vivado-14136-LAPTOP-AG87OV99/realtime/bd_d10d_r_sync_0_stub.v:6]
WARNING: [Synth 8-7023] instance 'r_sync' of module 'bd_d10d_r_sync_0' has 10 connections declared, but only 6 given [c:/Users/ivr/Documents/GitHub/Zybo_mipi/zybo_ov5640/zybo_ov5640.srcs/sources_1/bd/design_1/ip/design_1_mipi_csi2_rx_subsyst_0_0_1/bd_0/synth/bd_d10d.v:249]
INFO: [Synth 8-6157] synthesizing module 'bd_d10d_rx_0' [C:/Users/ivr/Documents/GitHub/Zybo_mipi/zybo_ov5640/zybo_ov5640.runs/design_1_mipi_csi2_rx_subsyst_0_0_synth_1/.Xil/Vivado-14136-LAPTOP-AG87OV99/realtime/bd_d10d_rx_0_stub.v:6]
INFO: [Synth 8-6155] done synthesizing module 'bd_d10d_rx_0' (3#1) [C:/Users/ivr/Documents/GitHub/Zybo_mipi/zybo_ov5640/zybo_ov5640.runs/design_1_mipi_csi2_rx_subsyst_0_0_synth_1/.Xil/Vivado-14136-LAPTOP-AG87OV99/realtime/bd_d10d_rx_0_stub.v:6]
INFO: [Synth 8-6157] synthesizing module 'bd_d10d_vfb_0_0' [C:/Users/ivr/Documents/GitHub/Zybo_mipi/zybo_ov5640/zybo_ov5640.runs/design_1_mipi_csi2_rx_subsyst_0_0_synth_1/.Xil/Vivado-14136-LAPTOP-AG87OV99/realtime/bd_d10d_vfb_0_0_stub.v:5]
INFO: [Synth 8-6155] done synthesizing module 'bd_d10d_vfb_0_0' (4#1) [C:/Users/ivr/Documents/GitHub/Zybo_mipi/zybo_ov5640/zybo_ov5640.runs/design_1_mipi_csi2_rx_subsyst_0_0_synth_1/.Xil/Vivado-14136-LAPTOP-AG87OV99/realtime/bd_d10d_vfb_0_0_stub.v:5]
INFO: [Synth 8-6155] done synthesizing module 'bd_d10d' (5#1) [c:/Users/ivr/Documents/GitHub/Zybo_mipi/zybo_ov5640/zybo_ov5640.srcs/sources_1/bd/design_1/ip/design_1_mipi_csi2_rx_subsyst_0_0_1/bd_0/synth/bd_d10d.v:10]
INFO: [Synth 8-6155] done synthesizing module 'design_1_mipi_csi2_rx_subsyst_0_0' (6#1) [c:/Users/ivr/Documents/GitHub/Zybo_mipi/zybo_ov5640/zybo_ov5640.srcs/sources_1/bd/design_1/ip/design_1_mipi_csi2_rx_subsyst_0_0_1/synth/design_1_mipi_csi2_rx_subsyst_0_0.v:61]
---------------------------------------------------------------------------------
Finished RTL Elaboration : Time (s): cpu = 00:00:06 ; elapsed = 00:00:06 . Memory (MB): peak = 1123.141 ; gain = 310.789
---------------------------------------------------------------------------------

Report Check Netlist: 
+------+------------------+-------+---------+-------+------------------+
|      |Item              |Errors |Warnings |Status |Description       |
+------+------------------+-------+---------+-------+------------------+
|1     |multi_driven_nets |      0|        0|Passed |Multi driven nets |
+------+------------------+-------+---------+-------+------------------+
---------------------------------------------------------------------------------
Start Handling Custom Attributes
---------------------------------------------------------------------------------
---------------------------------------------------------------------------------
Finished Handling Custom Attributes : Time (s): cpu = 00:00:06 ; elapsed = 00:00:07 . Memory (MB): peak = 1123.141 ; gain = 310.789
---------------------------------------------------------------------------------
---------------------------------------------------------------------------------
Finished RTL Optimization Phase 1 : Time (s): cpu = 00:00:06 ; elapsed = 00:00:07 . Memory (MB): peak = 1123.141 ; gain = 310.789
---------------------------------------------------------------------------------
Netlist sorting complete. Time (s): cpu = 00:00:00 ; elapsed = 00:00:00.011 . Memory (MB): peak = 1123.141 ; gain = 0.000
INFO: [Project 1-570] Preparing netlist for logic optimization

Processing XDC Constraints
Initializing timing engine
Parsing XDC File [c:/Users/ivr/Documents/GitHub/Zybo_mipi/zybo_ov5640/zybo_ov5640.srcs/sources_1/bd/design_1/ip/design_1_mipi_csi2_rx_subsyst_0_0_1/bd_0/ip/ip_0/bd_d10d_r_sync_0/bd_d10d_r_sync_0_in_context.xdc] for cell 'inst/r_sync'
Finished Parsing XDC File [c:/Users/ivr/Documents/GitHub/Zybo_mipi/zybo_ov5640/zybo_ov5640.srcs/sources_1/bd/design_1/ip/design_1_mipi_csi2_rx_subsyst_0_0_1/bd_0/ip/ip_0/bd_d10d_r_sync_0/bd_d10d_r_sync_0_in_context.xdc] for cell 'inst/r_sync'
Parsing XDC File [c:/Users/ivr/Documents/GitHub/Zybo_mipi/zybo_ov5640/zybo_ov5640.srcs/sources_1/bd/design_1/ip/design_1_mipi_csi2_rx_subsyst_0_0_1/bd_0/ip/ip_1/bd_d10d_rx_0/bd_d10d_rx_0_in_context.xdc] for cell 'inst/rx'
Finished Parsing XDC File [c:/Users/ivr/Documents/GitHub/Zybo_mipi/zybo_ov5640/zybo_ov5640.srcs/sources_1/bd/design_1/ip/design_1_mipi_csi2_rx_subsyst_0_0_1/bd_0/ip/ip_1/bd_d10d_rx_0/bd_d10d_rx_0_in_context.xdc] for cell 'inst/rx'
Parsing XDC File [c:/Users/ivr/Documents/GitHub/Zybo_mipi/zybo_ov5640/zybo_ov5640.srcs/sources_1/bd/design_1/ip/design_1_mipi_csi2_rx_subsyst_0_0_1/bd_0/ip/ip_2/bd_d10d_phy_0/bd_d10d_phy_0_in_context.xdc] for cell 'inst/phy'
Finished Parsing XDC File [c:/Users/ivr/Documents/GitHub/Zybo_mipi/zybo_ov5640/zybo_ov5640.srcs/sources_1/bd/design_1/ip/design_1_mipi_csi2_rx_subsyst_0_0_1/bd_0/ip/ip_2/bd_d10d_phy_0/bd_d10d_phy_0_in_context.xdc] for cell 'inst/phy'
Parsing XDC File [c:/Users/ivr/Documents/GitHub/Zybo_mipi/zybo_ov5640/zybo_ov5640.srcs/sources_1/bd/design_1/ip/design_1_mipi_csi2_rx_subsyst_0_0_1/bd_0/ip/ip_3/bd_d10d_vfb_0_0/bd_d10d_vfb_0_0_in_context.xdc] for cell 'inst/vfb_0'
Finished Parsing XDC File [c:/Users/ivr/Documents/GitHub/Zybo_mipi/zybo_ov5640/zybo_ov5640.srcs/sources_1/bd/design_1/ip/design_1_mipi_csi2_rx_subsyst_0_0_1/bd_0/ip/ip_3/bd_d10d_vfb_0_0/bd_d10d_vfb_0_0_in_context.xdc] for cell 'inst/vfb_0'
Parsing XDC File [c:/Users/ivr/Documents/GitHub/Zybo_mipi/zybo_ov5640/zybo_ov5640.srcs/sources_1/bd/design_1/ip/design_1_mipi_csi2_rx_subsyst_0_0_1/design_1_mipi_csi2_rx_subsyst_0_0_fixed_ooc.xdc] for cell 'inst'
Finished Parsing XDC File [c:/Users/ivr/Documents/GitHub/Zybo_mipi/zybo_ov5640/zybo_ov5640.srcs/sources_1/bd/design_1/ip/design_1_mipi_csi2_rx_subsyst_0_0_1/design_1_mipi_csi2_rx_subsyst_0_0_fixed_ooc.xdc] for cell 'inst'
Parsing XDC File [C:/Users/ivr/Documents/GitHub/Zybo_mipi/zybo_ov5640/zybo_ov5640.runs/design_1_mipi_csi2_rx_subsyst_0_0_synth_1/dont_touch.xdc]
Finished Parsing XDC File [C:/Users/ivr/Documents/GitHub/Zybo_mipi/zybo_ov5640/zybo_ov5640.runs/design_1_mipi_csi2_rx_subsyst_0_0_synth_1/dont_touch.xdc]
Completed Processing XDC Constraints

Netlist sorting complete. Time (s): cpu = 00:00:00 ; elapsed = 00:00:00 . Memory (MB): peak = 1142.805 ; gain = 0.000
INFO: [Project 1-111] Unisim Transformation Summary:
No Unisim elements were transformed.

Constraint Validation Runtime : Time (s): cpu = 00:00:00 ; elapsed = 00:00:00.060 . Memory (MB): peak = 1153.430 ; gain = 10.625
---------------------------------------------------------------------------------
Finished Constraint Validation : Time (s): cpu = 00:00:14 ; elapsed = 00:00:14 . Memory (MB): peak = 1153.430 ; gain = 341.078
---------------------------------------------------------------------------------
---------------------------------------------------------------------------------
Start Loading Part and Timing Information
---------------------------------------------------------------------------------
Loading part: xc7z020clg400-1
---------------------------------------------------------------------------------
Finished Loading Part and Timing Information : Time (s): cpu = 00:00:14 ; elapsed = 00:00:14 . Memory (MB): peak = 1153.430 ; gain = 341.078
---------------------------------------------------------------------------------
---------------------------------------------------------------------------------
Start Applying 'set_property' XDC Constraints
---------------------------------------------------------------------------------
Applied set_property IO_BUFFER_TYPE = NONE for mipi_phy_if_clk_hs_n. (constraint file  c:/Users/ivr/Documents/GitHub/Zybo_mipi/zybo_ov5640/zybo_ov5640.srcs/sources_1/bd/design_1/ip/design_1_mipi_csi2_rx_subsyst_0_0_1/bd_0/ip/ip_2/bd_d10d_phy_0/bd_d10d_phy_0_in_context.xdc, line 3).
Applied set_property CLOCK_BUFFER_TYPE = NONE for mipi_phy_if_clk_hs_n. (constraint file  c:/Users/ivr/Documents/GitHub/Zybo_mipi/zybo_ov5640/zybo_ov5640.srcs/sources_1/bd/design_1/ip/design_1_mipi_csi2_rx_subsyst_0_0_1/bd_0/ip/ip_2/bd_d10d_phy_0/bd_d10d_phy_0_in_context.xdc, line 4).
Applied set_property IO_BUFFER_TYPE = NONE for mipi_phy_if_clk_hs_p. (constraint file  c:/Users/ivr/Documents/GitHub/Zybo_mipi/zybo_ov5640/zybo_ov5640.srcs/sources_1/bd/design_1/ip/design_1_mipi_csi2_rx_subsyst_0_0_1/bd_0/ip/ip_2/bd_d10d_phy_0/bd_d10d_phy_0_in_context.xdc, line 5).
Applied set_property CLOCK_BUFFER_TYPE = NONE for mipi_phy_if_clk_hs_p. (constraint file  c:/Users/ivr/Documents/GitHub/Zybo_mipi/zybo_ov5640/zybo_ov5640.srcs/sources_1/bd/design_1/ip/design_1_mipi_csi2_rx_subsyst_0_0_1/bd_0/ip/ip_2/bd_d10d_phy_0/bd_d10d_phy_0_in_context.xdc, line 6).
Applied set_property IO_BUFFER_TYPE = NONE for mipi_phy_if_data_hs_n[0]. (constraint file  c:/Users/ivr/Documents/GitHub/Zybo_mipi/zybo_ov5640/zybo_ov5640.srcs/sources_1/bd/design_1/ip/design_1_mipi_csi2_rx_subsyst_0_0_1/bd_0/ip/ip_2/bd_d10d_phy_0/bd_d10d_phy_0_in_context.xdc, line 7).
Applied set_property CLOCK_BUFFER_TYPE = NONE for mipi_phy_if_data_hs_n[0]. (constraint file  c:/Users/ivr/Documents/GitHub/Zybo_mipi/zybo_ov5640/zybo_ov5640.srcs/sources_1/bd/design_1/ip/design_1_mipi_csi2_rx_subsyst_0_0_1/bd_0/ip/ip_2/bd_d10d_phy_0/bd_d10d_phy_0_in_context.xdc, line 8).
Applied set_property IO_BUFFER_TYPE = NONE for mipi_phy_if_data_hs_n[1]. (constraint file  c:/Users/ivr/Documents/GitHub/Zybo_mipi/zybo_ov5640/zybo_ov5640.srcs/sources_1/bd/design_1/ip/design_1_mipi_csi2_rx_subsyst_0_0_1/bd_0/ip/ip_2/bd_d10d_phy_0/bd_d10d_phy_0_in_context.xdc, line 9).
Applied set_property CLOCK_BUFFER_TYPE = NONE for mipi_phy_if_data_hs_n[1]. (constraint file  c:/Users/ivr/Documents/GitHub/Zybo_mipi/zybo_ov5640/zybo_ov5640.srcs/sources_1/bd/design_1/ip/design_1_mipi_csi2_rx_subsyst_0_0_1/bd_0/ip/ip_2/bd_d10d_phy_0/bd_d10d_phy_0_in_context.xdc, line 10).
Applied set_property IO_BUFFER_TYPE = NONE for mipi_phy_if_data_hs_p[0]. (constraint file  c:/Users/ivr/Documents/GitHub/Zybo_mipi/zybo_ov5640/zybo_ov5640.srcs/sources_1/bd/design_1/ip/design_1_mipi_csi2_rx_subsyst_0_0_1/bd_0/ip/ip_2/bd_d10d_phy_0/bd_d10d_phy_0_in_context.xdc, line 11).
Applied set_property CLOCK_BUFFER_TYPE = NONE for mipi_phy_if_data_hs_p[0]. (constraint file  c:/Users/ivr/Documents/GitHub/Zybo_mipi/zybo_ov5640/zybo_ov5640.srcs/sources_1/bd/design_1/ip/design_1_mipi_csi2_rx_subsyst_0_0_1/bd_0/ip/ip_2/bd_d10d_phy_0/bd_d10d_phy_0_in_context.xdc, line 12).
Applied set_property IO_BUFFER_TYPE = NONE for mipi_phy_if_data_hs_p[1]. (constraint file  c:/Users/ivr/Documents/GitHub/Zybo_mipi/zybo_ov5640/zybo_ov5640.srcs/sources_1/bd/design_1/ip/design_1_mipi_csi2_rx_subsyst_0_0_1/bd_0/ip/ip_2/bd_d10d_phy_0/bd_d10d_phy_0_in_context.xdc, line 13).
Applied set_property CLOCK_BUFFER_TYPE = NONE for mipi_phy_if_data_hs_p[1]. (constraint file  c:/Users/ivr/Documents/GitHub/Zybo_mipi/zybo_ov5640/zybo_ov5640.srcs/sources_1/bd/design_1/ip/design_1_mipi_csi2_rx_subsyst_0_0_1/bd_0/ip/ip_2/bd_d10d_phy_0/bd_d10d_phy_0_in_context.xdc, line 14).
Applied set_property DONT_TOUCH = true for inst. (constraint file  auto generated constraint, line ).
Applied set_property DONT_TOUCH = true for inst/r_sync. (constraint file  auto generated constraint, line ).
Applied set_property DONT_TOUCH = true for inst/rx. (constraint file  auto generated constraint, line ).
Applied set_property DONT_TOUCH = true for inst/phy. (constraint file  auto generated constraint, line ).
Applied set_property DONT_TOUCH = true for inst/vfb_0. (constraint file  auto generated constraint, line ).
---------------------------------------------------------------------------------
Finished applying 'set_property' XDC Constraints : Time (s): cpu = 00:00:14 ; elapsed = 00:00:14 . Memory (MB): peak = 1153.430 ; gain = 341.078
---------------------------------------------------------------------------------
---------------------------------------------------------------------------------
Finished RTL Optimization Phase 2 : Time (s): cpu = 00:00:14 ; elapsed = 00:00:15 . Memory (MB): peak = 1153.430 ; gain = 341.078
---------------------------------------------------------------------------------

Report RTL Partitions: 
+-+--------------+------------+----------+
| |RTL Partition |Replication |Instances |
+-+--------------+------------+----------+
+-+--------------+------------+----------+
---------------------------------------------------------------------------------
Start RTL Component Statistics 
---------------------------------------------------------------------------------
Detailed RTL Component Info : 
---------------------------------------------------------------------------------
Finished RTL Component Statistics 
---------------------------------------------------------------------------------
---------------------------------------------------------------------------------
Start RTL Hierarchical Component Statistics 
---------------------------------------------------------------------------------
Hierarchical RTL Component report 
---------------------------------------------------------------------------------
Finished RTL Hierarchical Component Statistics
---------------------------------------------------------------------------------
---------------------------------------------------------------------------------
Start Part Resource Summary
---------------------------------------------------------------------------------
Part Resources:
DSPs: 220 (col length:60)
BRAMs: 280 (col length: RAMB18 60 RAMB36 30)
---------------------------------------------------------------------------------
Finished Part Resource Summary
---------------------------------------------------------------------------------
---------------------------------------------------------------------------------
Start Cross Boundary and Area Optimization
---------------------------------------------------------------------------------
Warning: Parallel synthesis criteria is not met 
---------------------------------------------------------------------------------
Finished Cross Boundary and Area Optimization : Time (s): cpu = 00:00:16 ; elapsed = 00:00:16 . Memory (MB): peak = 1153.430 ; gain = 341.078
---------------------------------------------------------------------------------

Report RTL Partitions: 
+-+--------------+------------+----------+
| |RTL Partition |Replication |Instances |
+-+--------------+------------+----------+
+-+--------------+------------+----------+
---------------------------------------------------------------------------------
Start Applying XDC Timing Constraints
---------------------------------------------------------------------------------
---------------------------------------------------------------------------------
Finished Applying XDC Timing Constraints : Time (s): cpu = 00:00:25 ; elapsed = 00:00:25 . Memory (MB): peak = 1188.895 ; gain = 376.543
---------------------------------------------------------------------------------
---------------------------------------------------------------------------------
Start Timing Optimization
---------------------------------------------------------------------------------
---------------------------------------------------------------------------------
Finished Timing Optimization : Time (s): cpu = 00:00:25 ; elapsed = 00:00:25 . Memory (MB): peak = 1188.895 ; gain = 376.543
---------------------------------------------------------------------------------

Report RTL Partitions: 
+-+--------------+------------+----------+
| |RTL Partition |Replication |Instances |
+-+--------------+------------+----------+
+-+--------------+------------+----------+
---------------------------------------------------------------------------------
Start Technology Mapping
---------------------------------------------------------------------------------
---------------------------------------------------------------------------------
Finished Technology Mapping : Time (s): cpu = 00:00:25 ; elapsed = 00:00:25 . Memory (MB): peak = 1198.621 ; gain = 386.270
---------------------------------------------------------------------------------

Report RTL Partitions: 
+-+--------------+------------+----------+
| |RTL Partition |Replication |Instances |
+-+--------------+------------+----------+
+-+--------------+------------+----------+
---------------------------------------------------------------------------------
Start IO Insertion
---------------------------------------------------------------------------------
---------------------------------------------------------------------------------
Start Flattening Before IO Insertion
---------------------------------------------------------------------------------
---------------------------------------------------------------------------------
Finished Flattening Before IO Insertion
---------------------------------------------------------------------------------
---------------------------------------------------------------------------------
Start Final Netlist Cleanup
---------------------------------------------------------------------------------
---------------------------------------------------------------------------------
Finished Final Netlist Cleanup
---------------------------------------------------------------------------------
---------------------------------------------------------------------------------
Finished IO Insertion : Time (s): cpu = 00:00:30 ; elapsed = 00:00:30 . Memory (MB): peak = 1214.418 ; gain = 402.066
---------------------------------------------------------------------------------
---------------------------------------------------------------------------------
Start Renaming Generated Instances
---------------------------------------------------------------------------------
---------------------------------------------------------------------------------
Finished Renaming Generated Instances : Time (s): cpu = 00:00:30 ; elapsed = 00:00:30 . Memory (MB): peak = 1214.418 ; gain = 402.066
---------------------------------------------------------------------------------

Report RTL Partitions: 
+-+--------------+------------+----------+
| |RTL Partition |Replication |Instances |
+-+--------------+------------+----------+
+-+--------------+------------+----------+

Report Check Netlist: 
+------+------------------+-------+---------+-------+------------------+
|      |Item              |Errors |Warnings |Status |Description       |
+------+------------------+-------+---------+-------+------------------+
|1     |multi_driven_nets |      0|        0|Passed |Multi driven nets |
+------+------------------+-------+---------+-------+------------------+
---------------------------------------------------------------------------------
Start Rebuilding User Hierarchy
---------------------------------------------------------------------------------
---------------------------------------------------------------------------------
Finished Rebuilding User Hierarchy : Time (s): cpu = 00:00:30 ; elapsed = 00:00:30 . Memory (MB): peak = 1214.418 ; gain = 402.066
---------------------------------------------------------------------------------
---------------------------------------------------------------------------------
Start Renaming Generated Ports
---------------------------------------------------------------------------------
---------------------------------------------------------------------------------
Finished Renaming Generated Ports : Time (s): cpu = 00:00:30 ; elapsed = 00:00:30 . Memory (MB): peak = 1214.418 ; gain = 402.066
---------------------------------------------------------------------------------
---------------------------------------------------------------------------------
Start Handling Custom Attributes
---------------------------------------------------------------------------------
---------------------------------------------------------------------------------
Finished Handling Custom Attributes : Time (s): cpu = 00:00:30 ; elapsed = 00:00:30 . Memory (MB): peak = 1214.418 ; gain = 402.066
---------------------------------------------------------------------------------
---------------------------------------------------------------------------------
Start Renaming Generated Nets
---------------------------------------------------------------------------------
---------------------------------------------------------------------------------
Finished Renaming Generated Nets : Time (s): cpu = 00:00:30 ; elapsed = 00:00:30 . Memory (MB): peak = 1214.418 ; gain = 402.066
---------------------------------------------------------------------------------
---------------------------------------------------------------------------------
Start Writing Synthesis Report
---------------------------------------------------------------------------------

Report BlackBoxes: 
+------+-----------------+----------+
|      |BlackBox name    |Instances |
+------+-----------------+----------+
|1     |bd_d10d_phy_0    |         1|
|2     |bd_d10d_r_sync_0 |         1|
|3     |bd_d10d_rx_0     |         1|
|4     |bd_d10d_vfb_0_0  |         1|
+------+-----------------+----------+

Report Cell Usage: 
+------+-----------------+------+
|      |Cell             |Count |
+------+-----------------+------+
|1     |bd_d10d_phy_0    |     1|
|2     |bd_d10d_r_sync_0 |     1|
|3     |bd_d10d_rx_0     |     1|
|4     |bd_d10d_vfb_0_0  |     1|
+------+-----------------+------+

Report Instance Areas: 
+------+---------+--------+------+
|      |Instance |Module  |Cells |
+------+---------+--------+------+
|1     |top      |        |   368|
|2     |  inst   |bd_d10d |   368|
+------+---------+--------+------+
---------------------------------------------------------------------------------
Finished Writing Synthesis Report : Time (s): cpu = 00:00:30 ; elapsed = 00:00:30 . Memory (MB): peak = 1214.418 ; gain = 402.066
---------------------------------------------------------------------------------
Synthesis finished with 0 errors, 0 critical warnings and 0 warnings.
Synthesis Optimization Runtime : Time (s): cpu = 00:00:21 ; elapsed = 00:00:28 . Memory (MB): peak = 1214.418 ; gain = 371.777
Synthesis Optimization Complete : Time (s): cpu = 00:00:30 ; elapsed = 00:00:31 . Memory (MB): peak = 1214.418 ; gain = 402.066
INFO: [Project 1-571] Translating synthesized netlist
Netlist sorting complete. Time (s): cpu = 00:00:00 ; elapsed = 00:00:00.011 . Memory (MB): peak = 1214.418 ; gain = 0.000
INFO: [Project 1-570] Preparing netlist for logic optimization
INFO: [Opt 31-138] Pushed 0 inverter(s) to 0 load pin(s).
Netlist sorting complete. Time (s): cpu = 00:00:00 ; elapsed = 00:00:00 . Memory (MB): peak = 1233.309 ; gain = 0.000
INFO: [Project 1-111] Unisim Transformation Summary:
No Unisim elements were transformed.

INFO: [Common 17-83] Releasing license: Synthesis
21 Infos, 2 Warnings, 0 Critical Warnings and 0 Errors encountered.
synth_design completed successfully
synth_design: Time (s): cpu = 00:00:35 ; elapsed = 00:00:37 . Memory (MB): peak = 1239.309 ; gain = 746.887
Netlist sorting complete. Time (s): cpu = 00:00:00 ; elapsed = 00:00:00 . Memory (MB): peak = 1239.309 ; gain = 0.000
WARNING: [Constraints 18-5210] No constraints selected for write.
Resolution: This message can indicate that there are no constraints for the design, or it can indicate that the used_in flags are set such that the constraints are ignored. This later case is used when running synth_design to not write synthesis constraints to the resulting checkpoint. Instead, project constraints are read when the synthesized design is opened.
INFO: [Common 17-1381] The checkpoint 'C:/Users/ivr/Documents/GitHub/Zybo_mipi/zybo_ov5640/zybo_ov5640.runs/design_1_mipi_csi2_rx_subsyst_0_0_synth_1/design_1_mipi_csi2_rx_subsyst_0_0.dcp' has been generated.
WARNING: [Common 17-576] 'use_project_ipc' is deprecated. This option is deprecated and no longer used.
INFO: [Coretcl 2-1648] Added synthesis output to IP cache for IP design_1_mipi_csi2_rx_subsyst_0_0, cache-ID = 2f962518bd6e581e
INFO: [Coretcl 2-1174] Renamed 5 cell refs.
Netlist sorting complete. Time (s): cpu = 00:00:00 ; elapsed = 00:00:00 . Memory (MB): peak = 1239.309 ; gain = 0.000
WARNING: [Constraints 18-5210] No constraints selected for write.
Resolution: This message can indicate that there are no constraints for the design, or it can indicate that the used_in flags are set such that the constraints are ignored. This later case is used when running synth_design to not write synthesis constraints to the resulting checkpoint. Instead, project constraints are read when the synthesized design is opened.
INFO: [Common 17-1381] The checkpoint 'C:/Users/ivr/Documents/GitHub/Zybo_mipi/zybo_ov5640/zybo_ov5640.runs/design_1_mipi_csi2_rx_subsyst_0_0_synth_1/design_1_mipi_csi2_rx_subsyst_0_0.dcp' has been generated.
INFO: [runtcl-4] Executing : report_utilization -file design_1_mipi_csi2_rx_subsyst_0_0_utilization_synth.rpt -pb design_1_mipi_csi2_rx_subsyst_0_0_utilization_synth.pb
INFO: [Common 17-206] Exiting Vivado at Sat Aug  8 00:04:57 2020...
