16:21:07 **** Incremental Build of project Pcam5C-2019 ****
buildplatform.bat 50476 Pcam5C-2019 no_domain_build 
XSDB Server Channel: tcfchan#1
16:21:14 **** Incremental Build of configuration Debug for project Pcam5C-app ****
make all 
make --no-print-directory pre-build
a9-linaro-pre-build-step
' '
make --no-print-directory main-build
'Building file: ../src/platform/platform.c'
'Invoking: ARM v7 g++ compiler'
arm-none-eabi-g++ -Wall -O0 -g3 -c -fmessage-length=0 -MT"src/platform/platform.o" -mcpu=cortex-a9 -mfpu=vfpv3 -mfloat-abi=hard -IC:/Github/Zybo_mipi/Zybo-Z7-20-pcam-5c-2019.1/vitis/Pcam5C-2019/export/Pcam5C-2019/sw/Pcam5C-2019/standalone_domain/bspinclude/include -MMD -MP -MF"src/platform/platform.d" -MT"src/platform/platform.o" -o "src/platform/platform.o" "../src/platform/platform.c"
'Finished building: ../src/platform/platform.c'
' '
'Building file: ../src/ov5640/OV5640.cpp'
'Invoking: ARM v7 g++ compiler'
arm-none-eabi-g++ -Wall -O0 -g3 -c -fmessage-length=0 -MT"src/ov5640/OV5640.o" -mcpu=cortex-a9 -mfpu=vfpv3 -mfloat-abi=hard -IC:/Github/Zybo_mipi/Zybo-Z7-20-pcam-5c-2019.1/vitis/Pcam5C-2019/export/Pcam5C-2019/sw/Pcam5C-2019/standalone_domain/bspinclude/include -MMD -MP -MF"src/ov5640/OV5640.d" -MT"src/ov5640/OV5640.o" -o "src/ov5640/OV5640.o" "../src/ov5640/OV5640.cpp"
'Finished building: ../src/ov5640/OV5640.cpp'
' '
'Building file: ../src/main.cc'
'Invoking: ARM v7 g++ compiler'
arm-none-eabi-g++ -Wall -O0 -g3 -c -fmessage-length=0 -MT"src/main.o" -mcpu=cortex-a9 -mfpu=vfpv3 -mfloat-abi=hard -IC:/Github/Zybo_mipi/Zybo-Z7-20-pcam-5c-2019.1/vitis/Pcam5C-2019/export/Pcam5C-2019/sw/Pcam5C-2019/standalone_domain/bspinclude/include -MMD -MP -MF"src/main.d" -MT"src/main.o" -o "src/main.o" "../src/main.cc"
'Finished building: ../src/main.cc'
' '
'Building target: Pcam5C-app.elf'
'Invoking: ARM v7 g++ linker'
arm-none-eabi-g++ -mcpu=cortex-a9 -mfpu=vfpv3 -mfloat-abi=hard -Wl,-build-id=none -specs=Xilinx.spec -Wl,-T -Wl,../src/lscript.ld -LC:/Github/Zybo_mipi/Zybo-Z7-20-pcam-5c-2019.1/vitis/Pcam5C-2019/export/Pcam5C-2019/sw/Pcam5C-2019/standalone_domain/bsplib/lib -o "Pcam5C-app.elf"  ./src/platform/platform.o  ./src/ov5640/OV5640.o  ./src/main.o   -Wl,--start-group,-lxil,-lgcc,-lc,-lstdc++,--end-group
'Finished building target: Pcam5C-app.elf'
' '
'Invoking: ARM v7 Print Size'
arm-none-eabi-size Pcam5C-app.elf  |tee "Pcam5C-app.elf.size"
   text	   data	    bss	    dec	    hex	filename
 633147	   3884	  29776	 666807	  a2cb7	Pcam5C-app.elf
'Finished building: Pcam5C-app.elf.size'
' '
16:21:21 **** Incremental Build of configuration Debug for project Pcam5C-app_system ****
make all 
Generating bif file for the system project
generate_system_bif.bat 50476 C:/Github/Zybo-Z7-20-pcam-5c-2019.1/vitis/Pcam5C-2019/export/Pcam5C-2019/Pcam5C-2019.xpfm standalone_domain C:/Github/Zybo_mipi/Zybo-Z7-20-pcam-5c-2019.1/vitis/Pcam5C-app_system/Debug/system.bif
xpfm path is not valid
    invoked from within
"::tcf::eval -progress {apply {{msg} {puts $msg}}} {tcf_send_command tcfchan#0 xsdb eval s es {{::scw::generate_bif -xpfm C:/Github/Zybo-Z7-20-pcam-5c-2019.1/vitis/Pcam5C-2019/export/Pcam5C-2019/Pcam5C-2019.xpfm -domains standalone_domain -bifpath C:/Github/Zybo_mipi/Zybo-Z7-20-pcam-5c-2019.1/vitis/Pcam5C-app_system/Debug/system.bif}}}"
    (procedure "::tcf::send_command" line 4)
    invoked from within
"tcf send_command $::xsdb::curchan xsdb eval s es [list "::scw::generate_bif $GENERATE_BIF_ARGS"]"
    (file "C:/Xilinx/Vitis/2019.2\scripts\vitis\util\generate_system_bif.tcl" line 25)
make: *** [makefile:36: sd_card] Error 1
16:22:18 **** Clean-only build of project Pcam5C-2019 ****
buildplatform.bat 50476 Pcam5C-2019 clean 
XSDB Server Channel: tcfchan#3
Cleaning the zynq_fsbl application.
rm -rf  sd.o  nand.o  image_mover.o  md5.o  fsbl_hooks.o  main.o  nor.o  qspi.o  rsa.o  ps7_init.o  pcap.o  fsbl_handoff.o zynq
_fsbl_bsp/ps7_cortexa9_0/lib/libxil.a executable.elf *.o

Cleaning the zynq_fsbl application, bsp
make -C ps7_cortexa9_0/libsrc/axivdma_v6_6/src -s clean 

make -C ps7_cortexa9_0/libsrc/clk_wiz_v1_2/src -s clean 

make -C ps7_cortexa9_0/libsrc/coresightps_dcc_v1_6/src -s clean 

make -C ps7_cortexa9_0/libsrc/cpu_cortexa9_v2_8/src -s clean 

make -C ps7_cortexa9_0/libsrc/ddrps_v1_0/src -s clean 

make -C ps7_cortexa9_0/libsrc/devcfg_v3_5/src -s clean 

make -C ps7_cortexa9_0/libsrc/dmaps_v2_5/src -s clean 

make -C ps7_cortexa9_0/libsrc/emacps_v3_10/src -s clean 

make -C ps7_cortexa9_0/libsrc/gpiops_v3_6/src -s clean 

make -C ps7_cortexa9_0/libsrc/iicps_v3_10/src -s clean 

make -C ps7_cortexa9_0/libsrc/MIPI_CSI_2_RX_v1_0/src -s clean 

rm: cannot lstat `*.o': Invalid argument
make[1]: *** [Makefile:26: clean] Error 1
make: *** [Makefile:33: ps7_cortexa9_0/libsrc/MIPI_CSI_2_RX_v1_0/src/make.clean] Error 2
Failed to do platform clean.
    invoked from within
"::tcf::eval -progress {apply {{msg} {puts $msg}}} {tcf_send_command tcfchan#0 xsdb eval s es {{platform active Pcam5C-2019; platform clean}}}"
    (procedure "::tcf::send_command" line 4)
    invoked from within
"tcf send_command $::xsdb::curchan xsdb eval s es [list "platform active $PLATFORM_NAME; platform clean"]"
    invoked from within
"if { $iswindows == 1 } {    

    set XSDB_PORT [lindex $argv 0]
    set PLATFORM_NAME [lindex $argv 1]
    set arglen [llength $argv]
    set lastind..."
    (file "C:/Xilinx/Vitis/2019.2\scripts\vitis\util\buildplatform.tcl" line 11)
16:22:20 **** Clean-only build of configuration Debug for project Pcam5C-app ****
make clean 
rm -rf  ./src/main.d  ./src/platform/platform.o  ./src/ov5640/OV5640.o  ./src/main.o  ./src/platform/platform.d  ./src/ov5640/OV5640.d  Pcam5C-app.elf.size  Pcam5C-app.elf
' '
16:22:21 **** Build of project Pcam5C-2019 ****
buildplatform.bat 50476 Pcam5C-2019  
XSDB Server Channel: tcfchan#4
Building the zynq_fsbl application.
make -C zynq_fsbl_bsp

make[1]: Entering directory 'C:/Github/Zybo_mipi/Zybo-Z7-20-pcam-5c-2019.1/vitis/Pcam5C-2019/zynq_fsbl/zynq_fsbl_bsp'

"Running Make include in ps7_cortexa9_0/libsrc/axivdma_v6_6/src"

make -C ps7_cortexa9_0/libsrc/axivdma_v6_6/src -s include  "SHELL=CMD" "COMPILER=arm-none-eabi-gcc" "ASSEMBLER=arm-none-eabi-as
" "ARCHIVER=arm-none-eabi-ar" "COMPILER_FLAGS=  -O2 -c" "EXTRA_COMPILER_FLAGS=-mcpu=cortex-a9 -mfpu=vfpv3 -mfloat-abi=hard -nos
tartfiles -g -Wall -Wextra"

make[2]: Entering directory 'C:/Github/Zybo_mipi/Zybo-Z7-20-pcam-5c-2019.1/vitis/Pcam5C-2019/zynq_fsbl/zynq_fsbl_bsp/ps7_cortex
a9_0/libsrc/axivdma_v6_6/src'

make[2]: Leaving directory 'C:/Github/Zybo_mipi/Zybo-Z7-20-pcam-5c-2019.1/vitis/Pcam5C-2019/zynq_fsbl/zynq_fsbl_bsp/ps7_cortexa
9_0/libsrc/axivdma_v6_6/src'

"Running Make include in ps7_cortexa9_0/libsrc/clk_wiz_v1_2/src"

make -C ps7_cortexa9_0/libsrc/clk_wiz_v1_2/src -s include  "SHELL=CMD" "COMPILER=arm-none-eabi-gcc" "ASSEMBLER=arm-none-eabi-as
" "ARCHIVER=arm-none-eabi-ar" "COMPILER_FLAGS=  -O2 -c" "EXTRA_COMPILER_FLAGS=-mcpu=cortex-a9 -mfpu=vfpv3 -mfloat-abi=hard -nos
tartfiles -g -Wall -Wextra"

make[2]: Entering directory 'C:/Github/Zybo_mipi/Zybo-Z7-20-pcam-5c-2019.1/vitis/Pcam5C-2019/zynq_fsbl/zynq_fsbl_bsp/ps7_cortex
a9_0/libsrc/clk_wiz_v1_2/src'

make[2]: Leaving directory 'C:/Github/Zybo_mipi/Zybo-Z7-20-pcam-5c-2019.1/vitis/Pcam5C-2019/zynq_fsbl/zynq_fsbl_bsp/ps7_cortexa
9_0/libsrc/clk_wiz_v1_2/src'

"Running Make include in ps7_cortexa9_0/libsrc/coresightps_dcc_v1_6/src"

make -C ps7_cortexa9_0/libsrc/coresightps_dcc_v1_6/src -s include  "SHELL=CMD" "COMPILER=arm-none-eabi-gcc" "ASSEMBLER=arm-none
-eabi-as" "ARCHIVER=arm-none-eabi-ar" "COMPILER_FLAGS=  -O2 -c" "EXTRA_COMPILER_FLAGS=-mcpu=cortex-a9 -mfpu=vfpv3 -mfloat-abi=h
ard -nostartfiles -g -Wall -Wextra"

make[2]: Entering directory 'C:/Github/Zybo_mipi/Zybo-Z7-20-pcam-5c-2019.1/vitis/Pcam5C-2019/zynq_fsbl/zynq_fsbl_bsp/ps7_cortex
a9_0/libsrc/coresightps_dcc_v1_6/src'

make[2]: Leaving directory 'C:/Github/Zybo_mipi/Zybo-Z7-20-pcam-5c-2019.1/vitis/Pcam5C-2019/zynq_fsbl/zynq_fsbl_bsp/ps7_cortexa
9_0/libsrc/coresightps_dcc_v1_6/src'

"Running Make include in ps7_cortexa9_0/libsrc/cpu_cortexa9_v2_8/src"

make -C ps7_cortexa9_0/libsrc/cpu_cortexa9_v2_8/src -s include  "SHELL=CMD" "COMPILER=arm-none-eabi-gcc" "ASSEMBLER=arm-none-ea
bi-as" "ARCHIVER=arm-none-eabi-ar" "COMPILER_FLAGS=  -O2 -c" "EXTRA_COMPILER_FLAGS=-mcpu=cortex-a9 -mfpu=vfpv3 -mfloat-abi=hard
 -nostartfiles -g -Wall -Wextra"

make[2]: Entering directory 'C:/Github/Zybo_mipi/Zybo-Z7-20-pcam-5c-2019.1/vitis/Pcam5C-2019/zynq_fsbl/zynq_fsbl_bsp/ps7_cortex
a9_0/libsrc/cpu_cortexa9_v2_8/src'

make[2]: Leaving directory 'C:/Github/Zybo_mipi/Zybo-Z7-20-pcam-5c-2019.1/vitis/Pcam5C-2019/zynq_fsbl/zynq_fsbl_bsp/ps7_cortexa
9_0/libsrc/cpu_cortexa9_v2_8/src'

"Running Make include in ps7_cortexa9_0/libsrc/ddrps_v1_0/src"

make -C ps7_cortexa9_0/libsrc/ddrps_v1_0/src -s include  "SHELL=CMD" "COMPILER=arm-none-eabi-gcc" "ASSEMBLER=arm-none-eabi-as" 
"ARCHIVER=arm-none-eabi-ar" "COMPILER_FLAGS=  -O2 -c" "EXTRA_COMPILER_FLAGS=-mcpu=cortex-a9 -mfpu=vfpv3 -mfloat-abi=hard -nosta
rtfiles -g -Wall -Wextra"

make[2]: Entering directory 'C:/Github/Zybo_mipi/Zybo-Z7-20-pcam-5c-2019.1/vitis/Pcam5C-2019/zynq_fsbl/zynq_fsbl_bsp/ps7_cortex
a9_0/libsrc/ddrps_v1_0/src'

make[2]: Leaving directory 'C:/Github/Zybo_mipi/Zybo-Z7-20-pcam-5c-2019.1/vitis/Pcam5C-2019/zynq_fsbl/zynq_fsbl_bsp/ps7_cortexa
9_0/libsrc/ddrps_v1_0/src'

"Running Make include in ps7_cortexa9_0/libsrc/devcfg_v3_5/src"

make -C ps7_cortexa9_0/libsrc/devcfg_v3_5/src -s include  "SHELL=CMD" "COMPILER=arm-none-eabi-gcc" "ASSEMBLER=arm-none-eabi-as"
 "ARCHIVER=arm-none-eabi-ar" "COMPILER_FLAGS=  -O2 -c" "EXTRA_COMPILER_FLAGS=-mcpu=cortex-a9 -mfpu=vfpv3 -mfloat-abi=hard -nost
artfiles -g -Wall -Wextra"

make[2]: Entering directory 'C:/Github/Zybo_mipi/Zybo-Z7-20-pcam-5c-2019.1/vitis/Pcam5C-2019/zynq_fsbl/zynq_fsbl_bsp/ps7_cortex
a9_0/libsrc/devcfg_v3_5/src'

make[2]: Leaving directory 'C:/Github/Zybo_mipi/Zybo-Z7-20-pcam-5c-2019.1/vitis/Pcam5C-2019/zynq_fsbl/zynq_fsbl_bsp/ps7_cortexa
9_0/libsrc/devcfg_v3_5/src'

"Running Make include in ps7_cortexa9_0/libsrc/dmaps_v2_5/src"

make -C ps7_cortexa9_0/libsrc/dmaps_v2_5/src -s include  "SHELL=CMD" "COMPILER=arm-none-eabi-gcc" "ASSEMBLER=arm-none-eabi-as" 
"ARCHIVER=arm-none-eabi-ar" "COMPILER_FLAGS=  -O2 -c" "EXTRA_COMPILER_FLAGS=-mcpu=cortex-a9 -mfpu=vfpv3 -mfloat-abi=hard -nosta
rtfiles -g -Wall -Wextra"

make[2]: Entering directory 'C:/Github/Zybo_mipi/Zybo-Z7-20-pcam-5c-2019.1/vitis/Pcam5C-2019/zynq_fsbl/zynq_fsbl_bsp/ps7_cortex
a9_0/libsrc/dmaps_v2_5/src'

make[2]: Leaving directory 'C:/Github/Zybo_mipi/Zybo-Z7-20-pcam-5c-2019.1/vitis/Pcam5C-2019/zynq_fsbl/zynq_fsbl_bsp/ps7_cortexa
9_0/libsrc/dmaps_v2_5/src'

"Running Make include in ps7_cortexa9_0/libsrc/emacps_v3_10/src"

make -C ps7_cortexa9_0/libsrc/emacps_v3_10/src -s include  "SHELL=CMD" "COMPILER=arm-none-eabi-gcc" "ASSEMBLER=arm-none-eabi-as
" "ARCHIVER=arm-none-eabi-ar" "COMPILER_FLAGS=  -O2 -c" "EXTRA_COMPILER_FLAGS=-mcpu=cortex-a9 -mfpu=vfpv3 -mfloat-abi=hard -nos
tartfiles -g -Wall -Wextra"

make[2]: Entering directory 'C:/Github/Zybo_mipi/Zybo-Z7-20-pcam-5c-2019.1/vitis/Pcam5C-2019/zynq_fsbl/zynq_fsbl_bsp/ps7_cortex
a9_0/libsrc/emacps_v3_10/src'

make[2]: Leaving directory 'C:/Github/Zybo_mipi/Zybo-Z7-20-pcam-5c-2019.1/vitis/Pcam5C-2019/zynq_fsbl/zynq_fsbl_bsp/ps7_cortexa
9_0/libsrc/emacps_v3_10/src'

"Running Make include in ps7_cortexa9_0/libsrc/gpiops_v3_6/src"

make -C ps7_cortexa9_0/libsrc/gpiops_v3_6/src -s include  "SHELL=CMD" "COMPILER=arm-none-eabi-gcc" "ASSEMBLER=arm-none-eabi-as"
 "ARCHIVER=arm-none-eabi-ar" "COMPILER_FLAGS=  -O2 -c" "EXTRA_COMPILER_FLAGS=-mcpu=cortex-a9 -mfpu=vfpv3 -mfloat-abi=hard -nost
artfiles -g -Wall -Wextra"

make[2]: Entering directory 'C:/Github/Zybo_mipi/Zybo-Z7-20-pcam-5c-2019.1/vitis/Pcam5C-2019/zynq_fsbl/zynq_fsbl_bsp/ps7_cortex
a9_0/libsrc/gpiops_v3_6/src'

make[2]: Leaving directory 'C:/Github/Zybo_mipi/Zybo-Z7-20-pcam-5c-2019.1/vitis/Pcam5C-2019/zynq_fsbl/zynq_fsbl_bsp/ps7_cortexa
9_0/libsrc/gpiops_v3_6/src'

"Running Make include in ps7_cortexa9_0/libsrc/iicps_v3_10/src"

make -C ps7_cortexa9_0/libsrc/iicps_v3_10/src -s include  "SHELL=CMD" "COMPILER=arm-none-eabi-gcc" "ASSEMBLER=arm-none-eabi-as"
 "ARCHIVER=arm-none-eabi-ar" "COMPILER_FLAGS=  -O2 -c" "EXTRA_COMPILER_FLAGS=-mcpu=cortex-a9 -mfpu=vfpv3 -mfloat-abi=hard -nost
artfiles -g -Wall -Wextra"

make[2]: Entering directory 'C:/Github/Zybo_mipi/Zybo-Z7-20-pcam-5c-2019.1/vitis/Pcam5C-2019/zynq_fsbl/zynq_fsbl_bsp/ps7_cortex
a9_0/libsrc/iicps_v3_10/src'

make[2]: Leaving directory 'C:/Github/Zybo_mipi/Zybo-Z7-20-pcam-5c-2019.1/vitis/Pcam5C-2019/zynq_fsbl/zynq_fsbl_bsp/ps7_cortexa
9_0/libsrc/iicps_v3_10/src'

"Running Make include in ps7_cortexa9_0/libsrc/MIPI_CSI_2_RX_v1_0/src"

make -C ps7_cortexa9_0/libsrc/MIPI_CSI_2_RX_v1_0/src -s include  "SHELL=CMD" "COMPILER=arm-none-eabi-gcc" "ASSEMBLER=arm-none-e
abi-as" "ARCHIVER=arm-none-eabi-ar" "COMPILER_FLAGS=  -O2 -c" "EXTRA_COMPILER_FLAGS=-mcpu=cortex-a9 -mfpu=vfpv3 -mfloat-abi=har
d -nostartfiles -g -Wall -Wextra"

make[2]: Entering directory 'C:/Github/Zybo_mipi/Zybo-Z7-20-pcam-5c-2019.1/vitis/Pcam5C-2019/zynq_fsbl/zynq_fsbl_bsp/ps7_cortex
a9_0/libsrc/MIPI_CSI_2_RX_v1_0/src'

make[2]: Leaving directory 'C:/Github/Zybo_mipi/Zybo-Z7-20-pcam-5c-2019.1/vitis/Pcam5C-2019/zynq_fsbl/zynq_fsbl_bsp/ps7_cortexa
9_0/libsrc/MIPI_CSI_2_RX_v1_0/src'

"Running Make include in ps7_cortexa9_0/libsrc/MIPI_D_PHY_RX_v1_0/src"

make -C ps7_cortexa9_0/libsrc/MIPI_D_PHY_RX_v1_0/src -s include  "SHELL=CMD" "COMPILER=arm-none-eabi-gcc" "ASSEMBLER=arm-none-e
abi-as" "ARCHIVER=arm-none-eabi-ar" "COMPILER_FLAGS=  -O2 -c" "EXTRA_COMPILER_FLAGS=-mcpu=cortex-a9 -mfpu=vfpv3 -mfloat-abi=har
d -nostartfiles -g -Wall -Wextra"

make[2]: Entering directory 'C:/Github/Zybo_mipi/Zybo-Z7-20-pcam-5c-2019.1/vitis/Pcam5C-2019/zynq_fsbl/zynq_fsbl_bsp/ps7_cortex
a9_0/libsrc/MIPI_D_PHY_RX_v1_0/src'

make[2]: Leaving directory 'C:/Github/Zybo_mipi/Zybo-Z7-20-pcam-5c-2019.1/vitis/Pcam5C-2019/zynq_fsbl/zynq_fsbl_bsp/ps7_cortexa
9_0/libsrc/MIPI_D_PHY_RX_v1_0/src'

"Running Make include in ps7_cortexa9_0/libsrc/qspips_v3_6/src"

make -C ps7_cortexa9_0/libsrc/qspips_v3_6/src -s include  "SHELL=CMD" "COMPILER=arm-none-eabi-gcc" "ASSEMBLER=arm-none-eabi-as"
 "ARCHIVER=arm-none-eabi-ar" "COMPILER_FLAGS=  -O2 -c" "EXTRA_COMPILER_FLAGS=-mcpu=cortex-a9 -mfpu=vfpv3 -mfloat-abi=hard -nost
artfiles -g -Wall -Wextra"

make[2]: Entering directory 'C:/Github/Zybo_mipi/Zybo-Z7-20-pcam-5c-2019.1/vitis/Pcam5C-2019/zynq_fsbl/zynq_fsbl_bsp/ps7_cortex
a9_0/libsrc/qspips_v3_6/src'

make[2]: Leaving directory 'C:/Github/Zybo_mipi/Zybo-Z7-20-pcam-5c-2019.1/vitis/Pcam5C-2019/zynq_fsbl/zynq_fsbl_bsp/ps7_cortexa
9_0/libsrc/qspips_v3_6/src'

"Running Make include in ps7_cortexa9_0/libsrc/scugic_v4_1/src"

make -C ps7_cortexa9_0/libsrc/scugic_v4_1/src -s include  "SHELL=CMD" "COMPILER=arm-none-eabi-gcc" "ASSEMBLER=arm-none-eabi-as"
 "ARCHIVER=arm-none-eabi-ar" "COMPILER_FLAGS=  -O2 -c" "EXTRA_COMPILER_FLAGS=-mcpu=cortex-a9 -mfpu=vfpv3 -mfloat-abi=hard -nost
artfiles -g -Wall -Wextra"

make[2]: Entering directory 'C:/Github/Zybo_mipi/Zybo-Z7-20-pcam-5c-2019.1/vitis/Pcam5C-2019/zynq_fsbl/zynq_fsbl_bsp/ps7_cortex
a9_0/libsrc/scugic_v4_1/src'

make[2]: Leaving directory 'C:/Github/Zybo_mipi/Zybo-Z7-20-pcam-5c-2019.1/vitis/Pcam5C-2019/zynq_fsbl/zynq_fsbl_bsp/ps7_cortexa
9_0/libsrc/scugic_v4_1/src'

"Running Make include in ps7_cortexa9_0/libsrc/scutimer_v2_1/src"

make -C ps7_cortexa9_0/libsrc/scutimer_v2_1/src -s include  "SHELL=CMD" "COMPILER=arm-none-eabi-gcc" "ASSEMBLER=arm-none-eabi-a
s" "ARCHIVER=arm-none-eabi-ar" "COMPILER_FLAGS=  -O2 -c" "EXTRA_COMPILER_FLAGS=-mcpu=cortex-a9 -mfpu=vfpv3 -mfloat-abi=hard -no
startfiles -g -Wall -Wextra"

make[2]: Entering directory 'C:/Github/Zybo_mipi/Zybo-Z7-20-pcam-5c-2019.1/vitis/Pcam5C-2019/zynq_fsbl/zynq_fsbl_bsp/ps7_cortex
a9_0/libsrc/scutimer_v2_1/src'

make[2]: Leaving directory 'C:/Github/Zybo_mipi/Zybo-Z7-20-pcam-5c-2019.1/vitis/Pcam5C-2019/zynq_fsbl/zynq_fsbl_bsp/ps7_cortexa
9_0/libsrc/scutimer_v2_1/src'

"Running Make include in ps7_cortexa9_0/libsrc/scuwdt_v2_1/src"

make -C ps7_cortexa9_0/libsrc/scuwdt_v2_1/src -s include  "SHELL=CMD" "COMPILER=arm-none-eabi-gcc" "ASSEMBLER=arm-none-eabi-as"
 "ARCHIVER=arm-none-eabi-ar" "COMPILER_FLAGS=  -O2 -c" "EXTRA_COMPILER_FLAGS=-mcpu=cortex-a9 -mfpu=vfpv3 -mfloat-abi=hard -nost
artfiles -g -Wall -Wextra"

make[2]: Entering directory 'C:/Github/Zybo_mipi/Zybo-Z7-20-pcam-5c-2019.1/vitis/Pcam5C-2019/zynq_fsbl/zynq_fsbl_bsp/ps7_cortex
a9_0/libsrc/scuwdt_v2_1/src'

make[2]: Leaving directory 'C:/Github/Zybo_mipi/Zybo-Z7-20-pcam-5c-2019.1/vitis/Pcam5C-2019/zynq_fsbl/zynq_fsbl_bsp/ps7_cortexa
9_0/libsrc/scuwdt_v2_1/src'

"Running Make include in ps7_cortexa9_0/libsrc/sdps_v3_8/src"

make -C ps7_cortexa9_0/libsrc/sdps_v3_8/src -s include  "SHELL=CMD" "COMPILER=arm-none-eabi-gcc" "ASSEMBLER=arm-none-eabi-as" "
ARCHIVER=arm-none-eabi-ar" "COMPILER_FLAGS=  -O2 -c" "EXTRA_COMPILER_FLAGS=-mcpu=cortex-a9 -mfpu=vfpv3 -mfloat-abi=hard -nostar
tfiles -g -Wall -Wextra"

make[2]: Entering directory 'C:/Github/Zybo_mipi/Zybo-Z7-20-pcam-5c-2019.1/vitis/Pcam5C-2019/zynq_fsbl/zynq_fsbl_bsp/ps7_cortex
a9_0/libsrc/sdps_v3_8/src'

make[2]: Leaving directory 'C:/Github/Zybo_mipi/Zybo-Z7-20-pcam-5c-2019.1/vitis/Pcam5C-2019/zynq_fsbl/zynq_fsbl_bsp/ps7_cortexa
9_0/libsrc/sdps_v3_8/src'

"Running Make include in ps7_cortexa9_0/libsrc/standalone_v7_1/src"

make -C ps7_cortexa9_0/libsrc/standalone_v7_1/src -s include  "SHELL=CMD" "COMPILER=arm-none-eabi-gcc" "ASSEMBLER=arm-none-eabi
-as" "ARCHIVER=arm-none-eabi-ar" "COMPILER_FLAGS=  -O2 -c" "EXTRA_COMPILER_FLAGS=-mcpu=cortex-a9 -mfpu=vfpv3 -mfloat-abi=hard -
nostartfiles -g -Wall -Wextra"

make[2]: Entering directory 'C:/Github/Zybo_mipi/Zybo-Z7-20-pcam-5c-2019.1/vitis/Pcam5C-2019/zynq_fsbl/zynq_fsbl_bsp/ps7_cortex
a9_0/libsrc/standalone_v7_1/src'

make[3]: Entering directory 'C:/Github/Zybo_mipi/Zybo-Z7-20-pcam-5c-2019.1/vitis/Pcam5C-2019/zynq_fsbl/zynq_fsbl_bsp/ps7_cortex
a9_0/libsrc/standalone_v7_1/src/profile'

make[3]: Leaving directory 'C:/Github/Zybo_mipi/Zybo-Z7-20-pcam-5c-2019.1/vitis/Pcam5C-2019/zynq_fsbl/zynq_fsbl_bsp/ps7_cortexa
9_0/libsrc/standalone_v7_1/src/profile'

make[2]: Leaving directory 'C:/Github/Zybo_mipi/Zybo-Z7-20-pcam-5c-2019.1/vitis/Pcam5C-2019/zynq_fsbl/zynq_fsbl_bsp/ps7_cortexa
9_0/libsrc/standalone_v7_1/src'

"Running Make include in ps7_cortexa9_0/libsrc/uartps_v3_8/src"

make -C ps7_cortexa9_0/libsrc/uartps_v3_8/src -s include  "SHELL=CMD" "COMPILER=arm-none-eabi-gcc" "ASSEMBLER=arm-none-eabi-as"
 "ARCHIVER=arm-none-eabi-ar" "COMPILER_FLAGS=  -O2 -c" "EXTRA_COMPILER_FLAGS=-mcpu=cortex-a9 -mfpu=vfpv3 -mfloat-abi=hard -nost
artfiles -g -Wall -Wextra"

make[2]: Entering directory 'C:/Github/Zybo_mipi/Zybo-Z7-20-pcam-5c-2019.1/vitis/Pcam5C-2019/zynq_fsbl/zynq_fsbl_bsp/ps7_cortex
a9_0/libsrc/uartps_v3_8/src'

make[2]: Leaving directory 'C:/Github/Zybo_mipi/Zybo-Z7-20-pcam-5c-2019.1/vitis/Pcam5C-2019/zynq_fsbl/zynq_fsbl_bsp/ps7_cortexa
9_0/libsrc/uartps_v3_8/src'

"Running Make include in ps7_cortexa9_0/libsrc/usbps_v2_4/src"

make -C ps7_cortexa9_0/libsrc/usbps_v2_4/src -s include  "SHELL=CMD" "COMPILER=arm-none-eabi-gcc" "ASSEMBLER=arm-none-eabi-as" 
"ARCHIVER=arm-none-eabi-ar" "COMPILER_FLAGS=  -O2 -c" "EXTRA_COMPILER_FLAGS=-mcpu=cortex-a9 -mfpu=vfpv3 -mfloat-abi=hard -nosta
rtfiles -g -Wall -Wextra"

make[2]: Entering directory 'C:/Github/Zybo_mipi/Zybo-Z7-20-pcam-5c-2019.1/vitis/Pcam5C-2019/zynq_fsbl/zynq_fsbl_bsp/ps7_cortex
a9_0/libsrc/usbps_v2_4/src'

make[2]: Leaving directory 'C:/Github/Zybo_mipi/Zybo-Z7-20-pcam-5c-2019.1/vitis/Pcam5C-2019/zynq_fsbl/zynq_fsbl_bsp/ps7_cortexa
9_0/libsrc/usbps_v2_4/src'

"Running Make include in ps7_cortexa9_0/libsrc/vtc_v8_0/src"

make -C ps7_cortexa9_0/libsrc/vtc_v8_0/src -s include  "SHELL=CMD" "COMPILER=arm-none-eabi-gcc" "ASSEMBLER=arm-none-eabi-as" "A
RCHIVER=arm-none-eabi-ar" "COMPILER_FLAGS=  -O2 -c" "EXTRA_COMPILER_FLAGS=-mcpu=cortex-a9 -mfpu=vfpv3 -mfloat-abi=hard -nostart
files -g -Wall -Wextra"

make[2]: Entering directory 'C:/Github/Zybo_mipi/Zybo-Z7-20-pcam-5c-2019.1/vitis/Pcam5C-2019/zynq_fsbl/zynq_fsbl_bsp/ps7_cortex
a9_0/libsrc/vtc_v8_0/src'

make[2]: Leaving directory 'C:/Github/Zybo_mipi/Zybo-Z7-20-pcam-5c-2019.1/vitis/Pcam5C-2019/zynq_fsbl/zynq_fsbl_bsp/ps7_cortexa
9_0/libsrc/vtc_v8_0/src'

"Running Make include in ps7_cortexa9_0/libsrc/xadcps_v2_3/src"

make -C ps7_cortexa9_0/libsrc/xadcps_v2_3/src -s include  "SHELL=CMD" "COMPILER=arm-none-eabi-gcc" "ASSEMBLER=arm-none-eabi-as"
 "ARCHIVER=arm-none-eabi-ar" "COMPILER_FLAGS=  -O2 -c" "EXTRA_COMPILER_FLAGS=-mcpu=cortex-a9 -mfpu=vfpv3 -mfloat-abi=hard -nost
artfiles -g -Wall -Wextra"

make[2]: Entering directory 'C:/Github/Zybo_mipi/Zybo-Z7-20-pcam-5c-2019.1/vitis/Pcam5C-2019/zynq_fsbl/zynq_fsbl_bsp/ps7_cortex
a9_0/libsrc/xadcps_v2_3/src'

make[2]: Leaving directory 'C:/Github/Zybo_mipi/Zybo-Z7-20-pcam-5c-2019.1/vitis/Pcam5C-2019/zynq_fsbl/zynq_fsbl_bsp/ps7_cortexa
9_0/libsrc/xadcps_v2_3/src'

"Running Make include in ps7_cortexa9_0/libsrc/xilffs_v4_2/src"

make -C ps7_cortexa9_0/libsrc/xilffs_v4_2/src -s include  "SHELL=CMD" "COMPILER=arm-none-eabi-gcc" "ASSEMBLER=arm-none-eabi-as"
 "ARCHIVER=arm-none-eabi-ar" "COMPILER_FLAGS=  -O2 -c" "EXTRA_COMPILER_FLAGS=-mcpu=cortex-a9 -mfpu=vfpv3 -mfloat-abi=hard -nost
artfiles -g -Wall -Wextra"

make[2]: Entering directory 'C:/Github/Zybo_mipi/Zybo-Z7-20-pcam-5c-2019.1/vitis/Pcam5C-2019/zynq_fsbl/zynq_fsbl_bsp/ps7_cortex
a9_0/libsrc/xilffs_v4_2/src'

make[2]: Leaving directory 'C:/Github/Zybo_mipi/Zybo-Z7-20-pcam-5c-2019.1/vitis/Pcam5C-2019/zynq_fsbl/zynq_fsbl_bsp/ps7_cortexa
9_0/libsrc/xilffs_v4_2/src'

"Running Make include in ps7_cortexa9_0/libsrc/xilrsa_v1_5/src"

make -C ps7_cortexa9_0/libsrc/xilrsa_v1_5/src -s include  "SHELL=CMD" "COMPILER=arm-none-eabi-gcc" "ASSEMBLER=arm-none-eabi-as"
 "ARCHIVER=arm-none-eabi-ar" "COMPILER_FLAGS=  -O2 -c" "EXTRA_COMPILER_FLAGS=-mcpu=cortex-a9 -mfpu=vfpv3 -mfloat-abi=hard -nost
artfiles -g -Wall -Wextra"

make[2]: Entering directory 'C:/Github/Zybo_mipi/Zybo-Z7-20-pcam-5c-2019.1/vitis/Pcam5C-2019/zynq_fsbl/zynq_fsbl_bsp/ps7_cortex
a9_0/libsrc/xilrsa_v1_5/src'

make[2]: Leaving directory 'C:/Github/Zybo_mipi/Zybo-Z7-20-pcam-5c-2019.1/vitis/Pcam5C-2019/zynq_fsbl/zynq_fsbl_bsp/ps7_cortexa
9_0/libsrc/xilrsa_v1_5/src'

"Running Make libs in ps7_cortexa9_0/libsrc/axivdma_v6_6/src"

make -C ps7_cortexa9_0/libsrc/axivdma_v6_6/src -s libs  "SHELL=CMD" "COMPILER=arm-none-eabi-gcc" "ASSEMBLER=arm-none-eabi-as" "
ARCHIVER=arm-none-eabi-ar" "COMPILER_FLAGS=  -O2 -c" "EXTRA_COMPILER_FLAGS=-mcpu=cortex-a9 -mfpu=vfpv3 -mfloat-abi=hard -nostar
tfiles -g -Wall -Wextra"

make[2]: Entering directory 'C:/Github/Zybo_mipi/Zybo-Z7-20-pcam-5c-2019.1/vitis/Pcam5C-2019/zynq_fsbl/zynq_fsbl_bsp/ps7_cortex
a9_0/libsrc/axivdma_v6_6/src'

"Compiling axivdma"

arm-none-eabi-ar: creating ../../../lib/libxil.a
make[3]: Entering directory 'C:/Github/Zybo_mipi/Zybo-Z7-20-pcam-5c-2019.1/vitis/Pcam5C-2019/zynq_fsbl/zynq_fsbl_bsp/ps7_cortex
a9_0/libsrc/axivdma_v6_6/src'

make[3]: Leaving directory 'C:/Github/Zybo_mipi/Zybo-Z7-20-pcam-5c-2019.1/vitis/Pcam5C-2019/zynq_fsbl/zynq_fsbl_bsp/ps7_cortexa
9_0/libsrc/axivdma_v6_6/src'

make[2]: Leaving directory 'C:/Github/Zybo_mipi/Zybo-Z7-20-pcam-5c-2019.1/vitis/Pcam5C-2019/zynq_fsbl/zynq_fsbl_bsp/ps7_cortexa
9_0/libsrc/axivdma_v6_6/src'

"Running Make libs in ps7_cortexa9_0/libsrc/clk_wiz_v1_2/src"

make -C ps7_cortexa9_0/libsrc/clk_wiz_v1_2/src -s libs  "SHELL=CMD" "COMPILER=arm-none-eabi-gcc" "ASSEMBLER=arm-none-eabi-as" "
ARCHIVER=arm-none-eabi-ar" "COMPILER_FLAGS=  -O2 -c" "EXTRA_COMPILER_FLAGS=-mcpu=cortex-a9 -mfpu=vfpv3 -mfloat-abi=hard -nostar
tfiles -g -Wall -Wextra"

make[2]: Entering directory 'C:/Github/Zybo_mipi/Zybo-Z7-20-pcam-5c-2019.1/vitis/Pcam5C-2019/zynq_fsbl/zynq_fsbl_bsp/ps7_cortex
a9_0/libsrc/clk_wiz_v1_2/src'

"Compiling Clkocking Wizard"

make[3]: Entering directory 'C:/Github/Zybo_mipi/Zybo-Z7-20-pcam-5c-2019.1/vitis/Pcam5C-2019/zynq_fsbl/zynq_fsbl_bsp/ps7_cortex
a9_0/libsrc/clk_wiz_v1_2/src'

make[3]: Leaving directory 'C:/Github/Zybo_mipi/Zybo-Z7-20-pcam-5c-2019.1/vitis/Pcam5C-2019/zynq_fsbl/zynq_fsbl_bsp/ps7_cortexa
9_0/libsrc/clk_wiz_v1_2/src'

make[2]: Leaving directory 'C:/Github/Zybo_mipi/Zybo-Z7-20-pcam-5c-2019.1/vitis/Pcam5C-2019/zynq_fsbl/zynq_fsbl_bsp/ps7_cortexa
9_0/libsrc/clk_wiz_v1_2/src'

"Running Make libs in ps7_cortexa9_0/libsrc/coresightps_dcc_v1_6/src"

make -C ps7_cortexa9_0/libsrc/coresightps_dcc_v1_6/src -s libs  "SHELL=CMD" "COMPILER=arm-none-eabi-gcc" "ASSEMBLER=arm-none-ea
bi-as" "ARCHIVER=arm-none-eabi-ar" "COMPILER_FLAGS=  -O2 -c" "EXTRA_COMPILER_FLAGS=-mcpu=cortex-a9 -mfpu=vfpv3 -mfloat-abi=hard
 -nostartfiles -g -Wall -Wextra"

make[2]: Entering directory 'C:/Github/Zybo_mipi/Zybo-Z7-20-pcam-5c-2019.1/vitis/Pcam5C-2019/zynq_fsbl/zynq_fsbl_bsp/ps7_cortex
a9_0/libsrc/coresightps_dcc_v1_6/src'

"Compiling coresightps_dcc"

make[2]: Leaving directory 'C:/Github/Zybo_mipi/Zybo-Z7-20-pcam-5c-2019.1/vitis/Pcam5C-2019/zynq_fsbl/zynq_fsbl_bsp/ps7_cortexa
9_0/libsrc/coresightps_dcc_v1_6/src'

"Running Make libs in ps7_cortexa9_0/libsrc/cpu_cortexa9_v2_8/src"

make -C ps7_cortexa9_0/libsrc/cpu_cortexa9_v2_8/src -s libs  "SHELL=CMD" "COMPILER=arm-none-eabi-gcc" "ASSEMBLER=arm-none-eabi-
as" "ARCHIVER=arm-none-eabi-ar" "COMPILER_FLAGS=  -O2 -c" "EXTRA_COMPILER_FLAGS=-mcpu=cortex-a9 -mfpu=vfpv3 -mfloat-abi=hard -n
ostartfiles -g -Wall -Wextra"

make[2]: Entering directory 'C:/Github/Zybo_mipi/Zybo-Z7-20-pcam-5c-2019.1/vitis/Pcam5C-2019/zynq_fsbl/zynq_fsbl_bsp/ps7_cortex
a9_0/libsrc/cpu_cortexa9_v2_8/src'

"Compiling cpu_cortexa9"

make[2]: Leaving directory 'C:/Github/Zybo_mipi/Zybo-Z7-20-pcam-5c-2019.1/vitis/Pcam5C-2019/zynq_fsbl/zynq_fsbl_bsp/ps7_cortexa
9_0/libsrc/cpu_cortexa9_v2_8/src'

"Running Make libs in ps7_cortexa9_0/libsrc/ddrps_v1_0/src"

make -C ps7_cortexa9_0/libsrc/ddrps_v1_0/src -s libs  "SHELL=CMD" "COMPILER=arm-none-eabi-gcc" "ASSEMBLER=arm-none-eabi-as" "AR
CHIVER=arm-none-eabi-ar" "COMPILER_FLAGS=  -O2 -c" "EXTRA_COMPILER_FLAGS=-mcpu=cortex-a9 -mfpu=vfpv3 -mfloat-abi=hard -nostartf
iles -g -Wall -Wextra"

make[2]: Entering directory 'C:/Github/Zybo_mipi/Zybo-Z7-20-pcam-5c-2019.1/vitis/Pcam5C-2019/zynq_fsbl/zynq_fsbl_bsp/ps7_cortex
a9_0/libsrc/ddrps_v1_0/src'

"Compiling ddrps"

make[2]: Leaving directory 'C:/Github/Zybo_mipi/Zybo-Z7-20-pcam-5c-2019.1/vitis/Pcam5C-2019/zynq_fsbl/zynq_fsbl_bsp/ps7_cortexa
9_0/libsrc/ddrps_v1_0/src'

"Running Make libs in ps7_cortexa9_0/libsrc/devcfg_v3_5/src"

make -C ps7_cortexa9_0/libsrc/devcfg_v3_5/src -s libs  "SHELL=CMD" "COMPILER=arm-none-eabi-gcc" "ASSEMBLER=arm-none-eabi-as" "A
RCHIVER=arm-none-eabi-ar" "COMPILER_FLAGS=  -O2 -c" "EXTRA_COMPILER_FLAGS=-mcpu=cortex-a9 -mfpu=vfpv3 -mfloat-abi=hard -nostart
files -g -Wall -Wextra"

make[2]: Entering directory 'C:/Github/Zybo_mipi/Zybo-Z7-20-pcam-5c-2019.1/vitis/Pcam5C-2019/zynq_fsbl/zynq_fsbl_bsp/ps7_cortex
a9_0/libsrc/devcfg_v3_5/src'

"Compiling devcfg"

make[2]: Leaving directory 'C:/Github/Zybo_mipi/Zybo-Z7-20-pcam-5c-2019.1/vitis/Pcam5C-2019/zynq_fsbl/zynq_fsbl_bsp/ps7_cortexa
9_0/libsrc/devcfg_v3_5/src'

"Running Make libs in ps7_cortexa9_0/libsrc/dmaps_v2_5/src"

make -C ps7_cortexa9_0/libsrc/dmaps_v2_5/src -s libs  "SHELL=CMD" "COMPILER=arm-none-eabi-gcc" "ASSEMBLER=arm-none-eabi-as" "AR
CHIVER=arm-none-eabi-ar" "COMPILER_FLAGS=  -O2 -c" "EXTRA_COMPILER_FLAGS=-mcpu=cortex-a9 -mfpu=vfpv3 -mfloat-abi=hard -nostartf
iles -g -Wall -Wextra"

make[2]: Entering directory 'C:/Github/Zybo_mipi/Zybo-Z7-20-pcam-5c-2019.1/vitis/Pcam5C-2019/zynq_fsbl/zynq_fsbl_bsp/ps7_cortex
a9_0/libsrc/dmaps_v2_5/src'

"Compiling dmaps"

make[2]: Leaving directory 'C:/Github/Zybo_mipi/Zybo-Z7-20-pcam-5c-2019.1/vitis/Pcam5C-2019/zynq_fsbl/zynq_fsbl_bsp/ps7_cortexa
9_0/libsrc/dmaps_v2_5/src'

"Running Make libs in ps7_cortexa9_0/libsrc/emacps_v3_10/src"

make -C ps7_cortexa9_0/libsrc/emacps_v3_10/src -s libs  "SHELL=CMD" "COMPILER=arm-none-eabi-gcc" "ASSEMBLER=arm-none-eabi-as" "
ARCHIVER=arm-none-eabi-ar" "COMPILER_FLAGS=  -O2 -c" "EXTRA_COMPILER_FLAGS=-mcpu=cortex-a9 -mfpu=vfpv3 -mfloat-abi=hard -nostar
tfiles -g -Wall -Wextra"

make[2]: Entering directory 'C:/Github/Zybo_mipi/Zybo-Z7-20-pcam-5c-2019.1/vitis/Pcam5C-2019/zynq_fsbl/zynq_fsbl_bsp/ps7_cortex
a9_0/libsrc/emacps_v3_10/src'

"Compiling emacps"

make[2]: Leaving directory 'C:/Github/Zybo_mipi/Zybo-Z7-20-pcam-5c-2019.1/vitis/Pcam5C-2019/zynq_fsbl/zynq_fsbl_bsp/ps7_cortexa
9_0/libsrc/emacps_v3_10/src'

"Running Make libs in ps7_cortexa9_0/libsrc/gpiops_v3_6/src"

make -C ps7_cortexa9_0/libsrc/gpiops_v3_6/src -s libs  "SHELL=CMD" "COMPILER=arm-none-eabi-gcc" "ASSEMBLER=arm-none-eabi-as" "A
RCHIVER=arm-none-eabi-ar" "COMPILER_FLAGS=  -O2 -c" "EXTRA_COMPILER_FLAGS=-mcpu=cortex-a9 -mfpu=vfpv3 -mfloat-abi=hard -nostart
files -g -Wall -Wextra"

make[2]: Entering directory 'C:/Github/Zybo_mipi/Zybo-Z7-20-pcam-5c-2019.1/vitis/Pcam5C-2019/zynq_fsbl/zynq_fsbl_bsp/ps7_cortex
a9_0/libsrc/gpiops_v3_6/src'

"Compiling gpiops"

make[2]: Leaving directory 'C:/Github/Zybo_mipi/Zybo-Z7-20-pcam-5c-2019.1/vitis/Pcam5C-2019/zynq_fsbl/zynq_fsbl_bsp/ps7_cortexa
9_0/libsrc/gpiops_v3_6/src'

"Running Make libs in ps7_cortexa9_0/libsrc/iicps_v3_10/src"

make -C ps7_cortexa9_0/libsrc/iicps_v3_10/src -s libs  "SHELL=CMD" "COMPILER=arm-none-eabi-gcc" "ASSEMBLER=arm-none-eabi-as" "A
RCHIVER=arm-none-eabi-ar" "COMPILER_FLAGS=  -O2 -c" "EXTRA_COMPILER_FLAGS=-mcpu=cortex-a9 -mfpu=vfpv3 -mfloat-abi=hard -nostart
files -g -Wall -Wextra"

make[2]: Entering directory 'C:/Github/Zybo_mipi/Zybo-Z7-20-pcam-5c-2019.1/vitis/Pcam5C-2019/zynq_fsbl/zynq_fsbl_bsp/ps7_cortex
a9_0/libsrc/iicps_v3_10/src'

"Compiling iicps"

make[2]: Leaving directory 'C:/Github/Zybo_mipi/Zybo-Z7-20-pcam-5c-2019.1/vitis/Pcam5C-2019/zynq_fsbl/zynq_fsbl_bsp/ps7_cortexa
9_0/libsrc/iicps_v3_10/src'

"Running Make libs in ps7_cortexa9_0/libsrc/MIPI_CSI_2_RX_v1_0/src"

make -C ps7_cortexa9_0/libsrc/MIPI_CSI_2_RX_v1_0/src -s libs  "SHELL=CMD" "COMPILER=arm-none-eabi-gcc" "ASSEMBLER=arm-none-eabi
-as" "ARCHIVER=arm-none-eabi-ar" "COMPILER_FLAGS=  -O2 -c" "EXTRA_COMPILER_FLAGS=-mcpu=cortex-a9 -mfpu=vfpv3 -mfloat-abi=hard -
nostartfiles -g -Wall -Wextra"

make[2]: Entering directory 'C:/Github/Zybo_mipi/Zybo-Z7-20-pcam-5c-2019.1/vitis/Pcam5C-2019/zynq_fsbl/zynq_fsbl_bsp/ps7_cortex
a9_0/libsrc/MIPI_CSI_2_RX_v1_0/src'

"Compiling MIPI_CSI_2_RX..."

make[3]: Entering directory 'C:/Github/Zybo_mipi/Zybo-Z7-20-pcam-5c-2019.1/vitis/Pcam5C-2019/zynq_fsbl/zynq_fsbl_bsp/ps7_cortex
a9_0/libsrc/MIPI_CSI_2_RX_v1_0/src'

make[3]: Leaving directory 'C:/Github/Zybo_mipi/Zybo-Z7-20-pcam-5c-2019.1/vitis/Pcam5C-2019/zynq_fsbl/zynq_fsbl_bsp/ps7_cortexa
9_0/libsrc/MIPI_CSI_2_RX_v1_0/src'

make[2]: Leaving directory 'C:/Github/Zybo_mipi/Zybo-Z7-20-pcam-5c-2019.1/vitis/Pcam5C-2019/zynq_fsbl/zynq_fsbl_bsp/ps7_cortexa
9_0/libsrc/MIPI_CSI_2_RX_v1_0/src'

"Running Make libs in ps7_cortexa9_0/libsrc/MIPI_D_PHY_RX_v1_0/src"

make -C ps7_cortexa9_0/libsrc/MIPI_D_PHY_RX_v1_0/src -s libs  "SHELL=CMD" "COMPILER=arm-none-eabi-gcc" "ASSEMBLER=arm-none-eabi
-as" "ARCHIVER=arm-none-eabi-ar" "COMPILER_FLAGS=  -O2 -c" "EXTRA_COMPILER_FLAGS=-mcpu=cortex-a9 -mfpu=vfpv3 -mfloat-abi=hard -
nostartfiles -g -Wall -Wextra"

make[2]: Entering directory 'C:/Github/Zybo_mipi/Zybo-Z7-20-pcam-5c-2019.1/vitis/Pcam5C-2019/zynq_fsbl/zynq_fsbl_bsp/ps7_cortex
a9_0/libsrc/MIPI_D_PHY_RX_v1_0/src'

"Compiling MIPI_D_PHY_RX..."

make[3]: Entering directory 'C:/Github/Zybo_mipi/Zybo-Z7-20-pcam-5c-2019.1/vitis/Pcam5C-2019/zynq_fsbl/zynq_fsbl_bsp/ps7_cortex
a9_0/libsrc/MIPI_D_PHY_RX_v1_0/src'

make[3]: Leaving directory 'C:/Github/Zybo_mipi/Zybo-Z7-20-pcam-5c-2019.1/vitis/Pcam5C-2019/zynq_fsbl/zynq_fsbl_bsp/ps7_cortexa
9_0/libsrc/MIPI_D_PHY_RX_v1_0/src'

make[2]: Leaving directory 'C:/Github/Zybo_mipi/Zybo-Z7-20-pcam-5c-2019.1/vitis/Pcam5C-2019/zynq_fsbl/zynq_fsbl_bsp/ps7_cortexa
9_0/libsrc/MIPI_D_PHY_RX_v1_0/src'

"Running Make libs in ps7_cortexa9_0/libsrc/qspips_v3_6/src"

make -C ps7_cortexa9_0/libsrc/qspips_v3_6/src -s libs  "SHELL=CMD" "COMPILER=arm-none-eabi-gcc" "ASSEMBLER=arm-none-eabi-as" "A
RCHIVER=arm-none-eabi-ar" "COMPILER_FLAGS=  -O2 -c" "EXTRA_COMPILER_FLAGS=-mcpu=cortex-a9 -mfpu=vfpv3 -mfloat-abi=hard -nostart
files -g -Wall -Wextra"

make[2]: Entering directory 'C:/Github/Zybo_mipi/Zybo-Z7-20-pcam-5c-2019.1/vitis/Pcam5C-2019/zynq_fsbl/zynq_fsbl_bsp/ps7_cortex
a9_0/libsrc/qspips_v3_6/src'

"Compiling qspips"

make[2]: Leaving directory 'C:/Github/Zybo_mipi/Zybo-Z7-20-pcam-5c-2019.1/vitis/Pcam5C-2019/zynq_fsbl/zynq_fsbl_bsp/ps7_cortexa
9_0/libsrc/qspips_v3_6/src'

"Running Make libs in ps7_cortexa9_0/libsrc/scugic_v4_1/src"

make -C ps7_cortexa9_0/libsrc/scugic_v4_1/src -s libs  "SHELL=CMD" "COMPILER=arm-none-eabi-gcc" "ASSEMBLER=arm-none-eabi-as" "A
RCHIVER=arm-none-eabi-ar" "COMPILER_FLAGS=  -O2 -c" "EXTRA_COMPILER_FLAGS=-mcpu=cortex-a9 -mfpu=vfpv3 -mfloat-abi=hard -nostart
files -g -Wall -Wextra"

make[2]: Entering directory 'C:/Github/Zybo_mipi/Zybo-Z7-20-pcam-5c-2019.1/vitis/Pcam5C-2019/zynq_fsbl/zynq_fsbl_bsp/ps7_cortex
a9_0/libsrc/scugic_v4_1/src'

"Compiling scugic"

make[2]: Leaving directory 'C:/Github/Zybo_mipi/Zybo-Z7-20-pcam-5c-2019.1/vitis/Pcam5C-2019/zynq_fsbl/zynq_fsbl_bsp/ps7_cortexa
9_0/libsrc/scugic_v4_1/src'

"Running Make libs in ps7_cortexa9_0/libsrc/scutimer_v2_1/src"

make -C ps7_cortexa9_0/libsrc/scutimer_v2_1/src -s libs  "SHELL=CMD" "COMPILER=arm-none-eabi-gcc" "ASSEMBLER=arm-none-eabi-as" 
"ARCHIVER=arm-none-eabi-ar" "COMPILER_FLAGS=  -O2 -c" "EXTRA_COMPILER_FLAGS=-mcpu=cortex-a9 -mfpu=vfpv3 -mfloat-abi=hard -nosta
rtfiles -g -Wall -Wextra"

make[2]: Entering directory 'C:/Github/Zybo_mipi/Zybo-Z7-20-pcam-5c-2019.1/vitis/Pcam5C-2019/zynq_fsbl/zynq_fsbl_bsp/ps7_cortex
a9_0/libsrc/scutimer_v2_1/src'

"Compiling scutimer"

make[2]: Leaving directory 'C:/Github/Zybo_mipi/Zybo-Z7-20-pcam-5c-2019.1/vitis/Pcam5C-2019/zynq_fsbl/zynq_fsbl_bsp/ps7_cortexa
9_0/libsrc/scutimer_v2_1/src'

"Running Make libs in ps7_cortexa9_0/libsrc/scuwdt_v2_1/src"

make -C ps7_cortexa9_0/libsrc/scuwdt_v2_1/src -s libs  "SHELL=CMD" "COMPILER=arm-none-eabi-gcc" "ASSEMBLER=arm-none-eabi-as" "A
RCHIVER=arm-none-eabi-ar" "COMPILER_FLAGS=  -O2 -c" "EXTRA_COMPILER_FLAGS=-mcpu=cortex-a9 -mfpu=vfpv3 -mfloat-abi=hard -nostart
files -g -Wall -Wextra"

make[2]: Entering directory 'C:/Github/Zybo_mipi/Zybo-Z7-20-pcam-5c-2019.1/vitis/Pcam5C-2019/zynq_fsbl/zynq_fsbl_bsp/ps7_cortex
a9_0/libsrc/scuwdt_v2_1/src'

"Compiling scuwdt"

make[2]: Leaving directory 'C:/Github/Zybo_mipi/Zybo-Z7-20-pcam-5c-2019.1/vitis/Pcam5C-2019/zynq_fsbl/zynq_fsbl_bsp/ps7_cortexa
9_0/libsrc/scuwdt_v2_1/src'

"Running Make libs in ps7_cortexa9_0/libsrc/sdps_v3_8/src"

make -C ps7_cortexa9_0/libsrc/sdps_v3_8/src -s libs  "SHELL=CMD" "COMPILER=arm-none-eabi-gcc" "ASSEMBLER=arm-none-eabi-as" "ARC
HIVER=arm-none-eabi-ar" "COMPILER_FLAGS=  -O2 -c" "EXTRA_COMPILER_FLAGS=-mcpu=cortex-a9 -mfpu=vfpv3 -mfloat-abi=hard -nostartfi
les -g -Wall -Wextra"

make[2]: Entering directory 'C:/Github/Zybo_mipi/Zybo-Z7-20-pcam-5c-2019.1/vitis/Pcam5C-2019/zynq_fsbl/zynq_fsbl_bsp/ps7_cortex
a9_0/libsrc/sdps_v3_8/src'

"Compiling sdps"

make[2]: Leaving directory 'C:/Github/Zybo_mipi/Zybo-Z7-20-pcam-5c-2019.1/vitis/Pcam5C-2019/zynq_fsbl/zynq_fsbl_bsp/ps7_cortexa
9_0/libsrc/sdps_v3_8/src'

"Running Make libs in ps7_cortexa9_0/libsrc/standalone_v7_1/src"

make -C ps7_cortexa9_0/libsrc/standalone_v7_1/src -s libs  "SHELL=CMD" "COMPILER=arm-none-eabi-gcc" "ASSEMBLER=arm-none-eabi-as
" "ARCHIVER=arm-none-eabi-ar" "COMPILER_FLAGS=  -O2 -c" "EXTRA_COMPILER_FLAGS=-mcpu=cortex-a9 -mfpu=vfpv3 -mfloat-abi=hard -nos
tartfiles -g -Wall -Wextra"

make[2]: Entering directory 'C:/Github/Zybo_mipi/Zybo-Z7-20-pcam-5c-2019.1/vitis/Pcam5C-2019/zynq_fsbl/zynq_fsbl_bsp/ps7_cortex
a9_0/libsrc/standalone_v7_1/src'

"Compiling standalone"

In file included from usleep.c:54:
xtime_l.h:85:9: note: #pragma message: For the sleep routines, Global timer is being used
 #pragma message ("For the sleep routines, Global timer is being used")
         ^~~~~~~
In file included from sleep.c:51:
xtime_l.h:85:9: note: #pragma message: For the sleep routines, Global timer is being used
 #pragma message ("For the sleep routines, Global timer is being used")
         ^~~~~~~
In file included from xil_sleeptimer.c:52:
xtime_l.h:85:9: note: #pragma message: For the sleep routines, Global timer is being used
 #pragma message ("For the sleep routines, Global timer is being used")
         ^~~~~~~
In file included from xtime_l.c:47:
xtime_l.h:85:9: note: #pragma message: For the sleep routines, Global timer is being used
 #pragma message ("For the sleep routines, Global timer is being used")
         ^~~~~~~
make[2]: Leaving directory 'C:/Github/Zybo_mipi/Zybo-Z7-20-pcam-5c-2019.1/vitis/Pcam5C-2019/zynq_fsbl/zynq_fsbl_bsp/ps7_cortexa
9_0/libsrc/standalone_v7_1/src'

"Running Make libs in ps7_cortexa9_0/libsrc/uartps_v3_8/src"

make -C ps7_cortexa9_0/libsrc/uartps_v3_8/src -s libs  "SHELL=CMD" "COMPILER=arm-none-eabi-gcc" "ASSEMBLER=arm-none-eabi-as" "A
RCHIVER=arm-none-eabi-ar" "COMPILER_FLAGS=  -O2 -c" "EXTRA_COMPILER_FLAGS=-mcpu=cortex-a9 -mfpu=vfpv3 -mfloat-abi=hard -nostart
files -g -Wall -Wextra"

make[2]: Entering directory 'C:/Github/Zybo_mipi/Zybo-Z7-20-pcam-5c-2019.1/vitis/Pcam5C-2019/zynq_fsbl/zynq_fsbl_bsp/ps7_cortex
a9_0/libsrc/uartps_v3_8/src'

"Compiling uartps"

make[2]: Leaving directory 'C:/Github/Zybo_mipi/Zybo-Z7-20-pcam-5c-2019.1/vitis/Pcam5C-2019/zynq_fsbl/zynq_fsbl_bsp/ps7_cortexa
9_0/libsrc/uartps_v3_8/src'

"Running Make libs in ps7_cortexa9_0/libsrc/usbps_v2_4/src"

make -C ps7_cortexa9_0/libsrc/usbps_v2_4/src -s libs  "SHELL=CMD" "COMPILER=arm-none-eabi-gcc" "ASSEMBLER=arm-none-eabi-as" "AR
CHIVER=arm-none-eabi-ar" "COMPILER_FLAGS=  -O2 -c" "EXTRA_COMPILER_FLAGS=-mcpu=cortex-a9 -mfpu=vfpv3 -mfloat-abi=hard -nostartf
iles -g -Wall -Wextra"

make[2]: Entering directory 'C:/Github/Zybo_mipi/Zybo-Z7-20-pcam-5c-2019.1/vitis/Pcam5C-2019/zynq_fsbl/zynq_fsbl_bsp/ps7_cortex
a9_0/libsrc/usbps_v2_4/src'

"Compiling usbps"

make[2]: Leaving directory 'C:/Github/Zybo_mipi/Zybo-Z7-20-pcam-5c-2019.1/vitis/Pcam5C-2019/zynq_fsbl/zynq_fsbl_bsp/ps7_cortexa
9_0/libsrc/usbps_v2_4/src'

"Running Make libs in ps7_cortexa9_0/libsrc/vtc_v8_0/src"

make -C ps7_cortexa9_0/libsrc/vtc_v8_0/src -s libs  "SHELL=CMD" "COMPILER=arm-none-eabi-gcc" "ASSEMBLER=arm-none-eabi-as" "ARCH
IVER=arm-none-eabi-ar" "COMPILER_FLAGS=  -O2 -c" "EXTRA_COMPILER_FLAGS=-mcpu=cortex-a9 -mfpu=vfpv3 -mfloat-abi=hard -nostartfil
es -g -Wall -Wextra"

make[2]: Entering directory 'C:/Github/Zybo_mipi/Zybo-Z7-20-pcam-5c-2019.1/vitis/Pcam5C-2019/zynq_fsbl/zynq_fsbl_bsp/ps7_cortex
a9_0/libsrc/vtc_v8_0/src'

"Compiling video timing controller"

make[3]: Entering directory 'C:/Github/Zybo_mipi/Zybo-Z7-20-pcam-5c-2019.1/vitis/Pcam5C-2019/zynq_fsbl/zynq_fsbl_bsp/ps7_cortex
a9_0/libsrc/vtc_v8_0/src'

make[3]: Leaving directory 'C:/Github/Zybo_mipi/Zybo-Z7-20-pcam-5c-2019.1/vitis/Pcam5C-2019/zynq_fsbl/zynq_fsbl_bsp/ps7_cortexa
9_0/libsrc/vtc_v8_0/src'

make[2]: Leaving directory 'C:/Github/Zybo_mipi/Zybo-Z7-20-pcam-5c-2019.1/vitis/Pcam5C-2019/zynq_fsbl/zynq_fsbl_bsp/ps7_cortexa
9_0/libsrc/vtc_v8_0/src'

"Running Make libs in ps7_cortexa9_0/libsrc/xadcps_v2_3/src"

make -C ps7_cortexa9_0/libsrc/xadcps_v2_3/src -s libs  "SHELL=CMD" "COMPILER=arm-none-eabi-gcc" "ASSEMBLER=arm-none-eabi-as" "A
RCHIVER=arm-none-eabi-ar" "COMPILER_FLAGS=  -O2 -c" "EXTRA_COMPILER_FLAGS=-mcpu=cortex-a9 -mfpu=vfpv3 -mfloat-abi=hard -nostart
files -g -Wall -Wextra"

make[2]: Entering directory 'C:/Github/Zybo_mipi/Zybo-Z7-20-pcam-5c-2019.1/vitis/Pcam5C-2019/zynq_fsbl/zynq_fsbl_bsp/ps7_cortex
a9_0/libsrc/xadcps_v2_3/src'

"Compiling xadcps"

make[2]: Leaving directory 'C:/Github/Zybo_mipi/Zybo-Z7-20-pcam-5c-2019.1/vitis/Pcam5C-2019/zynq_fsbl/zynq_fsbl_bsp/ps7_cortexa
9_0/libsrc/xadcps_v2_3/src'

"Running Make libs in ps7_cortexa9_0/libsrc/xilffs_v4_2/src"

make -C ps7_cortexa9_0/libsrc/xilffs_v4_2/src -s libs  "SHELL=CMD" "COMPILER=arm-none-eabi-gcc" "ASSEMBLER=arm-none-eabi-as" "A
RCHIVER=arm-none-eabi-ar" "COMPILER_FLAGS=  -O2 -c" "EXTRA_COMPILER_FLAGS=-mcpu=cortex-a9 -mfpu=vfpv3 -mfloat-abi=hard -nostart
files -g -Wall -Wextra"

make[2]: Entering directory 'C:/Github/Zybo_mipi/Zybo-Z7-20-pcam-5c-2019.1/vitis/Pcam5C-2019/zynq_fsbl/zynq_fsbl_bsp/ps7_cortex
a9_0/libsrc/xilffs_v4_2/src'

"Compiling XilFFs Library"

make[2]: Leaving directory 'C:/Github/Zybo_mipi/Zybo-Z7-20-pcam-5c-2019.1/vitis/Pcam5C-2019/zynq_fsbl/zynq_fsbl_bsp/ps7_cortexa
9_0/libsrc/xilffs_v4_2/src'

"Running Make libs in ps7_cortexa9_0/libsrc/xilrsa_v1_5/src"

make -C ps7_cortexa9_0/libsrc/xilrsa_v1_5/src -s libs  "SHELL=CMD" "COMPILER=arm-none-eabi-gcc" "ASSEMBLER=arm-none-eabi-as" "A
RCHIVER=arm-none-eabi-ar" "COMPILER_FLAGS=  -O2 -c" "EXTRA_COMPILER_FLAGS=-mcpu=cortex-a9 -mfpu=vfpv3 -mfloat-abi=hard -nostart
files -g -Wall -Wextra"

make[2]: Entering directory 'C:/Github/Zybo_mipi/Zybo-Z7-20-pcam-5c-2019.1/vitis/Pcam5C-2019/zynq_fsbl/zynq_fsbl_bsp/ps7_cortex
a9_0/libsrc/xilrsa_v1_5/src'

make[2]: Leaving directory 'C:/Github/Zybo_mipi/Zybo-Z7-20-pcam-5c-2019.1/vitis/Pcam5C-2019/zynq_fsbl/zynq_fsbl_bsp/ps7_cortexa
9_0/libsrc/xilrsa_v1_5/src'

'Finished building libraries'

make[1]: Leaving directory 'C:/Github/Zybo_mipi/Zybo-Z7-20-pcam-5c-2019.1/vitis/Pcam5C-2019/zynq_fsbl/zynq_fsbl_bsp'

arm-none-eabi-gcc -MMD -MP       -mcpu=cortex-a9 -mfpu=vfpv3 -mfloat-abi=hard   -c sd.c -o sd.o -Izynq_fsbl_bsp/ps7_cortexa9_0/
include -I.

arm-none-eabi-gcc -MMD -MP       -mcpu=cortex-a9 -mfpu=vfpv3 -mfloat-abi=hard   -c nand.c -o nand.o -Izynq_fsbl_bsp/ps7_cortexa
9_0/include -I.

arm-none-eabi-gcc -MMD -MP       -mcpu=cortex-a9 -mfpu=vfpv3 -mfloat-abi=hard   -c image_mover.c -o image_mover.o -Izynq_fsbl_b
sp/ps7_cortexa9_0/include -I.

arm-none-eabi-gcc -MMD -MP       -mcpu=cortex-a9 -mfpu=vfpv3 -mfloat-abi=hard   -c md5.c -o md5.o -Izynq_fsbl_bsp/ps7_cortexa9_
0/include -I.

arm-none-eabi-gcc -MMD -MP       -mcpu=cortex-a9 -mfpu=vfpv3 -mfloat-abi=hard   -c fsbl_hooks.c -o fsbl_hooks.o -Izynq_fsbl_bsp
/ps7_cortexa9_0/include -I.

arm-none-eabi-gcc -MMD -MP       -mcpu=cortex-a9 -mfpu=vfpv3 -mfloat-abi=hard   -c main.c -o main.o -Izynq_fsbl_bsp/ps7_cortexa
9_0/include -I.

In file included from main.c:135:
zynq_fsbl_bsp/ps7_cortexa9_0/include/xtime_l.h:85:9: note: #pragma message: For the sleep routines, Global timer is being used
 #pragma message ("For the sleep routines, Global timer is being used")
         ^~~~~~~
arm-none-eabi-gcc -MMD -MP       -mcpu=cortex-a9 -mfpu=vfpv3 -mfloat-abi=hard   -c rsa.c -o rsa.o -Izynq_fsbl_bsp/ps7_cortexa9_
0/include -I.

arm-none-eabi-gcc -MMD -MP       -mcpu=cortex-a9 -mfpu=vfpv3 -mfloat-abi=hard   -c nor.c -o nor.o -Izynq_fsbl_bsp/ps7_cortexa9_
0/include -I.

arm-none-eabi-gcc -MMD -MP       -mcpu=cortex-a9 -mfpu=vfpv3 -mfloat-abi=hard   -c qspi.c -o qspi.o -Izynq_fsbl_bsp/ps7_cortexa
9_0/include -I.

arm-none-eabi-gcc -MMD -MP       -mcpu=cortex-a9 -mfpu=vfpv3 -mfloat-abi=hard   -c ps7_init.c -o ps7_init.o -Izynq_fsbl_bsp/ps7
_cortexa9_0/include -I.

arm-none-eabi-gcc -MMD -MP       -mcpu=cortex-a9 -mfpu=vfpv3 -mfloat-abi=hard   -c pcap.c -o pcap.o -Izynq_fsbl_bsp/ps7_cortexa
9_0/include -I.

In file included from pcap.c:98:
zynq_fsbl_bsp/ps7_cortexa9_0/include/xtime_l.h:85:9: note: #pragma message: For the sleep routines, Global timer is being used
 #pragma message ("For the sleep routines, Global timer is being used")
         ^~~~~~~
arm-none-eabi-gcc -MMD -MP       -mcpu=cortex-a9 -mfpu=vfpv3 -mfloat-abi=hard   -c fsbl_handoff.S -o fsbl_handoff.o -Izynq_fsbl
_bsp/ps7_cortexa9_0/include -I.

arm-none-eabi-gcc -o executable.elf  sd.o  nand.o  image_mover.o  md5.o  fsbl_hooks.o  main.o  rsa.o  nor.o  qspi.o  ps7_init.o
  pcap.o  fsbl_handoff.o -MMD -MP       -mcpu=cortex-a9 -mfpu=vfpv3 -mfloat-abi=hard   -mcpu=cortex-a9 -mfpu=vfpv3 -mfloat-abi=
hard -Wl,-build-id=none -specs=Xilinx.spec  -lrsa -Wl,--start-group,-lxil,-lgcc,-lc,--end-group -Wl,--start-group,-lxilffs,-lxi
l,-lgcc,-lc,--end-group -Wl,--start-group,-lrsa,-lxil,-lgcc,-lc,--end-group                                          -Wl,--gc-s
ections -Lzynq_fsbl_bsp/ps7_cortexa9_0/lib -L./ -Tlscript.ld

Building the BSP Library for domain  - standalone_domain on processor ps7_cortexa9_0
"Running Make include in ps7_cortexa9_0/libsrc/axivdma_v6_6/src"

make -C ps7_cortexa9_0/libsrc/axivdma_v6_6/src -s include  "SHELL=CMD" "COMPILER=arm-none-eabi-gcc" "ASSEMBLER=arm-none-eabi-as
" "ARCHIVER=arm-none-eabi-ar" "COMPILER_FLAGS=  -O2 -c" "EXTRA_COMPILER_FLAGS=-mcpu=cortex-a9 -mfpu=vfpv3 -mfloat-abi=hard -nos
tartfiles -g -Wall -Wextra"

"Running Make include in ps7_cortexa9_0/libsrc/clk_wiz_v1_2/src"

make -C ps7_cortexa9_0/libsrc/clk_wiz_v1_2/src -s include  "SHELL=CMD" "COMPILER=arm-none-eabi-gcc" "ASSEMBLER=arm-none-eabi-as
" "ARCHIVER=arm-none-eabi-ar" "COMPILER_FLAGS=  -O2 -c" "EXTRA_COMPILER_FLAGS=-mcpu=cortex-a9 -mfpu=vfpv3 -mfloat-abi=hard -nos
tartfiles -g -Wall -Wextra"

"Running Make include in ps7_cortexa9_0/libsrc/coresightps_dcc_v1_6/src"

make -C ps7_cortexa9_0/libsrc/coresightps_dcc_v1_6/src -s include  "SHELL=CMD" "COMPILER=arm-none-eabi-gcc" "ASSEMBLER=arm-none
-eabi-as" "ARCHIVER=arm-none-eabi-ar" "COMPILER_FLAGS=  -O2 -c" "EXTRA_COMPILER_FLAGS=-mcpu=cortex-a9 -mfpu=vfpv3 -mfloat-abi=h
ard -nostartfiles -g -Wall -Wextra"

"Running Make include in ps7_cortexa9_0/libsrc/cpu_cortexa9_v2_8/src"

make -C ps7_cortexa9_0/libsrc/cpu_cortexa9_v2_8/src -s include  "SHELL=CMD" "COMPILER=arm-none-eabi-gcc" "ASSEMBLER=arm-none-ea
bi-as" "ARCHIVER=arm-none-eabi-ar" "COMPILER_FLAGS=  -O2 -c" "EXTRA_COMPILER_FLAGS=-mcpu=cortex-a9 -mfpu=vfpv3 -mfloat-abi=hard
 -nostartfiles -g -Wall -Wextra"

"Running Make include in ps7_cortexa9_0/libsrc/ddrps_v1_0/src"

make -C ps7_cortexa9_0/libsrc/ddrps_v1_0/src -s include  "SHELL=CMD" "COMPILER=arm-none-eabi-gcc" "ASSEMBLER=arm-none-eabi-as" 
"ARCHIVER=arm-none-eabi-ar" "COMPILER_FLAGS=  -O2 -c" "EXTRA_COMPILER_FLAGS=-mcpu=cortex-a9 -mfpu=vfpv3 -mfloat-abi=hard -nosta
rtfiles -g -Wall -Wextra"

"Running Make include in ps7_cortexa9_0/libsrc/devcfg_v3_5/src"

make -C ps7_cortexa9_0/libsrc/devcfg_v3_5/src -s include  "SHELL=CMD" "COMPILER=arm-none-eabi-gcc" "ASSEMBLER=arm-none-eabi-as"
 "ARCHIVER=arm-none-eabi-ar" "COMPILER_FLAGS=  -O2 -c" "EXTRA_COMPILER_FLAGS=-mcpu=cortex-a9 -mfpu=vfpv3 -mfloat-abi=hard -nost
artfiles -g -Wall -Wextra"

"Running Make include in ps7_cortexa9_0/libsrc/dmaps_v2_5/src"

make -C ps7_cortexa9_0/libsrc/dmaps_v2_5/src -s include  "SHELL=CMD" "COMPILER=arm-none-eabi-gcc" "ASSEMBLER=arm-none-eabi-as" 
"ARCHIVER=arm-none-eabi-ar" "COMPILER_FLAGS=  -O2 -c" "EXTRA_COMPILER_FLAGS=-mcpu=cortex-a9 -mfpu=vfpv3 -mfloat-abi=hard -nosta
rtfiles -g -Wall -Wextra"

"Running Make include in ps7_cortexa9_0/libsrc/emacps_v3_10/src"

make -C ps7_cortexa9_0/libsrc/emacps_v3_10/src -s include  "SHELL=CMD" "COMPILER=arm-none-eabi-gcc" "ASSEMBLER=arm-none-eabi-as
" "ARCHIVER=arm-none-eabi-ar" "COMPILER_FLAGS=  -O2 -c" "EXTRA_COMPILER_FLAGS=-mcpu=cortex-a9 -mfpu=vfpv3 -mfloat-abi=hard -nos
tartfiles -g -Wall -Wextra"

"Running Make include in ps7_cortexa9_0/libsrc/gpiops_v3_6/src"

make -C ps7_cortexa9_0/libsrc/gpiops_v3_6/src -s include  "SHELL=CMD" "COMPILER=arm-none-eabi-gcc" "ASSEMBLER=arm-none-eabi-as"
 "ARCHIVER=arm-none-eabi-ar" "COMPILER_FLAGS=  -O2 -c" "EXTRA_COMPILER_FLAGS=-mcpu=cortex-a9 -mfpu=vfpv3 -mfloat-abi=hard -nost
artfiles -g -Wall -Wextra"

"Running Make include in ps7_cortexa9_0/libsrc/iicps_v3_10/src"

make -C ps7_cortexa9_0/libsrc/iicps_v3_10/src -s include  "SHELL=CMD" "COMPILER=arm-none-eabi-gcc" "ASSEMBLER=arm-none-eabi-as"
 "ARCHIVER=arm-none-eabi-ar" "COMPILER_FLAGS=  -O2 -c" "EXTRA_COMPILER_FLAGS=-mcpu=cortex-a9 -mfpu=vfpv3 -mfloat-abi=hard -nost
artfiles -g -Wall -Wextra"

"Running Make include in ps7_cortexa9_0/libsrc/MIPI_CSI_2_RX_v1_0/src"

make -C ps7_cortexa9_0/libsrc/MIPI_CSI_2_RX_v1_0/src -s include  "SHELL=CMD" "COMPILER=arm-none-eabi-gcc" "ASSEMBLER=arm-none-e
abi-as" "ARCHIVER=arm-none-eabi-ar" "COMPILER_FLAGS=  -O2 -c" "EXTRA_COMPILER_FLAGS=-mcpu=cortex-a9 -mfpu=vfpv3 -mfloat-abi=har
d -nostartfiles -g -Wall -Wextra"

"Running Make include in ps7_cortexa9_0/libsrc/MIPI_D_PHY_RX_v1_0/src"

make -C ps7_cortexa9_0/libsrc/MIPI_D_PHY_RX_v1_0/src -s include  "SHELL=CMD" "COMPILER=arm-none-eabi-gcc" "ASSEMBLER=arm-none-e
abi-as" "ARCHIVER=arm-none-eabi-ar" "COMPILER_FLAGS=  -O2 -c" "EXTRA_COMPILER_FLAGS=-mcpu=cortex-a9 -mfpu=vfpv3 -mfloat-abi=har
d -nostartfiles -g -Wall -Wextra"

"Running Make include in ps7_cortexa9_0/libsrc/qspips_v3_6/src"

make -C ps7_cortexa9_0/libsrc/qspips_v3_6/src -s include  "SHELL=CMD" "COMPILER=arm-none-eabi-gcc" "ASSEMBLER=arm-none-eabi-as"
 "ARCHIVER=arm-none-eabi-ar" "COMPILER_FLAGS=  -O2 -c" "EXTRA_COMPILER_FLAGS=-mcpu=cortex-a9 -mfpu=vfpv3 -mfloat-abi=hard -nost
artfiles -g -Wall -Wextra"

"Running Make include in ps7_cortexa9_0/libsrc/scugic_v4_1/src"

make -C ps7_cortexa9_0/libsrc/scugic_v4_1/src -s include  "SHELL=CMD" "COMPILER=arm-none-eabi-gcc" "ASSEMBLER=arm-none-eabi-as"
 "ARCHIVER=arm-none-eabi-ar" "COMPILER_FLAGS=  -O2 -c" "EXTRA_COMPILER_FLAGS=-mcpu=cortex-a9 -mfpu=vfpv3 -mfloat-abi=hard -nost
artfiles -g -Wall -Wextra"

"Running Make include in ps7_cortexa9_0/libsrc/scutimer_v2_1/src"

make -C ps7_cortexa9_0/libsrc/scutimer_v2_1/src -s include  "SHELL=CMD" "COMPILER=arm-none-eabi-gcc" "ASSEMBLER=arm-none-eabi-a
s" "ARCHIVER=arm-none-eabi-ar" "COMPILER_FLAGS=  -O2 -c" "EXTRA_COMPILER_FLAGS=-mcpu=cortex-a9 -mfpu=vfpv3 -mfloat-abi=hard -no
startfiles -g -Wall -Wextra"

"Running Make include in ps7_cortexa9_0/libsrc/scuwdt_v2_1/src"

make -C ps7_cortexa9_0/libsrc/scuwdt_v2_1/src -s include  "SHELL=CMD" "COMPILER=arm-none-eabi-gcc" "ASSEMBLER=arm-none-eabi-as"
 "ARCHIVER=arm-none-eabi-ar" "COMPILER_FLAGS=  -O2 -c" "EXTRA_COMPILER_FLAGS=-mcpu=cortex-a9 -mfpu=vfpv3 -mfloat-abi=hard -nost
artfiles -g -Wall -Wextra"

"Running Make include in ps7_cortexa9_0/libsrc/sdps_v3_8/src"

make -C ps7_cortexa9_0/libsrc/sdps_v3_8/src -s include  "SHELL=CMD" "COMPILER=arm-none-eabi-gcc" "ASSEMBLER=arm-none-eabi-as" "
ARCHIVER=arm-none-eabi-ar" "COMPILER_FLAGS=  -O2 -c" "EXTRA_COMPILER_FLAGS=-mcpu=cortex-a9 -mfpu=vfpv3 -mfloat-abi=hard -nostar
tfiles -g -Wall -Wextra"

"Running Make include in ps7_cortexa9_0/libsrc/standalone_v7_1/src"

make -C ps7_cortexa9_0/libsrc/standalone_v7_1/src -s include  "SHELL=CMD" "COMPILER=arm-none-eabi-gcc" "ASSEMBLER=arm-none-eabi
-as" "ARCHIVER=arm-none-eabi-ar" "COMPILER_FLAGS=  -O2 -c" "EXTRA_COMPILER_FLAGS=-mcpu=cortex-a9 -mfpu=vfpv3 -mfloat-abi=hard -
nostartfiles -g -Wall -Wextra"

"Running Make include in ps7_cortexa9_0/libsrc/uartps_v3_8/src"

make -C ps7_cortexa9_0/libsrc/uartps_v3_8/src -s include  "SHELL=CMD" "COMPILER=arm-none-eabi-gcc" "ASSEMBLER=arm-none-eabi-as"
 "ARCHIVER=arm-none-eabi-ar" "COMPILER_FLAGS=  -O2 -c" "EXTRA_COMPILER_FLAGS=-mcpu=cortex-a9 -mfpu=vfpv3 -mfloat-abi=hard -nost
artfiles -g -Wall -Wextra"

"Running Make include in ps7_cortexa9_0/libsrc/usbps_v2_4/src"

make -C ps7_cortexa9_0/libsrc/usbps_v2_4/src -s include  "SHELL=CMD" "COMPILER=arm-none-eabi-gcc" "ASSEMBLER=arm-none-eabi-as" 
"ARCHIVER=arm-none-eabi-ar" "COMPILER_FLAGS=  -O2 -c" "EXTRA_COMPILER_FLAGS=-mcpu=cortex-a9 -mfpu=vfpv3 -mfloat-abi=hard -nosta
rtfiles -g -Wall -Wextra"

"Running Make include in ps7_cortexa9_0/libsrc/vtc_v8_0/src"

make -C ps7_cortexa9_0/libsrc/vtc_v8_0/src -s include  "SHELL=CMD" "COMPILER=arm-none-eabi-gcc" "ASSEMBLER=arm-none-eabi-as" "A
RCHIVER=arm-none-eabi-ar" "COMPILER_FLAGS=  -O2 -c" "EXTRA_COMPILER_FLAGS=-mcpu=cortex-a9 -mfpu=vfpv3 -mfloat-abi=hard -nostart
files -g -Wall -Wextra"

"Running Make include in ps7_cortexa9_0/libsrc/xadcps_v2_3/src"

make -C ps7_cortexa9_0/libsrc/xadcps_v2_3/src -s include  "SHELL=CMD" "COMPILER=arm-none-eabi-gcc" "ASSEMBLER=arm-none-eabi-as"
 "ARCHIVER=arm-none-eabi-ar" "COMPILER_FLAGS=  -O2 -c" "EXTRA_COMPILER_FLAGS=-mcpu=cortex-a9 -mfpu=vfpv3 -mfloat-abi=hard -nost
artfiles -g -Wall -Wextra"

"Running Make libs in ps7_cortexa9_0/libsrc/axivdma_v6_6/src"

make -C ps7_cortexa9_0/libsrc/axivdma_v6_6/src -s libs  "SHELL=CMD" "COMPILER=arm-none-eabi-gcc" "ASSEMBLER=arm-none-eabi-as" "
ARCHIVER=arm-none-eabi-ar" "COMPILER_FLAGS=  -O2 -c" "EXTRA_COMPILER_FLAGS=-mcpu=cortex-a9 -mfpu=vfpv3 -mfloat-abi=hard -nostar
tfiles -g -Wall -Wextra"

"Compiling axivdma"

"Running Make libs in ps7_cortexa9_0/libsrc/clk_wiz_v1_2/src"

make -C ps7_cortexa9_0/libsrc/clk_wiz_v1_2/src -s libs  "SHELL=CMD" "COMPILER=arm-none-eabi-gcc" "ASSEMBLER=arm-none-eabi-as" "
ARCHIVER=arm-none-eabi-ar" "COMPILER_FLAGS=  -O2 -c" "EXTRA_COMPILER_FLAGS=-mcpu=cortex-a9 -mfpu=vfpv3 -mfloat-abi=hard -nostar
tfiles -g -Wall -Wextra"

"Compiling Clkocking Wizard"

"Running Make libs in ps7_cortexa9_0/libsrc/coresightps_dcc_v1_6/src"

make -C ps7_cortexa9_0/libsrc/coresightps_dcc_v1_6/src -s libs  "SHELL=CMD" "COMPILER=arm-none-eabi-gcc" "ASSEMBLER=arm-none-ea
bi-as" "ARCHIVER=arm-none-eabi-ar" "COMPILER_FLAGS=  -O2 -c" "EXTRA_COMPILER_FLAGS=-mcpu=cortex-a9 -mfpu=vfpv3 -mfloat-abi=hard
 -nostartfiles -g -Wall -Wextra"

"Compiling coresightps_dcc"

"Running Make libs in ps7_cortexa9_0/libsrc/cpu_cortexa9_v2_8/src"

make -C ps7_cortexa9_0/libsrc/cpu_cortexa9_v2_8/src -s libs  "SHELL=CMD" "COMPILER=arm-none-eabi-gcc" "ASSEMBLER=arm-none-eabi-
as" "ARCHIVER=arm-none-eabi-ar" "COMPILER_FLAGS=  -O2 -c" "EXTRA_COMPILER_FLAGS=-mcpu=cortex-a9 -mfpu=vfpv3 -mfloat-abi=hard -n
ostartfiles -g -Wall -Wextra"

"Compiling cpu_cortexa9"

"Running Make libs in ps7_cortexa9_0/libsrc/ddrps_v1_0/src"

make -C ps7_cortexa9_0/libsrc/ddrps_v1_0/src -s libs  "SHELL=CMD" "COMPILER=arm-none-eabi-gcc" "ASSEMBLER=arm-none-eabi-as" "AR
CHIVER=arm-none-eabi-ar" "COMPILER_FLAGS=  -O2 -c" "EXTRA_COMPILER_FLAGS=-mcpu=cortex-a9 -mfpu=vfpv3 -mfloat-abi=hard -nostartf
iles -g -Wall -Wextra"

"Compiling ddrps"

"Running Make libs in ps7_cortexa9_0/libsrc/devcfg_v3_5/src"

make -C ps7_cortexa9_0/libsrc/devcfg_v3_5/src -s libs  "SHELL=CMD" "COMPILER=arm-none-eabi-gcc" "ASSEMBLER=arm-none-eabi-as" "A
RCHIVER=arm-none-eabi-ar" "COMPILER_FLAGS=  -O2 -c" "EXTRA_COMPILER_FLAGS=-mcpu=cortex-a9 -mfpu=vfpv3 -mfloat-abi=hard -nostart
files -g -Wall -Wextra"

"Compiling devcfg"

"Running Make libs in ps7_cortexa9_0/libsrc/dmaps_v2_5/src"

make -C ps7_cortexa9_0/libsrc/dmaps_v2_5/src -s libs  "SHELL=CMD" "COMPILER=arm-none-eabi-gcc" "ASSEMBLER=arm-none-eabi-as" "AR
CHIVER=arm-none-eabi-ar" "COMPILER_FLAGS=  -O2 -c" "EXTRA_COMPILER_FLAGS=-mcpu=cortex-a9 -mfpu=vfpv3 -mfloat-abi=hard -nostartf
iles -g -Wall -Wextra"

"Compiling dmaps"

"Running Make libs in ps7_cortexa9_0/libsrc/emacps_v3_10/src"

make -C ps7_cortexa9_0/libsrc/emacps_v3_10/src -s libs  "SHELL=CMD" "COMPILER=arm-none-eabi-gcc" "ASSEMBLER=arm-none-eabi-as" "
ARCHIVER=arm-none-eabi-ar" "COMPILER_FLAGS=  -O2 -c" "EXTRA_COMPILER_FLAGS=-mcpu=cortex-a9 -mfpu=vfpv3 -mfloat-abi=hard -nostar
tfiles -g -Wall -Wextra"

"Compiling emacps"

"Running Make libs in ps7_cortexa9_0/libsrc/gpiops_v3_6/src"

make -C ps7_cortexa9_0/libsrc/gpiops_v3_6/src -s libs  "SHELL=CMD" "COMPILER=arm-none-eabi-gcc" "ASSEMBLER=arm-none-eabi-as" "A
RCHIVER=arm-none-eabi-ar" "COMPILER_FLAGS=  -O2 -c" "EXTRA_COMPILER_FLAGS=-mcpu=cortex-a9 -mfpu=vfpv3 -mfloat-abi=hard -nostart
files -g -Wall -Wextra"

"Compiling gpiops"

"Running Make libs in ps7_cortexa9_0/libsrc/iicps_v3_10/src"

make -C ps7_cortexa9_0/libsrc/iicps_v3_10/src -s libs  "SHELL=CMD" "COMPILER=arm-none-eabi-gcc" "ASSEMBLER=arm-none-eabi-as" "A
RCHIVER=arm-none-eabi-ar" "COMPILER_FLAGS=  -O2 -c" "EXTRA_COMPILER_FLAGS=-mcpu=cortex-a9 -mfpu=vfpv3 -mfloat-abi=hard -nostart
files -g -Wall -Wextra"

"Compiling iicps"

"Running Make libs in ps7_cortexa9_0/libsrc/MIPI_CSI_2_RX_v1_0/src"

make -C ps7_cortexa9_0/libsrc/MIPI_CSI_2_RX_v1_0/src -s libs  "SHELL=CMD" "COMPILER=arm-none-eabi-gcc" "ASSEMBLER=arm-none-eabi
-as" "ARCHIVER=arm-none-eabi-ar" "COMPILER_FLAGS=  -O2 -c" "EXTRA_COMPILER_FLAGS=-mcpu=cortex-a9 -mfpu=vfpv3 -mfloat-abi=hard -
nostartfiles -g -Wall -Wextra"

"Compiling MIPI_CSI_2_RX..."

"Running Make libs in ps7_cortexa9_0/libsrc/MIPI_D_PHY_RX_v1_0/src"

make -C ps7_cortexa9_0/libsrc/MIPI_D_PHY_RX_v1_0/src -s libs  "SHELL=CMD" "COMPILER=arm-none-eabi-gcc" "ASSEMBLER=arm-none-eabi
-as" "ARCHIVER=arm-none-eabi-ar" "COMPILER_FLAGS=  -O2 -c" "EXTRA_COMPILER_FLAGS=-mcpu=cortex-a9 -mfpu=vfpv3 -mfloat-abi=hard -
nostartfiles -g -Wall -Wextra"

"Compiling MIPI_D_PHY_RX..."

"Running Make libs in ps7_cortexa9_0/libsrc/qspips_v3_6/src"

make -C ps7_cortexa9_0/libsrc/qspips_v3_6/src -s libs  "SHELL=CMD" "COMPILER=arm-none-eabi-gcc" "ASSEMBLER=arm-none-eabi-as" "A
RCHIVER=arm-none-eabi-ar" "COMPILER_FLAGS=  -O2 -c" "EXTRA_COMPILER_FLAGS=-mcpu=cortex-a9 -mfpu=vfpv3 -mfloat-abi=hard -nostart
files -g -Wall -Wextra"

"Compiling qspips"

"Running Make libs in ps7_cortexa9_0/libsrc/scugic_v4_1/src"

make -C ps7_cortexa9_0/libsrc/scugic_v4_1/src -s libs  "SHELL=CMD" "COMPILER=arm-none-eabi-gcc" "ASSEMBLER=arm-none-eabi-as" "A
RCHIVER=arm-none-eabi-ar" "COMPILER_FLAGS=  -O2 -c" "EXTRA_COMPILER_FLAGS=-mcpu=cortex-a9 -mfpu=vfpv3 -mfloat-abi=hard -nostart
files -g -Wall -Wextra"

"Compiling scugic"

"Running Make libs in ps7_cortexa9_0/libsrc/scutimer_v2_1/src"

make -C ps7_cortexa9_0/libsrc/scutimer_v2_1/src -s libs  "SHELL=CMD" "COMPILER=arm-none-eabi-gcc" "ASSEMBLER=arm-none-eabi-as" 
"ARCHIVER=arm-none-eabi-ar" "COMPILER_FLAGS=  -O2 -c" "EXTRA_COMPILER_FLAGS=-mcpu=cortex-a9 -mfpu=vfpv3 -mfloat-abi=hard -nosta
rtfiles -g -Wall -Wextra"

"Compiling scutimer"

"Running Make libs in ps7_cortexa9_0/libsrc/scuwdt_v2_1/src"

make -C ps7_cortexa9_0/libsrc/scuwdt_v2_1/src -s libs  "SHELL=CMD" "COMPILER=arm-none-eabi-gcc" "ASSEMBLER=arm-none-eabi-as" "A
RCHIVER=arm-none-eabi-ar" "COMPILER_FLAGS=  -O2 -c" "EXTRA_COMPILER_FLAGS=-mcpu=cortex-a9 -mfpu=vfpv3 -mfloat-abi=hard -nostart
files -g -Wall -Wextra"

"Compiling scuwdt"

"Running Make libs in ps7_cortexa9_0/libsrc/sdps_v3_8/src"

make -C ps7_cortexa9_0/libsrc/sdps_v3_8/src -s libs  "SHELL=CMD" "COMPILER=arm-none-eabi-gcc" "ASSEMBLER=arm-none-eabi-as" "ARC
HIVER=arm-none-eabi-ar" "COMPILER_FLAGS=  -O2 -c" "EXTRA_COMPILER_FLAGS=-mcpu=cortex-a9 -mfpu=vfpv3 -mfloat-abi=hard -nostartfi
les -g -Wall -Wextra"

"Compiling sdps"

"Running Make libs in ps7_cortexa9_0/libsrc/standalone_v7_1/src"

make -C ps7_cortexa9_0/libsrc/standalone_v7_1/src -s libs  "SHELL=CMD" "COMPILER=arm-none-eabi-gcc" "ASSEMBLER=arm-none-eabi-as
" "ARCHIVER=arm-none-eabi-ar" "COMPILER_FLAGS=  -O2 -c" "EXTRA_COMPILER_FLAGS=-mcpu=cortex-a9 -mfpu=vfpv3 -mfloat-abi=hard -nos
tartfiles -g -Wall -Wextra"

"Compiling standalone"

In file included from usleep.c:54:
xtime_l.h:85:9: note: #pragma message: For the sleep routines, Global timer is being used
 #pragma message ("For the sleep routines, Global timer is being used")
         ^~~~~~~
In file included from sleep.c:51:
xtime_l.h:85:9: note: #pragma message: For the sleep routines, Global timer is being used
 #pragma message ("For the sleep routines, Global timer is being used")
         ^~~~~~~
In file included from xil_sleeptimer.c:52:
xtime_l.h:85:9: note: #pragma message: For the sleep routines, Global timer is being used
 #pragma message ("For the sleep routines, Global timer is being used")
         ^~~~~~~
In file included from xtime_l.c:47:
xtime_l.h:85:9: note: #pragma message: For the sleep routines, Global timer is being used
 #pragma message ("For the sleep routines, Global timer is being used")
         ^~~~~~~
"Running Make libs in ps7_cortexa9_0/libsrc/uartps_v3_8/src"

make -C ps7_cortexa9_0/libsrc/uartps_v3_8/src -s libs  "SHELL=CMD" "COMPILER=arm-none-eabi-gcc" "ASSEMBLER=arm-none-eabi-as" "A
RCHIVER=arm-none-eabi-ar" "COMPILER_FLAGS=  -O2 -c" "EXTRA_COMPILER_FLAGS=-mcpu=cortex-a9 -mfpu=vfpv3 -mfloat-abi=hard -nostart
files -g -Wall -Wextra"

"Compiling uartps"

"Running Make libs in ps7_cortexa9_0/libsrc/usbps_v2_4/src"

make -C ps7_cortexa9_0/libsrc/usbps_v2_4/src -s libs  "SHELL=CMD" "COMPILER=arm-none-eabi-gcc" "ASSEMBLER=arm-none-eabi-as" "AR
CHIVER=arm-none-eabi-ar" "COMPILER_FLAGS=  -O2 -c" "EXTRA_COMPILER_FLAGS=-mcpu=cortex-a9 -mfpu=vfpv3 -mfloat-abi=hard -nostartf
iles -g -Wall -Wextra"

"Compiling usbps"

"Running Make libs in ps7_cortexa9_0/libsrc/vtc_v8_0/src"

make -C ps7_cortexa9_0/libsrc/vtc_v8_0/src -s libs  "SHELL=CMD" "COMPILER=arm-none-eabi-gcc" "ASSEMBLER=arm-none-eabi-as" "ARCH
IVER=arm-none-eabi-ar" "COMPILER_FLAGS=  -O2 -c" "EXTRA_COMPILER_FLAGS=-mcpu=cortex-a9 -mfpu=vfpv3 -mfloat-abi=hard -nostartfil
es -g -Wall -Wextra"

"Compiling video timing controller"

"Running Make libs in ps7_cortexa9_0/libsrc/xadcps_v2_3/src"

make -C ps7_cortexa9_0/libsrc/xadcps_v2_3/src -s libs  "SHELL=CMD" "COMPILER=arm-none-eabi-gcc" "ASSEMBLER=arm-none-eabi-as" "A
RCHIVER=arm-none-eabi-ar" "COMPILER_FLAGS=  -O2 -c" "EXTRA_COMPILER_FLAGS=-mcpu=cortex-a9 -mfpu=vfpv3 -mfloat-abi=hard -nostart
files -g -Wall -Wextra"

"Compiling xadcps"

'Finished building libraries'

16:23:35 **** Build of configuration Debug for project Pcam5C-app ****
make all 
make --no-print-directory pre-build
a9-linaro-pre-build-step
' '
make --no-print-directory main-build
'Building file: ../src/platform/platform.c'
'Invoking: ARM v7 g++ compiler'
arm-none-eabi-g++ -Wall -O0 -g3 -c -fmessage-length=0 -MT"src/platform/platform.o" -mcpu=cortex-a9 -mfpu=vfpv3 -mfloat-abi=hard -IC:/Github/Zybo_mipi/Zybo-Z7-20-pcam-5c-2019.1/vitis/Pcam5C-2019/export/Pcam5C-2019/sw/Pcam5C-2019/standalone_domain/bspinclude/include -MMD -MP -MF"src/platform/platform.d" -MT"src/platform/platform.o" -o "src/platform/platform.o" "../src/platform/platform.c"
'Finished building: ../src/platform/platform.c'
' '
'Building file: ../src/ov5640/OV5640.cpp'
'Invoking: ARM v7 g++ compiler'
arm-none-eabi-g++ -Wall -O0 -g3 -c -fmessage-length=0 -MT"src/ov5640/OV5640.o" -mcpu=cortex-a9 -mfpu=vfpv3 -mfloat-abi=hard -IC:/Github/Zybo_mipi/Zybo-Z7-20-pcam-5c-2019.1/vitis/Pcam5C-2019/export/Pcam5C-2019/sw/Pcam5C-2019/standalone_domain/bspinclude/include -MMD -MP -MF"src/ov5640/OV5640.d" -MT"src/ov5640/OV5640.o" -o "src/ov5640/OV5640.o" "../src/ov5640/OV5640.cpp"
'Finished building: ../src/ov5640/OV5640.cpp'
' '
'Building file: ../src/main.cc'
'Invoking: ARM v7 g++ compiler'
arm-none-eabi-g++ -Wall -O0 -g3 -c -fmessage-length=0 -MT"src/main.o" -mcpu=cortex-a9 -mfpu=vfpv3 -mfloat-abi=hard -IC:/Github/Zybo_mipi/Zybo-Z7-20-pcam-5c-2019.1/vitis/Pcam5C-2019/export/Pcam5C-2019/sw/Pcam5C-2019/standalone_domain/bspinclude/include -MMD -MP -MF"src/main.d" -MT"src/main.o" -o "src/main.o" "../src/main.cc"
'Finished building: ../src/main.cc'
' '
'Building target: Pcam5C-app.elf'
'Invoking: ARM v7 g++ linker'
arm-none-eabi-g++ -mcpu=cortex-a9 -mfpu=vfpv3 -mfloat-abi=hard -Wl,-build-id=none -specs=Xilinx.spec -Wl,-T -Wl,../src/lscript.ld -LC:/Github/Zybo_mipi/Zybo-Z7-20-pcam-5c-2019.1/vitis/Pcam5C-2019/export/Pcam5C-2019/sw/Pcam5C-2019/standalone_domain/bsplib/lib -o "Pcam5C-app.elf"  ./src/platform/platform.o  ./src/ov5640/OV5640.o  ./src/main.o   -Wl,--start-group,-lxil,-lgcc,-lc,-lstdc++,--end-group
'Finished building target: Pcam5C-app.elf'
' '
'Invoking: ARM v7 Print Size'
arm-none-eabi-size Pcam5C-app.elf  |tee "Pcam5C-app.elf.size"
   text	   data	    bss	    dec	    hex	filename
 633147	   3884	  29776	 666807	  a2cb7	Pcam5C-app.elf
'Finished building: Pcam5C-app.elf.size'
' '
16:23:48 **** Build of configuration Debug for project Pcam5C-app_system ****
make all 
Generating bif file for the system project
generate_system_bif.bat 50476 C:/Github/Zybo-Z7-20-pcam-5c-2019.1/vitis/Pcam5C-2019/export/Pcam5C-2019/Pcam5C-2019.xpfm standalone_domain C:/Github/Zybo_mipi/Zybo-Z7-20-pcam-5c-2019.1/vitis/Pcam5C-app_system/Debug/system.bif
xpfm path is not valid
    invoked from within
"::tcf::eval -progress {apply {{msg} {puts $msg}}} {tcf_send_command tcfchan#0 xsdb eval s es {{::scw::generate_bif -xpfm C:/Github/Zybo-Z7-20-pcam-5c-2019.1/vitis/Pcam5C-2019/export/Pcam5C-2019/Pcam5C-2019.xpfm -domains standalone_domain -bifpath C:/Github/Zybo_mipi/Zybo-Z7-20-pcam-5c-2019.1/vitis/Pcam5C-app_system/Debug/system.bif}}}"
    (procedure "::tcf::send_command" line 4)
    invoked from within
"tcf send_command $::xsdb::curchan xsdb eval s es [list "::scw::generate_bif $GENERATE_BIF_ARGS"]"
    (file "C:/Xilinx/Vitis/2019.2\scripts\vitis\util\generate_system_bif.tcl" line 25)
make: *** [makefile:36: sd_card] Error 1
